K:\COMPONENTS\LIBRARYV2\GDAL\GDAL_2.1.0_VC_NOINTFILESCLEANUP\LIBGDAL-2.1.0\LIB\X64\RELEASE\_GETCELL.OBJ
K:\COMPONENTS\LIBRARYV2\GDAL\GDAL_2.1.0_VC_NOINTFILESCLEANUP\LIBGDAL-2.1.0\LIB\X64\RELEASE\_GETROW.OBJ
K:\COMPONENTS\LIBRARYV2\GDAL\GDAL_2.1.0_VC_NOINTFILESCLEANUP\LIBGDAL-2.1.0\LIB\X64\RELEASE\_GSOMECE.OBJ
K:\COMPONENTS\LIBRARYV2\GDAL\GDAL_2.1.0_VC_NOINTFILESCLEANUP\LIBGDAL-2.1.0\LIB\X64\RELEASE\_PUTCELL.OBJ
K:\COMPONENTS\LIBRARYV2\GDAL\GDAL_2.1.0_VC_NOINTFILESCLEANUP\LIBGDAL-2.1.0\LIB\X64\RELEASE\_RPUTROW.OBJ
K:\COMPONENTS\LIBRARYV2\GDAL\GDAL_2.1.0_VC_NOINTFILESCLEANUP\LIBGDAL-2.1.0\LIB\X64\RELEASE\ADLER32.OBJ
K:\COMPONENTS\LIBRARYV2\GDAL\GDAL_2.1.0_VC_NOINTFILESCLEANUP\LIBGDAL-2.1.0\LIB\X64\RELEASE\ANGLE.OBJ
K:\COMPONENTS\LIBRARYV2\GDAL\GDAL_2.1.0_VC_NOINTFILESCLEANUP\LIBGDAL-2.1.0\LIB\X64\RELEASE\ATTRAVAI.OBJ
K:\COMPONENTS\LIBRARYV2\GDAL\GDAL_2.1.0_VC_NOINTFILESCLEANUP\LIBGDAL-2.1.0\LIB\X64\RELEASE\ATTRSIZE.OBJ
K:\COMPONENTS\LIBRARYV2\GDAL\GDAL_2.1.0_VC_NOINTFILESCLEANUP\LIBGDAL-2.1.0\LIB\X64\RELEASE\CELLSIZE.OBJ
K:\Components\LibraryV2\GDAL\GDAL_2.1.0_VC_NoIntFilesCleanUp\libgdal-2.1.0\lib\x64\Release\cl.command.1.tlog
K:\Components\LibraryV2\GDAL\GDAL_2.1.0_VC_NoIntFilesCleanUp\libgdal-2.1.0\lib\x64\Release\CL.read.1.tlog
K:\Components\LibraryV2\GDAL\GDAL_2.1.0_VC_NoIntFilesCleanUp\libgdal-2.1.0\lib\x64\Release\CL.write.1.tlog
K:\COMPONENTS\LIBRARYV2\GDAL\GDAL_2.1.0_VC_NOINTFILESCLEANUP\LIBGDAL-2.1.0\LIB\X64\RELEASE\COMPRESS.OBJ
K:\COMPONENTS\LIBRARYV2\GDAL\GDAL_2.1.0_VC_NOINTFILESCLEANUP\LIBGDAL-2.1.0\LIB\X64\RELEASE\CRC32.OBJ
K:\COMPONENTS\LIBRARYV2\GDAL\GDAL_2.1.0_VC_NOINTFILESCLEANUP\LIBGDAL-2.1.0\LIB\X64\RELEASE\CREATE2.OBJ
K:\COMPONENTS\LIBRARYV2\GDAL\GDAL_2.1.0_VC_NOINTFILESCLEANUP\LIBGDAL-2.1.0\LIB\X64\RELEASE\CSFGLOB.OBJ
K:\COMPONENTS\LIBRARYV2\GDAL\GDAL_2.1.0_VC_NOINTFILESCLEANUP\LIBGDAL-2.1.0\LIB\X64\RELEASE\CSFSUP.OBJ
K:\COMPONENTS\LIBRARYV2\GDAL\GDAL_2.1.0_VC_NOINTFILESCLEANUP\LIBGDAL-2.1.0\LIB\X64\RELEASE\DEFLATE.OBJ
K:\COMPONENTS\LIBRARYV2\GDAL\GDAL_2.1.0_VC_NOINTFILESCLEANUP\LIBGDAL-2.1.0\LIB\X64\RELEASE\DELATTR.OBJ
K:\COMPONENTS\LIBRARYV2\GDAL\GDAL_2.1.0_VC_NOINTFILESCLEANUP\LIBGDAL-2.1.0\LIB\X64\RELEASE\DGIF_LIB.OBJ
K:\COMPONENTS\LIBRARYV2\GDAL\GDAL_2.1.0_VC_NOINTFILESCLEANUP\LIBGDAL-2.1.0\LIB\X64\RELEASE\DUMCONV.OBJ
K:\COMPONENTS\LIBRARYV2\GDAL\GDAL_2.1.0_VC_NOINTFILESCLEANUP\LIBGDAL-2.1.0\LIB\X64\RELEASE\EGIF_LIB.OBJ
K:\COMPONENTS\LIBRARYV2\GDAL\GDAL_2.1.0_VC_NOINTFILESCLEANUP\LIBGDAL-2.1.0\LIB\X64\RELEASE\ENDIAN.OBJ
K:\COMPONENTS\LIBRARYV2\GDAL\GDAL_2.1.0_VC_NOINTFILESCLEANUP\LIBGDAL-2.1.0\LIB\X64\RELEASE\FILENAME.OBJ
K:\COMPONENTS\LIBRARYV2\GDAL\GDAL_2.1.0_VC_NOINTFILESCLEANUP\LIBGDAL-2.1.0\LIB\X64\RELEASE\GATTRBLK.OBJ
K:\COMPONENTS\LIBRARYV2\GDAL\GDAL_2.1.0_VC_NOINTFILESCLEANUP\LIBGDAL-2.1.0\LIB\X64\RELEASE\GATTRIDX.OBJ
K:\COMPONENTS\LIBRARYV2\GDAL\GDAL_2.1.0_VC_NOINTFILESCLEANUP\LIBGDAL-2.1.0\LIB\X64\RELEASE\GCELLREP.OBJ
K:\Components\LibraryV2\GDAL\GDAL_2.1.0_VC_NoIntFilesCleanUp\libgdal-2.1.0\lib\x64\Release\gdal-2.1.0_lib.vcxprojResolveAssemblyReference.cache
K:\Components\LibraryV2\GDAL\GDAL_2.1.0_VC_NoIntFilesCleanUp\libgdal-2.1.0\lib\x64\Release\gdal-2.1.0_lib.write.1.tlog
K:\COMPONENTS\LIBRARYV2\GDAL\GDAL_2.1.0_VC_NOINTFILESCLEANUP\LIBGDAL-2.1.0\LIB\X64\RELEASE\GDALWARPKERNEL_OPENCL.OBJ
K:\COMPONENTS\LIBRARYV2\GDAL\GDAL_2.1.0_VC_NOINTFILESCLEANUP\LIBGDAL-2.1.0\LIB\X64\RELEASE\GDATTYPE.OBJ
K:\COMPONENTS\LIBRARYV2\GDAL\GDAL_2.1.0_VC_NOINTFILESCLEANUP\LIBGDAL-2.1.0\LIB\X64\RELEASE\GETATTR.OBJ
K:\COMPONENTS\LIBRARYV2\GDAL\GDAL_2.1.0_VC_NOINTFILESCLEANUP\LIBGDAL-2.1.0\LIB\X64\RELEASE\GETX0.OBJ
K:\COMPONENTS\LIBRARYV2\GDAL\GDAL_2.1.0_VC_NOINTFILESCLEANUP\LIBGDAL-2.1.0\LIB\X64\RELEASE\GETY0.OBJ
K:\COMPONENTS\LIBRARYV2\GDAL\GDAL_2.1.0_VC_NOINTFILESCLEANUP\LIBGDAL-2.1.0\LIB\X64\RELEASE\GGISFID.OBJ
K:\COMPONENTS\LIBRARYV2\GDAL\GDAL_2.1.0_VC_NOINTFILESCLEANUP\LIBGDAL-2.1.0\LIB\X64\RELEASE\GIF_ERR.OBJ
K:\COMPONENTS\LIBRARYV2\GDAL\GDAL_2.1.0_VC_NOINTFILESCLEANUP\LIBGDAL-2.1.0\LIB\X64\RELEASE\GIF_HASH.OBJ
K:\COMPONENTS\LIBRARYV2\GDAL\GDAL_2.1.0_VC_NOINTFILESCLEANUP\LIBGDAL-2.1.0\LIB\X64\RELEASE\GIFALLOC.OBJ
K:\COMPONENTS\LIBRARYV2\GDAL\GDAL_2.1.0_VC_NOINTFILESCLEANUP\LIBGDAL-2.1.0\LIB\X64\RELEASE\GMAXVAL.OBJ
K:\COMPONENTS\LIBRARYV2\GDAL\GDAL_2.1.0_VC_NOINTFILESCLEANUP\LIBGDAL-2.1.0\LIB\X64\RELEASE\GMINVAL.OBJ
K:\COMPONENTS\LIBRARYV2\GDAL\GDAL_2.1.0_VC_NOINTFILESCLEANUP\LIBGDAL-2.1.0\LIB\X64\RELEASE\GNRCOLS.OBJ
K:\COMPONENTS\LIBRARYV2\GDAL\GDAL_2.1.0_VC_NOINTFILESCLEANUP\LIBGDAL-2.1.0\LIB\X64\RELEASE\GNRROWS.OBJ
K:\COMPONENTS\LIBRARYV2\GDAL\GDAL_2.1.0_VC_NOINTFILESCLEANUP\LIBGDAL-2.1.0\LIB\X64\RELEASE\GPROJ.OBJ
K:\COMPONENTS\LIBRARYV2\GDAL\GDAL_2.1.0_VC_NOINTFILESCLEANUP\LIBGDAL-2.1.0\LIB\X64\RELEASE\GPUTPROJ.OBJ
K:\COMPONENTS\LIBRARYV2\GDAL\GDAL_2.1.0_VC_NOINTFILESCLEANUP\LIBGDAL-2.1.0\LIB\X64\RELEASE\GVALSCAL.OBJ
K:\COMPONENTS\LIBRARYV2\GDAL\GDAL_2.1.0_VC_NOINTFILESCLEANUP\LIBGDAL-2.1.0\LIB\X64\RELEASE\GVARTYPE.OBJ
K:\COMPONENTS\LIBRARYV2\GDAL\GDAL_2.1.0_VC_NOINTFILESCLEANUP\LIBGDAL-2.1.0\LIB\X64\RELEASE\GVERSION.OBJ
K:\COMPONENTS\LIBRARYV2\GDAL\GDAL_2.1.0_VC_NOINTFILESCLEANUP\LIBGDAL-2.1.0\LIB\X64\RELEASE\GZIO.OBJ
K:\COMPONENTS\LIBRARYV2\GDAL\GDAL_2.1.0_VC_NOINTFILESCLEANUP\LIBGDAL-2.1.0\LIB\X64\RELEASE\INFBACK.OBJ
K:\COMPONENTS\LIBRARYV2\GDAL\GDAL_2.1.0_VC_NOINTFILESCLEANUP\LIBGDAL-2.1.0\LIB\X64\RELEASE\INFFAST.OBJ
K:\COMPONENTS\LIBRARYV2\GDAL\GDAL_2.1.0_VC_NOINTFILESCLEANUP\LIBGDAL-2.1.0\LIB\X64\RELEASE\INFLATE.OBJ
K:\COMPONENTS\LIBRARYV2\GDAL\GDAL_2.1.0_VC_NOINTFILESCLEANUP\LIBGDAL-2.1.0\LIB\X64\RELEASE\INFTREES.OBJ
K:\COMPONENTS\LIBRARYV2\GDAL\GDAL_2.1.0_VC_NOINTFILESCLEANUP\LIBGDAL-2.1.0\LIB\X64\RELEASE\ISMV.OBJ
K:\COMPONENTS\LIBRARYV2\GDAL\GDAL_2.1.0_VC_NOINTFILESCLEANUP\LIBGDAL-2.1.0\LIB\X64\RELEASE\JCAPIMIN.OBJ
K:\COMPONENTS\LIBRARYV2\GDAL\GDAL_2.1.0_VC_NOINTFILESCLEANUP\LIBGDAL-2.1.0\LIB\X64\RELEASE\JCAPISTD.OBJ
K:\COMPONENTS\LIBRARYV2\GDAL\GDAL_2.1.0_VC_NOINTFILESCLEANUP\LIBGDAL-2.1.0\LIB\X64\RELEASE\JCDCTMGR.OBJ
K:\COMPONENTS\LIBRARYV2\GDAL\GDAL_2.1.0_VC_NOINTFILESCLEANUP\LIBGDAL-2.1.0\LIB\X64\RELEASE\JCHUFF.OBJ
K:\COMPONENTS\LIBRARYV2\GDAL\GDAL_2.1.0_VC_NOINTFILESCLEANUP\LIBGDAL-2.1.0\LIB\X64\RELEASE\JCINIT.OBJ
K:\COMPONENTS\LIBRARYV2\GDAL\GDAL_2.1.0_VC_NOINTFILESCLEANUP\LIBGDAL-2.1.0\LIB\X64\RELEASE\JCMAINCT.OBJ
K:\COMPONENTS\LIBRARYV2\GDAL\GDAL_2.1.0_VC_NOINTFILESCLEANUP\LIBGDAL-2.1.0\LIB\X64\RELEASE\JCMASTER.OBJ
K:\COMPONENTS\LIBRARYV2\GDAL\GDAL_2.1.0_VC_NOINTFILESCLEANUP\LIBGDAL-2.1.0\LIB\X64\RELEASE\JCOMAPI.OBJ
K:\COMPONENTS\LIBRARYV2\GDAL\GDAL_2.1.0_VC_NOINTFILESCLEANUP\LIBGDAL-2.1.0\LIB\X64\RELEASE\JCPARAM.OBJ
K:\COMPONENTS\LIBRARYV2\GDAL\GDAL_2.1.0_VC_NOINTFILESCLEANUP\LIBGDAL-2.1.0\LIB\X64\RELEASE\JCPHUFF.OBJ
K:\COMPONENTS\LIBRARYV2\GDAL\GDAL_2.1.0_VC_NOINTFILESCLEANUP\LIBGDAL-2.1.0\LIB\X64\RELEASE\JCPREPCT.OBJ
K:\COMPONENTS\LIBRARYV2\GDAL\GDAL_2.1.0_VC_NOINTFILESCLEANUP\LIBGDAL-2.1.0\LIB\X64\RELEASE\JDAPIMIN.OBJ
K:\COMPONENTS\LIBRARYV2\GDAL\GDAL_2.1.0_VC_NOINTFILESCLEANUP\LIBGDAL-2.1.0\LIB\X64\RELEASE\JDAPISTD.OBJ
K:\COMPONENTS\LIBRARYV2\GDAL\GDAL_2.1.0_VC_NOINTFILESCLEANUP\LIBGDAL-2.1.0\LIB\X64\RELEASE\JDATADST.OBJ
K:\COMPONENTS\LIBRARYV2\GDAL\GDAL_2.1.0_VC_NOINTFILESCLEANUP\LIBGDAL-2.1.0\LIB\X64\RELEASE\JDDCTMGR.OBJ
K:\COMPONENTS\LIBRARYV2\GDAL\GDAL_2.1.0_VC_NOINTFILESCLEANUP\LIBGDAL-2.1.0\LIB\X64\RELEASE\JDHUFF.OBJ
K:\COMPONENTS\LIBRARYV2\GDAL\GDAL_2.1.0_VC_NOINTFILESCLEANUP\LIBGDAL-2.1.0\LIB\X64\RELEASE\JDINPUT.OBJ
K:\COMPONENTS\LIBRARYV2\GDAL\GDAL_2.1.0_VC_NOINTFILESCLEANUP\LIBGDAL-2.1.0\LIB\X64\RELEASE\JDMAINCT.OBJ
K:\COMPONENTS\LIBRARYV2\GDAL\GDAL_2.1.0_VC_NOINTFILESCLEANUP\LIBGDAL-2.1.0\LIB\X64\RELEASE\JDMARKER.OBJ
K:\COMPONENTS\LIBRARYV2\GDAL\GDAL_2.1.0_VC_NOINTFILESCLEANUP\LIBGDAL-2.1.0\LIB\X64\RELEASE\JDMASTER.OBJ
K:\COMPONENTS\LIBRARYV2\GDAL\GDAL_2.1.0_VC_NOINTFILESCLEANUP\LIBGDAL-2.1.0\LIB\X64\RELEASE\JDPHUFF.OBJ
K:\COMPONENTS\LIBRARYV2\GDAL\GDAL_2.1.0_VC_NOINTFILESCLEANUP\LIBGDAL-2.1.0\LIB\X64\RELEASE\JDTRANS.OBJ
K:\COMPONENTS\LIBRARYV2\GDAL\GDAL_2.1.0_VC_NOINTFILESCLEANUP\LIBGDAL-2.1.0\LIB\X64\RELEASE\JERROR.OBJ
K:\COMPONENTS\LIBRARYV2\GDAL\GDAL_2.1.0_VC_NOINTFILESCLEANUP\LIBGDAL-2.1.0\LIB\X64\RELEASE\JFDCTFLT.OBJ
K:\COMPONENTS\LIBRARYV2\GDAL\GDAL_2.1.0_VC_NOINTFILESCLEANUP\LIBGDAL-2.1.0\LIB\X64\RELEASE\JFDCTFST.OBJ
K:\COMPONENTS\LIBRARYV2\GDAL\GDAL_2.1.0_VC_NOINTFILESCLEANUP\LIBGDAL-2.1.0\LIB\X64\RELEASE\JFDCTINT.OBJ
K:\COMPONENTS\LIBRARYV2\GDAL\GDAL_2.1.0_VC_NOINTFILESCLEANUP\LIBGDAL-2.1.0\LIB\X64\RELEASE\JIDCTFLT.OBJ
K:\COMPONENTS\LIBRARYV2\GDAL\GDAL_2.1.0_VC_NOINTFILESCLEANUP\LIBGDAL-2.1.0\LIB\X64\RELEASE\JIDCTFST.OBJ
K:\COMPONENTS\LIBRARYV2\GDAL\GDAL_2.1.0_VC_NOINTFILESCLEANUP\LIBGDAL-2.1.0\LIB\X64\RELEASE\JIDCTINT.OBJ
K:\COMPONENTS\LIBRARYV2\GDAL\GDAL_2.1.0_VC_NOINTFILESCLEANUP\LIBGDAL-2.1.0\LIB\X64\RELEASE\JIDCTRED.OBJ
K:\COMPONENTS\LIBRARYV2\GDAL\GDAL_2.1.0_VC_NOINTFILESCLEANUP\LIBGDAL-2.1.0\LIB\X64\RELEASE\JMEMMGR.OBJ
K:\COMPONENTS\LIBRARYV2\GDAL\GDAL_2.1.0_VC_NOINTFILESCLEANUP\LIBGDAL-2.1.0\LIB\X64\RELEASE\JUTILS.OBJ
K:\COMPONENTS\LIBRARYV2\GDAL\GDAL_2.1.0_VC_NOINTFILESCLEANUP\LIBGDAL-2.1.0\LIB\X64\RELEASE\KERNLCSF.OBJ
K:\COMPONENTS\LIBRARYV2\GDAL\GDAL_2.1.0_VC_NOINTFILESCLEANUP\LIBGDAL-2.1.0\LIB\X64\RELEASE\LEGEND.OBJ
K:\COMPONENTS\LIBRARYV2\GDAL\GDAL_2.1.0_VC_NOINTFILESCLEANUP\LIBGDAL-2.1.0\LIB\X64\RELEASE\MCLOSE.OBJ
K:\COMPONENTS\LIBRARYV2\GDAL\GDAL_2.1.0_VC_NOINTFILESCLEANUP\LIBGDAL-2.1.0\LIB\X64\RELEASE\MGRS.OBJ
K:\COMPONENTS\LIBRARYV2\GDAL\GDAL_2.1.0_VC_NOINTFILESCLEANUP\LIBGDAL-2.1.0\LIB\X64\RELEASE\MOPEN.OBJ
K:\COMPONENTS\LIBRARYV2\GDAL\GDAL_2.1.0_VC_NOINTFILESCLEANUP\LIBGDAL-2.1.0\LIB\X64\RELEASE\MOREATTR.OBJ
K:\COMPONENTS\LIBRARYV2\GDAL\GDAL_2.1.0_VC_NOINTFILESCLEANUP\LIBGDAL-2.1.0\LIB\X64\RELEASE\MPERROR.OBJ
K:\COMPONENTS\LIBRARYV2\GDAL\GDAL_2.1.0_VC_NOINTFILESCLEANUP\LIBGDAL-2.1.0\LIB\X64\RELEASE\OSR_CS_WKT_PARSER.OBJ
K:\COMPONENTS\LIBRARYV2\GDAL\GDAL_2.1.0_VC_NOINTFILESCLEANUP\LIBGDAL-2.1.0\LIB\X64\RELEASE\PGISFID.OBJ
K:\COMPONENTS\LIBRARYV2\GDAL\GDAL_2.1.0_VC_NOINTFILESCLEANUP\LIBGDAL-2.1.0\LIB\X64\RELEASE\PMAXVAL.OBJ
K:\COMPONENTS\LIBRARYV2\GDAL\GDAL_2.1.0_VC_NOINTFILESCLEANUP\LIBGDAL-2.1.0\LIB\X64\RELEASE\PMINVAL.OBJ
K:\COMPONENTS\LIBRARYV2\GDAL\GDAL_2.1.0_VC_NOINTFILESCLEANUP\LIBGDAL-2.1.0\LIB\X64\RELEASE\PNG.OBJ
K:\COMPONENTS\LIBRARYV2\GDAL\GDAL_2.1.0_VC_NOINTFILESCLEANUP\LIBGDAL-2.1.0\LIB\X64\RELEASE\PNGERROR.OBJ
K:\COMPONENTS\LIBRARYV2\GDAL\GDAL_2.1.0_VC_NOINTFILESCLEANUP\LIBGDAL-2.1.0\LIB\X64\RELEASE\PNGGCCRD.OBJ
K:\COMPONENTS\LIBRARYV2\GDAL\GDAL_2.1.0_VC_NOINTFILESCLEANUP\LIBGDAL-2.1.0\LIB\X64\RELEASE\PNGGET.OBJ
K:\COMPONENTS\LIBRARYV2\GDAL\GDAL_2.1.0_VC_NOINTFILESCLEANUP\LIBGDAL-2.1.0\LIB\X64\RELEASE\PNGMEM.OBJ
K:\COMPONENTS\LIBRARYV2\GDAL\GDAL_2.1.0_VC_NOINTFILESCLEANUP\LIBGDAL-2.1.0\LIB\X64\RELEASE\PNGPREAD.OBJ
K:\COMPONENTS\LIBRARYV2\GDAL\GDAL_2.1.0_VC_NOINTFILESCLEANUP\LIBGDAL-2.1.0\LIB\X64\RELEASE\PNGREAD.OBJ
K:\COMPONENTS\LIBRARYV2\GDAL\GDAL_2.1.0_VC_NOINTFILESCLEANUP\LIBGDAL-2.1.0\LIB\X64\RELEASE\PNGRIO.OBJ
K:\COMPONENTS\LIBRARYV2\GDAL\GDAL_2.1.0_VC_NOINTFILESCLEANUP\LIBGDAL-2.1.0\LIB\X64\RELEASE\PNGRTRAN.OBJ
K:\COMPONENTS\LIBRARYV2\GDAL\GDAL_2.1.0_VC_NOINTFILESCLEANUP\LIBGDAL-2.1.0\LIB\X64\RELEASE\PNGRUTIL.OBJ
K:\COMPONENTS\LIBRARYV2\GDAL\GDAL_2.1.0_VC_NOINTFILESCLEANUP\LIBGDAL-2.1.0\LIB\X64\RELEASE\PNGSET.OBJ
K:\COMPONENTS\LIBRARYV2\GDAL\GDAL_2.1.0_VC_NOINTFILESCLEANUP\LIBGDAL-2.1.0\LIB\X64\RELEASE\PNGTRANS.OBJ
K:\COMPONENTS\LIBRARYV2\GDAL\GDAL_2.1.0_VC_NOINTFILESCLEANUP\LIBGDAL-2.1.0\LIB\X64\RELEASE\PNGVCRD.OBJ
K:\COMPONENTS\LIBRARYV2\GDAL\GDAL_2.1.0_VC_NOINTFILESCLEANUP\LIBGDAL-2.1.0\LIB\X64\RELEASE\PNGWIO.OBJ
K:\COMPONENTS\LIBRARYV2\GDAL\GDAL_2.1.0_VC_NOINTFILESCLEANUP\LIBGDAL-2.1.0\LIB\X64\RELEASE\PNGWRITE.OBJ
K:\COMPONENTS\LIBRARYV2\GDAL\GDAL_2.1.0_VC_NOINTFILESCLEANUP\LIBGDAL-2.1.0\LIB\X64\RELEASE\PNGWTRAN.OBJ
K:\COMPONENTS\LIBRARYV2\GDAL\GDAL_2.1.0_VC_NOINTFILESCLEANUP\LIBGDAL-2.1.0\LIB\X64\RELEASE\PNGWUTIL.OBJ
K:\COMPONENTS\LIBRARYV2\GDAL\GDAL_2.1.0_VC_NOINTFILESCLEANUP\LIBGDAL-2.1.0\LIB\X64\RELEASE\PUTALLMV.OBJ
K:\COMPONENTS\LIBRARYV2\GDAL\GDAL_2.1.0_VC_NOINTFILESCLEANUP\LIBGDAL-2.1.0\LIB\X64\RELEASE\PUTATTR.OBJ
K:\COMPONENTS\LIBRARYV2\GDAL\GDAL_2.1.0_VC_NOINTFILESCLEANUP\LIBGDAL-2.1.0\LIB\X64\RELEASE\PUTSOMEC.OBJ
K:\COMPONENTS\LIBRARYV2\GDAL\GDAL_2.1.0_VC_NOINTFILESCLEANUP\LIBGDAL-2.1.0\LIB\X64\RELEASE\PUTX0.OBJ
K:\COMPONENTS\LIBRARYV2\GDAL\GDAL_2.1.0_VC_NOINTFILESCLEANUP\LIBGDAL-2.1.0\LIB\X64\RELEASE\PUTY0.OBJ
K:\COMPONENTS\LIBRARYV2\GDAL\GDAL_2.1.0_VC_NOINTFILESCLEANUP\LIBGDAL-2.1.0\LIB\X64\RELEASE\PVALSCAL.OBJ
K:\COMPONENTS\LIBRARYV2\GDAL\GDAL_2.1.0_VC_NOINTFILESCLEANUP\LIBGDAL-2.1.0\LIB\X64\RELEASE\RATTRBLK.OBJ
K:\COMPONENTS\LIBRARYV2\GDAL\GDAL_2.1.0_VC_NOINTFILESCLEANUP\LIBGDAL-2.1.0\LIB\X64\RELEASE\RCOMP.OBJ
K:\COMPONENTS\LIBRARYV2\GDAL\GDAL_2.1.0_VC_NOINTFILESCLEANUP\LIBGDAL-2.1.0\LIB\X64\RELEASE\RCOORDS.OBJ
K:\COMPONENTS\LIBRARYV2\GDAL\GDAL_2.1.0_VC_NOINTFILESCLEANUP\LIBGDAL-2.1.0\LIB\X64\RELEASE\RDUP2.OBJ
K:\COMPONENTS\LIBRARYV2\GDAL\GDAL_2.1.0_VC_NOINTFILESCLEANUP\LIBGDAL-2.1.0\LIB\X64\RELEASE\RESETERR.OBJ
K:\COMPONENTS\LIBRARYV2\GDAL\GDAL_2.1.0_VC_NOINTFILESCLEANUP\LIBGDAL-2.1.0\LIB\X64\RELEASE\REXTEND.OBJ
K:\COMPONENTS\LIBRARYV2\GDAL\GDAL_2.1.0_VC_NOINTFILESCLEANUP\LIBGDAL-2.1.0\LIB\X64\RELEASE\RMALLOC.OBJ
K:\COMPONENTS\LIBRARYV2\GDAL\GDAL_2.1.0_VC_NOINTFILESCLEANUP\LIBGDAL-2.1.0\LIB\X64\RELEASE\RROWCOL.OBJ
K:\COMPONENTS\LIBRARYV2\GDAL\GDAL_2.1.0_VC_NOINTFILESCLEANUP\LIBGDAL-2.1.0\LIB\X64\RELEASE\RUSEAS.OBJ
K:\COMPONENTS\LIBRARYV2\GDAL\GDAL_2.1.0_VC_NOINTFILESCLEANUP\LIBGDAL-2.1.0\LIB\X64\RELEASE\SETANGLE.OBJ
K:\COMPONENTS\LIBRARYV2\GDAL\GDAL_2.1.0_VC_NOINTFILESCLEANUP\LIBGDAL-2.1.0\LIB\X64\RELEASE\SETMV.OBJ
K:\COMPONENTS\LIBRARYV2\GDAL\GDAL_2.1.0_VC_NOINTFILESCLEANUP\LIBGDAL-2.1.0\LIB\X64\RELEASE\SETVTMV.OBJ
K:\COMPONENTS\LIBRARYV2\GDAL\GDAL_2.1.0_VC_NOINTFILESCLEANUP\LIBGDAL-2.1.0\LIB\X64\RELEASE\SQLITE3.OBJ
K:\COMPONENTS\LIBRARYV2\GDAL\GDAL_2.1.0_VC_NOINTFILESCLEANUP\LIBGDAL-2.1.0\LIB\X64\RELEASE\STRCONST.OBJ
K:\COMPONENTS\LIBRARYV2\GDAL\GDAL_2.1.0_VC_NOINTFILESCLEANUP\LIBGDAL-2.1.0\LIB\X64\RELEASE\STRPAD.OBJ
K:\COMPONENTS\LIBRARYV2\GDAL\GDAL_2.1.0_VC_NOINTFILESCLEANUP\LIBGDAL-2.1.0\LIB\X64\RELEASE\SWAPIO.OBJ
K:\COMPONENTS\LIBRARYV2\GDAL\GDAL_2.1.0_VC_NOINTFILESCLEANUP\LIBGDAL-2.1.0\LIB\X64\RELEASE\TRACKMM.OBJ
K:\COMPONENTS\LIBRARYV2\GDAL\GDAL_2.1.0_VC_NOINTFILESCLEANUP\LIBGDAL-2.1.0\LIB\X64\RELEASE\TREES.OBJ
K:\COMPONENTS\LIBRARYV2\GDAL\GDAL_2.1.0_VC_NOINTFILESCLEANUP\LIBGDAL-2.1.0\LIB\X64\RELEASE\UNCOMPR.OBJ
K:\Components\LibraryV2\GDAL\GDAL_2.1.0_VC_NoIntFilesCleanUp\libgdal-2.1.0\lib\x64\Release\vc100.pdb
K:\COMPONENTS\LIBRARYV2\GDAL\GDAL_2.1.0_VC_NOINTFILESCLEANUP\LIBGDAL-2.1.0\LIB\X64\RELEASE\VS2.OBJ
K:\COMPONENTS\LIBRARYV2\GDAL\GDAL_2.1.0_VC_NOINTFILESCLEANUP\LIBGDAL-2.1.0\LIB\X64\RELEASE\VSDEF.OBJ
K:\COMPONENTS\LIBRARYV2\GDAL\GDAL_2.1.0_VC_NOINTFILESCLEANUP\LIBGDAL-2.1.0\LIB\X64\RELEASE\VSIS.OBJ
K:\COMPONENTS\LIBRARYV2\GDAL\GDAL_2.1.0_VC_NOINTFILESCLEANUP\LIBGDAL-2.1.0\LIB\X64\RELEASE\VSVERS.OBJ
K:\COMPONENTS\LIBRARYV2\GDAL\GDAL_2.1.0_VC_NOINTFILESCLEANUP\LIBGDAL-2.1.0\LIB\X64\RELEASE\WATTRBLK.OBJ
K:\COMPONENTS\LIBRARYV2\GDAL\GDAL_2.1.0_VC_NOINTFILESCLEANUP\LIBGDAL-2.1.0\LIB\X64\RELEASE\ZUTIL.OBJ
