K:\COMPONENTS\LIBRARYV2\GDAL\GDAL_2.1.X_VC_NOINTFILESCLEANUP\LIBGDAL-2.1.2\TEST_DYNAMIC_GDAL_ENVVARS_INTERNALS\X64\DEBUG\MAIN.OBJ
K:\COMPONENTS\LIBRARYV2\GDAL\GDAL_2.1.X_VC_NOINTFILESCLEANUP\LIBGDAL-2.1.2\TEST_DYNAMIC_GDAL_ENVVARS_INTERNALS\X64\DEBUG\TEST_DYNAMIC_GDAL_ENVVARS_INTERNALS.EXE
K:\COMPONENTS\LIBRARYV2\GDAL\GDAL_2.1.X_VC_NOINTFILESCLEANUP\LIBGDAL-2.1.2\TEST_DYNAMIC_GDAL_ENVVARS_INTERNALS\X64\DEBUG\TEST_DYNAMIC_GDAL_ENVVARS_INTERNALS.EXE.EMBED.MANIFEST
K:\COMPONENTS\LIBRARYV2\GDAL\GDAL_2.1.X_VC_NOINTFILESCLEANUP\LIBGDAL-2.1.2\TEST_DYNAMIC_GDAL_ENVVARS_INTERNALS\X64\DEBUG\TEST_DYNAMIC_GDAL_ENVVARS_INTERNALS.EXE.EMBED.MANIFEST.RES
K:\COMPONENTS\LIBRARYV2\GDAL\GDAL_2.1.X_VC_NOINTFILESCLEANUP\LIBGDAL-2.1.2\TEST_DYNAMIC_GDAL_ENVVARS_INTERNALS\X64\DEBUG\TEST_DYNAMIC_GDAL_ENVVARS_INTERNALS.EXE.INTERMEDIATE.MANIFEST
K:\Components\LibraryV2\GDAL\GDAL_2.1.x_VC_NoIntFilesCleanUp\libgdal-2.1.2\test_dynamic_gdal_envvars_internals\x64\Debug\test_dynamic_gdal_envvars_internals.exp
K:\COMPONENTS\LIBRARYV2\GDAL\GDAL_2.1.X_VC_NOINTFILESCLEANUP\LIBGDAL-2.1.2\TEST_DYNAMIC_GDAL_ENVVARS_INTERNALS\X64\DEBUG\TEST_DYNAMIC_GDAL_ENVVARS_INTERNALS.ILK
K:\Components\LibraryV2\GDAL\GDAL_2.1.x_VC_NoIntFilesCleanUp\libgdal-2.1.2\test_dynamic_gdal_envvars_internals\x64\Debug\test_dynamic_gdal_envvars_internals.lib
K:\COMPONENTS\LIBRARYV2\GDAL\GDAL_2.1.X_VC_NOINTFILESCLEANUP\LIBGDAL-2.1.2\TEST_DYNAMIC_GDAL_ENVVARS_INTERNALS\X64\DEBUG\TEST_DYNAMIC_GDAL_ENVVARS_INTERNALS.PDB
K:\COMPONENTS\LIBRARYV2\GDAL\GDAL_2.1.X_VC_NOINTFILESCLEANUP\LIBGDAL-2.1.2\TEST_DYNAMIC_GDAL_ENVVARS_INTERNALS\X64\DEBUG\VC100.PDB
K:\Components\LibraryV2\GDAL\GDAL_2.1.x_VC_NoIntFilesCleanUp\libgdal-2.1.3\gdal_compute_alongtrack_overlap\x64\Debug\cl.command.1.tlog
K:\Components\LibraryV2\GDAL\GDAL_2.1.x_VC_NoIntFilesCleanUp\libgdal-2.1.3\gdal_compute_alongtrack_overlap\x64\Debug\CL.read.1.tlog
K:\Components\LibraryV2\GDAL\GDAL_2.1.x_VC_NoIntFilesCleanUp\libgdal-2.1.3\gdal_compute_alongtrack_overlap\x64\Debug\CL.write.1.tlog
K:\Components\LibraryV2\GDAL\GDAL_2.1.x_VC_NoIntFilesCleanUp\libgdal-2.1.3\gdal_compute_alongtrack_overlap\x64\Debug\link.10464.read.1.tlog
K:\Components\LibraryV2\GDAL\GDAL_2.1.x_VC_NoIntFilesCleanUp\libgdal-2.1.3\gdal_compute_alongtrack_overlap\x64\Debug\link.10464.write.1.tlog
K:\Components\LibraryV2\GDAL\GDAL_2.1.x_VC_NoIntFilesCleanUp\libgdal-2.1.3\gdal_compute_alongtrack_overlap\x64\Debug\link.10464-cvtres.read.1.tlog
K:\Components\LibraryV2\GDAL\GDAL_2.1.x_VC_NoIntFilesCleanUp\libgdal-2.1.3\gdal_compute_alongtrack_overlap\x64\Debug\link.10464-cvtres.write.1.tlog
K:\Components\LibraryV2\GDAL\GDAL_2.1.x_VC_NoIntFilesCleanUp\libgdal-2.1.3\gdal_compute_alongtrack_overlap\x64\Debug\link.10876.read.1.tlog
K:\Components\LibraryV2\GDAL\GDAL_2.1.x_VC_NoIntFilesCleanUp\libgdal-2.1.3\gdal_compute_alongtrack_overlap\x64\Debug\link.10876.write.1.tlog
K:\Components\LibraryV2\GDAL\GDAL_2.1.x_VC_NoIntFilesCleanUp\libgdal-2.1.3\gdal_compute_alongtrack_overlap\x64\Debug\link.10876-cvtres.read.1.tlog
K:\Components\LibraryV2\GDAL\GDAL_2.1.x_VC_NoIntFilesCleanUp\libgdal-2.1.3\gdal_compute_alongtrack_overlap\x64\Debug\link.10876-cvtres.write.1.tlog
K:\Components\LibraryV2\GDAL\GDAL_2.1.x_VC_NoIntFilesCleanUp\libgdal-2.1.3\gdal_compute_alongtrack_overlap\x64\Debug\link.13992.read.1.tlog
K:\Components\LibraryV2\GDAL\GDAL_2.1.x_VC_NoIntFilesCleanUp\libgdal-2.1.3\gdal_compute_alongtrack_overlap\x64\Debug\link.13992.write.1.tlog
K:\Components\LibraryV2\GDAL\GDAL_2.1.x_VC_NoIntFilesCleanUp\libgdal-2.1.3\gdal_compute_alongtrack_overlap\x64\Debug\link.13992-cvtres.read.1.tlog
K:\Components\LibraryV2\GDAL\GDAL_2.1.x_VC_NoIntFilesCleanUp\libgdal-2.1.3\gdal_compute_alongtrack_overlap\x64\Debug\link.13992-cvtres.write.1.tlog
K:\Components\LibraryV2\GDAL\GDAL_2.1.x_VC_NoIntFilesCleanUp\libgdal-2.1.3\gdal_compute_alongtrack_overlap\x64\Debug\link.16100.read.1.tlog
K:\Components\LibraryV2\GDAL\GDAL_2.1.x_VC_NoIntFilesCleanUp\libgdal-2.1.3\gdal_compute_alongtrack_overlap\x64\Debug\link.16100.write.1.tlog
K:\Components\LibraryV2\GDAL\GDAL_2.1.x_VC_NoIntFilesCleanUp\libgdal-2.1.3\gdal_compute_alongtrack_overlap\x64\Debug\link.16100-cvtres.read.1.tlog
K:\Components\LibraryV2\GDAL\GDAL_2.1.x_VC_NoIntFilesCleanUp\libgdal-2.1.3\gdal_compute_alongtrack_overlap\x64\Debug\link.16100-cvtres.write.1.tlog
K:\Components\LibraryV2\GDAL\GDAL_2.1.x_VC_NoIntFilesCleanUp\libgdal-2.1.3\gdal_compute_alongtrack_overlap\x64\Debug\link.16292.read.1.tlog
K:\Components\LibraryV2\GDAL\GDAL_2.1.x_VC_NoIntFilesCleanUp\libgdal-2.1.3\gdal_compute_alongtrack_overlap\x64\Debug\link.16292.write.1.tlog
K:\Components\LibraryV2\GDAL\GDAL_2.1.x_VC_NoIntFilesCleanUp\libgdal-2.1.3\gdal_compute_alongtrack_overlap\x64\Debug\link.16292-cvtres.read.1.tlog
K:\Components\LibraryV2\GDAL\GDAL_2.1.x_VC_NoIntFilesCleanUp\libgdal-2.1.3\gdal_compute_alongtrack_overlap\x64\Debug\link.16292-cvtres.write.1.tlog
K:\Components\LibraryV2\GDAL\GDAL_2.1.x_VC_NoIntFilesCleanUp\libgdal-2.1.3\gdal_compute_alongtrack_overlap\x64\Debug\link.3920.read.1.tlog
K:\Components\LibraryV2\GDAL\GDAL_2.1.x_VC_NoIntFilesCleanUp\libgdal-2.1.3\gdal_compute_alongtrack_overlap\x64\Debug\link.3920.write.1.tlog
K:\Components\LibraryV2\GDAL\GDAL_2.1.x_VC_NoIntFilesCleanUp\libgdal-2.1.3\gdal_compute_alongtrack_overlap\x64\Debug\link.3920-cvtres.read.1.tlog
K:\Components\LibraryV2\GDAL\GDAL_2.1.x_VC_NoIntFilesCleanUp\libgdal-2.1.3\gdal_compute_alongtrack_overlap\x64\Debug\link.3920-cvtres.write.1.tlog
K:\Components\LibraryV2\GDAL\GDAL_2.1.x_VC_NoIntFilesCleanUp\libgdal-2.1.3\gdal_compute_alongtrack_overlap\x64\Debug\link.command.1.tlog
K:\Components\LibraryV2\GDAL\GDAL_2.1.x_VC_NoIntFilesCleanUp\libgdal-2.1.3\gdal_compute_alongtrack_overlap\x64\Debug\link.read.1.tlog
K:\Components\LibraryV2\GDAL\GDAL_2.1.x_VC_NoIntFilesCleanUp\libgdal-2.1.3\gdal_compute_alongtrack_overlap\x64\Debug\link.write.1.tlog
K:\Components\LibraryV2\GDAL\GDAL_2.1.x_VC_NoIntFilesCleanUp\libgdal-2.1.3\gdal_compute_alongtrack_overlap\x64\Debug\link-cvtres.read.1.tlog
K:\Components\LibraryV2\GDAL\GDAL_2.1.x_VC_NoIntFilesCleanUp\libgdal-2.1.3\gdal_compute_alongtrack_overlap\x64\Debug\link-cvtres.write.1.tlog
K:\Components\LibraryV2\GDAL\GDAL_2.1.x_VC_NoIntFilesCleanUp\libgdal-2.1.3\gdal_compute_alongtrack_overlap\x64\Debug\main.obj
K:\Components\LibraryV2\GDAL\GDAL_2.1.x_VC_NoIntFilesCleanUp\libgdal-2.1.3\gdal_compute_alongtrack_overlap\x64\Debug\mt.command.1.tlog
K:\Components\LibraryV2\GDAL\GDAL_2.1.x_VC_NoIntFilesCleanUp\libgdal-2.1.3\gdal_compute_alongtrack_overlap\x64\Debug\mt.read.1.tlog
K:\Components\LibraryV2\GDAL\GDAL_2.1.x_VC_NoIntFilesCleanUp\libgdal-2.1.3\gdal_compute_alongtrack_overlap\x64\Debug\mt.write.1.tlog
K:\Components\LibraryV2\GDAL\GDAL_2.1.x_VC_NoIntFilesCleanUp\libgdal-2.1.3\gdal_compute_alongtrack_overlap\x64\Debug\rc.command.1.tlog
K:\Components\LibraryV2\GDAL\GDAL_2.1.x_VC_NoIntFilesCleanUp\libgdal-2.1.3\gdal_compute_alongtrack_overlap\x64\Debug\rc.read.1.tlog
K:\Components\LibraryV2\GDAL\GDAL_2.1.x_VC_NoIntFilesCleanUp\libgdal-2.1.3\gdal_compute_alongtrack_overlap\x64\Debug\rc.write.1.tlog
K:\Components\LibraryV2\GDAL\GDAL_2.1.x_VC_NoIntFilesCleanUp\libgdal-2.1.3\gdal_compute_alongtrack_overlap\x64\Debug\test_dynamic_gdal_envvars_internals.exe.embed.manifest
K:\Components\LibraryV2\GDAL\GDAL_2.1.x_VC_NoIntFilesCleanUp\libgdal-2.1.3\gdal_compute_alongtrack_overlap\x64\Debug\test_dynamic_gdal_envvars_internals.exe.embed.manifest.res
K:\Components\LibraryV2\GDAL\GDAL_2.1.x_VC_NoIntFilesCleanUp\libgdal-2.1.3\gdal_compute_alongtrack_overlap\x64\Debug\test_dynamic_gdal_envvars_internals.exe.intermediate.manifest
K:\Components\LibraryV2\GDAL\GDAL_2.1.x_VC_NoIntFilesCleanUp\libgdal-2.1.3\gdal_compute_alongtrack_overlap\x64\Debug\test_dynamic_gdal_envvars_internals.exp
K:\Components\LibraryV2\GDAL\GDAL_2.1.x_VC_NoIntFilesCleanUp\libgdal-2.1.3\gdal_compute_alongtrack_overlap\x64\Debug\test_dynamic_gdal_envvars_internals.ilk
K:\Components\LibraryV2\GDAL\GDAL_2.1.x_VC_NoIntFilesCleanUp\libgdal-2.1.3\gdal_compute_alongtrack_overlap\x64\Debug\test_dynamic_gdal_envvars_internals.pdb
K:\Components\LibraryV2\GDAL\GDAL_2.1.x_VC_NoIntFilesCleanUp\libgdal-2.1.3\gdal_compute_alongtrack_overlap\x64\Debug\test_dynamic_gdal_envvars_internals.write.1.tlog
K:\Components\LibraryV2\GDAL\GDAL_2.1.x_VC_NoIntFilesCleanUp\libgdal-2.1.3\gdal_compute_alongtrack_overlap\x64\Debug\test_dynamic_gdal_envvars_internals_manifest.rc
K:\Components\LibraryV2\GDAL\GDAL_2.1.x_VC_NoIntFilesCleanUp\libgdal-2.1.3\gdal_compute_alongtrack_overlap\x64\Debug\vc100.idb
K:\Components\LibraryV2\GDAL\GDAL_2.1.x_VC_NoIntFilesCleanUp\libgdal-2.1.3\gdal_compute_alongtrack_overlap\x64\Debug\vc100.pdb
