K:\COMPONENTS\LIBRARYV2\GDAL\GDAL_2.1.X_VC_NOINTFILESCLEANUP\LIBGDAL-2.1.2\GDAL_COMPUTE_ALONGTRACK_OVERLAP\X86\DEBUG\GDAL_COMPUTE_ALONGTRACK_OVERLAP.EXE
K:\COMPONENTS\LIBRARYV2\GDAL\GDAL_2.1.X_VC_NOINTFILESCLEANUP\LIBGDAL-2.1.2\GDAL_COMPUTE_ALONGTRACK_OVERLAP\X86\DEBUG\GDAL_COMPUTE_ALONGTRACK_OVERLAP.EXE.EMBED.MANIFEST
K:\COMPONENTS\LIBRARYV2\GDAL\GDAL_2.1.X_VC_NOINTFILESCLEANUP\LIBGDAL-2.1.2\GDAL_COMPUTE_ALONGTRACK_OVERLAP\X86\DEBUG\GDAL_COMPUTE_ALONGTRACK_OVERLAP.EXE.EMBED.MANIFEST.RES
K:\COMPONENTS\LIBRARYV2\GDAL\GDAL_2.1.X_VC_NOINTFILESCLEANUP\LIBGDAL-2.1.2\GDAL_COMPUTE_ALONGTRACK_OVERLAP\X86\DEBUG\GDAL_COMPUTE_ALONGTRACK_OVERLAP.EXE.INTERMEDIATE.MANIFEST
K:\Components\LibraryV2\GDAL\GDAL_2.1.x_VC_NoIntFilesCleanUp\libgdal-2.1.2\gdal_compute_alongtrack_overlap\x86\Debug\gdal_compute_alongtrack_overlap.exp
K:\COMPONENTS\LIBRARYV2\GDAL\GDAL_2.1.X_VC_NOINTFILESCLEANUP\LIBGDAL-2.1.2\GDAL_COMPUTE_ALONGTRACK_OVERLAP\X86\DEBUG\GDAL_COMPUTE_ALONGTRACK_OVERLAP.ILK
K:\Components\LibraryV2\GDAL\GDAL_2.1.x_VC_NoIntFilesCleanUp\libgdal-2.1.2\gdal_compute_alongtrack_overlap\x86\Debug\gdal_compute_alongtrack_overlap.lib
K:\COMPONENTS\LIBRARYV2\GDAL\GDAL_2.1.X_VC_NOINTFILESCLEANUP\LIBGDAL-2.1.2\GDAL_COMPUTE_ALONGTRACK_OVERLAP\X86\DEBUG\GDAL_COMPUTE_ALONGTRACK_OVERLAP.OBJ
K:\COMPONENTS\LIBRARYV2\GDAL\GDAL_2.1.X_VC_NOINTFILESCLEANUP\LIBGDAL-2.1.2\GDAL_COMPUTE_ALONGTRACK_OVERLAP\X86\DEBUG\GDAL_COMPUTE_ALONGTRACK_OVERLAP.PDB
K:\COMPONENTS\LIBRARYV2\GDAL\GDAL_2.1.X_VC_NOINTFILESCLEANUP\LIBGDAL-2.1.2\GDAL_COMPUTE_ALONGTRACK_OVERLAP\X86\DEBUG\VC100.PDB
K:\COMPONENTS\LIBRARYV2\GDAL\GDAL_2.1.X_VC_NOINTFILESCLEANUP\LIBGDAL-2.1.2\TEST_DYNAMIC_GDAL_ENVVARS_INTERNALS\X86\DEBUG\MAIN.OBJ
K:\COMPONENTS\LIBRARYV2\GDAL\GDAL_2.1.X_VC_NOINTFILESCLEANUP\LIBGDAL-2.1.2\TEST_DYNAMIC_GDAL_ENVVARS_INTERNALS\X86\DEBUG\TEST_DYNAMIC_GDAL_ENVVARS_INTERNALS.EXE
K:\COMPONENTS\LIBRARYV2\GDAL\GDAL_2.1.X_VC_NOINTFILESCLEANUP\LIBGDAL-2.1.2\TEST_DYNAMIC_GDAL_ENVVARS_INTERNALS\X86\DEBUG\TEST_DYNAMIC_GDAL_ENVVARS_INTERNALS.EXE.EMBED.MANIFEST
K:\COMPONENTS\LIBRARYV2\GDAL\GDAL_2.1.X_VC_NOINTFILESCLEANUP\LIBGDAL-2.1.2\TEST_DYNAMIC_GDAL_ENVVARS_INTERNALS\X86\DEBUG\TEST_DYNAMIC_GDAL_ENVVARS_INTERNALS.EXE.EMBED.MANIFEST.RES
K:\COMPONENTS\LIBRARYV2\GDAL\GDAL_2.1.X_VC_NOINTFILESCLEANUP\LIBGDAL-2.1.2\TEST_DYNAMIC_GDAL_ENVVARS_INTERNALS\X86\DEBUG\TEST_DYNAMIC_GDAL_ENVVARS_INTERNALS.EXE.INTERMEDIATE.MANIFEST
K:\Components\LibraryV2\GDAL\GDAL_2.1.x_VC_NoIntFilesCleanUp\libgdal-2.1.2\test_dynamic_gdal_envvars_internals\x86\Debug\test_dynamic_gdal_envvars_internals.exp
K:\COMPONENTS\LIBRARYV2\GDAL\GDAL_2.1.X_VC_NOINTFILESCLEANUP\LIBGDAL-2.1.2\TEST_DYNAMIC_GDAL_ENVVARS_INTERNALS\X86\DEBUG\TEST_DYNAMIC_GDAL_ENVVARS_INTERNALS.ILK
K:\Components\LibraryV2\GDAL\GDAL_2.1.x_VC_NoIntFilesCleanUp\libgdal-2.1.2\test_dynamic_gdal_envvars_internals\x86\Debug\test_dynamic_gdal_envvars_internals.lib
K:\COMPONENTS\LIBRARYV2\GDAL\GDAL_2.1.X_VC_NOINTFILESCLEANUP\LIBGDAL-2.1.2\TEST_DYNAMIC_GDAL_ENVVARS_INTERNALS\X86\DEBUG\TEST_DYNAMIC_GDAL_ENVVARS_INTERNALS.PDB
K:\COMPONENTS\LIBRARYV2\GDAL\GDAL_2.1.X_VC_NOINTFILESCLEANUP\LIBGDAL-2.1.2\TEST_DYNAMIC_GDAL_ENVVARS_INTERNALS\X86\DEBUG\VC100.PDB
K:\Components\LibraryV2\GDAL\GDAL_2.1.x_VC_NoIntFilesCleanUp\libgdal-2.1.3\gdal_compute_alongtrack_overlap\x86\Debug\cl.command.1.tlog
K:\Components\LibraryV2\GDAL\GDAL_2.1.x_VC_NoIntFilesCleanUp\libgdal-2.1.3\gdal_compute_alongtrack_overlap\x86\Debug\CL.read.1.tlog
K:\Components\LibraryV2\GDAL\GDAL_2.1.x_VC_NoIntFilesCleanUp\libgdal-2.1.3\gdal_compute_alongtrack_overlap\x86\Debug\CL.write.1.tlog
K:\Components\LibraryV2\GDAL\GDAL_2.1.x_VC_NoIntFilesCleanUp\libgdal-2.1.3\gdal_compute_alongtrack_overlap\x86\Debug\gdal_compute_alongtrack_overlap.exe
K:\Components\LibraryV2\GDAL\GDAL_2.1.x_VC_NoIntFilesCleanUp\libgdal-2.1.3\gdal_compute_alongtrack_overlap\x86\Debug\gdal_compute_alongtrack_overlap.exe.embed.manifest
K:\Components\LibraryV2\GDAL\GDAL_2.1.x_VC_NoIntFilesCleanUp\libgdal-2.1.3\gdal_compute_alongtrack_overlap\x86\Debug\gdal_compute_alongtrack_overlap.exe.embed.manifest.res
K:\Components\LibraryV2\GDAL\GDAL_2.1.x_VC_NoIntFilesCleanUp\libgdal-2.1.3\gdal_compute_alongtrack_overlap\x86\Debug\gdal_compute_alongtrack_overlap.exe.intermediate.manifest
K:\Components\LibraryV2\GDAL\GDAL_2.1.x_VC_NoIntFilesCleanUp\libgdal-2.1.3\gdal_compute_alongtrack_overlap\x86\Debug\gdal_compute_alongtrack_overlap.exp
K:\Components\LibraryV2\GDAL\GDAL_2.1.x_VC_NoIntFilesCleanUp\libgdal-2.1.3\gdal_compute_alongtrack_overlap\x86\Debug\gdal_compute_alongtrack_overlap.ilk
K:\Components\LibraryV2\GDAL\GDAL_2.1.x_VC_NoIntFilesCleanUp\libgdal-2.1.3\gdal_compute_alongtrack_overlap\x86\Debug\gdal_compute_alongtrack_overlap.obj
K:\Components\LibraryV2\GDAL\GDAL_2.1.x_VC_NoIntFilesCleanUp\libgdal-2.1.3\gdal_compute_alongtrack_overlap\x86\Debug\gdal_compute_alongtrack_overlap.pdb
K:\Components\LibraryV2\GDAL\GDAL_2.1.x_VC_NoIntFilesCleanUp\libgdal-2.1.3\gdal_compute_alongtrack_overlap\x86\Debug\gdal_compute_alongtrack_overlap.vcxprojResolveAssemblyReference.cache
K:\Components\LibraryV2\GDAL\GDAL_2.1.x_VC_NoIntFilesCleanUp\libgdal-2.1.3\gdal_compute_alongtrack_overlap\x86\Debug\gdal_compute_alongtrack_overlap.write.1.tlog
K:\Components\LibraryV2\GDAL\GDAL_2.1.x_VC_NoIntFilesCleanUp\libgdal-2.1.3\gdal_compute_alongtrack_overlap\x86\Debug\gdal_compute_alongtrack_overlap_manifest.rc
K:\Components\LibraryV2\GDAL\GDAL_2.1.x_VC_NoIntFilesCleanUp\libgdal-2.1.3\gdal_compute_alongtrack_overlap\x86\Debug\link.10468.read.1.tlog
K:\Components\LibraryV2\GDAL\GDAL_2.1.x_VC_NoIntFilesCleanUp\libgdal-2.1.3\gdal_compute_alongtrack_overlap\x86\Debug\link.10468.write.1.tlog
K:\Components\LibraryV2\GDAL\GDAL_2.1.x_VC_NoIntFilesCleanUp\libgdal-2.1.3\gdal_compute_alongtrack_overlap\x86\Debug\link.10468-cvtres.read.1.tlog
K:\Components\LibraryV2\GDAL\GDAL_2.1.x_VC_NoIntFilesCleanUp\libgdal-2.1.3\gdal_compute_alongtrack_overlap\x86\Debug\link.10468-cvtres.write.1.tlog
K:\Components\LibraryV2\GDAL\GDAL_2.1.x_VC_NoIntFilesCleanUp\libgdal-2.1.3\gdal_compute_alongtrack_overlap\x86\Debug\link.11692.read.1.tlog
K:\Components\LibraryV2\GDAL\GDAL_2.1.x_VC_NoIntFilesCleanUp\libgdal-2.1.3\gdal_compute_alongtrack_overlap\x86\Debug\link.11692.write.1.tlog
K:\Components\LibraryV2\GDAL\GDAL_2.1.x_VC_NoIntFilesCleanUp\libgdal-2.1.3\gdal_compute_alongtrack_overlap\x86\Debug\link.11692-cvtres.read.1.tlog
K:\Components\LibraryV2\GDAL\GDAL_2.1.x_VC_NoIntFilesCleanUp\libgdal-2.1.3\gdal_compute_alongtrack_overlap\x86\Debug\link.11692-cvtres.write.1.tlog
K:\Components\LibraryV2\GDAL\GDAL_2.1.x_VC_NoIntFilesCleanUp\libgdal-2.1.3\gdal_compute_alongtrack_overlap\x86\Debug\link.13620.read.1.tlog
K:\Components\LibraryV2\GDAL\GDAL_2.1.x_VC_NoIntFilesCleanUp\libgdal-2.1.3\gdal_compute_alongtrack_overlap\x86\Debug\link.13620.write.1.tlog
K:\Components\LibraryV2\GDAL\GDAL_2.1.x_VC_NoIntFilesCleanUp\libgdal-2.1.3\gdal_compute_alongtrack_overlap\x86\Debug\link.13620-cvtres.read.1.tlog
K:\Components\LibraryV2\GDAL\GDAL_2.1.x_VC_NoIntFilesCleanUp\libgdal-2.1.3\gdal_compute_alongtrack_overlap\x86\Debug\link.13620-cvtres.write.1.tlog
K:\Components\LibraryV2\GDAL\GDAL_2.1.x_VC_NoIntFilesCleanUp\libgdal-2.1.3\gdal_compute_alongtrack_overlap\x86\Debug\link.14732.read.1.tlog
K:\Components\LibraryV2\GDAL\GDAL_2.1.x_VC_NoIntFilesCleanUp\libgdal-2.1.3\gdal_compute_alongtrack_overlap\x86\Debug\link.14732.write.1.tlog
K:\Components\LibraryV2\GDAL\GDAL_2.1.x_VC_NoIntFilesCleanUp\libgdal-2.1.3\gdal_compute_alongtrack_overlap\x86\Debug\link.14732-cvtres.read.1.tlog
K:\Components\LibraryV2\GDAL\GDAL_2.1.x_VC_NoIntFilesCleanUp\libgdal-2.1.3\gdal_compute_alongtrack_overlap\x86\Debug\link.14732-cvtres.write.1.tlog
K:\Components\LibraryV2\GDAL\GDAL_2.1.x_VC_NoIntFilesCleanUp\libgdal-2.1.3\gdal_compute_alongtrack_overlap\x86\Debug\link.15032.read.1.tlog
K:\Components\LibraryV2\GDAL\GDAL_2.1.x_VC_NoIntFilesCleanUp\libgdal-2.1.3\gdal_compute_alongtrack_overlap\x86\Debug\link.15032.write.1.tlog
K:\Components\LibraryV2\GDAL\GDAL_2.1.x_VC_NoIntFilesCleanUp\libgdal-2.1.3\gdal_compute_alongtrack_overlap\x86\Debug\link.15032-cvtres.read.1.tlog
K:\Components\LibraryV2\GDAL\GDAL_2.1.x_VC_NoIntFilesCleanUp\libgdal-2.1.3\gdal_compute_alongtrack_overlap\x86\Debug\link.15032-cvtres.write.1.tlog
K:\Components\LibraryV2\GDAL\GDAL_2.1.x_VC_NoIntFilesCleanUp\libgdal-2.1.3\gdal_compute_alongtrack_overlap\x86\Debug\link.15156.read.1.tlog
K:\Components\LibraryV2\GDAL\GDAL_2.1.x_VC_NoIntFilesCleanUp\libgdal-2.1.3\gdal_compute_alongtrack_overlap\x86\Debug\link.15156.write.1.tlog
K:\Components\LibraryV2\GDAL\GDAL_2.1.x_VC_NoIntFilesCleanUp\libgdal-2.1.3\gdal_compute_alongtrack_overlap\x86\Debug\link.15156-cvtres.read.1.tlog
K:\Components\LibraryV2\GDAL\GDAL_2.1.x_VC_NoIntFilesCleanUp\libgdal-2.1.3\gdal_compute_alongtrack_overlap\x86\Debug\link.15156-cvtres.write.1.tlog
K:\Components\LibraryV2\GDAL\GDAL_2.1.x_VC_NoIntFilesCleanUp\libgdal-2.1.3\gdal_compute_alongtrack_overlap\x86\Debug\link.15908.read.1.tlog
K:\Components\LibraryV2\GDAL\GDAL_2.1.x_VC_NoIntFilesCleanUp\libgdal-2.1.3\gdal_compute_alongtrack_overlap\x86\Debug\link.15908.write.1.tlog
K:\Components\LibraryV2\GDAL\GDAL_2.1.x_VC_NoIntFilesCleanUp\libgdal-2.1.3\gdal_compute_alongtrack_overlap\x86\Debug\link.15908-cvtres.read.1.tlog
K:\Components\LibraryV2\GDAL\GDAL_2.1.x_VC_NoIntFilesCleanUp\libgdal-2.1.3\gdal_compute_alongtrack_overlap\x86\Debug\link.15908-cvtres.write.1.tlog
K:\Components\LibraryV2\GDAL\GDAL_2.1.x_VC_NoIntFilesCleanUp\libgdal-2.1.3\gdal_compute_alongtrack_overlap\x86\Debug\link.16648.read.1.tlog
K:\Components\LibraryV2\GDAL\GDAL_2.1.x_VC_NoIntFilesCleanUp\libgdal-2.1.3\gdal_compute_alongtrack_overlap\x86\Debug\link.16648.write.1.tlog
K:\Components\LibraryV2\GDAL\GDAL_2.1.x_VC_NoIntFilesCleanUp\libgdal-2.1.3\gdal_compute_alongtrack_overlap\x86\Debug\link.16648-cvtres.read.1.tlog
K:\Components\LibraryV2\GDAL\GDAL_2.1.x_VC_NoIntFilesCleanUp\libgdal-2.1.3\gdal_compute_alongtrack_overlap\x86\Debug\link.16648-cvtres.write.1.tlog
K:\Components\LibraryV2\GDAL\GDAL_2.1.x_VC_NoIntFilesCleanUp\libgdal-2.1.3\gdal_compute_alongtrack_overlap\x86\Debug\link.4040.read.1.tlog
K:\Components\LibraryV2\GDAL\GDAL_2.1.x_VC_NoIntFilesCleanUp\libgdal-2.1.3\gdal_compute_alongtrack_overlap\x86\Debug\link.4040.write.1.tlog
K:\Components\LibraryV2\GDAL\GDAL_2.1.x_VC_NoIntFilesCleanUp\libgdal-2.1.3\gdal_compute_alongtrack_overlap\x86\Debug\link.4040-cvtres.read.1.tlog
K:\Components\LibraryV2\GDAL\GDAL_2.1.x_VC_NoIntFilesCleanUp\libgdal-2.1.3\gdal_compute_alongtrack_overlap\x86\Debug\link.4040-cvtres.write.1.tlog
K:\Components\LibraryV2\GDAL\GDAL_2.1.x_VC_NoIntFilesCleanUp\libgdal-2.1.3\gdal_compute_alongtrack_overlap\x86\Debug\link.7444.read.1.tlog
K:\Components\LibraryV2\GDAL\GDAL_2.1.x_VC_NoIntFilesCleanUp\libgdal-2.1.3\gdal_compute_alongtrack_overlap\x86\Debug\link.7444.write.1.tlog
K:\Components\LibraryV2\GDAL\GDAL_2.1.x_VC_NoIntFilesCleanUp\libgdal-2.1.3\gdal_compute_alongtrack_overlap\x86\Debug\link.7444-cvtres.read.1.tlog
K:\Components\LibraryV2\GDAL\GDAL_2.1.x_VC_NoIntFilesCleanUp\libgdal-2.1.3\gdal_compute_alongtrack_overlap\x86\Debug\link.7444-cvtres.write.1.tlog
K:\Components\LibraryV2\GDAL\GDAL_2.1.x_VC_NoIntFilesCleanUp\libgdal-2.1.3\gdal_compute_alongtrack_overlap\x86\Debug\link.7752.read.1.tlog
K:\Components\LibraryV2\GDAL\GDAL_2.1.x_VC_NoIntFilesCleanUp\libgdal-2.1.3\gdal_compute_alongtrack_overlap\x86\Debug\link.7752.write.1.tlog
K:\Components\LibraryV2\GDAL\GDAL_2.1.x_VC_NoIntFilesCleanUp\libgdal-2.1.3\gdal_compute_alongtrack_overlap\x86\Debug\link.7752-cvtres.read.1.tlog
K:\Components\LibraryV2\GDAL\GDAL_2.1.x_VC_NoIntFilesCleanUp\libgdal-2.1.3\gdal_compute_alongtrack_overlap\x86\Debug\link.7752-cvtres.write.1.tlog
K:\Components\LibraryV2\GDAL\GDAL_2.1.x_VC_NoIntFilesCleanUp\libgdal-2.1.3\gdal_compute_alongtrack_overlap\x86\Debug\link.8928.read.1.tlog
K:\Components\LibraryV2\GDAL\GDAL_2.1.x_VC_NoIntFilesCleanUp\libgdal-2.1.3\gdal_compute_alongtrack_overlap\x86\Debug\link.8928.write.1.tlog
K:\Components\LibraryV2\GDAL\GDAL_2.1.x_VC_NoIntFilesCleanUp\libgdal-2.1.3\gdal_compute_alongtrack_overlap\x86\Debug\link.8928-cvtres.read.1.tlog
K:\Components\LibraryV2\GDAL\GDAL_2.1.x_VC_NoIntFilesCleanUp\libgdal-2.1.3\gdal_compute_alongtrack_overlap\x86\Debug\link.8928-cvtres.write.1.tlog
K:\Components\LibraryV2\GDAL\GDAL_2.1.x_VC_NoIntFilesCleanUp\libgdal-2.1.3\gdal_compute_alongtrack_overlap\x86\Debug\link.command.1.tlog
K:\Components\LibraryV2\GDAL\GDAL_2.1.x_VC_NoIntFilesCleanUp\libgdal-2.1.3\gdal_compute_alongtrack_overlap\x86\Debug\link.read.1.tlog
K:\Components\LibraryV2\GDAL\GDAL_2.1.x_VC_NoIntFilesCleanUp\libgdal-2.1.3\gdal_compute_alongtrack_overlap\x86\Debug\link.write.1.tlog
K:\Components\LibraryV2\GDAL\GDAL_2.1.x_VC_NoIntFilesCleanUp\libgdal-2.1.3\gdal_compute_alongtrack_overlap\x86\Debug\link-cvtres.read.1.tlog
K:\Components\LibraryV2\GDAL\GDAL_2.1.x_VC_NoIntFilesCleanUp\libgdal-2.1.3\gdal_compute_alongtrack_overlap\x86\Debug\link-cvtres.write.1.tlog
K:\Components\LibraryV2\GDAL\GDAL_2.1.x_VC_NoIntFilesCleanUp\libgdal-2.1.3\gdal_compute_alongtrack_overlap\x86\Debug\main.obj
K:\Components\LibraryV2\GDAL\GDAL_2.1.x_VC_NoIntFilesCleanUp\libgdal-2.1.3\gdal_compute_alongtrack_overlap\x86\Debug\mt.command.1.tlog
K:\Components\LibraryV2\GDAL\GDAL_2.1.x_VC_NoIntFilesCleanUp\libgdal-2.1.3\gdal_compute_alongtrack_overlap\x86\Debug\mt.read.1.tlog
K:\Components\LibraryV2\GDAL\GDAL_2.1.x_VC_NoIntFilesCleanUp\libgdal-2.1.3\gdal_compute_alongtrack_overlap\x86\Debug\mt.write.1.tlog
K:\Components\LibraryV2\GDAL\GDAL_2.1.x_VC_NoIntFilesCleanUp\libgdal-2.1.3\gdal_compute_alongtrack_overlap\x86\Debug\rc.command.1.tlog
K:\Components\LibraryV2\GDAL\GDAL_2.1.x_VC_NoIntFilesCleanUp\libgdal-2.1.3\gdal_compute_alongtrack_overlap\x86\Debug\rc.read.1.tlog
K:\Components\LibraryV2\GDAL\GDAL_2.1.x_VC_NoIntFilesCleanUp\libgdal-2.1.3\gdal_compute_alongtrack_overlap\x86\Debug\rc.write.1.tlog
K:\Components\LibraryV2\GDAL\GDAL_2.1.x_VC_NoIntFilesCleanUp\libgdal-2.1.3\gdal_compute_alongtrack_overlap\x86\Debug\test_dynamic_gdal_envvars_internals.exe.embed.manifest
K:\Components\LibraryV2\GDAL\GDAL_2.1.x_VC_NoIntFilesCleanUp\libgdal-2.1.3\gdal_compute_alongtrack_overlap\x86\Debug\test_dynamic_gdal_envvars_internals.exe.embed.manifest.res
K:\Components\LibraryV2\GDAL\GDAL_2.1.x_VC_NoIntFilesCleanUp\libgdal-2.1.3\gdal_compute_alongtrack_overlap\x86\Debug\test_dynamic_gdal_envvars_internals.exe.intermediate.manifest
K:\Components\LibraryV2\GDAL\GDAL_2.1.x_VC_NoIntFilesCleanUp\libgdal-2.1.3\gdal_compute_alongtrack_overlap\x86\Debug\test_dynamic_gdal_envvars_internals.exp
K:\Components\LibraryV2\GDAL\GDAL_2.1.x_VC_NoIntFilesCleanUp\libgdal-2.1.3\gdal_compute_alongtrack_overlap\x86\Debug\test_dynamic_gdal_envvars_internals.ilk
K:\Components\LibraryV2\GDAL\GDAL_2.1.x_VC_NoIntFilesCleanUp\libgdal-2.1.3\gdal_compute_alongtrack_overlap\x86\Debug\test_dynamic_gdal_envvars_internals.pdb
K:\Components\LibraryV2\GDAL\GDAL_2.1.x_VC_NoIntFilesCleanUp\libgdal-2.1.3\gdal_compute_alongtrack_overlap\x86\Debug\test_dynamic_gdal_envvars_internals.vcxprojResolveAssemblyReference.cache
K:\Components\LibraryV2\GDAL\GDAL_2.1.x_VC_NoIntFilesCleanUp\libgdal-2.1.3\gdal_compute_alongtrack_overlap\x86\Debug\test_dynamic_gdal_envvars_internals.write.1.tlog
K:\Components\LibraryV2\GDAL\GDAL_2.1.x_VC_NoIntFilesCleanUp\libgdal-2.1.3\gdal_compute_alongtrack_overlap\x86\Debug\test_dynamic_gdal_envvars_internals_manifest.rc
K:\Components\LibraryV2\GDAL\GDAL_2.1.x_VC_NoIntFilesCleanUp\libgdal-2.1.3\gdal_compute_alongtrack_overlap\x86\Debug\vc100.idb
K:\Components\LibraryV2\GDAL\GDAL_2.1.x_VC_NoIntFilesCleanUp\libgdal-2.1.3\gdal_compute_alongtrack_overlap\x86\Debug\vc100.pdb
