Build started 14/02/2017 08:28:18.
     1>Project "K:\Components\LibraryV2\GDAL\GDAL_2.1.x_VC_NoIntFilesCleanUp\libgdal-2.1.3\gdal_compute_alongtrack_overlap\gdal_compute_alongtrack_overlap.vcxproj" on node 2 (build target(s)).
     1>InitializeBuildStatus:
         Creating "K:\Components\LibraryV2\GDAL\GDAL_2.1.x_VC_NoIntFilesCleanUp\libgdal-2.1.3\gdal_compute_alongtrack_overlap\x86\Debug\gdal_compute_alongtrack_overlap.unsuccessfulbuild" because "AlwaysCreate" was specified.
       ClCompile:
         All outputs are up-to-date.
       ManifestResourceCompile:
         All outputs are up-to-date.
       Link:
         All outputs are up-to-date.
       Manifest:
         All outputs are up-to-date.
       PostBuildEvent:
         copy K:\Components\LibraryV2\GDAL\GDAL_2.1.x_VC_NoIntFilesCleanUp\libgdal-2.1.3\gdal_compute_alongtrack_overlap\x86\Debug\gdal_compute_alongtrack_overlap.exe K:\Components\LibraryV2\GDAL\GDAL_2.1.x_VC_NoIntFilesCleanUp\libgdal-2.1.3\binaries\dll\x86\Debug\gdal_compute_alongtrack_overlap.exe
         :VCEnd
                 1 fichier(s) copié(s).
       FinalizeBuildStatus:
         Deleting file "K:\Components\LibraryV2\GDAL\GDAL_2.1.x_VC_NoIntFilesCleanUp\libgdal-2.1.3\gdal_compute_alongtrack_overlap\x86\Debug\gdal_compute_alongtrack_overlap.unsuccessfulbuild".
         Touching "K:\Components\LibraryV2\GDAL\GDAL_2.1.x_VC_NoIntFilesCleanUp\libgdal-2.1.3\gdal_compute_alongtrack_overlap\x86\Debug\gdal_compute_alongtrack_overlap.lastbuildstate".
     1>Done Building Project "K:\Components\LibraryV2\GDAL\GDAL_2.1.x_VC_NoIntFilesCleanUp\libgdal-2.1.3\gdal_compute_alongtrack_overlap\gdal_compute_alongtrack_overlap.vcxproj" (build target(s)).

Build succeeded.

Time Elapsed 00:00:00.08
