K:\COMPONENTS\LIBRARYV2\GDAL\GDAL_2.1.X_VC\LIBGDAL-2.1.1\LIB\X64\RELEASE\AIGCCITT.OBJ
K:\COMPONENTS\LIBRARYV2\GDAL\GDAL_2.1.X_VC\LIBGDAL-2.1.1\LIB\X64\RELEASE\AIGOPEN.OBJ
K:\COMPONENTS\LIBRARYV2\GDAL\GDAL_2.1.X_VC\LIBGDAL-2.1.1\LIB\X64\RELEASE\BLX.OBJ
K:\COMPONENTS\LIBRARYV2\GDAL\GDAL_2.1.X_VC\LIBGDAL-2.1.1\LIB\X64\RELEASE\BSB_READ.OBJ
K:\COMPONENTS\LIBRARYV2\GDAL\GDAL_2.1.X_VC\LIBGDAL-2.1.1\LIB\X64\RELEASE\BSB2RAW.OBJ
K:\COMPONENTS\LIBRARYV2\GDAL\GDAL_2.1.X_VC\LIBGDAL-2.1.1\LIB\X64\RELEASE\CEOS.OBJ
K:\COMPONENTS\LIBRARYV2\GDAL\GDAL_2.1.X_VC\LIBGDAL-2.1.1\LIB\X64\RELEASE\CEOSOPEN.OBJ
K:\COMPONENTS\LIBRARYV2\GDAL\GDAL_2.1.X_VC\LIBGDAL-2.1.1\LIB\X64\RELEASE\CEOSRECIPE.OBJ
K:\COMPONENTS\LIBRARYV2\GDAL\GDAL_2.1.X_VC\LIBGDAL-2.1.1\LIB\X64\RELEASE\CEOSSAR.OBJ
K:\Components\LibraryV2\GDAL\GDAL_2.1.x_VC\libgdal-2.1.1\lib\x64\Release\cl.command.1.tlog
K:\Components\LibraryV2\GDAL\GDAL_2.1.x_VC\libgdal-2.1.1\lib\x64\Release\CL.read.1.tlog
K:\Components\LibraryV2\GDAL\GDAL_2.1.x_VC\libgdal-2.1.1\lib\x64\Release\CL.write.1.tlog
K:\COMPONENTS\LIBRARYV2\GDAL\GDAL_2.1.X_VC\LIBGDAL-2.1.1\LIB\X64\RELEASE\DELAUNAY.OBJ
K:\COMPONENTS\LIBRARYV2\GDAL\GDAL_2.1.X_VC\LIBGDAL-2.1.1\LIB\X64\RELEASE\DTED_API.OBJ
K:\COMPONENTS\LIBRARYV2\GDAL\GDAL_2.1.X_VC\LIBGDAL-2.1.1\LIB\X64\RELEASE\DTED_CREATE.OBJ
K:\COMPONENTS\LIBRARYV2\GDAL\GDAL_2.1.X_VC\LIBGDAL-2.1.1\LIB\X64\RELEASE\GDAL_CRS.OBJ
K:\Components\LibraryV2\GDAL\GDAL_2.1.x_VC\libgdal-2.1.1\lib\x64\Release\gdal-2.1.1_lib.write.1.tlog
K:\COMPONENTS\LIBRARYV2\GDAL\GDAL_2.1.X_VC\LIBGDAL-2.1.1\LIB\X64\RELEASE\GDALWARPKERNEL_OPENCL.OBJ
K:\COMPONENTS\LIBRARYV2\GDAL\GDAL_2.1.X_VC\LIBGDAL-2.1.1\LIB\X64\RELEASE\GEOM.OBJ
K:\COMPONENTS\LIBRARYV2\GDAL\GDAL_2.1.X_VC\LIBGDAL-2.1.1\LIB\X64\RELEASE\GEOM2.OBJ
K:\COMPONENTS\LIBRARYV2\GDAL\GDAL_2.1.X_VC\LIBGDAL-2.1.1\LIB\X64\RELEASE\GLOBAL.OBJ
K:\COMPONENTS\LIBRARYV2\GDAL\GDAL_2.1.X_VC\LIBGDAL-2.1.1\LIB\X64\RELEASE\GRIDLIB.OBJ
K:\COMPONENTS\LIBRARYV2\GDAL\GDAL_2.1.X_VC\LIBGDAL-2.1.1\LIB\X64\RELEASE\IO.OBJ
K:\COMPONENTS\LIBRARYV2\GDAL\GDAL_2.1.X_VC\LIBGDAL-2.1.1\LIB\X64\RELEASE\JCAPIMIN.OBJ
K:\COMPONENTS\LIBRARYV2\GDAL\GDAL_2.1.X_VC\LIBGDAL-2.1.1\LIB\X64\RELEASE\JCAPISTD.OBJ
K:\COMPONENTS\LIBRARYV2\GDAL\GDAL_2.1.X_VC\LIBGDAL-2.1.1\LIB\X64\RELEASE\JCCOEFCT.OBJ
K:\COMPONENTS\LIBRARYV2\GDAL\GDAL_2.1.X_VC\LIBGDAL-2.1.1\LIB\X64\RELEASE\JCCOLOR.OBJ
K:\COMPONENTS\LIBRARYV2\GDAL\GDAL_2.1.X_VC\LIBGDAL-2.1.1\LIB\X64\RELEASE\JCDCTMGR.OBJ
K:\COMPONENTS\LIBRARYV2\GDAL\GDAL_2.1.X_VC\LIBGDAL-2.1.1\LIB\X64\RELEASE\JCHUFF.OBJ
K:\COMPONENTS\LIBRARYV2\GDAL\GDAL_2.1.X_VC\LIBGDAL-2.1.1\LIB\X64\RELEASE\JCINIT.OBJ
K:\COMPONENTS\LIBRARYV2\GDAL\GDAL_2.1.X_VC\LIBGDAL-2.1.1\LIB\X64\RELEASE\JCMAINCT.OBJ
K:\COMPONENTS\LIBRARYV2\GDAL\GDAL_2.1.X_VC\LIBGDAL-2.1.1\LIB\X64\RELEASE\JCMARKER.OBJ
K:\COMPONENTS\LIBRARYV2\GDAL\GDAL_2.1.X_VC\LIBGDAL-2.1.1\LIB\X64\RELEASE\JCMASTER.OBJ
K:\COMPONENTS\LIBRARYV2\GDAL\GDAL_2.1.X_VC\LIBGDAL-2.1.1\LIB\X64\RELEASE\JCOMAPI.OBJ
K:\COMPONENTS\LIBRARYV2\GDAL\GDAL_2.1.X_VC\LIBGDAL-2.1.1\LIB\X64\RELEASE\JCPARAM.OBJ
K:\COMPONENTS\LIBRARYV2\GDAL\GDAL_2.1.X_VC\LIBGDAL-2.1.1\LIB\X64\RELEASE\JCPHUFF.OBJ
K:\COMPONENTS\LIBRARYV2\GDAL\GDAL_2.1.X_VC\LIBGDAL-2.1.1\LIB\X64\RELEASE\JCPREPCT.OBJ
K:\COMPONENTS\LIBRARYV2\GDAL\GDAL_2.1.X_VC\LIBGDAL-2.1.1\LIB\X64\RELEASE\JCSAMPLE.OBJ
K:\COMPONENTS\LIBRARYV2\GDAL\GDAL_2.1.X_VC\LIBGDAL-2.1.1\LIB\X64\RELEASE\JCTRANS.OBJ
K:\COMPONENTS\LIBRARYV2\GDAL\GDAL_2.1.X_VC\LIBGDAL-2.1.1\LIB\X64\RELEASE\JDAPIMIN.OBJ
K:\COMPONENTS\LIBRARYV2\GDAL\GDAL_2.1.X_VC\LIBGDAL-2.1.1\LIB\X64\RELEASE\JDAPISTD.OBJ
K:\COMPONENTS\LIBRARYV2\GDAL\GDAL_2.1.X_VC\LIBGDAL-2.1.1\LIB\X64\RELEASE\JDATADST.OBJ
K:\COMPONENTS\LIBRARYV2\GDAL\GDAL_2.1.X_VC\LIBGDAL-2.1.1\LIB\X64\RELEASE\JDATASRC.OBJ
K:\COMPONENTS\LIBRARYV2\GDAL\GDAL_2.1.X_VC\LIBGDAL-2.1.1\LIB\X64\RELEASE\JDCOEFCT.OBJ
K:\COMPONENTS\LIBRARYV2\GDAL\GDAL_2.1.X_VC\LIBGDAL-2.1.1\LIB\X64\RELEASE\JDCOLOR.OBJ
K:\COMPONENTS\LIBRARYV2\GDAL\GDAL_2.1.X_VC\LIBGDAL-2.1.1\LIB\X64\RELEASE\JDDCTMGR.OBJ
K:\COMPONENTS\LIBRARYV2\GDAL\GDAL_2.1.X_VC\LIBGDAL-2.1.1\LIB\X64\RELEASE\JDHUFF.OBJ
K:\COMPONENTS\LIBRARYV2\GDAL\GDAL_2.1.X_VC\LIBGDAL-2.1.1\LIB\X64\RELEASE\JDINPUT.OBJ
K:\COMPONENTS\LIBRARYV2\GDAL\GDAL_2.1.X_VC\LIBGDAL-2.1.1\LIB\X64\RELEASE\JDMAINCT.OBJ
K:\COMPONENTS\LIBRARYV2\GDAL\GDAL_2.1.X_VC\LIBGDAL-2.1.1\LIB\X64\RELEASE\JDMARKER.OBJ
K:\COMPONENTS\LIBRARYV2\GDAL\GDAL_2.1.X_VC\LIBGDAL-2.1.1\LIB\X64\RELEASE\JDMASTER.OBJ
K:\COMPONENTS\LIBRARYV2\GDAL\GDAL_2.1.X_VC\LIBGDAL-2.1.1\LIB\X64\RELEASE\JDMERGE.OBJ
K:\COMPONENTS\LIBRARYV2\GDAL\GDAL_2.1.X_VC\LIBGDAL-2.1.1\LIB\X64\RELEASE\JDPHUFF.OBJ
K:\COMPONENTS\LIBRARYV2\GDAL\GDAL_2.1.X_VC\LIBGDAL-2.1.1\LIB\X64\RELEASE\JDPOSTCT.OBJ
K:\COMPONENTS\LIBRARYV2\GDAL\GDAL_2.1.X_VC\LIBGDAL-2.1.1\LIB\X64\RELEASE\JDSAMPLE.OBJ
K:\COMPONENTS\LIBRARYV2\GDAL\GDAL_2.1.X_VC\LIBGDAL-2.1.1\LIB\X64\RELEASE\JDTRANS.OBJ
K:\COMPONENTS\LIBRARYV2\GDAL\GDAL_2.1.X_VC\LIBGDAL-2.1.1\LIB\X64\RELEASE\JERROR.OBJ
K:\COMPONENTS\LIBRARYV2\GDAL\GDAL_2.1.X_VC\LIBGDAL-2.1.1\LIB\X64\RELEASE\JFDCTFLT.OBJ
K:\COMPONENTS\LIBRARYV2\GDAL\GDAL_2.1.X_VC\LIBGDAL-2.1.1\LIB\X64\RELEASE\JFDCTFST.OBJ
K:\COMPONENTS\LIBRARYV2\GDAL\GDAL_2.1.X_VC\LIBGDAL-2.1.1\LIB\X64\RELEASE\JFDCTINT.OBJ
K:\COMPONENTS\LIBRARYV2\GDAL\GDAL_2.1.X_VC\LIBGDAL-2.1.1\LIB\X64\RELEASE\JIDCTFLT.OBJ
K:\COMPONENTS\LIBRARYV2\GDAL\GDAL_2.1.X_VC\LIBGDAL-2.1.1\LIB\X64\RELEASE\JIDCTFST.OBJ
K:\COMPONENTS\LIBRARYV2\GDAL\GDAL_2.1.X_VC\LIBGDAL-2.1.1\LIB\X64\RELEASE\JIDCTINT.OBJ
K:\COMPONENTS\LIBRARYV2\GDAL\GDAL_2.1.X_VC\LIBGDAL-2.1.1\LIB\X64\RELEASE\JIDCTRED.OBJ
K:\COMPONENTS\LIBRARYV2\GDAL\GDAL_2.1.X_VC\LIBGDAL-2.1.1\LIB\X64\RELEASE\JMEMANSI.OBJ
K:\COMPONENTS\LIBRARYV2\GDAL\GDAL_2.1.X_VC\LIBGDAL-2.1.1\LIB\X64\RELEASE\JMEMMGR.OBJ
K:\COMPONENTS\LIBRARYV2\GDAL\GDAL_2.1.X_VC\LIBGDAL-2.1.1\LIB\X64\RELEASE\JQUANT1.OBJ
K:\COMPONENTS\LIBRARYV2\GDAL\GDAL_2.1.X_VC\LIBGDAL-2.1.1\LIB\X64\RELEASE\JQUANT2.OBJ
K:\COMPONENTS\LIBRARYV2\GDAL\GDAL_2.1.X_VC\LIBGDAL-2.1.1\LIB\X64\RELEASE\JUTILS.OBJ
K:\COMPONENTS\LIBRARYV2\GDAL\GDAL_2.1.X_VC\LIBGDAL-2.1.1\LIB\X64\RELEASE\LIBQHULL.OBJ
K:\COMPONENTS\LIBRARYV2\GDAL\GDAL_2.1.X_VC\LIBGDAL-2.1.1\LIB\X64\RELEASE\LINK.OBJ
K:\COMPONENTS\LIBRARYV2\GDAL\GDAL_2.1.X_VC\LIBGDAL-2.1.1\LIB\X64\RELEASE\MEM.OBJ
K:\COMPONENTS\LIBRARYV2\GDAL\GDAL_2.1.X_VC\LIBGDAL-2.1.1\LIB\X64\RELEASE\MERGE.OBJ
K:\COMPONENTS\LIBRARYV2\GDAL\GDAL_2.1.X_VC\LIBGDAL-2.1.1\LIB\X64\RELEASE\POLY.OBJ
K:\COMPONENTS\LIBRARYV2\GDAL\GDAL_2.1.X_VC\LIBGDAL-2.1.1\LIB\X64\RELEASE\POLY2.OBJ
K:\COMPONENTS\LIBRARYV2\GDAL\GDAL_2.1.X_VC\LIBGDAL-2.1.1\LIB\X64\RELEASE\QSET.OBJ
K:\COMPONENTS\LIBRARYV2\GDAL\GDAL_2.1.X_VC\LIBGDAL-2.1.1\LIB\X64\RELEASE\RANDOM.OBJ
K:\COMPONENTS\LIBRARYV2\GDAL\GDAL_2.1.X_VC\LIBGDAL-2.1.1\LIB\X64\RELEASE\RBOXLIB.OBJ
K:\COMPONENTS\LIBRARYV2\GDAL\GDAL_2.1.X_VC\LIBGDAL-2.1.1\LIB\X64\RELEASE\SQLITE3.OBJ
K:\COMPONENTS\LIBRARYV2\GDAL\GDAL_2.1.X_VC\LIBGDAL-2.1.1\LIB\X64\RELEASE\STAT.OBJ
K:\COMPONENTS\LIBRARYV2\GDAL\GDAL_2.1.X_VC\LIBGDAL-2.1.1\LIB\X64\RELEASE\USER.OBJ
K:\COMPONENTS\LIBRARYV2\GDAL\GDAL_2.1.X_VC\LIBGDAL-2.1.1\LIB\X64\RELEASE\USERMEM.OBJ
K:\COMPONENTS\LIBRARYV2\GDAL\GDAL_2.1.X_VC\LIBGDAL-2.1.1\LIB\X64\RELEASE\USERPRINTF.OBJ
K:\COMPONENTS\LIBRARYV2\GDAL\GDAL_2.1.X_VC\LIBGDAL-2.1.1\LIB\X64\RELEASE\USERPRINTF_RBOX.OBJ
K:\COMPONENTS\LIBRARYV2\GDAL\GDAL_2.1.X_VC\LIBGDAL-2.1.1\LIB\X64\RELEASE\VC100.PDB
