Build started 28/06/2016 09:41:34.
     1>Project "K:\Components\LibraryV2\GDAL\GDAL_2.0.2_VC_Solution\libgdal-2.0.2\lib\libgdal2_lib.vcxproj" on node 2 (build target(s)).
     1>InitializeBuildStatus:
         Touching "K:\Components\LibraryV2\GDAL\GDAL_2.0.2_VC_Solution\libgdal-2.0.2\lib\x64\Release\gdal-2.0.2_lib.unsuccessfulbuild".
       ClCompile:
         All outputs are up-to-date.
         c:\Program Files (x86)\Microsoft Visual Studio 10.0\VC\bin\x86_amd64\CL.exe /c /I"../../gdal-2.0.2/alg" /I"../../gdal-2.0.2/frmts" /I"../../gdal-2.0.2/frmts/blx" /I"../../gdal-2.0.2/frmts/gif/giflib" /I"../../gdal-2.0.2/frmts/gtiff" /I"../../gdal-2.0.2/frmts/gtiff/libgeotiff" /I"../../gdal-2.0.2/frmts/gtiff/libtiff" /I"../../gdal-2.0.2/frmts/idrisi" /I"../../gdal-2.0.2/frmts/iso8211" /I"../../gdal-2.0.2/frmts/jpeg" /I"../../gdal-2.0.2/frmts/jpeg/libjpeg" /I"../../gdal-2.0.2/frmts/mem" /I"../../gdal-2.0.2/frmts/pcidsk/sdk" /I"../../gdal-2.0.2/frmts/pcidsk/sdk/segment" /I"../../gdal-2.0.2/frmts/pcraster/libcsf" /I"../../gdal-2.0.2/frmts/pds" /I"../../gdal-2.0.2/frmts/png/libpng" /I"../../gdal-2.0.2/frmts/raw" /I"../../gdal-2.0.2/frmts/sdts" /I"../../gdal-2.0.2/frmts/vrt" /I"../../gdal-2.0.2/frmts/zlib" /I"../../gdal-2.0.2/gcore" /I"../../gdal-2.0.2/ogr" /I"../../gdal-2.0.2/ogr/ogrsf_frmts" /I"../../gdal-2.0.2/ogr/ogrsf_frmts/avc" /I"../../gdal-2.0.2/ogr/ogrsf_frmts/generic" /I"../../gdal-2.0.2/ogr/ogrsf_frmts/geojson/libjson" /I"../../gdal-2.0.2/ogr/ogrsf_frmts/geojson" /I"../../gdal-2.0.2/ogr/ogrsf_frmts/mem" /I"../../gdal-2.0.2/ogr/ogrsf_frmts/shape" /I"../../gdal-2.0.2/ogr/ogrsf_frmts/sqlite" /I"../../gdal-2.0.2/ogr/ogrsf_frmts/xplane" /I"../../gdal-2.0.2/port" /I"../../3rdpart/expat-2.1.0/lib" /I"../../3rdpart/sqlite-3.12/sqlite-3.12-amalgamation" /Zi /nologo /W3 /WX- /O2 /Oi /GL /D WIN32 /D NDEBUG /D _LIB /D OGR_ENABLED /D GDALDRIVER /D GDAL_SUPPORT /D GDAL_COMPILATION /D USE_CPL /D INTERNAL_LIBGEOTIFF /D INTERNAL_LIBTIFF /D BIGTIFF_SUPPORT /D INCLUDE_OGR_FRMTS /D SQLITE_LIB /D HAVE_LIBZ /D HAVE_MITAB /D HAVE_EXPAT /D HAVE_LIBJPEG /D FRMT_ceos /D FRMT_aigrid /D FRMT_elas /D FRMT_hfa /D FRMT_gtiff /D FRMT_sdts /D FRMT_raw /D FRMT_gxf /D FRMT_ceos2 /D FRMT_png /D FRMT_dted /D FRMT_mem /D FRMT_jpeg /D FRMT_vrt /D FRMT_nitf /D FRMT_gif /D FRMT_envisat /D FRMT_bsb /D FRMT_xpm /D FRMT_bmp /D FRMT_airsar /D FRMT_rs2 /D FRMT_pcidsk /D FRMT_pcraster /D FRMT_ilwis /D _MBCS /Gm- /EHsc /MD /GS /Gy /fp:precise /Zc:wchar_t /Zc:forScope /Fo"K:\Components\LibraryV2\GDAL\GDAL_2.0.2_VC_Solution\libgdal-2.0.2\lib\x64\Release\\" /Fd"K:\Components\LibraryV2\GDAL\GDAL_2.0.2_VC_Solution\libgdal-2.0.2\lib\x64\Release\vc100.pdb" /Gd /TC /errorReport:prompt "..\..\3rdpart\sqlite-3.12\sqlite-3.12-amalgamation\sqlite3.c" "..\..\gdal-2.0.2\frmts\bsb\bsb2raw.c" "..\..\gdal-2.0.2\frmts\bsb\bsb_read.c" "..\..\gdal-2.0.2\frmts\jpeg\libjpeg\jcapimin.c" "..\..\gdal-2.0.2\frmts\jpeg\libjpeg\jcapistd.c" "..\..\gdal-2.0.2\frmts\jpeg\libjpeg\jccoefct.c" "..\..\gdal-2.0.2\frmts\jpeg\libjpeg\jccolor.c" "..\..\gdal-2.0.2\frmts\jpeg\libjpeg\jcdctmgr.c" "..\..\gdal-2.0.2\frmts\jpeg\libjpeg\jchuff.c" "..\..\gdal-2.0.2\frmts\jpeg\libjpeg\jcinit.c" "..\..\gdal-2.0.2\frmts\jpeg\libjpeg\jcmainct.c" "..\..\gdal-2.0.2\frmts\jpeg\libjpeg\jcmarker.c" "..\..\gdal-2.0.2\frmts\jpeg\libjpeg\jcmaster.c" "..\..\gdal-2.0.2\frmts\jpeg\libjpeg\jcomapi.c" "..\..\gdal-2.0.2\frmts\jpeg\libjpeg\jcparam.c" "..\..\gdal-2.0.2\frmts\jpeg\libjpeg\jcphuff.c" "..\..\gdal-2.0.2\frmts\jpeg\libjpeg\jcprepct.c" "..\..\gdal-2.0.2\frmts\jpeg\libjpeg\jcsample.c" "..\..\gdal-2.0.2\frmts\jpeg\libjpeg\jctrans.c" "..\..\gdal-2.0.2\frmts\jpeg\libjpeg\jdapimin.c" "..\..\gdal-2.0.2\frmts\jpeg\libjpeg\jdapistd.c" "..\..\gdal-2.0.2\frmts\jpeg\libjpeg\jdatadst.c" "..\..\gdal-2.0.2\frmts\jpeg\libjpeg\jdatasrc.c" "..\..\gdal-2.0.2\frmts\jpeg\libjpeg\jdcoefct.c" "..\..\gdal-2.0.2\frmts\jpeg\libjpeg\jdcolor.c" "..\..\gdal-2.0.2\frmts\jpeg\libjpeg\jddctmgr.c" "..\..\gdal-2.0.2\frmts\jpeg\libjpeg\jdhuff.c" "..\..\gdal-2.0.2\frmts\jpeg\libjpeg\jdinput.c" "..\..\gdal-2.0.2\frmts\jpeg\libjpeg\jdmainct.c" "..\..\gdal-2.0.2\frmts\jpeg\libjpeg\jdmarker.c" "..\..\gdal-2.0.2\frmts\jpeg\libjpeg\jdmaster.c" "..\..\gdal-2.0.2\frmts\jpeg\libjpeg\jdmerge.c" "..\..\gdal-2.0.2\frmts\jpeg\libjpeg\jdphuff.c" "..\..\gdal-2.0.2\frmts\jpeg\libjpeg\jdpostct.c" "..\..\gdal-2.0.2\frmts\jpeg\libjpeg\jdsample.c" "..\..\gdal-2.0.2\frmts\jpeg\libjpeg\jdtrans.c" "..\..\gdal-2.0.2\frmts\jpeg\libjpeg\jerror.c" "..\..\gdal-2.0.2\frmts\jpeg\libjpeg\jfdctflt.c" "..\..\gdal-2.0.2\frmts\jpeg\libjpeg\jfdctfst.c" "..\..\gdal-2.0.2\frmts\jpeg\libjpeg\jfdctint.c" "..\..\gdal-2.0.2\frmts\jpeg\libjpeg\jidctflt.c" "..\..\gdal-2.0.2\frmts\jpeg\libjpeg\jidctfst.c" "..\..\gdal-2.0.2\frmts\jpeg\libjpeg\jidctint.c" "..\..\gdal-2.0.2\frmts\jpeg\libjpeg\jidctred.c" "..\..\gdal-2.0.2\frmts\jpeg\libjpeg\jmemansi.c" "..\..\gdal-2.0.2\frmts\jpeg\libjpeg\jmemmgr.c" "..\..\gdal-2.0.2\frmts\jpeg\libjpeg\jquant1.c" "..\..\gdal-2.0.2\frmts\jpeg\libjpeg\jquant2.c" "..\..\gdal-2.0.2\frmts\jpeg\libjpeg\jutils.c" "..\..\gdal-2.0.2\alg\gdalwarpkernel_opencl.c" "..\..\gdal-2.0.2\alg\gdal_crs.c" "..\..\gdal-2.0.2\frmts\aigrid\aigccitt.c" "..\..\gdal-2.0.2\frmts\aigrid\aigopen.c" "..\..\gdal-2.0.2\frmts\aigrid\gridlib.c" "..\..\gdal-2.0.2\frmts\blx\blx.c" "..\..\gdal-2.0.2\frmts\ceos2\ceos.c" "..\..\gdal-2.0.2\frmts\ceos2\ceosrecipe.c" "..\..\gdal-2.0.2\frmts\ceos2\ceossar.c" "..\..\gdal-2.0.2\frmts\ceos2\link.c" "..\..\gdal-2.0.2\frmts\ceos\ceosopen.c" "..\..\gdal-2.0.2\frmts\dted\dted_api.c" "..\..\gdal-2.0.2\frmts\dted\dted_create.c" "..\..\gdal-2.0.2\frmts\dted\dted_ptstream.c" "..\..\gdal-2.0.2\frmts\e00grid\e00read.c" "..\..\gdal-2.0.2\frmts\envisat\EnvisatFile.c" "..\..\gdal-2.0.2\frmts\envisat\records.c" "..\..\gdal-2.0.2\frmts\gif\giflib\dgif_lib.c" "..\..\gdal-2.0.2\frmts\gif\giflib\egif_lib.c" "..\..\gdal-2.0.2\frmts\gif\giflib\gifalloc.c" "..\..\gdal-2.0.2\frmts\gif\giflib\gif_err.c" "..\..\gdal-2.0.2\frmts\gif\giflib\gif_hash.c" "..\..\gdal-2.0.2\frmts\gtiff\libgeotiff\geotiff_proj4.c" "..\..\gdal-2.0.2\frmts\gtiff\libgeotiff\geo_extra.c" "..\..\gdal-2.0.2\frmts\gtiff\libgeotiff\geo_free.c" "..\..\gdal-2.0.2\frmts\gtiff\libgeotiff\geo_get.c" "..\..\gdal-2.0.2\frmts\gtiff\libgeotiff\geo_names.c" "..\..\gdal-2.0.2\frmts\gtiff\libgeotiff\geo_new.c" "..\..\gdal-2.0.2\frmts\gtiff\libgeotiff\geo_normalize.c" "..\..\gdal-2.0.2\frmts\gtiff\libgeotiff\geo_print.c" "..\..\gdal-2.0.2\frmts\gtiff\libgeotiff\geo_set.c" "..\..\gdal-2.0.2\frmts\gtiff\libgeotiff\geo_simpletags.c" "..\..\gdal-2.0.2\frmts\gtiff\libgeotiff\geo_tiffp.c" "..\..\gdal-2.0.2\frmts\gtiff\libgeotiff\geo_trans.c" "..\..\gdal-2.0.2\frmts\gtiff\libgeotiff\geo_write.c" "..\..\gdal-2.0.2\frmts\gtiff\libgeotiff\xtiff.c" "..\..\gdal-2.0.2\frmts\gtiff\libtiff\tif_aux.c" "..\..\gdal-2.0.2\frmts\gtiff\libtiff\tif_close.c" "..\..\gdal-2.0.2\frmts\gtiff\libtiff\tif_codec.c" "..\..\gdal-2.0.2\frmts\gtiff\libtiff\tif_color.c" "..\..\gdal-2.0.2\frmts\gtiff\libtiff\tif_compress.c" "..\..\gdal-2.0.2\frmts\gtiff\libtiff\tif_dir.c" "..\..\gdal-2.0.2\frmts\gtiff\libtiff\tif_dirinfo.c" "..\..\gdal-2.0.2\frmts\gtiff\libtiff\tif_dirread.c" "..\..\gdal-2.0.2\frmts\gtiff\libtiff\tif_dirwrite.c" "..\..\gdal-2.0.2\frmts\gtiff\libtiff\tif_dumpmode.c" "..\..\gdal-2.0.2\frmts\gtiff\libtiff\tif_error.c" "..\..\gdal-2.0.2\frmts\gtiff\libtiff\tif_extension.c" "..\..\gdal-2.0.2\frmts\gtiff\libtiff\tif_fax3.c" "..\..\gdal-2.0.2\frmts\gtiff\libtiff\tif_fax3sm.c" "..\..\gdal-2.0.2\frmts\gtiff\libtiff\tif_flush.c" "..\..\gdal-2.0.2\frmts\gtiff\libtiff\tif_getimage.c" "..\..\gdal-2.0.2\frmts\gtiff\libtiff\tif_jpeg.c" "..\..\gdal-2.0.2\frmts\gtiff\libtiff\tif_jpeg_12.c" "..\..\gdal-2.0.2\frmts\gtiff\libtiff\tif_luv.c" "..\..\gdal-2.0.2\frmts\gtiff\libtiff\tif_lzma.c" "..\..\gdal-2.0.2\frmts\gtiff\libtiff\tif_lzw.c" "..\..\gdal-2.0.2\frmts\gtiff\libtiff\tif_next.c" "..\..\gdal-2.0.2\frmts\gtiff\libtiff\tif_ojpeg.c" "..\..\gdal-2.0.2\frmts\gtiff\libtiff\tif_open.c" "..\..\gdal-2.0.2\frmts\gtiff\libtiff\tif_packbits.c" "..\..\gdal-2.0.2\frmts\gtiff\libtiff\tif_pixarlog.c" "..\..\gdal-2.0.2\frmts\gtiff\libtiff\tif_predict.c" "..\..\gdal-2.0.2\frmts\gtiff\libtiff\tif_print.c" "..\..\gdal-2.0.2\frmts\gtiff\libtiff\tif_read.c" "..\..\gdal-2.0.2\frmts\gtiff\libtiff\tif_strip.c" "..\..\gdal-2.0.2\frmts\gtiff\libtiff\tif_swab.c" "..\..\gdal-2.0.2\frmts\gtiff\libtiff\tif_thunder.c" "..\..\gdal-2.0.2\frmts\gtiff\libtiff\tif_tile.c" "..\..\gdal-2.0.2\frmts\gtiff\libtiff\tif_version.c" "..\..\gdal-2.0.2\frmts\gtiff\libtiff\tif_vsi.c" "..\..\gdal-2.0.2\frmts\gtiff\libtiff\tif_warning.c" "..\..\gdal-2.0.2\frmts\gtiff\libtiff\tif_write.c" "..\..\gdal-2.0.2\frmts\gtiff\libtiff\tif_zip.c" "..\..\gdal-2.0.2\frmts\gtiff\tif_float.c" "..\..\gdal-2.0.2\frmts\gxf\gxfopen.c" "..\..\gdal-2.0.2\frmts\gxf\gxf_ogcwkt.c" "..\..\gdal-2.0.2\frmts\gxf\gxf_proj4.c" "..\..\gdal-2.0.2\frmts\nitf\mgrs.c" "..\..\gdal-2.0.2\frmts\nitf\nitfdes.c" "..\..\gdal-2.0.2\frmts\nitf\nitffile.c" "..\..\gdal-2.0.2\frmts\nitf\nitfimage.c" "..\..\gdal-2.0.2\frmts\pcraster\libcsf\angle.c" "..\..\gdal-2.0.2\frmts\pcraster\libcsf\attravai.c" "..\..\gdal-2.0.2\frmts\pcraster\libcsf\attrsize.c" "..\..\gdal-2.0.2\frmts\pcraster\libcsf\cellsize.c" "..\..\gdal-2.0.2\frmts\pcraster\libcsf\create2.c" "..\..\gdal-2.0.2\frmts\pcraster\libcsf\csfglob.c" "..\..\gdal-2.0.2\frmts\pcraster\libcsf\csfsup.c" "..\..\gdal-2.0.2\frmts\pcraster\libcsf\delattr.c" "..\..\gdal-2.0.2\frmts\pcraster\libcsf\dumconv.c" "..\..\gdal-2.0.2\frmts\pcraster\libcsf\endian.c" "..\..\gdal-2.0.2\frmts\pcraster\libcsf\filename.c" "..\..\gdal-2.0.2\frmts\pcraster\libcsf\gattrblk.c" "..\..\gdal-2.0.2\frmts\pcraster\libcsf\gattridx.c" "..\..\gdal-2.0.2\frmts\pcraster\libcsf\gcellrep.c" "..\..\gdal-2.0.2\frmts\pcraster\libcsf\gdattype.c" "..\..\gdal-2.0.2\frmts\pcraster\libcsf\getattr.c" "..\..\gdal-2.0.2\frmts\pcraster\libcsf\getx0.c" "..\..\gdal-2.0.2\frmts\pcraster\libcsf\gety0.c" "..\..\gdal-2.0.2\frmts\pcraster\libcsf\ggisfid.c" "..\..\gdal-2.0.2\frmts\pcraster\libcsf\gmaxval.c" "..\..\gdal-2.0.2\frmts\pcraster\libcsf\gminval.c" "..\..\gdal-2.0.2\frmts\pcraster\libcsf\gnrcols.c" "..\..\gdal-2.0.2\frmts\pcraster\libcsf\gnrrows.c" "..\..\gdal-2.0.2\frmts\pcraster\libcsf\gproj.c" "..\..\gdal-2.0.2\frmts\pcraster\libcsf\gputproj.c" "..\..\gdal-2.0.2\frmts\pcraster\libcsf\gvalscal.c" "..\..\gdal-2.0.2\frmts\pcraster\libcsf\gvartype.c" "..\..\gdal-2.0.2\frmts\pcraster\libcsf\gversion.c" "..\..\gdal-2.0.2\frmts\pcraster\libcsf\ismv.c" "..\..\gdal-2.0.2\frmts\pcraster\libcsf\kernlcsf.c" "..\..\gdal-2.0.2\frmts\pcraster\libcsf\legend.c" "..\..\gdal-2.0.2\frmts\pcraster\libcsf\mclose.c" "..\..\gdal-2.0.2\frmts\pcraster\libcsf\mopen.c" "..\..\gdal-2.0.2\frmts\pcraster\libcsf\moreattr.c" "..\..\gdal-2.0.2\frmts\pcraster\libcsf\mperror.c" "..\..\gdal-2.0.2\frmts\pcraster\libcsf\pgisfid.c" "..\..\gdal-2.0.2\frmts\pcraster\libcsf\pmaxval.c" "..\..\gdal-2.0.2\frmts\pcraster\libcsf\pminval.c" "..\..\gdal-2.0.2\frmts\pcraster\libcsf\putallmv.c" "..\..\gdal-2.0.2\frmts\pcraster\libcsf\putattr.c" "..\..\gdal-2.0.2\frmts\pcraster\libcsf\putsomec.c" "..\..\gdal-2.0.2\frmts\pcraster\libcsf\putx0.c" "..\..\gdal-2.0.2\frmts\pcraster\libcsf\puty0.c" "..\..\gdal-2.0.2\frmts\pcraster\libcsf\pvalscal.c" "..\..\gdal-2.0.2\frmts\pcraster\libcsf\rattrblk.c" "..\..\gdal-2.0.2\frmts\pcraster\libcsf\rcomp.c" "..\..\gdal-2.0.2\frmts\pcraster\libcsf\rcoords.c" "..\..\gdal-2.0.2\frmts\pcraster\libcsf\rdup2.c" "..\..\gdal-2.0.2\frmts\pcraster\libcsf\reseterr.c" "..\..\gdal-2.0.2\frmts\pcraster\libcsf\rextend.c" "..\..\gdal-2.0.2\frmts\pcraster\libcsf\rmalloc.c" "..\..\gdal-2.0.2\frmts\pcraster\libcsf\rrowcol.c" "..\..\gdal-2.0.2\frmts\pcraster\libcsf\ruseas.c" "..\..\gdal-2.0.2\frmts\pcraster\libcsf\setangle.c" "..\..\gdal-2.0.2\frmts\pcraster\libcsf\setmv.c" "..\..\gdal-2.0.2\frmts\pcraster\libcsf\setvtmv.c" "..\..\gdal-2.0.2\frmts\pcraster\libcsf\strconst.c" "..\..\gdal-2.0.2\frmts\pcraster\libcsf\strpad.c" "..\..\gdal-2.0.2\frmts\pcraster\libcsf\swapio.c" "..\..\gdal-2.0.2\frmts\pcraster\libcsf\trackmm.c" "..\..\gdal-2.0.2\frmts\pcraster\libcsf\vs2.c" "..\..\gdal-2.0.2\frmts\pcraster\libcsf\vsdef.c" "..\..\gdal-2.0.2\frmts\pcraster\libcsf\vsis.c" "..\..\gdal-2.0.2\frmts\pcraster\libcsf\vsvers.c" "..\..\gdal-2.0.2\frmts\pcraster\libcsf\wattrblk.c" "..\..\gdal-2.0.2\frmts\pcraster\libcsf\_getcell.c" "..\..\gdal-2.0.2\frmts\pcraster\libcsf\_getrow.c" "..\..\gdal-2.0.2\frmts\pcraster\libcsf\_gsomece.c" "..\..\gdal-2.0.2\frmts\pcraster\libcsf\_putcell.c" "..\..\gdal-2.0.2\frmts\pcraster\libcsf\_rputrow.c" "..\..\gdal-2.0.2\frmts\png\libpng\png.c" "..\..\gdal-2.0.2\frmts\png\libpng\pngerror.c" "..\..\gdal-2.0.2\frmts\png\libpng\pnggccrd.c" "..\..\gdal-2.0.2\frmts\png\libpng\pngget.c" "..\..\gdal-2.0.2\frmts\png\libpng\pngmem.c" "..\..\gdal-2.0.2\frmts\png\libpng\pngpread.c" "..\..\gdal-2.0.2\frmts\png\libpng\pngread.c" "..\..\gdal-2.0.2\frmts\png\libpng\pngrio.c" "..\..\gdal-2.0.2\frmts\png\libpng\pngrtran.c" "..\..\gdal-2.0.2\frmts\png\libpng\pngrutil.c" "..\..\gdal-2.0.2\frmts\png\libpng\pngset.c" "..\..\gdal-2.0.2\frmts\png\libpng\pngtrans.c" "..\..\gdal-2.0.2\frmts\png\libpng\pngvcrd.c" "..\..\gdal-2.0.2\frmts\png\libpng\pngwio.c" "..\..\gdal-2.0.2\frmts\png\libpng\pngwrite.c" "..\..\gdal-2.0.2\frmts\png\libpng\pngwtran.c" "..\..\gdal-2.0.2\frmts\png\libpng\pngwutil.c" "..\..\gdal-2.0.2\frmts\zlib\adler32.c" "..\..\gdal-2.0.2\frmts\zlib\compress.c" "..\..\gdal-2.0.2\frmts\zlib\crc32.c" "..\..\gdal-2.0.2\frmts\zlib\deflate.c" "..\..\gdal-2.0.2\frmts\zlib\gzio.c" "..\..\gdal-2.0.2\frmts\zlib\infback.c" "..\..\gdal-2.0.2\frmts\zlib\inffast.c" "..\..\gdal-2.0.2\frmts\zlib\inflate.c" "..\..\gdal-2.0.2\frmts\zlib\inftrees.c" "..\..\gdal-2.0.2\frmts\zlib\trees.c" "..\..\gdal-2.0.2\frmts\zlib\uncompr.c" "..\..\gdal-2.0.2\frmts\zlib\zutil.c" "..\..\gdal-2.0.2\ogr\ogrsf_frmts\avc\avc_bin.c" "..\..\gdal-2.0.2\ogr\ogrsf_frmts\avc\avc_binwr.c" "..\..\gdal-2.0.2\ogr\ogrsf_frmts\avc\avc_e00gen.c" "..\..\gdal-2.0.2\ogr\ogrsf_frmts\avc\avc_e00parse.c" "..\..\gdal-2.0.2\ogr\ogrsf_frmts\avc\avc_e00read.c" "..\..\gdal-2.0.2\ogr\ogrsf_frmts\avc\avc_e00write.c" "..\..\gdal-2.0.2\ogr\ogrsf_frmts\avc\avc_mbyte.c" "..\..\gdal-2.0.2\ogr\ogrsf_frmts\avc\avc_misc.c" "..\..\gdal-2.0.2\ogr\ogrsf_frmts\avc\avc_rawbin.c" "..\..\gdal-2.0.2\ogr\ogrsf_frmts\geoconcept\geoconcept.c" "..\..\gdal-2.0.2\ogr\ogrsf_frmts\geoconcept\geoconcept_syscoord.c" "..\..\gdal-2.0.2\ogr\ogrsf_frmts\geojson\libjson\arraylist.c" "..\..\gdal-2.0.2\ogr\ogrsf_frmts\geojson\libjson\debug.c" "..\..\gdal-2.0.2\ogr\ogrsf_frmts\geojson\libjson\json_c_version.c" "..\..\gdal-2.0.2\ogr\ogrsf_frmts\geojson\libjson\json_object.c" "..\..\gdal-2.0.2\ogr\ogrsf_frmts\geojson\libjson\json_object_iterator.c" "..\..\gdal-2.0.2\ogr\ogrsf_frmts\geojson\libjson\json_tokener.c" "..\..\gdal-2.0.2\ogr\ogrsf_frmts\geojson\libjson\json_util.c" "..\..\gdal-2.0.2\ogr\ogrsf_frmts\geojson\libjson\linkhash.c" "..\..\gdal-2.0.2\ogr\ogrsf_frmts\geojson\libjson\printbuf.c" "..\..\gdal-2.0.2\ogr\ogrsf_frmts\shape\dbfopen.c" "..\..\gdal-2.0.2\ogr\ogrsf_frmts\shape\sbnsearch.c" "..\..\gdal-2.0.2\ogr\ogrsf_frmts\shape\shpopen.c" "..\..\gdal-2.0.2\ogr\ogrsf_frmts\shape\shptree.c" "..\..\gdal-2.0.2\ogr\ogrsf_frmts\shape\shp_vsi.c" "..\..\gdal-2.0.2\ogr\ogrsf_frmts\sqlite\ogrsqliteapiroutines.c" "..\..\gdal-2.0.2\ogr\osr_cs_wkt.c" "..\..\gdal-2.0.2\ogr\osr_cs_wkt_parser.c" /MACHINE:X64 
     1>cl : Command line warning D9002: ignoring unknown option '/MACHINE:X64'
         sqlite3.c
         bsb2raw.c
         bsb_read.c
     1>..\..\gdal-2.0.2\frmts\bsb\bsb_read.c(146): warning C4267: '=' : conversion from 'size_t' to 'int', possible loss of data
         jcapimin.c
         jcapistd.c
         jccoefct.c
         jccolor.c
         jcdctmgr.c
         jchuff.c
         jcinit.c
         jcmainct.c
         jcmarker.c
         jcmaster.c
         jcomapi.c
         jcparam.c
         jcphuff.c
         jcprepct.c
         jcsample.c
         jctrans.c
         jdapimin.c
         Compiling...
         jdapistd.c
         jdatadst.c
         jdatasrc.c
         jdcoefct.c
         jdcolor.c
         jddctmgr.c
         jdhuff.c
         jdinput.c
         jdmainct.c
         jdmarker.c
         jdmaster.c
         jdmerge.c
         jdphuff.c
         jdpostct.c
         jdsample.c
         jdtrans.c
         jerror.c
     1>..\..\gdal-2.0.2\frmts\jpeg\libjpeg\jerror.c(197): warning C4996: 'sprintf': This function or variable may be unsafe. Consider using sprintf_s instead. To disable deprecation, use _CRT_SECURE_NO_WARNINGS. See online help for details.
                 c:\Program Files (x86)\Microsoft Visual Studio 10.0\VC\include\stdio.h(371) : see declaration of 'sprintf'
     1>..\..\gdal-2.0.2\frmts\jpeg\libjpeg\jerror.c(203): warning C4996: 'sprintf': This function or variable may be unsafe. Consider using sprintf_s instead. To disable deprecation, use _CRT_SECURE_NO_WARNINGS. See online help for details.
                 c:\Program Files (x86)\Microsoft Visual Studio 10.0\VC\include\stdio.h(371) : see declaration of 'sprintf'
         jfdctflt.c
         jfdctfst.c
         jfdctint.c
         Compiling...
         jidctflt.c
         jidctfst.c
         jidctint.c
         jidctred.c
         jmemansi.c
     1>..\..\gdal-2.0.2\frmts\jpeg\libjpeg\jmemansi.c(146): warning C4996: 'tmpfile': This function or variable may be unsafe. Consider using tmpfile_s instead. To disable deprecation, use _CRT_SECURE_NO_WARNINGS. See online help for details.
                 c:\Program Files (x86)\Microsoft Visual Studio 10.0\VC\include\stdio.h(338) : see declaration of 'tmpfile'
     1>..\..\gdal-2.0.2\frmts\jpeg\libjpeg\jmemansi.c(147): warning C4996: 'strncpy': This function or variable may be unsafe. Consider using strncpy_s instead. To disable deprecation, use _CRT_SECURE_NO_WARNINGS. See online help for details.
                 c:\Program Files (x86)\Microsoft Visual Studio 10.0\VC\include\string.h(188) : see declaration of 'strncpy'
         jmemmgr.c
     1>..\..\gdal-2.0.2\frmts\jpeg\libjpeg\jmemmgr.c(306): warning C4267: '+=' : conversion from 'size_t' to 'long', possible loss of data
     1>..\..\gdal-2.0.2\frmts\jpeg\libjpeg\jmemmgr.c(366): warning C4267: '+=' : conversion from 'size_t' to 'long', possible loss of data
     1>..\..\gdal-2.0.2\frmts\jpeg\libjpeg\jmemmgr.c(976): warning C4267: '-=' : conversion from 'size_t' to 'long', possible loss of data
     1>..\..\gdal-2.0.2\frmts\jpeg\libjpeg\jmemmgr.c(990): warning C4267: '-=' : conversion from 'size_t' to 'long', possible loss of data
     1>..\..\gdal-2.0.2\frmts\jpeg\libjpeg\jmemmgr.c(1106): warning C4996: 'getenv': This function or variable may be unsafe. Consider using _dupenv_s instead. To disable deprecation, use _CRT_SECURE_NO_WARNINGS. See online help for details.
                 c:\Program Files (x86)\Microsoft Visual Studio 10.0\VC\include\stdlib.h(433) : see declaration of 'getenv'
     1>..\..\gdal-2.0.2\frmts\jpeg\libjpeg\jmemmgr.c(1109): warning C4996: 'sscanf': This function or variable may be unsafe. Consider using sscanf_s instead. To disable deprecation, use _CRT_SECURE_NO_WARNINGS. See online help for details.
                 c:\Program Files (x86)\Microsoft Visual Studio 10.0\VC\include\stdio.h(325) : see declaration of 'sscanf'
         jquant1.c
         jquant2.c
         jutils.c
         gdalwarpkernel_opencl.c
         gdal_crs.c
         aigccitt.c
     1>..\..\gdal-2.0.2\frmts\aigrid\aigccitt.c(1842): warning C4244: '-=' : conversion from '__int64' to 'int', possible loss of data
     1>..\..\gdal-2.0.2\frmts\aigrid\aigccitt.c(1845): warning C4244: '-=' : conversion from '__int64' to 'int', possible loss of data
         aigopen.c
     1>..\..\gdal-2.0.2\frmts\aigrid\aigopen.c(57): warning C4267: '=' : conversion from 'size_t' to 'int', possible loss of data
     1>..\..\gdal-2.0.2\frmts\aigrid\aigopen.c(465): warning C4267: '=' : conversion from 'size_t' to 'int', possible loss of data
         gridlib.c
         blx.c
     1>..\..\gdal-2.0.2\frmts\blx\blx.c(638): warning C4244: '=' : conversion from '__int64' to 'int', possible loss of data
     1>..\..\gdal-2.0.2\frmts\blx\blx.c(679): warning C4244: 'return' : conversion from '__int64' to 'int', possible loss of data
         ceos.c
     1>..\..\gdal-2.0.2\frmts\ceos2\ceos.c(393): warning C4267: '=' : conversion from 'size_t' to 'int', possible loss of data
     1>..\..\gdal-2.0.2\frmts\ceos2\ceos.c(395): warning C4267: '=' : conversion from 'size_t' to 'int', possible loss of data
     1>..\..\gdal-2.0.2\frmts\ceos2\ceos.c(397): warning C4267: '+=' : conversion from 'size_t' to 'int', possible loss of data
     1>..\..\gdal-2.0.2\frmts\ceos2\ceos.c(399): warning C4267: 'function' : conversion from 'size_t' to 'int', possible loss of data
         ceosrecipe.c
         ceossar.c
         link.c
         ceosopen.c
         Compiling...
         dted_api.c
         dted_create.c
         dted_ptstream.c
         e00read.c
     1>..\..\gdal-2.0.2\frmts\e00grid\e00read.c(146): warning C4996: 'strerror': This function or variable may be unsafe. Consider using strerror_s instead. To disable deprecation, use _CRT_SECURE_NO_WARNINGS. See online help for details.
                 c:\Program Files (x86)\Microsoft Visual Studio 10.0\VC\include\string.h(157) : see declaration of 'strerror'
     1>..\..\gdal-2.0.2\frmts\e00grid\e00read.c(357): warning C4996: 'strncpy': This function or variable may be unsafe. Consider using strncpy_s instead. To disable deprecation, use _CRT_SECURE_NO_WARNINGS. See online help for details.
                 c:\Program Files (x86)\Microsoft Visual Studio 10.0\VC\include\string.h(188) : see declaration of 'strncpy'
     1>..\..\gdal-2.0.2\frmts\e00grid\e00read.c(373): warning C4267: '=' : conversion from 'size_t' to 'int', possible loss of data
         EnvisatFile.c
     1>..\..\gdal-2.0.2\frmts\envisat\EnvisatFile.c(1157): warning C4267: '=' : conversion from 'size_t' to 'int', possible loss of data
     1>..\..\gdal-2.0.2\frmts\envisat\EnvisatFile.c(1220): warning C4267: '=' : conversion from 'size_t' to 'int', possible loss of data
     1>..\..\gdal-2.0.2\frmts\envisat\EnvisatFile.c(1477): warning C4267: '=' : conversion from 'size_t' to 'int', possible loss of data
     1>..\..\gdal-2.0.2\frmts\envisat\EnvisatFile.c(1601): warning C4267: '=' : conversion from 'size_t' to 'int', possible loss of data
     1>..\..\gdal-2.0.2\frmts\envisat\EnvisatFile.c(1776): warning C4244: '=' : conversion from '__int64' to 'int', possible loss of data
         records.c
     1>..\..\gdal-2.0.2\frmts\envisat\records.c(1232): warning C4267: '=' : conversion from 'size_t' to 'int', possible loss of data
         dgif_lib.c
     1>..\..\gdal-2.0.2\frmts\gif\giflib\dgif_lib.c(72): warning C4996: 'open': The POSIX name for this item is deprecated. Instead, use the ISO C++ conformant name: _open. See online help for details.
                 c:\Program Files (x86)\Microsoft Visual Studio 10.0\VC\include\io.h(312) : see declaration of 'open'
     1>..\..\gdal-2.0.2\frmts\gif\giflib\dgif_lib.c(97): warning C4996: 'close': The POSIX name for this item is deprecated. Instead, use the ISO C++ conformant name: _close. See online help for details.
                 c:\Program Files (x86)\Microsoft Visual Studio 10.0\VC\include\io.h(302) : see declaration of 'close'
     1>..\..\gdal-2.0.2\frmts\gif\giflib\dgif_lib.c(106): warning C4996: 'close': The POSIX name for this item is deprecated. Instead, use the ISO C++ conformant name: _close. See online help for details.
                 c:\Program Files (x86)\Microsoft Visual Studio 10.0\VC\include\io.h(302) : see declaration of 'close'
     1>..\..\gdal-2.0.2\frmts\gif\giflib\dgif_lib.c(111): warning C4996: 'setmode': The POSIX name for this item is deprecated. Instead, use the ISO C++ conformant name: _setmode. See online help for details.
                 c:\Program Files (x86)\Microsoft Visual Studio 10.0\VC\include\io.h(314) : see declaration of 'setmode'
     1>..\..\gdal-2.0.2\frmts\gif\giflib\dgif_lib.c(114): warning C4996: 'fdopen': The POSIX name for this item is deprecated. Instead, use the ISO C++ conformant name: _fdopen. See online help for details.
                 c:\Program Files (x86)\Microsoft Visual Studio 10.0\VC\include\stdio.h(721) : see declaration of 'fdopen'
         egif_lib.c
     1>..\..\gdal-2.0.2\frmts\gif\giflib\egif_lib.c(84): warning C4996: 'open': The POSIX name for this item is deprecated. Instead, use the ISO C++ conformant name: _open. See online help for details.
                 c:\Program Files (x86)\Microsoft Visual Studio 10.0\VC\include\io.h(312) : see declaration of 'open'
     1>..\..\gdal-2.0.2\frmts\gif\giflib\egif_lib.c(90): warning C4996: 'open': The POSIX name for this item is deprecated. Instead, use the ISO C++ conformant name: _open. See online help for details.
                 c:\Program Files (x86)\Microsoft Visual Studio 10.0\VC\include\io.h(312) : see declaration of 'open'
     1>..\..\gdal-2.0.2\frmts\gif\giflib\egif_lib.c(98): warning C4996: 'close': The POSIX name for this item is deprecated. Instead, use the ISO C++ conformant name: _close. See online help for details.
                 c:\Program Files (x86)\Microsoft Visual Studio 10.0\VC\include\io.h(302) : see declaration of 'close'
     1>..\..\gdal-2.0.2\frmts\gif\giflib\egif_lib.c(137): warning C4996: 'setmode': The POSIX name for this item is deprecated. Instead, use the ISO C++ conformant name: _setmode. See online help for details.
                 c:\Program Files (x86)\Microsoft Visual Studio 10.0\VC\include\io.h(314) : see declaration of 'setmode'
     1>..\..\gdal-2.0.2\frmts\gif\giflib\egif_lib.c(140): warning C4996: 'fdopen': The POSIX name for this item is deprecated. Instead, use the ISO C++ conformant name: _fdopen. See online help for details.
                 c:\Program Files (x86)\Microsoft Visual Studio 10.0\VC\include\stdio.h(721) : see declaration of 'fdopen'
     1>..\..\gdal-2.0.2\frmts\gif\giflib\egif_lib.c(214): warning C4996: 'strncpy': This function or variable may be unsafe. Consider using strncpy_s instead. To disable deprecation, use _CRT_SECURE_NO_WARNINGS. See online help for details.
                 c:\Program Files (x86)\Microsoft Visual Studio 10.0\VC\include\string.h(188) : see declaration of 'strncpy'
     1>..\..\gdal-2.0.2\frmts\gif\giflib\egif_lib.c(247): warning C4267: 'function' : conversion from 'size_t' to 'int', possible loss of data
     1>..\..\gdal-2.0.2\frmts\gif\giflib\egif_lib.c(472): warning C4267: 'initializing' : conversion from 'size_t' to 'unsigned int', possible loss of data
     1>..\..\gdal-2.0.2\frmts\gif\giflib\egif_lib.c(475): warning C4267: '=' : conversion from 'size_t' to 'unsigned int', possible loss of data
     1>..\..\gdal-2.0.2\frmts\gif\giflib\egif_lib.c(1012): warning C4996: 'strncpy': This function or variable may be unsafe. Consider using strncpy_s instead. To disable deprecation, use _CRT_SECURE_NO_WARNINGS. See online help for details.
                 c:\Program Files (x86)\Microsoft Visual Studio 10.0\VC\include\string.h(188) : see declaration of 'strncpy'
     1>..\..\gdal-2.0.2\frmts\gif\giflib\egif_lib.c(1014): warning C4996: 'strncpy': This function or variable may be unsafe. Consider using strncpy_s instead. To disable deprecation, use _CRT_SECURE_NO_WARNINGS. See online help for details.
                 c:\Program Files (x86)\Microsoft Visual Studio 10.0\VC\include\string.h(188) : see declaration of 'strncpy'
     1>..\..\gdal-2.0.2\frmts\gif\giflib\egif_lib.c(1016): warning C4996: 'strncpy': This function or variable may be unsafe. Consider using strncpy_s instead. To disable deprecation, use _CRT_SECURE_NO_WARNINGS. See online help for details.
                 c:\Program Files (x86)\Microsoft Visual Studio 10.0\VC\include\string.h(188) : see declaration of 'strncpy'
     1>..\..\gdal-2.0.2\frmts\gif\giflib\egif_lib.c(1024): warning C4996: 'strncpy': This function or variable may be unsafe. Consider using strncpy_s instead. To disable deprecation, use _CRT_SECURE_NO_WARNINGS. See online help for details.
                 c:\Program Files (x86)\Microsoft Visual Studio 10.0\VC\include\string.h(188) : see declaration of 'strncpy'
     1>..\..\gdal-2.0.2\frmts\gif\giflib\egif_lib.c(1027): warning C4996: 'strncpy': This function or variable may be unsafe. Consider using strncpy_s instead. To disable deprecation, use _CRT_SECURE_NO_WARNINGS. See online help for details.
                 c:\Program Files (x86)\Microsoft Visual Studio 10.0\VC\include\string.h(188) : see declaration of 'strncpy'
         gifalloc.c
         gif_err.c
         gif_hash.c
         geotiff_proj4.c
         geo_extra.c
         geo_free.c
         geo_get.c
         geo_names.c
         geo_new.c
         geo_normalize.c
         geo_print.c
         geo_set.c
     1>..\..\gdal-2.0.2\frmts\gtiff\libgeotiff\geo_set.c(130): warning C4267: '=' : conversion from 'size_t' to 'int', possible loss of data
         Compiling...
         geo_simpletags.c
     1>..\..\gdal-2.0.2\frmts\gtiff\libgeotiff\geo_simpletags.c(202): warning C4267: '=' : conversion from 'size_t' to 'int', possible loss of data
         geo_tiffp.c
         geo_trans.c
         geo_write.c
         xtiff.c
         tif_aux.c
         tif_close.c
         tif_codec.c
         tif_color.c
         tif_compress.c
         tif_dir.c
         tif_dirinfo.c
         tif_dirread.c
         tif_dirwrite.c
         tif_dumpmode.c
         tif_error.c
         tif_extension.c
         tif_fax3.c
         tif_fax3sm.c
         tif_flush.c
         Compiling...
         tif_getimage.c
         tif_jpeg.c
         tif_jpeg_12.c
         tif_luv.c
         tif_lzma.c
         tif_lzw.c
         tif_next.c
         tif_ojpeg.c
         tif_open.c
         tif_packbits.c
         tif_pixarlog.c
         tif_predict.c
         tif_print.c
     1>..\..\gdal-2.0.2\frmts\gtiff\libtiff\tif_print.c(399): warning C4244: 'initializing' : conversion from '__int64' to 'int', possible loss of data
     1>..\..\gdal-2.0.2\frmts\gtiff\libtiff\tif_print.c(678): warning C4267: 'function' : conversion from 'size_t' to 'int', possible loss of data
         tif_read.c
         tif_strip.c
         tif_swab.c
         tif_thunder.c
         tif_tile.c
         tif_version.c
         tif_vsi.c
         Compiling...
         tif_warning.c
         tif_write.c
         tif_zip.c
         tif_float.c
         gxfopen.c
     1>..\..\gdal-2.0.2\frmts\gxf\gxfopen.c(67): warning C4996: 'strcpy': This function or variable may be unsafe. Consider using strcpy_s instead. To disable deprecation, use _CRT_SECURE_NO_WARNINGS. See online help for details.
     1>..\..\gdal-2.0.2\frmts\gxf\gxfopen.c(77): warning C4996: 'strncpy': This function or variable may be unsafe. Consider using strncpy_s instead. To disable deprecation, use _CRT_SECURE_NO_WARNINGS. See online help for details.
                 c:\Program Files (x86)\Microsoft Visual Studio 10.0\VC\include\string.h(188) : see declaration of 'strncpy'
     1>..\..\gdal-2.0.2\frmts\gxf\gxfopen.c(84): warning C4996: 'stricmp': The POSIX name for this item is deprecated. Instead, use the ISO C++ conformant name: _stricmp. See online help for details.
                 c:\Program Files (x86)\Microsoft Visual Studio 10.0\VC\include\string.h(246) : see declaration of 'stricmp'
     1>..\..\gdal-2.0.2\frmts\gxf\gxfopen.c(101): warning C4996: 'strcpy': This function or variable may be unsafe. Consider using strcpy_s instead. To disable deprecation, use _CRT_SECURE_NO_WARNINGS. See online help for details.
     1>..\..\gdal-2.0.2\frmts\gxf\gxfopen.c(124): warning C4267: '=' : conversion from 'size_t' to 'int', possible loss of data
     1>..\..\gdal-2.0.2\frmts\gxf\gxfopen.c(135): warning C4996: 'strcpy': This function or variable may be unsafe. Consider using strcpy_s instead. To disable deprecation, use _CRT_SECURE_NO_WARNINGS. See online help for details.
     1>..\..\gdal-2.0.2\frmts\gxf\gxfopen.c(136): warning C4996: 'strcpy': This function or variable may be unsafe. Consider using strcpy_s instead. To disable deprecation, use _CRT_SECURE_NO_WARNINGS. See online help for details.
     1>..\..\gdal-2.0.2\frmts\gxf\gxfopen.c(225): warning C4996: 'strnicmp': The POSIX name for this item is deprecated. Instead, use the ISO C++ conformant name: _strnicmp. See online help for details.
                 c:\Program Files (x86)\Microsoft Visual Studio 10.0\VC\include\string.h(248) : see declaration of 'strnicmp'
     1>..\..\gdal-2.0.2\frmts\gxf\gxfopen.c(230): warning C4996: 'strnicmp': The POSIX name for this item is deprecated. Instead, use the ISO C++ conformant name: _strnicmp. See online help for details.
                 c:\Program Files (x86)\Microsoft Visual Studio 10.0\VC\include\string.h(248) : see declaration of 'strnicmp'
     1>..\..\gdal-2.0.2\frmts\gxf\gxfopen.c(234): warning C4996: 'strnicmp': The POSIX name for this item is deprecated. Instead, use the ISO C++ conformant name: _strnicmp. See online help for details.
                 c:\Program Files (x86)\Microsoft Visual Studio 10.0\VC\include\string.h(248) : see declaration of 'strnicmp'
     1>..\..\gdal-2.0.2\frmts\gxf\gxfopen.c(238): warning C4996: 'strnicmp': The POSIX name for this item is deprecated. Instead, use the ISO C++ conformant name: _strnicmp. See online help for details.
                 c:\Program Files (x86)\Microsoft Visual Studio 10.0\VC\include\string.h(248) : see declaration of 'strnicmp'
     1>..\..\gdal-2.0.2\frmts\gxf\gxfopen.c(242): warning C4996: 'strnicmp': The POSIX name for this item is deprecated. Instead, use the ISO C++ conformant name: _strnicmp. See online help for details.
                 c:\Program Files (x86)\Microsoft Visual Studio 10.0\VC\include\string.h(248) : see declaration of 'strnicmp'
     1>..\..\gdal-2.0.2\frmts\gxf\gxfopen.c(246): warning C4996: 'strnicmp': The POSIX name for this item is deprecated. Instead, use the ISO C++ conformant name: _strnicmp. See online help for details.
                 c:\Program Files (x86)\Microsoft Visual Studio 10.0\VC\include\string.h(248) : see declaration of 'strnicmp'
     1>..\..\gdal-2.0.2\frmts\gxf\gxfopen.c(249): warning C4996: 'strncpy': This function or variable may be unsafe. Consider using strncpy_s instead. To disable deprecation, use _CRT_SECURE_NO_WARNINGS. See online help for details.
                 c:\Program Files (x86)\Microsoft Visual Studio 10.0\VC\include\string.h(188) : see declaration of 'strncpy'
     1>..\..\gdal-2.0.2\frmts\gxf\gxfopen.c(252): warning C4996: 'strnicmp': The POSIX name for this item is deprecated. Instead, use the ISO C++ conformant name: _strnicmp. See online help for details.
                 c:\Program Files (x86)\Microsoft Visual Studio 10.0\VC\include\string.h(248) : see declaration of 'strnicmp'
     1>..\..\gdal-2.0.2\frmts\gxf\gxfopen.c(256): warning C4996: 'strnicmp': The POSIX name for this item is deprecated. Instead, use the ISO C++ conformant name: _strnicmp. See online help for details.
                 c:\Program Files (x86)\Microsoft Visual Studio 10.0\VC\include\string.h(248) : see declaration of 'strnicmp'
     1>..\..\gdal-2.0.2\frmts\gxf\gxfopen.c(260): warning C4996: 'strnicmp': The POSIX name for this item is deprecated. Instead, use the ISO C++ conformant name: _strnicmp. See online help for details.
                 c:\Program Files (x86)\Microsoft Visual Studio 10.0\VC\include\string.h(248) : see declaration of 'strnicmp'
     1>..\..\gdal-2.0.2\frmts\gxf\gxfopen.c(264): warning C4996: 'strnicmp': The POSIX name for this item is deprecated. Instead, use the ISO C++ conformant name: _strnicmp. See online help for details.
                 c:\Program Files (x86)\Microsoft Visual Studio 10.0\VC\include\string.h(248) : see declaration of 'strnicmp'
     1>..\..\gdal-2.0.2\frmts\gxf\gxfopen.c(268): warning C4996: 'strnicmp': The POSIX name for this item is deprecated. Instead, use the ISO C++ conformant name: _strnicmp. See online help for details.
                 c:\Program Files (x86)\Microsoft Visual Studio 10.0\VC\include\string.h(248) : see declaration of 'strnicmp'
     1>..\..\gdal-2.0.2\frmts\gxf\gxfopen.c(272): warning C4996: 'strnicmp': The POSIX name for this item is deprecated. Instead, use the ISO C++ conformant name: _strnicmp. See online help for details.
                 c:\Program Files (x86)\Microsoft Visual Studio 10.0\VC\include\string.h(248) : see declaration of 'strnicmp'
     1>..\..\gdal-2.0.2\frmts\gxf\gxfopen.c(277): warning C4996: 'strnicmp': The POSIX name for this item is deprecated. Instead, use the ISO C++ conformant name: _strnicmp. See online help for details.
                 c:\Program Files (x86)\Microsoft Visual Studio 10.0\VC\include\string.h(248) : see declaration of 'strnicmp'
     1>..\..\gdal-2.0.2\frmts\gxf\gxfopen.c(282): warning C4996: 'strnicmp': The POSIX name for this item is deprecated. Instead, use the ISO C++ conformant name: _strnicmp. See online help for details.
                 c:\Program Files (x86)\Microsoft Visual Studio 10.0\VC\include\string.h(248) : see declaration of 'strnicmp'
     1>..\..\gdal-2.0.2\frmts\gxf\gxfopen.c(299): warning C4996: 'strnicmp': The POSIX name for this item is deprecated. Instead, use the ISO C++ conformant name: _strnicmp. See online help for details.
                 c:\Program Files (x86)\Microsoft Visual Studio 10.0\VC\include\string.h(248) : see declaration of 'strnicmp'
     1>..\..\gdal-2.0.2\frmts\gxf\gxfopen.c(317): warning C4996: 'strnicmp': The POSIX name for this item is deprecated. Instead, use the ISO C++ conformant name: _strnicmp. See online help for details.
                 c:\Program Files (x86)\Microsoft Visual Studio 10.0\VC\include\string.h(248) : see declaration of 'strnicmp'
     1>..\..\gdal-2.0.2\frmts\gxf\gxfopen.c(329): warning C4996: 'strnicmp': The POSIX name for this item is deprecated. Instead, use the ISO C++ conformant name: _strnicmp. See online help for details.
                 c:\Program Files (x86)\Microsoft Visual Studio 10.0\VC\include\string.h(248) : see declaration of 'strnicmp'
         gxf_ogcwkt.c
         gxf_proj4.c
         mgrs.c
     1>..\..\gdal-2.0.2\frmts\nitf\mgrs.c(398): warning C4996: 'sprintf': This function or variable may be unsafe. Consider using sprintf_s instead. To disable deprecation, use _CRT_SECURE_NO_WARNINGS. See online help for details.
                 c:\Program Files (x86)\Microsoft Visual Studio 10.0\VC\include\stdio.h(371) : see declaration of 'sprintf'
     1>..\..\gdal-2.0.2\frmts\nitf\mgrs.c(400): warning C4996: 'strncpy': This function or variable may be unsafe. Consider using strncpy_s instead. To disable deprecation, use _CRT_SECURE_NO_WARNINGS. See online help for details.
                 c:\Program Files (x86)\Microsoft Visual Studio 10.0\VC\include\string.h(188) : see declaration of 'strncpy'
     1>..\..\gdal-2.0.2\frmts\nitf\mgrs.c(409): warning C4996: 'sprintf': This function or variable may be unsafe. Consider using sprintf_s instead. To disable deprecation, use _CRT_SECURE_NO_WARNINGS. See online help for details.
                 c:\Program Files (x86)\Microsoft Visual Studio 10.0\VC\include\stdio.h(371) : see declaration of 'sprintf'
     1>..\..\gdal-2.0.2\frmts\nitf\mgrs.c(414): warning C4996: 'sprintf': This function or variable may be unsafe. Consider using sprintf_s instead. To disable deprecation, use _CRT_SECURE_NO_WARNINGS. See online help for details.
                 c:\Program Files (x86)\Microsoft Visual Studio 10.0\VC\include\stdio.h(371) : see declaration of 'sprintf'
     1>..\..\gdal-2.0.2\frmts\nitf\mgrs.c(454): warning C4996: 'strncpy': This function or variable may be unsafe. Consider using strncpy_s instead. To disable deprecation, use _CRT_SECURE_NO_WARNINGS. See online help for details.
                 c:\Program Files (x86)\Microsoft Visual Studio 10.0\VC\include\string.h(188) : see declaration of 'strncpy'
     1>..\..\gdal-2.0.2\frmts\nitf\mgrs.c(456): warning C4996: 'sscanf': This function or variable may be unsafe. Consider using sscanf_s instead. To disable deprecation, use _CRT_SECURE_NO_WARNINGS. See online help for details.
                 c:\Program Files (x86)\Microsoft Visual Studio 10.0\VC\include\stdio.h(325) : see declaration of 'sscanf'
     1>..\..\gdal-2.0.2\frmts\nitf\mgrs.c(501): warning C4996: 'strncpy': This function or variable may be unsafe. Consider using strncpy_s instead. To disable deprecation, use _CRT_SECURE_NO_WARNINGS. See online help for details.
                 c:\Program Files (x86)\Microsoft Visual Studio 10.0\VC\include\string.h(188) : see declaration of 'strncpy'
     1>..\..\gdal-2.0.2\frmts\nitf\mgrs.c(503): warning C4996: 'sscanf': This function or variable may be unsafe. Consider using sscanf_s instead. To disable deprecation, use _CRT_SECURE_NO_WARNINGS. See online help for details.
                 c:\Program Files (x86)\Microsoft Visual Studio 10.0\VC\include\stdio.h(325) : see declaration of 'sscanf'
     1>..\..\gdal-2.0.2\frmts\nitf\mgrs.c(504): warning C4996: 'strncpy': This function or variable may be unsafe. Consider using strncpy_s instead. To disable deprecation, use _CRT_SECURE_NO_WARNINGS. See online help for details.
                 c:\Program Files (x86)\Microsoft Visual Studio 10.0\VC\include\string.h(188) : see declaration of 'strncpy'
     1>..\..\gdal-2.0.2\frmts\nitf\mgrs.c(506): warning C4996: 'sscanf': This function or variable may be unsafe. Consider using sscanf_s instead. To disable deprecation, use _CRT_SECURE_NO_WARNINGS. See online help for details.
                 c:\Program Files (x86)\Microsoft Visual Studio 10.0\VC\include\stdio.h(325) : see declaration of 'sscanf'
     1>..\..\gdal-2.0.2\frmts\nitf\mgrs.c(691): warning C4996: 'strcpy': This function or variable may be unsafe. Consider using strcpy_s instead. To disable deprecation, use _CRT_SECURE_NO_WARNINGS. See online help for details.
     1>..\..\gdal-2.0.2\frmts\nitf\mgrs.c(711): warning C4996: 'strcpy': This function or variable may be unsafe. Consider using strcpy_s instead. To disable deprecation, use _CRT_SECURE_NO_WARNINGS. See online help for details.
         nitfdes.c
         nitffile.c
     1>..\..\gdal-2.0.2\frmts\nitf\nitffile.c(961): warning C4267: 'initializing' : conversion from 'size_t' to 'int', possible loss of data
     1>..\..\gdal-2.0.2\frmts\nitf\nitffile.c(1281): warning C4267: 'initializing' : conversion from 'size_t' to 'int', possible loss of data
     1>..\..\gdal-2.0.2\frmts\nitf\nitffile.c(1915): warning C4267: '=' : conversion from 'size_t' to 'int', possible loss of data
     1>..\..\gdal-2.0.2\frmts\nitf\nitffile.c(2095): warning C4267: 'initializing' : conversion from 'size_t' to 'int', possible loss of data
         nitfimage.c
     1>..\..\gdal-2.0.2\frmts\nitf\nitfimage.c(1451): warning C4267: 'function' : conversion from 'size_t' to 'int', possible loss of data
     1>..\..\gdal-2.0.2\frmts\nitf\nitfimage.c(2085): warning C4267: '=' : conversion from 'size_t' to 'int', possible loss of data
         angle.c
         attravai.c
         attrsize.c
         cellsize.c
         create2.c
     1>..\..\gdal-2.0.2\frmts\pcraster\libcsf\create2.c(128): warning C4996: 'strcpy': This function or variable may be unsafe. Consider using strcpy_s instead. To disable deprecation, use _CRT_SECURE_NO_WARNINGS. See online help for details.
     1>..\..\gdal-2.0.2\frmts\pcraster\libcsf\create2.c(130): warning C4996: 'fopen': This function or variable may be unsafe. Consider using fopen_s instead. To disable deprecation, use _CRT_SECURE_NO_WARNINGS. See online help for details.
                 c:\Program Files (x86)\Microsoft Visual Studio 10.0\VC\include\stdio.h(234) : see declaration of 'fopen'
     1>..\..\gdal-2.0.2\frmts\pcraster\libcsf\create2.c(149): warning C4996: 'strcpy': This function or variable may be unsafe. Consider using strcpy_s instead. To disable deprecation, use _CRT_SECURE_NO_WARNINGS. See online help for details.
     1>..\..\gdal-2.0.2\frmts\pcraster\libcsf\create2.c(173): warning C4267: '=' : conversion from 'size_t' to 'UINT4', possible loss of data
     1>..\..\gdal-2.0.2\frmts\pcraster\libcsf\create2.c(174): warning C4267: '=' : conversion from 'size_t' to 'UINT4', possible loss of data
         csfglob.c
         csfsup.c
         delattr.c
         dumconv.c
         Compiling...
         endian.c
         filename.c
         gattrblk.c
         gattridx.c
         gcellrep.c
         gdattype.c
         getattr.c
         getx0.c
         gety0.c
         ggisfid.c
         gmaxval.c
         gminval.c
         gnrcols.c
         gnrrows.c
         gproj.c
         gputproj.c
         gvalscal.c
         gvartype.c
         gversion.c
         ismv.c
         Compiling...
         kernlcsf.c
     1>..\..\gdal-2.0.2\frmts\pcraster\libcsf\kernlcsf.c(109): warning C4267: '=' : conversion from 'size_t' to 'int', possible loss of data
         legend.c
     1>..\..\gdal-2.0.2\frmts\pcraster\libcsf\legend.c(9): warning C4267: 'initializing' : conversion from 'size_t' to 'int', possible loss of data
         mclose.c
         mopen.c
     1>..\..\gdal-2.0.2\frmts\pcraster\libcsf\mopen.c(63): warning C4996: 'strcpy': This function or variable may be unsafe. Consider using strcpy_s instead. To disable deprecation, use _CRT_SECURE_NO_WARNINGS. See online help for details.
     1>..\..\gdal-2.0.2\frmts\pcraster\libcsf\mopen.c(75): warning C4996: 'fopen': This function or variable may be unsafe. Consider using fopen_s instead. To disable deprecation, use _CRT_SECURE_NO_WARNINGS. See online help for details.
                 c:\Program Files (x86)\Microsoft Visual Studio 10.0\VC\include\stdio.h(234) : see declaration of 'fopen'
         moreattr.c
         mperror.c
         pgisfid.c
         pmaxval.c
         pminval.c
         putallmv.c
         putattr.c
     1>..\..\gdal-2.0.2\frmts\pcraster\libcsf\putattr.c(202): warning C4267: '=' : conversion from 'size_t' to 'UINT4', possible loss of data
         putsomec.c
         putx0.c
         puty0.c
         pvalscal.c
         rattrblk.c
         rcomp.c
         rcoords.c
         rdup2.c
         reseterr.c
         Compiling...
         rextend.c
         rmalloc.c
         rrowcol.c
         ruseas.c
         setangle.c
         setmv.c
         setvtmv.c
         strconst.c
     1>..\..\gdal-2.0.2\frmts\pcraster\libcsf\strconst.c(45): warning C4996: 'sprintf': This function or variable may be unsafe. Consider using sprintf_s instead. To disable deprecation, use _CRT_SECURE_NO_WARNINGS. See online help for details.
                 c:\Program Files (x86)\Microsoft Visual Studio 10.0\VC\include\stdio.h(371) : see declaration of 'sprintf'
     1>..\..\gdal-2.0.2\frmts\pcraster\libcsf\strconst.c(71): warning C4996: 'sprintf': This function or variable may be unsafe. Consider using sprintf_s instead. To disable deprecation, use _CRT_SECURE_NO_WARNINGS. See online help for details.
                 c:\Program Files (x86)\Microsoft Visual Studio 10.0\VC\include\stdio.h(371) : see declaration of 'sprintf'
         strpad.c
         swapio.c
         trackmm.c
         vs2.c
         vsdef.c
         vsis.c
         vsvers.c
         wattrblk.c
         _getcell.c
         _getrow.c
         _gsomece.c
         _putcell.c
         Compiling...
         _rputrow.c
         png.c
     1>..\..\gdal-2.0.2\frmts\png\libpng\png.c(709): warning C4996: '_snprintf': This function or variable may be unsafe. Consider using _snprintf_s instead. To disable deprecation, use _CRT_SECURE_NO_WARNINGS. See online help for details.
                 c:\Program Files (x86)\Microsoft Visual Studio 10.0\VC\include\stdio.h(363) : see declaration of '_snprintf'
         pngerror.c
         pnggccrd.c
         pngget.c
         pngmem.c
         pngpread.c
     1>..\..\gdal-2.0.2\frmts\png\libpng\pngpread.c(572): warning C4267: '-=' : conversion from 'size_t' to 'png_uint_32', possible loss of data
     1>..\..\gdal-2.0.2\frmts\png\libpng\pngpread.c(588): warning C4267: '-=' : conversion from 'size_t' to 'png_uint_32', possible loss of data
     1>..\..\gdal-2.0.2\frmts\png\libpng\pngpread.c(764): warning C4267: '-=' : conversion from 'size_t' to 'png_uint_32', possible loss of data
     1>..\..\gdal-2.0.2\frmts\png\libpng\pngpread.c(788): warning C4267: '-=' : conversion from 'size_t' to 'png_uint_32', possible loss of data
         pngread.c
     1>..\..\gdal-2.0.2\frmts\png\libpng\pngread.c(139): warning C4996: '_snprintf': This function or variable may be unsafe. Consider using _snprintf_s instead. To disable deprecation, use _CRT_SECURE_NO_WARNINGS. See online help for details.
                 c:\Program Files (x86)\Microsoft Visual Studio 10.0\VC\include\stdio.h(363) : see declaration of '_snprintf'
     1>..\..\gdal-2.0.2\frmts\png\libpng\pngread.c(144): warning C4996: '_snprintf': This function or variable may be unsafe. Consider using _snprintf_s instead. To disable deprecation, use _CRT_SECURE_NO_WARNINGS. See online help for details.
                 c:\Program Files (x86)\Microsoft Visual Studio 10.0\VC\include\stdio.h(363) : see declaration of '_snprintf'
     1>..\..\gdal-2.0.2\frmts\png\libpng\pngread.c(227): warning C4996: '_snprintf': This function or variable may be unsafe. Consider using _snprintf_s instead. To disable deprecation, use _CRT_SECURE_NO_WARNINGS. See online help for details.
                 c:\Program Files (x86)\Microsoft Visual Studio 10.0\VC\include\stdio.h(363) : see declaration of '_snprintf'
     1>..\..\gdal-2.0.2\frmts\png\libpng\pngread.c(232): warning C4996: '_snprintf': This function or variable may be unsafe. Consider using _snprintf_s instead. To disable deprecation, use _CRT_SECURE_NO_WARNINGS. See online help for details.
                 c:\Program Files (x86)\Microsoft Visual Studio 10.0\VC\include\stdio.h(363) : see declaration of '_snprintf'
         pngrio.c
         pngrtran.c
     1>..\..\gdal-2.0.2\frmts\png\libpng\pngrtran.c(1358): warning C4996: '_snprintf': This function or variable may be unsafe. Consider using _snprintf_s instead. To disable deprecation, use _CRT_SECURE_NO_WARNINGS. See online help for details.
                 c:\Program Files (x86)\Microsoft Visual Studio 10.0\VC\include\stdio.h(363) : see declaration of '_snprintf'
         pngrutil.c
     1>..\..\gdal-2.0.2\frmts\png\libpng\pngrutil.c(228): warning C4267: '=' : conversion from 'size_t' to 'uInt', possible loss of data
     1>..\..\gdal-2.0.2\frmts\png\libpng\pngrutil.c(238): warning C4267: '=' : conversion from 'size_t' to 'uInt', possible loss of data
     1>..\..\gdal-2.0.2\frmts\png\libpng\pngrutil.c(241): warning C4267: '=' : conversion from 'size_t' to 'int', possible loss of data
     1>..\..\gdal-2.0.2\frmts\png\libpng\pngrutil.c(295): warning C4996: '_snprintf': This function or variable may be unsafe. Consider using _snprintf_s instead. To disable deprecation, use _CRT_SECURE_NO_WARNINGS. See online help for details.
                 c:\Program Files (x86)\Microsoft Visual Studio 10.0\VC\include\stdio.h(363) : see declaration of '_snprintf'
     1>..\..\gdal-2.0.2\frmts\png\libpng\pngrutil.c(362): warning C4267: 'function' : conversion from 'size_t' to 'png_uint_32', possible loss of data
     1>..\..\gdal-2.0.2\frmts\png\libpng\pngrutil.c(395): warning C4996: '_snprintf': This function or variable may be unsafe. Consider using _snprintf_s instead. To disable deprecation, use _CRT_SECURE_NO_WARNINGS. See online help for details.
                 c:\Program Files (x86)\Microsoft Visual Studio 10.0\VC\include\stdio.h(363) : see declaration of '_snprintf'
     1>..\..\gdal-2.0.2\frmts\png\libpng\pngrutil.c(409): warning C4267: 'function' : conversion from 'size_t' to 'png_uint_32', possible loss of data
     1>..\..\gdal-2.0.2\frmts\png\libpng\pngrutil.c(1121): warning C4267: '=' : conversion from 'size_t' to 'png_uint_32', possible loss of data
     1>..\..\gdal-2.0.2\frmts\png\libpng\pngrutil.c(1238): warning C4267: '=' : conversion from 'size_t' to 'int', possible loss of data
     1>Done Building Project "K:\Components\LibraryV2\GDAL\GDAL_2.0.2_VC_Solution\libgdal-2.0.2\lib\libgdal2_lib.vcxproj" (build target(s)) -- FAILED.

Build FAILED.

Time Elapsed 00:00:12.54
