K:\Components\LibraryV2\GDAL\GDAL_2.1.0_VC_NoIntFilesCleanUp\3rdpart\geos-3.5.0\vc\x86\Release\AbstractPreparedPolygonContains.obj
K:\Components\LibraryV2\GDAL\GDAL_2.1.0_VC_NoIntFilesCleanUp\3rdpart\geos-3.5.0\vc\x86\Release\Angle.obj
K:\Components\LibraryV2\GDAL\GDAL_2.1.0_VC_NoIntFilesCleanUp\3rdpart\geos-3.5.0\vc\x86\Release\Assert.obj
K:\Components\LibraryV2\GDAL\GDAL_2.1.0_VC_NoIntFilesCleanUp\3rdpart\geos-3.5.0\vc\x86\Release\BasicPreparedGeometry.obj
K:\Components\LibraryV2\GDAL\GDAL_2.1.0_VC_NoIntFilesCleanUp\3rdpart\geos-3.5.0\vc\x86\Release\BasicSegmentString.obj
K:\Components\LibraryV2\GDAL\GDAL_2.1.0_VC_NoIntFilesCleanUp\3rdpart\geos-3.5.0\vc\x86\Release\BoundaryNodeRule.obj
K:\Components\LibraryV2\GDAL\GDAL_2.1.0_VC_NoIntFilesCleanUp\3rdpart\geos-3.5.0\vc\x86\Release\BufferBuilder.obj
K:\Components\LibraryV2\GDAL\GDAL_2.1.0_VC_NoIntFilesCleanUp\3rdpart\geos-3.5.0\vc\x86\Release\BufferInputLineSimplifier.obj
K:\Components\LibraryV2\GDAL\GDAL_2.1.0_VC_NoIntFilesCleanUp\3rdpart\geos-3.5.0\vc\x86\Release\BufferOp.obj
K:\Components\LibraryV2\GDAL\GDAL_2.1.0_VC_NoIntFilesCleanUp\3rdpart\geos-3.5.0\vc\x86\Release\BufferParameters.obj
K:\Components\LibraryV2\GDAL\GDAL_2.1.0_VC_NoIntFilesCleanUp\3rdpart\geos-3.5.0\vc\x86\Release\BufferSubgraph.obj
K:\Components\LibraryV2\GDAL\GDAL_2.1.0_VC_NoIntFilesCleanUp\3rdpart\geos-3.5.0\vc\x86\Release\ByteOrderDataInStream.obj
K:\Components\LibraryV2\GDAL\GDAL_2.1.0_VC_NoIntFilesCleanUp\3rdpart\geos-3.5.0\vc\x86\Release\ByteOrderValues.obj
K:\Components\LibraryV2\GDAL\GDAL_2.1.0_VC_NoIntFilesCleanUp\3rdpart\geos-3.5.0\vc\x86\Release\CascadedPolygonUnion.obj
K:\Components\LibraryV2\GDAL\GDAL_2.1.0_VC_NoIntFilesCleanUp\3rdpart\geos-3.5.0\vc\x86\Release\CascadedUnion.obj
K:\Components\LibraryV2\GDAL\GDAL_2.1.0_VC_NoIntFilesCleanUp\3rdpart\geos-3.5.0\vc\x86\Release\Centroid.obj
K:\Components\LibraryV2\GDAL\GDAL_2.1.0_VC_NoIntFilesCleanUp\3rdpart\geos-3.5.0\vc\x86\Release\CentroidArea.obj
K:\Components\LibraryV2\GDAL\GDAL_2.1.0_VC_NoIntFilesCleanUp\3rdpart\geos-3.5.0\vc\x86\Release\CentroidLine.obj
K:\Components\LibraryV2\GDAL\GDAL_2.1.0_VC_NoIntFilesCleanUp\3rdpart\geos-3.5.0\vc\x86\Release\CentroidPoint.obj
K:\Components\LibraryV2\GDAL\GDAL_2.1.0_VC_NoIntFilesCleanUp\3rdpart\geos-3.5.0\vc\x86\Release\CGAlgorithms.obj
K:\Components\LibraryV2\GDAL\GDAL_2.1.0_VC_NoIntFilesCleanUp\3rdpart\geos-3.5.0\vc\x86\Release\cl.command.1.tlog
K:\Components\LibraryV2\GDAL\GDAL_2.1.0_VC_NoIntFilesCleanUp\3rdpart\geos-3.5.0\vc\x86\Release\CL.read.1.tlog
K:\Components\LibraryV2\GDAL\GDAL_2.1.0_VC_NoIntFilesCleanUp\3rdpart\geos-3.5.0\vc\x86\Release\CL.write.1.tlog
K:\Components\LibraryV2\GDAL\GDAL_2.1.0_VC_NoIntFilesCleanUp\3rdpart\geos-3.5.0\vc\x86\Release\CLocalizer.obj
K:\Components\LibraryV2\GDAL\GDAL_2.1.0_VC_NoIntFilesCleanUp\3rdpart\geos-3.5.0\vc\x86\Release\CommonBits.obj
K:\Components\LibraryV2\GDAL\GDAL_2.1.0_VC_NoIntFilesCleanUp\3rdpart\geos-3.5.0\vc\x86\Release\CommonBitsOp.obj
K:\Components\LibraryV2\GDAL\GDAL_2.1.0_VC_NoIntFilesCleanUp\3rdpart\geos-3.5.0\vc\x86\Release\CommonBitsRemover.obj
K:\Components\LibraryV2\GDAL\GDAL_2.1.0_VC_NoIntFilesCleanUp\3rdpart\geos-3.5.0\vc\x86\Release\ComponentCoordinateExtracter.obj
K:\Components\LibraryV2\GDAL\GDAL_2.1.0_VC_NoIntFilesCleanUp\3rdpart\geos-3.5.0\vc\x86\Release\ConnectedElementLocationFilter.obj
K:\Components\LibraryV2\GDAL\GDAL_2.1.0_VC_NoIntFilesCleanUp\3rdpart\geos-3.5.0\vc\x86\Release\ConnectedElementPointFilter.obj
K:\Components\LibraryV2\GDAL\GDAL_2.1.0_VC_NoIntFilesCleanUp\3rdpart\geos-3.5.0\vc\x86\Release\ConnectedInteriorTester.obj
K:\Components\LibraryV2\GDAL\GDAL_2.1.0_VC_NoIntFilesCleanUp\3rdpart\geos-3.5.0\vc\x86\Release\ConnectedSubgraphFinder.obj
K:\Components\LibraryV2\GDAL\GDAL_2.1.0_VC_NoIntFilesCleanUp\3rdpart\geos-3.5.0\vc\x86\Release\ConsistentAreaTester.obj
K:\Components\LibraryV2\GDAL\GDAL_2.1.0_VC_NoIntFilesCleanUp\3rdpart\geos-3.5.0\vc\x86\Release\ConvexHull.obj
K:\Components\LibraryV2\GDAL\GDAL_2.1.0_VC_NoIntFilesCleanUp\3rdpart\geos-3.5.0\vc\x86\Release\Coordinate.obj
K:\Components\LibraryV2\GDAL\GDAL_2.1.0_VC_NoIntFilesCleanUp\3rdpart\geos-3.5.0\vc\x86\Release\CoordinateArraySequence.obj
K:\Components\LibraryV2\GDAL\GDAL_2.1.0_VC_NoIntFilesCleanUp\3rdpart\geos-3.5.0\vc\x86\Release\CoordinateArraySequenceFactory.obj
K:\Components\LibraryV2\GDAL\GDAL_2.1.0_VC_NoIntFilesCleanUp\3rdpart\geos-3.5.0\vc\x86\Release\CoordinateOperation.obj
K:\Components\LibraryV2\GDAL\GDAL_2.1.0_VC_NoIntFilesCleanUp\3rdpart\geos-3.5.0\vc\x86\Release\CoordinateSequence.obj
K:\Components\LibraryV2\GDAL\GDAL_2.1.0_VC_NoIntFilesCleanUp\3rdpart\geos-3.5.0\vc\x86\Release\CoordinateSequenceFactory.obj
K:\Components\LibraryV2\GDAL\GDAL_2.1.0_VC_NoIntFilesCleanUp\3rdpart\geos-3.5.0\vc\x86\Release\DelaunayTriangulationBuilder.obj
K:\Components\LibraryV2\GDAL\GDAL_2.1.0_VC_NoIntFilesCleanUp\3rdpart\geos-3.5.0\vc\x86\Release\Depth.obj
K:\Components\LibraryV2\GDAL\GDAL_2.1.0_VC_NoIntFilesCleanUp\3rdpart\geos-3.5.0\vc\x86\Release\Dimension.obj
K:\Components\LibraryV2\GDAL\GDAL_2.1.0_VC_NoIntFilesCleanUp\3rdpart\geos-3.5.0\vc\x86\Release\DirectedEdge.obj
K:\Components\LibraryV2\GDAL\GDAL_2.1.0_VC_NoIntFilesCleanUp\3rdpart\geos-3.5.0\vc\x86\Release\DirectedEdgeStar.obj
K:\Components\LibraryV2\GDAL\GDAL_2.1.0_VC_NoIntFilesCleanUp\3rdpart\geos-3.5.0\vc\x86\Release\DiscreteHausdorffDistance.obj
K:\Components\LibraryV2\GDAL\GDAL_2.1.0_VC_NoIntFilesCleanUp\3rdpart\geos-3.5.0\vc\x86\Release\DistanceOp.obj
K:\Components\LibraryV2\GDAL\GDAL_2.1.0_VC_NoIntFilesCleanUp\3rdpart\geos-3.5.0\vc\x86\Release\DistanceToPoint.obj
K:\Components\LibraryV2\GDAL\GDAL_2.1.0_VC_NoIntFilesCleanUp\3rdpart\geos-3.5.0\vc\x86\Release\DouglasPeuckerLineSimplifier.obj
K:\Components\LibraryV2\GDAL\GDAL_2.1.0_VC_NoIntFilesCleanUp\3rdpart\geos-3.5.0\vc\x86\Release\DouglasPeuckerSimplifier.obj
K:\Components\LibraryV2\GDAL\GDAL_2.1.0_VC_NoIntFilesCleanUp\3rdpart\geos-3.5.0\vc\x86\Release\Edge.obj
K:\Components\LibraryV2\GDAL\GDAL_2.1.0_VC_NoIntFilesCleanUp\3rdpart\geos-3.5.0\vc\x86\Release\EdgeEnd.obj
K:\Components\LibraryV2\GDAL\GDAL_2.1.0_VC_NoIntFilesCleanUp\3rdpart\geos-3.5.0\vc\x86\Release\EdgeEndBuilder.obj
K:\Components\LibraryV2\GDAL\GDAL_2.1.0_VC_NoIntFilesCleanUp\3rdpart\geos-3.5.0\vc\x86\Release\EdgeEndBundle.obj
K:\Components\LibraryV2\GDAL\GDAL_2.1.0_VC_NoIntFilesCleanUp\3rdpart\geos-3.5.0\vc\x86\Release\EdgeEndBundleStar.obj
K:\Components\LibraryV2\GDAL\GDAL_2.1.0_VC_NoIntFilesCleanUp\3rdpart\geos-3.5.0\vc\x86\Release\EdgeEndStar.obj
K:\Components\LibraryV2\GDAL\GDAL_2.1.0_VC_NoIntFilesCleanUp\3rdpart\geos-3.5.0\vc\x86\Release\EdgeIntersectionList.obj
K:\Components\LibraryV2\GDAL\GDAL_2.1.0_VC_NoIntFilesCleanUp\3rdpart\geos-3.5.0\vc\x86\Release\EdgeList.obj
K:\Components\LibraryV2\GDAL\GDAL_2.1.0_VC_NoIntFilesCleanUp\3rdpart\geos-3.5.0\vc\x86\Release\EdgeNodingValidator.obj
K:\Components\LibraryV2\GDAL\GDAL_2.1.0_VC_NoIntFilesCleanUp\3rdpart\geos-3.5.0\vc\x86\Release\EdgeRing.obj
K:\Components\LibraryV2\GDAL\GDAL_2.1.0_VC_NoIntFilesCleanUp\3rdpart\geos-3.5.0\vc\x86\Release\EdgeSetNoder.obj
K:\Components\LibraryV2\GDAL\GDAL_2.1.0_VC_NoIntFilesCleanUp\3rdpart\geos-3.5.0\vc\x86\Release\EdgeString.obj
K:\Components\LibraryV2\GDAL\GDAL_2.1.0_VC_NoIntFilesCleanUp\3rdpart\geos-3.5.0\vc\x86\Release\ElevationMatrix.obj
K:\Components\LibraryV2\GDAL\GDAL_2.1.0_VC_NoIntFilesCleanUp\3rdpart\geos-3.5.0\vc\x86\Release\ElevationMatrixCell.obj
K:\Components\LibraryV2\GDAL\GDAL_2.1.0_VC_NoIntFilesCleanUp\3rdpart\geos-3.5.0\vc\x86\Release\EnhancedPrecisionOp.obj
K:\Components\LibraryV2\GDAL\GDAL_2.1.0_VC_NoIntFilesCleanUp\3rdpart\geos-3.5.0\vc\x86\Release\Envelope.obj
K:\Components\LibraryV2\GDAL\GDAL_2.1.0_VC_NoIntFilesCleanUp\3rdpart\geos-3.5.0\vc\x86\Release\ExtractLineByLocation.obj
K:\Components\LibraryV2\GDAL\GDAL_2.1.0_VC_NoIntFilesCleanUp\3rdpart\geos-3.5.0\vc\x86\Release\FastNodingValidator.obj
K:\Components\LibraryV2\GDAL\GDAL_2.1.0_VC_NoIntFilesCleanUp\3rdpart\geos-3.5.0\vc\x86\Release\FastSegmentSetIntersectionFinder.obj
K:\Components\LibraryV2\GDAL\GDAL_2.1.0_VC_NoIntFilesCleanUp\3rdpart\geos-3.5.0\vc\x86\Release\FuzzyPointLocator.obj
K:\Components\LibraryV2\GDAL\GDAL_2.1.0_VC_NoIntFilesCleanUp\3rdpart\geos-3.5.0\vc\x86\Release\GeometricShapeFactory.obj
K:\Components\LibraryV2\GDAL\GDAL_2.1.0_VC_NoIntFilesCleanUp\3rdpart\geos-3.5.0\vc\x86\Release\Geometry.obj
K:\Components\LibraryV2\GDAL\GDAL_2.1.0_VC_NoIntFilesCleanUp\3rdpart\geos-3.5.0\vc\x86\Release\GeometryCollection.obj
K:\Components\LibraryV2\GDAL\GDAL_2.1.0_VC_NoIntFilesCleanUp\3rdpart\geos-3.5.0\vc\x86\Release\GeometryCombiner.obj
K:\Components\LibraryV2\GDAL\GDAL_2.1.0_VC_NoIntFilesCleanUp\3rdpart\geos-3.5.0\vc\x86\Release\GeometryComponentFilter.obj
K:\Components\LibraryV2\GDAL\GDAL_2.1.0_VC_NoIntFilesCleanUp\3rdpart\geos-3.5.0\vc\x86\Release\GeometryEditor.obj
K:\Components\LibraryV2\GDAL\GDAL_2.1.0_VC_NoIntFilesCleanUp\3rdpart\geos-3.5.0\vc\x86\Release\GeometryFactory.obj
K:\Components\LibraryV2\GDAL\GDAL_2.1.0_VC_NoIntFilesCleanUp\3rdpart\geos-3.5.0\vc\x86\Release\GeometryGraph.obj
K:\Components\LibraryV2\GDAL\GDAL_2.1.0_VC_NoIntFilesCleanUp\3rdpart\geos-3.5.0\vc\x86\Release\GeometryGraphOperation.obj
K:\Components\LibraryV2\GDAL\GDAL_2.1.0_VC_NoIntFilesCleanUp\3rdpart\geos-3.5.0\vc\x86\Release\GeometryList.obj
K:\Components\LibraryV2\GDAL\GDAL_2.1.0_VC_NoIntFilesCleanUp\3rdpart\geos-3.5.0\vc\x86\Release\GeometryLocation.obj
K:\Components\LibraryV2\GDAL\GDAL_2.1.0_VC_NoIntFilesCleanUp\3rdpart\geos-3.5.0\vc\x86\Release\GeometryNoder.obj
K:\Components\LibraryV2\GDAL\GDAL_2.1.0_VC_NoIntFilesCleanUp\3rdpart\geos-3.5.0\vc\x86\Release\GeometryPrecisionReducer.obj
K:\Components\LibraryV2\GDAL\GDAL_2.1.0_VC_NoIntFilesCleanUp\3rdpart\geos-3.5.0\vc\x86\Release\GeometrySnapper.obj
K:\Components\LibraryV2\GDAL\GDAL_2.1.0_VC_NoIntFilesCleanUp\3rdpart\geos-3.5.0\vc\x86\Release\GeometryTransformer.obj
K:\Components\LibraryV2\GDAL\GDAL_2.1.0_VC_NoIntFilesCleanUp\3rdpart\geos-3.5.0\vc\x86\Release\GraphComponent.obj
K:\Components\LibraryV2\GDAL\GDAL_2.1.0_VC_NoIntFilesCleanUp\3rdpart\geos-3.5.0\vc\x86\Release\HCoordinate.obj
K:\Components\LibraryV2\GDAL\GDAL_2.1.0_VC_NoIntFilesCleanUp\3rdpart\geos-3.5.0\vc\x86\Release\HotPixel.obj
K:\Components\LibraryV2\GDAL\GDAL_2.1.0_VC_NoIntFilesCleanUp\3rdpart\geos-3.5.0\vc\x86\Release\IncrementalDelaunayTriangulator.obj
K:\Components\LibraryV2\GDAL\GDAL_2.1.0_VC_NoIntFilesCleanUp\3rdpart\geos-3.5.0\vc\x86\Release\IndexedNestedRingTester.obj
K:\Components\LibraryV2\GDAL\GDAL_2.1.0_VC_NoIntFilesCleanUp\3rdpart\geos-3.5.0\vc\x86\Release\IndexedPointInAreaLocator.obj
K:\COMPONENTS\LIBRARYV2\GDAL\GDAL_2.1.0_VC_NOINTFILESCLEANUP\3RDPART\GEOS-3.5.0\VC\X86\RELEASE\INLINES.OBJ
K:\Components\LibraryV2\GDAL\GDAL_2.1.0_VC_NoIntFilesCleanUp\3rdpart\geos-3.5.0\vc\x86\Release\InteriorPointArea.obj
K:\Components\LibraryV2\GDAL\GDAL_2.1.0_VC_NoIntFilesCleanUp\3rdpart\geos-3.5.0\vc\x86\Release\InteriorPointLine.obj
K:\Components\LibraryV2\GDAL\GDAL_2.1.0_VC_NoIntFilesCleanUp\3rdpart\geos-3.5.0\vc\x86\Release\InteriorPointPoint.obj
K:\Components\LibraryV2\GDAL\GDAL_2.1.0_VC_NoIntFilesCleanUp\3rdpart\geos-3.5.0\vc\x86\Release\Interrupt.obj
K:\Components\LibraryV2\GDAL\GDAL_2.1.0_VC_NoIntFilesCleanUp\3rdpart\geos-3.5.0\vc\x86\Release\IntersectionAdder.obj
K:\Components\LibraryV2\GDAL\GDAL_2.1.0_VC_NoIntFilesCleanUp\3rdpart\geos-3.5.0\vc\x86\Release\IntersectionFinderAdder.obj
K:\Components\LibraryV2\GDAL\GDAL_2.1.0_VC_NoIntFilesCleanUp\3rdpart\geos-3.5.0\vc\x86\Release\IntersectionMatrix.obj
K:\Components\LibraryV2\GDAL\GDAL_2.1.0_VC_NoIntFilesCleanUp\3rdpart\geos-3.5.0\vc\x86\Release\IntervalRTreeBranchNode.obj
K:\Components\LibraryV2\GDAL\GDAL_2.1.0_VC_NoIntFilesCleanUp\3rdpart\geos-3.5.0\vc\x86\Release\IntervalRTreeLeafNode.obj
K:\Components\LibraryV2\GDAL\GDAL_2.1.0_VC_NoIntFilesCleanUp\3rdpart\geos-3.5.0\vc\x86\Release\IntervalRTreeNode.obj
K:\Components\LibraryV2\GDAL\GDAL_2.1.0_VC_NoIntFilesCleanUp\3rdpart\geos-3.5.0\vc\x86\Release\IsSimpleOp.obj
K:\Components\LibraryV2\GDAL\GDAL_2.1.0_VC_NoIntFilesCleanUp\3rdpart\geos-3.5.0\vc\x86\Release\IsValidOp.obj
K:\Components\LibraryV2\GDAL\GDAL_2.1.0_VC_NoIntFilesCleanUp\3rdpart\geos-3.5.0\vc\x86\Release\IteratedNoder.obj
K:\Components\LibraryV2\GDAL\GDAL_2.1.0_VC_NoIntFilesCleanUp\3rdpart\geos-3.5.0\vc\x86\Release\Label.obj
K:\Components\LibraryV2\GDAL\GDAL_2.1.0_VC_NoIntFilesCleanUp\3rdpart\geos-3.5.0\vc\x86\Release\LastFoundQuadEdgeLocator.obj
K:\Components\LibraryV2\GDAL\GDAL_2.1.0_VC_NoIntFilesCleanUp\3rdpart\geos-3.5.0\vc\x86\Release\LengthIndexedLine.obj
K:\Components\LibraryV2\GDAL\GDAL_2.1.0_VC_NoIntFilesCleanUp\3rdpart\geos-3.5.0\vc\x86\Release\LengthIndexOfPoint.obj
K:\Components\LibraryV2\GDAL\GDAL_2.1.0_VC_NoIntFilesCleanUp\3rdpart\geos-3.5.0\vc\x86\Release\LengthLocationMap.obj
K:\Components\LibraryV2\GDAL\GDAL_2.1.0_VC_NoIntFilesCleanUp\3rdpart\geos-3.5.0\vc\x86\Release\LinearComponentExtracter.obj
K:\Components\LibraryV2\GDAL\GDAL_2.1.0_VC_NoIntFilesCleanUp\3rdpart\geos-3.5.0\vc\x86\Release\LinearGeometryBuilder.obj
K:\Components\LibraryV2\GDAL\GDAL_2.1.0_VC_NoIntFilesCleanUp\3rdpart\geos-3.5.0\vc\x86\Release\LinearIterator.obj
K:\Components\LibraryV2\GDAL\GDAL_2.1.0_VC_NoIntFilesCleanUp\3rdpart\geos-3.5.0\vc\x86\Release\LinearLocation.obj
K:\Components\LibraryV2\GDAL\GDAL_2.1.0_VC_NoIntFilesCleanUp\3rdpart\geos-3.5.0\vc\x86\Release\LinearRing.obj
K:\Components\LibraryV2\GDAL\GDAL_2.1.0_VC_NoIntFilesCleanUp\3rdpart\geos-3.5.0\vc\x86\Release\LineBuilder.obj
K:\Components\LibraryV2\GDAL\GDAL_2.1.0_VC_NoIntFilesCleanUp\3rdpart\geos-3.5.0\vc\x86\Release\LineIntersector.obj
K:\Components\LibraryV2\GDAL\GDAL_2.1.0_VC_NoIntFilesCleanUp\3rdpart\geos-3.5.0\vc\x86\Release\LineMergeDirectedEdge.obj
K:\Components\LibraryV2\GDAL\GDAL_2.1.0_VC_NoIntFilesCleanUp\3rdpart\geos-3.5.0\vc\x86\Release\LineMergeEdge.obj
K:\Components\LibraryV2\GDAL\GDAL_2.1.0_VC_NoIntFilesCleanUp\3rdpart\geos-3.5.0\vc\x86\Release\LineMergeGraph.obj
K:\Components\LibraryV2\GDAL\GDAL_2.1.0_VC_NoIntFilesCleanUp\3rdpart\geos-3.5.0\vc\x86\Release\LineMerger.obj
K:\Components\LibraryV2\GDAL\GDAL_2.1.0_VC_NoIntFilesCleanUp\3rdpart\geos-3.5.0\vc\x86\Release\LineSegment.obj
K:\Components\LibraryV2\GDAL\GDAL_2.1.0_VC_NoIntFilesCleanUp\3rdpart\geos-3.5.0\vc\x86\Release\LineSegmentIndex.obj
K:\Components\LibraryV2\GDAL\GDAL_2.1.0_VC_NoIntFilesCleanUp\3rdpart\geos-3.5.0\vc\x86\Release\LineSequencer.obj
K:\Components\LibraryV2\GDAL\GDAL_2.1.0_VC_NoIntFilesCleanUp\3rdpart\geos-3.5.0\vc\x86\Release\LineString.obj
K:\Components\LibraryV2\GDAL\GDAL_2.1.0_VC_NoIntFilesCleanUp\3rdpart\geos-3.5.0\vc\x86\Release\LineStringSnapper.obj
K:\Components\LibraryV2\GDAL\GDAL_2.1.0_VC_NoIntFilesCleanUp\3rdpart\geos-3.5.0\vc\x86\Release\link.command.1.tlog
K:\Components\LibraryV2\GDAL\GDAL_2.1.0_VC_NoIntFilesCleanUp\3rdpart\geos-3.5.0\vc\x86\Release\link.read.1.tlog
K:\Components\LibraryV2\GDAL\GDAL_2.1.0_VC_NoIntFilesCleanUp\3rdpart\geos-3.5.0\vc\x86\Release\link.write.1.tlog
K:\Components\LibraryV2\GDAL\GDAL_2.1.0_VC_NoIntFilesCleanUp\3rdpart\geos-3.5.0\vc\x86\Release\LocateFailureException.obj
K:\Components\LibraryV2\GDAL\GDAL_2.1.0_VC_NoIntFilesCleanUp\3rdpart\geos-3.5.0\vc\x86\Release\Location.obj
K:\Components\LibraryV2\GDAL\GDAL_2.1.0_VC_NoIntFilesCleanUp\3rdpart\geos-3.5.0\vc\x86\Release\LocationIndexOfLine.obj
K:\Components\LibraryV2\GDAL\GDAL_2.1.0_VC_NoIntFilesCleanUp\3rdpart\geos-3.5.0\vc\x86\Release\LocationIndexOfPoint.obj
K:\Components\LibraryV2\GDAL\GDAL_2.1.0_VC_NoIntFilesCleanUp\3rdpart\geos-3.5.0\vc\x86\Release\math.obj
K:\Components\LibraryV2\GDAL\GDAL_2.1.0_VC_NoIntFilesCleanUp\3rdpart\geos-3.5.0\vc\x86\Release\MaximalEdgeRing.obj
K:\Components\LibraryV2\GDAL\GDAL_2.1.0_VC_NoIntFilesCleanUp\3rdpart\geos-3.5.0\vc\x86\Release\MCIndexNoder.obj
K:\Components\LibraryV2\GDAL\GDAL_2.1.0_VC_NoIntFilesCleanUp\3rdpart\geos-3.5.0\vc\x86\Release\MCIndexPointSnapper.obj
K:\Components\LibraryV2\GDAL\GDAL_2.1.0_VC_NoIntFilesCleanUp\3rdpart\geos-3.5.0\vc\x86\Release\MCIndexSegmentSetMutualIntersector.obj
K:\Components\LibraryV2\GDAL\GDAL_2.1.0_VC_NoIntFilesCleanUp\3rdpart\geos-3.5.0\vc\x86\Release\MCIndexSnapRounder.obj
K:\Components\LibraryV2\GDAL\GDAL_2.1.0_VC_NoIntFilesCleanUp\3rdpart\geos-3.5.0\vc\x86\Release\MCPointInRing.obj
K:\Components\LibraryV2\GDAL\GDAL_2.1.0_VC_NoIntFilesCleanUp\3rdpart\geos-3.5.0\vc\x86\Release\MinimalEdgeRing.obj
K:\Components\LibraryV2\GDAL\GDAL_2.1.0_VC_NoIntFilesCleanUp\3rdpart\geos-3.5.0\vc\x86\Release\MinimumDiameter.obj
K:\Components\LibraryV2\GDAL\GDAL_2.1.0_VC_NoIntFilesCleanUp\3rdpart\geos-3.5.0\vc\x86\Release\MonotoneChain.obj
K:\Components\LibraryV2\GDAL\GDAL_2.1.0_VC_NoIntFilesCleanUp\3rdpart\geos-3.5.0\vc\x86\Release\MonotoneChainBuilder.obj
K:\Components\LibraryV2\GDAL\GDAL_2.1.0_VC_NoIntFilesCleanUp\3rdpart\geos-3.5.0\vc\x86\Release\MonotoneChainEdge.obj
K:\Components\LibraryV2\GDAL\GDAL_2.1.0_VC_NoIntFilesCleanUp\3rdpart\geos-3.5.0\vc\x86\Release\MonotoneChainIndexer.obj
K:\Components\LibraryV2\GDAL\GDAL_2.1.0_VC_NoIntFilesCleanUp\3rdpart\geos-3.5.0\vc\x86\Release\MonotoneChainOverlapAction.obj
K:\Components\LibraryV2\GDAL\GDAL_2.1.0_VC_NoIntFilesCleanUp\3rdpart\geos-3.5.0\vc\x86\Release\MonotoneChainSelectAction.obj
K:\Components\LibraryV2\GDAL\GDAL_2.1.0_VC_NoIntFilesCleanUp\3rdpart\geos-3.5.0\vc\x86\Release\mt.command.1.tlog
K:\Components\LibraryV2\GDAL\GDAL_2.1.0_VC_NoIntFilesCleanUp\3rdpart\geos-3.5.0\vc\x86\Release\mt.read.1.tlog
K:\Components\LibraryV2\GDAL\GDAL_2.1.0_VC_NoIntFilesCleanUp\3rdpart\geos-3.5.0\vc\x86\Release\mt.write.1.tlog
K:\Components\LibraryV2\GDAL\GDAL_2.1.0_VC_NoIntFilesCleanUp\3rdpart\geos-3.5.0\vc\x86\Release\MultiLineString.obj
K:\Components\LibraryV2\GDAL\GDAL_2.1.0_VC_NoIntFilesCleanUp\3rdpart\geos-3.5.0\vc\x86\Release\MultiPoint.obj
K:\Components\LibraryV2\GDAL\GDAL_2.1.0_VC_NoIntFilesCleanUp\3rdpart\geos-3.5.0\vc\x86\Release\MultiPolygon.obj
K:\Components\LibraryV2\GDAL\GDAL_2.1.0_VC_NoIntFilesCleanUp\3rdpart\geos-3.5.0\vc\x86\Release\Node.obj
K:\Components\LibraryV2\GDAL\GDAL_2.1.0_VC_NoIntFilesCleanUp\3rdpart\geos-3.5.0\vc\x86\Release\NodedSegmentString.obj
K:\Components\LibraryV2\GDAL\GDAL_2.1.0_VC_NoIntFilesCleanUp\3rdpart\geos-3.5.0\vc\x86\Release\NodeFactory.obj
K:\Components\LibraryV2\GDAL\GDAL_2.1.0_VC_NoIntFilesCleanUp\3rdpart\geos-3.5.0\vc\x86\Release\NodeMap.obj
K:\Components\LibraryV2\GDAL\GDAL_2.1.0_VC_NoIntFilesCleanUp\3rdpart\geos-3.5.0\vc\x86\Release\NodingValidator.obj
K:\Components\LibraryV2\GDAL\GDAL_2.1.0_VC_NoIntFilesCleanUp\3rdpart\geos-3.5.0\vc\x86\Release\NotRepresentableException.obj
K:\Components\LibraryV2\GDAL\GDAL_2.1.0_VC_NoIntFilesCleanUp\3rdpart\geos-3.5.0\vc\x86\Release\Octant.obj
K:\Components\LibraryV2\GDAL\GDAL_2.1.0_VC_NoIntFilesCleanUp\3rdpart\geos-3.5.0\vc\x86\Release\OffsetCurveBuilder.obj
K:\Components\LibraryV2\GDAL\GDAL_2.1.0_VC_NoIntFilesCleanUp\3rdpart\geos-3.5.0\vc\x86\Release\OffsetCurveSetBuilder.obj
K:\Components\LibraryV2\GDAL\GDAL_2.1.0_VC_NoIntFilesCleanUp\3rdpart\geos-3.5.0\vc\x86\Release\OffsetPointGenerator.obj
K:\Components\LibraryV2\GDAL\GDAL_2.1.0_VC_NoIntFilesCleanUp\3rdpart\geos-3.5.0\vc\x86\Release\OffsetSegmentGenerator.obj
K:\Components\LibraryV2\GDAL\GDAL_2.1.0_VC_NoIntFilesCleanUp\3rdpart\geos-3.5.0\vc\x86\Release\OrientedCoordinateArray.obj
K:\Components\LibraryV2\GDAL\GDAL_2.1.0_VC_NoIntFilesCleanUp\3rdpart\geos-3.5.0\vc\x86\Release\OverlayNodeFactory.obj
K:\Components\LibraryV2\GDAL\GDAL_2.1.0_VC_NoIntFilesCleanUp\3rdpart\geos-3.5.0\vc\x86\Release\OverlayOp.obj
K:\Components\LibraryV2\GDAL\GDAL_2.1.0_VC_NoIntFilesCleanUp\3rdpart\geos-3.5.0\vc\x86\Release\OverlayResultValidator.obj
K:\Components\LibraryV2\GDAL\GDAL_2.1.0_VC_NoIntFilesCleanUp\3rdpart\geos-3.5.0\vc\x86\Release\ParseException.obj
K:\Components\LibraryV2\GDAL\GDAL_2.1.0_VC_NoIntFilesCleanUp\3rdpart\geos-3.5.0\vc\x86\Release\PlanarGraph.obj
K:\Components\LibraryV2\GDAL\GDAL_2.1.0_VC_NoIntFilesCleanUp\3rdpart\geos-3.5.0\vc\x86\Release\Point.obj
K:\Components\LibraryV2\GDAL\GDAL_2.1.0_VC_NoIntFilesCleanUp\3rdpart\geos-3.5.0\vc\x86\Release\PointBuilder.obj
K:\Components\LibraryV2\GDAL\GDAL_2.1.0_VC_NoIntFilesCleanUp\3rdpart\geos-3.5.0\vc\x86\Release\PointExtracter.obj
K:\Components\LibraryV2\GDAL\GDAL_2.1.0_VC_NoIntFilesCleanUp\3rdpart\geos-3.5.0\vc\x86\Release\PointGeometryUnion.obj
K:\Components\LibraryV2\GDAL\GDAL_2.1.0_VC_NoIntFilesCleanUp\3rdpart\geos-3.5.0\vc\x86\Release\PointLocator.obj
K:\Components\LibraryV2\GDAL\GDAL_2.1.0_VC_NoIntFilesCleanUp\3rdpart\geos-3.5.0\vc\x86\Release\PointOnGeometryLocator.obj
K:\Components\LibraryV2\GDAL\GDAL_2.1.0_VC_NoIntFilesCleanUp\3rdpart\geos-3.5.0\vc\x86\Release\Polygon.obj
K:\Components\LibraryV2\GDAL\GDAL_2.1.0_VC_NoIntFilesCleanUp\3rdpart\geos-3.5.0\vc\x86\Release\PolygonBuilder.obj
K:\Components\LibraryV2\GDAL\GDAL_2.1.0_VC_NoIntFilesCleanUp\3rdpart\geos-3.5.0\vc\x86\Release\PolygonExtracter.obj
K:\Components\LibraryV2\GDAL\GDAL_2.1.0_VC_NoIntFilesCleanUp\3rdpart\geos-3.5.0\vc\x86\Release\Position.obj
K:\Components\LibraryV2\GDAL\GDAL_2.1.0_VC_NoIntFilesCleanUp\3rdpart\geos-3.5.0\vc\x86\Release\PrecisionModel.obj
K:\Components\LibraryV2\GDAL\GDAL_2.1.0_VC_NoIntFilesCleanUp\3rdpart\geos-3.5.0\vc\x86\Release\PrecisionReducerCoordinateOperation.obj
K:\Components\LibraryV2\GDAL\GDAL_2.1.0_VC_NoIntFilesCleanUp\3rdpart\geos-3.5.0\vc\x86\Release\PreparedGeometry.obj
K:\Components\LibraryV2\GDAL\GDAL_2.1.0_VC_NoIntFilesCleanUp\3rdpart\geos-3.5.0\vc\x86\Release\PreparedGeometryFactory.obj
K:\Components\LibraryV2\GDAL\GDAL_2.1.0_VC_NoIntFilesCleanUp\3rdpart\geos-3.5.0\vc\x86\Release\PreparedLineString.obj
K:\Components\LibraryV2\GDAL\GDAL_2.1.0_VC_NoIntFilesCleanUp\3rdpart\geos-3.5.0\vc\x86\Release\PreparedLineStringIntersects.obj
K:\Components\LibraryV2\GDAL\GDAL_2.1.0_VC_NoIntFilesCleanUp\3rdpart\geos-3.5.0\vc\x86\Release\PreparedPoint.obj
K:\Components\LibraryV2\GDAL\GDAL_2.1.0_VC_NoIntFilesCleanUp\3rdpart\geos-3.5.0\vc\x86\Release\PreparedPolygon.obj
K:\Components\LibraryV2\GDAL\GDAL_2.1.0_VC_NoIntFilesCleanUp\3rdpart\geos-3.5.0\vc\x86\Release\PreparedPolygonContains.obj
K:\Components\LibraryV2\GDAL\GDAL_2.1.0_VC_NoIntFilesCleanUp\3rdpart\geos-3.5.0\vc\x86\Release\PreparedPolygonContainsProperly.obj
K:\Components\LibraryV2\GDAL\GDAL_2.1.0_VC_NoIntFilesCleanUp\3rdpart\geos-3.5.0\vc\x86\Release\PreparedPolygonCovers.obj
K:\Components\LibraryV2\GDAL\GDAL_2.1.0_VC_NoIntFilesCleanUp\3rdpart\geos-3.5.0\vc\x86\Release\PreparedPolygonIntersects.obj
K:\Components\LibraryV2\GDAL\GDAL_2.1.0_VC_NoIntFilesCleanUp\3rdpart\geos-3.5.0\vc\x86\Release\PreparedPolygonPredicate.obj
K:\Components\LibraryV2\GDAL\GDAL_2.1.0_VC_NoIntFilesCleanUp\3rdpart\geos-3.5.0\vc\x86\Release\Profiler.obj
K:\Components\LibraryV2\GDAL\GDAL_2.1.0_VC_NoIntFilesCleanUp\3rdpart\geos-3.5.0\vc\x86\Release\QuadEdge.obj
K:\Components\LibraryV2\GDAL\GDAL_2.1.0_VC_NoIntFilesCleanUp\3rdpart\geos-3.5.0\vc\x86\Release\QuadEdgeLocator.obj
K:\Components\LibraryV2\GDAL\GDAL_2.1.0_VC_NoIntFilesCleanUp\3rdpart\geos-3.5.0\vc\x86\Release\QuadEdgeSubdivision.obj
K:\Components\LibraryV2\GDAL\GDAL_2.1.0_VC_NoIntFilesCleanUp\3rdpart\geos-3.5.0\vc\x86\Release\Quadrant.obj
K:\Components\LibraryV2\GDAL\GDAL_2.1.0_VC_NoIntFilesCleanUp\3rdpart\geos-3.5.0\vc\x86\Release\QuadtreeNestedRingTester.obj
K:\Components\LibraryV2\GDAL\GDAL_2.1.0_VC_NoIntFilesCleanUp\3rdpart\geos-3.5.0\vc\x86\Release\RayCrossingCounter.obj
K:\Components\LibraryV2\GDAL\GDAL_2.1.0_VC_NoIntFilesCleanUp\3rdpart\geos-3.5.0\vc\x86\Release\Rectangle.obj
K:\Components\LibraryV2\GDAL\GDAL_2.1.0_VC_NoIntFilesCleanUp\3rdpart\geos-3.5.0\vc\x86\Release\RectangleContains.obj
K:\Components\LibraryV2\GDAL\GDAL_2.1.0_VC_NoIntFilesCleanUp\3rdpart\geos-3.5.0\vc\x86\Release\RectangleIntersection.obj
K:\Components\LibraryV2\GDAL\GDAL_2.1.0_VC_NoIntFilesCleanUp\3rdpart\geos-3.5.0\vc\x86\Release\RectangleIntersectionBuilder.obj
K:\Components\LibraryV2\GDAL\GDAL_2.1.0_VC_NoIntFilesCleanUp\3rdpart\geos-3.5.0\vc\x86\Release\RectangleIntersects.obj
K:\Components\LibraryV2\GDAL\GDAL_2.1.0_VC_NoIntFilesCleanUp\3rdpart\geos-3.5.0\vc\x86\Release\RelateComputer.obj
K:\Components\LibraryV2\GDAL\GDAL_2.1.0_VC_NoIntFilesCleanUp\3rdpart\geos-3.5.0\vc\x86\Release\RelateNode.obj
K:\Components\LibraryV2\GDAL\GDAL_2.1.0_VC_NoIntFilesCleanUp\3rdpart\geos-3.5.0\vc\x86\Release\RelateNodeFactory.obj
K:\Components\LibraryV2\GDAL\GDAL_2.1.0_VC_NoIntFilesCleanUp\3rdpart\geos-3.5.0\vc\x86\Release\RelateNodeGraph.obj
K:\Components\LibraryV2\GDAL\GDAL_2.1.0_VC_NoIntFilesCleanUp\3rdpart\geos-3.5.0\vc\x86\Release\RelateOp.obj
K:\Components\LibraryV2\GDAL\GDAL_2.1.0_VC_NoIntFilesCleanUp\3rdpart\geos-3.5.0\vc\x86\Release\RepeatedPointTester.obj
K:\Components\LibraryV2\GDAL\GDAL_2.1.0_VC_NoIntFilesCleanUp\3rdpart\geos-3.5.0\vc\x86\Release\RightmostEdgeFinder.obj
K:\Components\LibraryV2\GDAL\GDAL_2.1.0_VC_NoIntFilesCleanUp\3rdpart\geos-3.5.0\vc\x86\Release\RobustDeterminant.obj
K:\Components\LibraryV2\GDAL\GDAL_2.1.0_VC_NoIntFilesCleanUp\3rdpart\geos-3.5.0\vc\x86\Release\ScaledNoder.obj
K:\Components\LibraryV2\GDAL\GDAL_2.1.0_VC_NoIntFilesCleanUp\3rdpart\geos-3.5.0\vc\x86\Release\SegmentIntersectionDetector.obj
K:\Components\LibraryV2\GDAL\GDAL_2.1.0_VC_NoIntFilesCleanUp\3rdpart\geos-3.5.0\vc\x86\Release\SegmentIntersectionTester.obj
K:\Components\LibraryV2\GDAL\GDAL_2.1.0_VC_NoIntFilesCleanUp\3rdpart\geos-3.5.0\vc\x86\Release\SegmentIntersector.obj
K:\Components\LibraryV2\GDAL\GDAL_2.1.0_VC_NoIntFilesCleanUp\3rdpart\geos-3.5.0\vc\x86\Release\SegmentNode.obj
K:\Components\LibraryV2\GDAL\GDAL_2.1.0_VC_NoIntFilesCleanUp\3rdpart\geos-3.5.0\vc\x86\Release\SegmentNodeList.obj
K:\Components\LibraryV2\GDAL\GDAL_2.1.0_VC_NoIntFilesCleanUp\3rdpart\geos-3.5.0\vc\x86\Release\SegmentString.obj
K:\Components\LibraryV2\GDAL\GDAL_2.1.0_VC_NoIntFilesCleanUp\3rdpart\geos-3.5.0\vc\x86\Release\SegmentStringUtil.obj
K:\Components\LibraryV2\GDAL\GDAL_2.1.0_VC_NoIntFilesCleanUp\3rdpart\geos-3.5.0\vc\x86\Release\SharedPathsOp.obj
K:\Components\LibraryV2\GDAL\GDAL_2.1.0_VC_NoIntFilesCleanUp\3rdpart\geos-3.5.0\vc\x86\Release\ShortCircuitedGeometryVisitor.obj
K:\Components\LibraryV2\GDAL\GDAL_2.1.0_VC_NoIntFilesCleanUp\3rdpart\geos-3.5.0\vc\x86\Release\SimpleEdgeSetIntersector.obj
K:\Components\LibraryV2\GDAL\GDAL_2.1.0_VC_NoIntFilesCleanUp\3rdpart\geos-3.5.0\vc\x86\Release\SimpleGeometryPrecisionReducer.obj
K:\Components\LibraryV2\GDAL\GDAL_2.1.0_VC_NoIntFilesCleanUp\3rdpart\geos-3.5.0\vc\x86\Release\SimpleMCSweepLineIntersector.obj
K:\Components\LibraryV2\GDAL\GDAL_2.1.0_VC_NoIntFilesCleanUp\3rdpart\geos-3.5.0\vc\x86\Release\SimpleNestedRingTester.obj
K:\Components\LibraryV2\GDAL\GDAL_2.1.0_VC_NoIntFilesCleanUp\3rdpart\geos-3.5.0\vc\x86\Release\SimpleNoder.obj
K:\Components\LibraryV2\GDAL\GDAL_2.1.0_VC_NoIntFilesCleanUp\3rdpart\geos-3.5.0\vc\x86\Release\SimplePointInAreaLocator.obj
K:\Components\LibraryV2\GDAL\GDAL_2.1.0_VC_NoIntFilesCleanUp\3rdpart\geos-3.5.0\vc\x86\Release\SimplePointInRing.obj
K:\Components\LibraryV2\GDAL\GDAL_2.1.0_VC_NoIntFilesCleanUp\3rdpart\geos-3.5.0\vc\x86\Release\SimpleSnapRounder.obj
K:\Components\LibraryV2\GDAL\GDAL_2.1.0_VC_NoIntFilesCleanUp\3rdpart\geos-3.5.0\vc\x86\Release\SimpleSweepLineIntersector.obj
K:\Components\LibraryV2\GDAL\GDAL_2.1.0_VC_NoIntFilesCleanUp\3rdpart\geos-3.5.0\vc\x86\Release\SineStarFactory.obj
K:\Components\LibraryV2\GDAL\GDAL_2.1.0_VC_NoIntFilesCleanUp\3rdpart\geos-3.5.0\vc\x86\Release\SingleInteriorIntersectionFinder.obj
K:\Components\LibraryV2\GDAL\GDAL_2.1.0_VC_NoIntFilesCleanUp\3rdpart\geos-3.5.0\vc\x86\Release\SIRtreePointInRing.obj
K:\Components\LibraryV2\GDAL\GDAL_2.1.0_VC_NoIntFilesCleanUp\3rdpart\geos-3.5.0\vc\x86\Release\SnapIfNeededOverlayOp.obj
K:\Components\LibraryV2\GDAL\GDAL_2.1.0_VC_NoIntFilesCleanUp\3rdpart\geos-3.5.0\vc\x86\Release\SnapOverlayOp.obj
K:\Components\LibraryV2\GDAL\GDAL_2.1.0_VC_NoIntFilesCleanUp\3rdpart\geos-3.5.0\vc\x86\Release\SortedPackedIntervalRTree.obj
K:\Components\LibraryV2\GDAL\GDAL_2.1.0_VC_NoIntFilesCleanUp\3rdpart\geos-3.5.0\vc\x86\Release\StringTokenizer.obj
K:\Components\LibraryV2\GDAL\GDAL_2.1.0_VC_NoIntFilesCleanUp\3rdpart\geos-3.5.0\vc\x86\Release\SubgraphDepthLocater.obj
K:\Components\LibraryV2\GDAL\GDAL_2.1.0_VC_NoIntFilesCleanUp\3rdpart\geos-3.5.0\vc\x86\Release\SweepLineEvent.obj
K:\Components\LibraryV2\GDAL\GDAL_2.1.0_VC_NoIntFilesCleanUp\3rdpart\geos-3.5.0\vc\x86\Release\SweeplineNestedRingTester.obj
K:\Components\LibraryV2\GDAL\GDAL_2.1.0_VC_NoIntFilesCleanUp\3rdpart\geos-3.5.0\vc\x86\Release\SweepLineSegment.obj
K:\Components\LibraryV2\GDAL\GDAL_2.1.0_VC_NoIntFilesCleanUp\3rdpart\geos-3.5.0\vc\x86\Release\TaggedLineSegment.obj
K:\Components\LibraryV2\GDAL\GDAL_2.1.0_VC_NoIntFilesCleanUp\3rdpart\geos-3.5.0\vc\x86\Release\TaggedLinesSimplifier.obj
K:\Components\LibraryV2\GDAL\GDAL_2.1.0_VC_NoIntFilesCleanUp\3rdpart\geos-3.5.0\vc\x86\Release\TaggedLineString.obj
K:\Components\LibraryV2\GDAL\GDAL_2.1.0_VC_NoIntFilesCleanUp\3rdpart\geos-3.5.0\vc\x86\Release\TaggedLineStringSimplifier.obj
K:\Components\LibraryV2\GDAL\GDAL_2.1.0_VC_NoIntFilesCleanUp\3rdpart\geos-3.5.0\vc\x86\Release\TopologyLocation.obj
K:\Components\LibraryV2\GDAL\GDAL_2.1.0_VC_NoIntFilesCleanUp\3rdpart\geos-3.5.0\vc\x86\Release\TopologyPreservingSimplifier.obj
K:\Components\LibraryV2\GDAL\GDAL_2.1.0_VC_NoIntFilesCleanUp\3rdpart\geos-3.5.0\vc\x86\Release\TopologyValidationError.obj
K:\Components\LibraryV2\GDAL\GDAL_2.1.0_VC_NoIntFilesCleanUp\3rdpart\geos-3.5.0\vc\x86\Release\Triangle.obj
K:\Components\LibraryV2\GDAL\GDAL_2.1.0_VC_NoIntFilesCleanUp\3rdpart\geos-3.5.0\vc\x86\Release\TrianglePredicate.obj
K:\Components\LibraryV2\GDAL\GDAL_2.1.0_VC_NoIntFilesCleanUp\3rdpart\geos-3.5.0\vc\x86\Release\TriangleVisitor.obj
K:\Components\LibraryV2\GDAL\GDAL_2.1.0_VC_NoIntFilesCleanUp\3rdpart\geos-3.5.0\vc\x86\Release\UnaryUnionOp.obj
K:\Components\LibraryV2\GDAL\GDAL_2.1.0_VC_NoIntFilesCleanUp\3rdpart\geos-3.5.0\vc\x86\Release\Unload.obj
K:\COMPONENTS\LIBRARYV2\GDAL\GDAL_2.1.0_VC_NOINTFILESCLEANUP\3RDPART\GEOS-3.5.0\VC\X86\RELEASE\VC100.PDB
K:\Components\LibraryV2\GDAL\GDAL_2.1.0_VC_NoIntFilesCleanUp\3rdpart\geos-3.5.0\vc\x86\Release\Vertex.obj
K:\Components\LibraryV2\GDAL\GDAL_2.1.0_VC_NoIntFilesCleanUp\3rdpart\geos-3.5.0\vc\x86\Release\VoronoiDiagramBuilder.obj
K:\Components\LibraryV2\GDAL\GDAL_2.1.0_VC_NoIntFilesCleanUp\3rdpart\geos-3.5.0\vc\x86\Release\WKBReader.obj
K:\Components\LibraryV2\GDAL\GDAL_2.1.0_VC_NoIntFilesCleanUp\3rdpart\geos-3.5.0\vc\x86\Release\WKBWriter.obj
K:\Components\LibraryV2\GDAL\GDAL_2.1.0_VC_NoIntFilesCleanUp\3rdpart\geos-3.5.0\vc\x86\Release\WKTReader.obj
K:\Components\LibraryV2\GDAL\GDAL_2.1.0_VC_NoIntFilesCleanUp\3rdpart\geos-3.5.0\vc\x86\Release\WKTWriter.obj
K:\Components\LibraryV2\GDAL\GDAL_2.1.0_VC_NoIntFilesCleanUp\3rdpart\geos-3.5.0\vc\x86\Release\Writer.obj
K:\COMPONENTS\LIBRARYV2\GEOS\LIBGEOS-3.5.0\X86\RELEASE\ABSTRACTPREPAREDPOLYGONCONTAINS.OBJ
K:\COMPONENTS\LIBRARYV2\GEOS\LIBGEOS-3.5.0\X86\RELEASE\ANGLE.OBJ
K:\COMPONENTS\LIBRARYV2\GEOS\LIBGEOS-3.5.0\X86\RELEASE\ASSERT.OBJ
K:\COMPONENTS\LIBRARYV2\GEOS\LIBGEOS-3.5.0\X86\RELEASE\BASICPREPAREDGEOMETRY.OBJ
K:\COMPONENTS\LIBRARYV2\GEOS\LIBGEOS-3.5.0\X86\RELEASE\BASICSEGMENTSTRING.OBJ
K:\COMPONENTS\LIBRARYV2\GEOS\LIBGEOS-3.5.0\X86\RELEASE\BOUNDARYNODERULE.OBJ
K:\COMPONENTS\LIBRARYV2\GEOS\LIBGEOS-3.5.0\X86\RELEASE\BUFFERBUILDER.OBJ
K:\COMPONENTS\LIBRARYV2\GEOS\LIBGEOS-3.5.0\X86\RELEASE\BUFFERINPUTLINESIMPLIFIER.OBJ
K:\COMPONENTS\LIBRARYV2\GEOS\LIBGEOS-3.5.0\X86\RELEASE\BUFFEROP.OBJ
K:\COMPONENTS\LIBRARYV2\GEOS\LIBGEOS-3.5.0\X86\RELEASE\BUFFERPARAMETERS.OBJ
K:\COMPONENTS\LIBRARYV2\GEOS\LIBGEOS-3.5.0\X86\RELEASE\BUFFERSUBGRAPH.OBJ
K:\COMPONENTS\LIBRARYV2\GEOS\LIBGEOS-3.5.0\X86\RELEASE\BYTEORDERDATAINSTREAM.OBJ
K:\COMPONENTS\LIBRARYV2\GEOS\LIBGEOS-3.5.0\X86\RELEASE\BYTEORDERVALUES.OBJ
K:\COMPONENTS\LIBRARYV2\GEOS\LIBGEOS-3.5.0\X86\RELEASE\CASCADEDPOLYGONUNION.OBJ
K:\COMPONENTS\LIBRARYV2\GEOS\LIBGEOS-3.5.0\X86\RELEASE\CASCADEDUNION.OBJ
K:\COMPONENTS\LIBRARYV2\GEOS\LIBGEOS-3.5.0\X86\RELEASE\CENTROID.OBJ
K:\COMPONENTS\LIBRARYV2\GEOS\LIBGEOS-3.5.0\X86\RELEASE\CENTROIDAREA.OBJ
K:\COMPONENTS\LIBRARYV2\GEOS\LIBGEOS-3.5.0\X86\RELEASE\CENTROIDLINE.OBJ
K:\COMPONENTS\LIBRARYV2\GEOS\LIBGEOS-3.5.0\X86\RELEASE\CENTROIDPOINT.OBJ
K:\COMPONENTS\LIBRARYV2\GEOS\LIBGEOS-3.5.0\X86\RELEASE\CGALGORITHMS.OBJ
K:\COMPONENTS\LIBRARYV2\GEOS\LIBGEOS-3.5.0\X86\RELEASE\CLOCALIZER.OBJ
K:\COMPONENTS\LIBRARYV2\GEOS\LIBGEOS-3.5.0\X86\RELEASE\COMMONBITS.OBJ
K:\COMPONENTS\LIBRARYV2\GEOS\LIBGEOS-3.5.0\X86\RELEASE\COMMONBITSOP.OBJ
K:\COMPONENTS\LIBRARYV2\GEOS\LIBGEOS-3.5.0\X86\RELEASE\COMMONBITSREMOVER.OBJ
K:\COMPONENTS\LIBRARYV2\GEOS\LIBGEOS-3.5.0\X86\RELEASE\COMPONENTCOORDINATEEXTRACTER.OBJ
K:\COMPONENTS\LIBRARYV2\GEOS\LIBGEOS-3.5.0\X86\RELEASE\CONNECTEDELEMENTLOCATIONFILTER.OBJ
K:\COMPONENTS\LIBRARYV2\GEOS\LIBGEOS-3.5.0\X86\RELEASE\CONNECTEDELEMENTPOINTFILTER.OBJ
K:\COMPONENTS\LIBRARYV2\GEOS\LIBGEOS-3.5.0\X86\RELEASE\CONNECTEDINTERIORTESTER.OBJ
K:\COMPONENTS\LIBRARYV2\GEOS\LIBGEOS-3.5.0\X86\RELEASE\CONNECTEDSUBGRAPHFINDER.OBJ
K:\COMPONENTS\LIBRARYV2\GEOS\LIBGEOS-3.5.0\X86\RELEASE\CONSISTENTAREATESTER.OBJ
K:\COMPONENTS\LIBRARYV2\GEOS\LIBGEOS-3.5.0\X86\RELEASE\CONVEXHULL.OBJ
K:\COMPONENTS\LIBRARYV2\GEOS\LIBGEOS-3.5.0\X86\RELEASE\COORDINATE.OBJ
K:\COMPONENTS\LIBRARYV2\GEOS\LIBGEOS-3.5.0\X86\RELEASE\COORDINATEARRAYSEQUENCE.OBJ
K:\COMPONENTS\LIBRARYV2\GEOS\LIBGEOS-3.5.0\X86\RELEASE\COORDINATEARRAYSEQUENCEFACTORY.OBJ
K:\COMPONENTS\LIBRARYV2\GEOS\LIBGEOS-3.5.0\X86\RELEASE\COORDINATEOPERATION.OBJ
K:\COMPONENTS\LIBRARYV2\GEOS\LIBGEOS-3.5.0\X86\RELEASE\COORDINATESEQUENCE.OBJ
K:\COMPONENTS\LIBRARYV2\GEOS\LIBGEOS-3.5.0\X86\RELEASE\COORDINATESEQUENCEFACTORY.OBJ
K:\COMPONENTS\LIBRARYV2\GEOS\LIBGEOS-3.5.0\X86\RELEASE\DELAUNAYTRIANGULATIONBUILDER.OBJ
K:\COMPONENTS\LIBRARYV2\GEOS\LIBGEOS-3.5.0\X86\RELEASE\DEPTH.OBJ
K:\COMPONENTS\LIBRARYV2\GEOS\LIBGEOS-3.5.0\X86\RELEASE\DIMENSION.OBJ
K:\COMPONENTS\LIBRARYV2\GEOS\LIBGEOS-3.5.0\X86\RELEASE\DIRECTEDEDGE.OBJ
K:\COMPONENTS\LIBRARYV2\GEOS\LIBGEOS-3.5.0\X86\RELEASE\DIRECTEDEDGESTAR.OBJ
K:\COMPONENTS\LIBRARYV2\GEOS\LIBGEOS-3.5.0\X86\RELEASE\DISCRETEHAUSDORFFDISTANCE.OBJ
K:\COMPONENTS\LIBRARYV2\GEOS\LIBGEOS-3.5.0\X86\RELEASE\DISTANCEOP.OBJ
K:\COMPONENTS\LIBRARYV2\GEOS\LIBGEOS-3.5.0\X86\RELEASE\DISTANCETOPOINT.OBJ
K:\COMPONENTS\LIBRARYV2\GEOS\LIBGEOS-3.5.0\X86\RELEASE\DOUGLASPEUCKERLINESIMPLIFIER.OBJ
K:\COMPONENTS\LIBRARYV2\GEOS\LIBGEOS-3.5.0\X86\RELEASE\DOUGLASPEUCKERSIMPLIFIER.OBJ
K:\COMPONENTS\LIBRARYV2\GEOS\LIBGEOS-3.5.0\X86\RELEASE\EDGE.OBJ
K:\COMPONENTS\LIBRARYV2\GEOS\LIBGEOS-3.5.0\X86\RELEASE\EDGEEND.OBJ
K:\COMPONENTS\LIBRARYV2\GEOS\LIBGEOS-3.5.0\X86\RELEASE\EDGEENDBUILDER.OBJ
K:\COMPONENTS\LIBRARYV2\GEOS\LIBGEOS-3.5.0\X86\RELEASE\EDGEENDBUNDLE.OBJ
K:\COMPONENTS\LIBRARYV2\GEOS\LIBGEOS-3.5.0\X86\RELEASE\EDGEENDBUNDLESTAR.OBJ
K:\COMPONENTS\LIBRARYV2\GEOS\LIBGEOS-3.5.0\X86\RELEASE\EDGEENDSTAR.OBJ
K:\COMPONENTS\LIBRARYV2\GEOS\LIBGEOS-3.5.0\X86\RELEASE\EDGEINTERSECTIONLIST.OBJ
K:\COMPONENTS\LIBRARYV2\GEOS\LIBGEOS-3.5.0\X86\RELEASE\EDGELIST.OBJ
K:\COMPONENTS\LIBRARYV2\GEOS\LIBGEOS-3.5.0\X86\RELEASE\EDGENODINGVALIDATOR.OBJ
K:\COMPONENTS\LIBRARYV2\GEOS\LIBGEOS-3.5.0\X86\RELEASE\EDGERING.OBJ
K:\COMPONENTS\LIBRARYV2\GEOS\LIBGEOS-3.5.0\X86\RELEASE\EDGESETNODER.OBJ
K:\COMPONENTS\LIBRARYV2\GEOS\LIBGEOS-3.5.0\X86\RELEASE\EDGESTRING.OBJ
K:\COMPONENTS\LIBRARYV2\GEOS\LIBGEOS-3.5.0\X86\RELEASE\ELEVATIONMATRIX.OBJ
K:\COMPONENTS\LIBRARYV2\GEOS\LIBGEOS-3.5.0\X86\RELEASE\ELEVATIONMATRIXCELL.OBJ
K:\COMPONENTS\LIBRARYV2\GEOS\LIBGEOS-3.5.0\X86\RELEASE\ENHANCEDPRECISIONOP.OBJ
K:\COMPONENTS\LIBRARYV2\GEOS\LIBGEOS-3.5.0\X86\RELEASE\ENVELOPE.OBJ
K:\COMPONENTS\LIBRARYV2\GEOS\LIBGEOS-3.5.0\X86\RELEASE\EXTRACTLINEBYLOCATION.OBJ
K:\COMPONENTS\LIBRARYV2\GEOS\LIBGEOS-3.5.0\X86\RELEASE\FASTNODINGVALIDATOR.OBJ
K:\COMPONENTS\LIBRARYV2\GEOS\LIBGEOS-3.5.0\X86\RELEASE\FASTSEGMENTSETINTERSECTIONFINDER.OBJ
K:\COMPONENTS\LIBRARYV2\GEOS\LIBGEOS-3.5.0\X86\RELEASE\FUZZYPOINTLOCATOR.OBJ
K:\COMPONENTS\LIBRARYV2\GEOS\LIBGEOS-3.5.0\X86\RELEASE\GEOMETRICSHAPEFACTORY.OBJ
K:\COMPONENTS\LIBRARYV2\GEOS\LIBGEOS-3.5.0\X86\RELEASE\GEOMETRY.OBJ
K:\COMPONENTS\LIBRARYV2\GEOS\LIBGEOS-3.5.0\X86\RELEASE\GEOMETRYCOLLECTION.OBJ
K:\COMPONENTS\LIBRARYV2\GEOS\LIBGEOS-3.5.0\X86\RELEASE\GEOMETRYCOMBINER.OBJ
K:\COMPONENTS\LIBRARYV2\GEOS\LIBGEOS-3.5.0\X86\RELEASE\GEOMETRYCOMPONENTFILTER.OBJ
K:\COMPONENTS\LIBRARYV2\GEOS\LIBGEOS-3.5.0\X86\RELEASE\GEOMETRYEDITOR.OBJ
K:\COMPONENTS\LIBRARYV2\GEOS\LIBGEOS-3.5.0\X86\RELEASE\GEOMETRYFACTORY.OBJ
K:\COMPONENTS\LIBRARYV2\GEOS\LIBGEOS-3.5.0\X86\RELEASE\GEOMETRYGRAPH.OBJ
K:\COMPONENTS\LIBRARYV2\GEOS\LIBGEOS-3.5.0\X86\RELEASE\GEOMETRYGRAPHOPERATION.OBJ
K:\COMPONENTS\LIBRARYV2\GEOS\LIBGEOS-3.5.0\X86\RELEASE\GEOMETRYLIST.OBJ
K:\COMPONENTS\LIBRARYV2\GEOS\LIBGEOS-3.5.0\X86\RELEASE\GEOMETRYLOCATION.OBJ
K:\COMPONENTS\LIBRARYV2\GEOS\LIBGEOS-3.5.0\X86\RELEASE\GEOMETRYNODER.OBJ
K:\COMPONENTS\LIBRARYV2\GEOS\LIBGEOS-3.5.0\X86\RELEASE\GEOMETRYPRECISIONREDUCER.OBJ
K:\COMPONENTS\LIBRARYV2\GEOS\LIBGEOS-3.5.0\X86\RELEASE\GEOMETRYSNAPPER.OBJ
K:\COMPONENTS\LIBRARYV2\GEOS\LIBGEOS-3.5.0\X86\RELEASE\GEOMETRYTRANSFORMER.OBJ
K:\COMPONENTS\LIBRARYV2\GEOS\LIBGEOS-3.5.0\X86\RELEASE\GRAPHCOMPONENT.OBJ
K:\COMPONENTS\LIBRARYV2\GEOS\LIBGEOS-3.5.0\X86\RELEASE\HCOORDINATE.OBJ
K:\COMPONENTS\LIBRARYV2\GEOS\LIBGEOS-3.5.0\X86\RELEASE\HOTPIXEL.OBJ
K:\COMPONENTS\LIBRARYV2\GEOS\LIBGEOS-3.5.0\X86\RELEASE\INCREMENTALDELAUNAYTRIANGULATOR.OBJ
K:\COMPONENTS\LIBRARYV2\GEOS\LIBGEOS-3.5.0\X86\RELEASE\INDEXEDNESTEDRINGTESTER.OBJ
K:\COMPONENTS\LIBRARYV2\GEOS\LIBGEOS-3.5.0\X86\RELEASE\INDEXEDPOINTINAREALOCATOR.OBJ
K:\COMPONENTS\LIBRARYV2\GEOS\LIBGEOS-3.5.0\X86\RELEASE\INLINES.OBJ
K:\COMPONENTS\LIBRARYV2\GEOS\LIBGEOS-3.5.0\X86\RELEASE\INTERIORPOINTAREA.OBJ
K:\COMPONENTS\LIBRARYV2\GEOS\LIBGEOS-3.5.0\X86\RELEASE\INTERIORPOINTLINE.OBJ
K:\COMPONENTS\LIBRARYV2\GEOS\LIBGEOS-3.5.0\X86\RELEASE\INTERIORPOINTPOINT.OBJ
K:\COMPONENTS\LIBRARYV2\GEOS\LIBGEOS-3.5.0\X86\RELEASE\INTERRUPT.OBJ
K:\COMPONENTS\LIBRARYV2\GEOS\LIBGEOS-3.5.0\X86\RELEASE\INTERSECTIONADDER.OBJ
K:\COMPONENTS\LIBRARYV2\GEOS\LIBGEOS-3.5.0\X86\RELEASE\INTERSECTIONFINDERADDER.OBJ
K:\COMPONENTS\LIBRARYV2\GEOS\LIBGEOS-3.5.0\X86\RELEASE\INTERSECTIONMATRIX.OBJ
K:\COMPONENTS\LIBRARYV2\GEOS\LIBGEOS-3.5.0\X86\RELEASE\INTERVALRTREEBRANCHNODE.OBJ
K:\COMPONENTS\LIBRARYV2\GEOS\LIBGEOS-3.5.0\X86\RELEASE\INTERVALRTREELEAFNODE.OBJ
K:\COMPONENTS\LIBRARYV2\GEOS\LIBGEOS-3.5.0\X86\RELEASE\INTERVALRTREENODE.OBJ
K:\COMPONENTS\LIBRARYV2\GEOS\LIBGEOS-3.5.0\X86\RELEASE\ISSIMPLEOP.OBJ
K:\COMPONENTS\LIBRARYV2\GEOS\LIBGEOS-3.5.0\X86\RELEASE\ISVALIDOP.OBJ
K:\COMPONENTS\LIBRARYV2\GEOS\LIBGEOS-3.5.0\X86\RELEASE\ITERATEDNODER.OBJ
K:\COMPONENTS\LIBRARYV2\GEOS\LIBGEOS-3.5.0\X86\RELEASE\IX_BINTREE\BINTREE.OBJ
K:\COMPONENTS\LIBRARYV2\GEOS\LIBGEOS-3.5.0\X86\RELEASE\IX_BINTREE\INTERVAL.OBJ
K:\COMPONENTS\LIBRARYV2\GEOS\LIBGEOS-3.5.0\X86\RELEASE\IX_BINTREE\KEY.OBJ
K:\COMPONENTS\LIBRARYV2\GEOS\LIBGEOS-3.5.0\X86\RELEASE\IX_BINTREE\NODE.OBJ
K:\COMPONENTS\LIBRARYV2\GEOS\LIBGEOS-3.5.0\X86\RELEASE\IX_BINTREE\NODEBASE.OBJ
K:\COMPONENTS\LIBRARYV2\GEOS\LIBGEOS-3.5.0\X86\RELEASE\IX_BINTREE\ROOT.OBJ
K:\COMPONENTS\LIBRARYV2\GEOS\LIBGEOS-3.5.0\X86\RELEASE\IX_QUADTREE\DOUBLEBITS.OBJ
K:\COMPONENTS\LIBRARYV2\GEOS\LIBGEOS-3.5.0\X86\RELEASE\IX_QUADTREE\INTERVALSIZE.OBJ
K:\COMPONENTS\LIBRARYV2\GEOS\LIBGEOS-3.5.0\X86\RELEASE\IX_QUADTREE\KEY.OBJ
K:\COMPONENTS\LIBRARYV2\GEOS\LIBGEOS-3.5.0\X86\RELEASE\IX_QUADTREE\NODE.OBJ
K:\COMPONENTS\LIBRARYV2\GEOS\LIBGEOS-3.5.0\X86\RELEASE\IX_QUADTREE\NODEBASE.OBJ
K:\COMPONENTS\LIBRARYV2\GEOS\LIBGEOS-3.5.0\X86\RELEASE\IX_QUADTREE\QUADTREE.OBJ
K:\COMPONENTS\LIBRARYV2\GEOS\LIBGEOS-3.5.0\X86\RELEASE\IX_QUADTREE\ROOT.OBJ
K:\COMPONENTS\LIBRARYV2\GEOS\LIBGEOS-3.5.0\X86\RELEASE\IX_STRTREE\ABSTRACTNODE.OBJ
K:\COMPONENTS\LIBRARYV2\GEOS\LIBGEOS-3.5.0\X86\RELEASE\IX_STRTREE\ABSTRACTSTRTREE.OBJ
K:\COMPONENTS\LIBRARYV2\GEOS\LIBGEOS-3.5.0\X86\RELEASE\IX_STRTREE\INTERVAL.OBJ
K:\COMPONENTS\LIBRARYV2\GEOS\LIBGEOS-3.5.0\X86\RELEASE\IX_STRTREE\ITEMBOUNDABLE.OBJ
K:\COMPONENTS\LIBRARYV2\GEOS\LIBGEOS-3.5.0\X86\RELEASE\IX_STRTREE\SIRTREE.OBJ
K:\COMPONENTS\LIBRARYV2\GEOS\LIBGEOS-3.5.0\X86\RELEASE\IX_STRTREE\STRTREE.OBJ
K:\COMPONENTS\LIBRARYV2\GEOS\LIBGEOS-3.5.0\X86\RELEASE\IX_SWEEPLINE\SWEEPLINEEVENT.OBJ
K:\COMPONENTS\LIBRARYV2\GEOS\LIBGEOS-3.5.0\X86\RELEASE\IX_SWEEPLINE\SWEEPLINEINDEX.OBJ
K:\COMPONENTS\LIBRARYV2\GEOS\LIBGEOS-3.5.0\X86\RELEASE\IX_SWEEPLINE\SWEEPLINEINTERVAL.OBJ
K:\COMPONENTS\LIBRARYV2\GEOS\LIBGEOS-3.5.0\X86\RELEASE\LABEL.OBJ
K:\COMPONENTS\LIBRARYV2\GEOS\LIBGEOS-3.5.0\X86\RELEASE\LASTFOUNDQUADEDGELOCATOR.OBJ
K:\COMPONENTS\LIBRARYV2\GEOS\LIBGEOS-3.5.0\X86\RELEASE\LENGTHINDEXEDLINE.OBJ
K:\COMPONENTS\LIBRARYV2\GEOS\LIBGEOS-3.5.0\X86\RELEASE\LENGTHINDEXOFPOINT.OBJ
K:\COMPONENTS\LIBRARYV2\GEOS\LIBGEOS-3.5.0\X86\RELEASE\LENGTHLOCATIONMAP.OBJ
K:\COMPONENTS\LIBRARYV2\GEOS\LIBGEOS-3.5.0\X86\RELEASE\LIBGEOS-3.5.0.DLL
K:\COMPONENTS\LIBRARYV2\GEOS\LIBGEOS-3.5.0\X86\RELEASE\LIBGEOS-3.5.0.DLL.INTERMEDIATE.MANIFEST
K:\COMPONENTS\LIBRARYV2\GEOS\LIBGEOS-3.5.0\X86\RELEASE\LIBGEOS-3.5.0.PDB
K:\COMPONENTS\LIBRARYV2\GEOS\LIBGEOS-3.5.0\X86\RELEASE\LINEARCOMPONENTEXTRACTER.OBJ
K:\COMPONENTS\LIBRARYV2\GEOS\LIBGEOS-3.5.0\X86\RELEASE\LINEARGEOMETRYBUILDER.OBJ
K:\COMPONENTS\LIBRARYV2\GEOS\LIBGEOS-3.5.0\X86\RELEASE\LINEARITERATOR.OBJ
K:\COMPONENTS\LIBRARYV2\GEOS\LIBGEOS-3.5.0\X86\RELEASE\LINEARLOCATION.OBJ
K:\COMPONENTS\LIBRARYV2\GEOS\LIBGEOS-3.5.0\X86\RELEASE\LINEARRING.OBJ
K:\COMPONENTS\LIBRARYV2\GEOS\LIBGEOS-3.5.0\X86\RELEASE\LINEBUILDER.OBJ
K:\COMPONENTS\LIBRARYV2\GEOS\LIBGEOS-3.5.0\X86\RELEASE\LINEINTERSECTOR.OBJ
K:\COMPONENTS\LIBRARYV2\GEOS\LIBGEOS-3.5.0\X86\RELEASE\LINEMERGEDIRECTEDEDGE.OBJ
K:\COMPONENTS\LIBRARYV2\GEOS\LIBGEOS-3.5.0\X86\RELEASE\LINEMERGEEDGE.OBJ
K:\COMPONENTS\LIBRARYV2\GEOS\LIBGEOS-3.5.0\X86\RELEASE\LINEMERGEGRAPH.OBJ
K:\COMPONENTS\LIBRARYV2\GEOS\LIBGEOS-3.5.0\X86\RELEASE\LINEMERGER.OBJ
K:\COMPONENTS\LIBRARYV2\GEOS\LIBGEOS-3.5.0\X86\RELEASE\LINESEGMENT.OBJ
K:\COMPONENTS\LIBRARYV2\GEOS\LIBGEOS-3.5.0\X86\RELEASE\LINESEGMENTINDEX.OBJ
K:\COMPONENTS\LIBRARYV2\GEOS\LIBGEOS-3.5.0\X86\RELEASE\LINESEQUENCER.OBJ
K:\COMPONENTS\LIBRARYV2\GEOS\LIBGEOS-3.5.0\X86\RELEASE\LINESTRING.OBJ
K:\COMPONENTS\LIBRARYV2\GEOS\LIBGEOS-3.5.0\X86\RELEASE\LINESTRINGSNAPPER.OBJ
K:\COMPONENTS\LIBRARYV2\GEOS\LIBGEOS-3.5.0\X86\RELEASE\LOCATEFAILUREEXCEPTION.OBJ
K:\COMPONENTS\LIBRARYV2\GEOS\LIBGEOS-3.5.0\X86\RELEASE\LOCATION.OBJ
K:\COMPONENTS\LIBRARYV2\GEOS\LIBGEOS-3.5.0\X86\RELEASE\LOCATIONINDEXOFLINE.OBJ
K:\COMPONENTS\LIBRARYV2\GEOS\LIBGEOS-3.5.0\X86\RELEASE\LOCATIONINDEXOFPOINT.OBJ
K:\COMPONENTS\LIBRARYV2\GEOS\LIBGEOS-3.5.0\X86\RELEASE\MATH.OBJ
K:\COMPONENTS\LIBRARYV2\GEOS\LIBGEOS-3.5.0\X86\RELEASE\MAXIMALEDGERING.OBJ
K:\COMPONENTS\LIBRARYV2\GEOS\LIBGEOS-3.5.0\X86\RELEASE\MCINDEXNODER.OBJ
K:\COMPONENTS\LIBRARYV2\GEOS\LIBGEOS-3.5.0\X86\RELEASE\MCINDEXPOINTSNAPPER.OBJ
K:\COMPONENTS\LIBRARYV2\GEOS\LIBGEOS-3.5.0\X86\RELEASE\MCINDEXSEGMENTSETMUTUALINTERSECTOR.OBJ
K:\COMPONENTS\LIBRARYV2\GEOS\LIBGEOS-3.5.0\X86\RELEASE\MCINDEXSNAPROUNDER.OBJ
K:\COMPONENTS\LIBRARYV2\GEOS\LIBGEOS-3.5.0\X86\RELEASE\MCPOINTINRING.OBJ
K:\COMPONENTS\LIBRARYV2\GEOS\LIBGEOS-3.5.0\X86\RELEASE\MINIMALEDGERING.OBJ
K:\COMPONENTS\LIBRARYV2\GEOS\LIBGEOS-3.5.0\X86\RELEASE\MINIMUMDIAMETER.OBJ
K:\COMPONENTS\LIBRARYV2\GEOS\LIBGEOS-3.5.0\X86\RELEASE\MONOTONECHAIN.OBJ
K:\COMPONENTS\LIBRARYV2\GEOS\LIBGEOS-3.5.0\X86\RELEASE\MONOTONECHAINBUILDER.OBJ
K:\COMPONENTS\LIBRARYV2\GEOS\LIBGEOS-3.5.0\X86\RELEASE\MONOTONECHAINEDGE.OBJ
K:\COMPONENTS\LIBRARYV2\GEOS\LIBGEOS-3.5.0\X86\RELEASE\MONOTONECHAININDEXER.OBJ
K:\COMPONENTS\LIBRARYV2\GEOS\LIBGEOS-3.5.0\X86\RELEASE\MONOTONECHAINOVERLAPACTION.OBJ
K:\COMPONENTS\LIBRARYV2\GEOS\LIBGEOS-3.5.0\X86\RELEASE\MONOTONECHAINSELECTACTION.OBJ
K:\COMPONENTS\LIBRARYV2\GEOS\LIBGEOS-3.5.0\X86\RELEASE\MULTILINESTRING.OBJ
K:\COMPONENTS\LIBRARYV2\GEOS\LIBGEOS-3.5.0\X86\RELEASE\MULTIPOINT.OBJ
K:\COMPONENTS\LIBRARYV2\GEOS\LIBGEOS-3.5.0\X86\RELEASE\MULTIPOLYGON.OBJ
K:\COMPONENTS\LIBRARYV2\GEOS\LIBGEOS-3.5.0\X86\RELEASE\NODE.OBJ
K:\COMPONENTS\LIBRARYV2\GEOS\LIBGEOS-3.5.0\X86\RELEASE\NODEDSEGMENTSTRING.OBJ
K:\COMPONENTS\LIBRARYV2\GEOS\LIBGEOS-3.5.0\X86\RELEASE\NODEFACTORY.OBJ
K:\COMPONENTS\LIBRARYV2\GEOS\LIBGEOS-3.5.0\X86\RELEASE\NODEMAP.OBJ
K:\COMPONENTS\LIBRARYV2\GEOS\LIBGEOS-3.5.0\X86\RELEASE\NODINGVALIDATOR.OBJ
K:\COMPONENTS\LIBRARYV2\GEOS\LIBGEOS-3.5.0\X86\RELEASE\NOTREPRESENTABLEEXCEPTION.OBJ
K:\COMPONENTS\LIBRARYV2\GEOS\LIBGEOS-3.5.0\X86\RELEASE\OCTANT.OBJ
K:\COMPONENTS\LIBRARYV2\GEOS\LIBGEOS-3.5.0\X86\RELEASE\OFFSETCURVEBUILDER.OBJ
K:\COMPONENTS\LIBRARYV2\GEOS\LIBGEOS-3.5.0\X86\RELEASE\OFFSETCURVESETBUILDER.OBJ
K:\COMPONENTS\LIBRARYV2\GEOS\LIBGEOS-3.5.0\X86\RELEASE\OFFSETPOINTGENERATOR.OBJ
K:\COMPONENTS\LIBRARYV2\GEOS\LIBGEOS-3.5.0\X86\RELEASE\OFFSETSEGMENTGENERATOR.OBJ
K:\COMPONENTS\LIBRARYV2\GEOS\LIBGEOS-3.5.0\X86\RELEASE\OP_POLYGONIZE\EDGERING.OBJ
K:\COMPONENTS\LIBRARYV2\GEOS\LIBGEOS-3.5.0\X86\RELEASE\OP_POLYGONIZE\POLYGONIZEDIRECTEDEDGE.OBJ
K:\COMPONENTS\LIBRARYV2\GEOS\LIBGEOS-3.5.0\X86\RELEASE\OP_POLYGONIZE\POLYGONIZEEDGE.OBJ
K:\COMPONENTS\LIBRARYV2\GEOS\LIBGEOS-3.5.0\X86\RELEASE\OP_POLYGONIZE\POLYGONIZEGRAPH.OBJ
K:\COMPONENTS\LIBRARYV2\GEOS\LIBGEOS-3.5.0\X86\RELEASE\OP_POLYGONIZE\POLYGONIZER.OBJ
K:\COMPONENTS\LIBRARYV2\GEOS\LIBGEOS-3.5.0\X86\RELEASE\ORIENTEDCOORDINATEARRAY.OBJ
K:\COMPONENTS\LIBRARYV2\GEOS\LIBGEOS-3.5.0\X86\RELEASE\OVERLAYNODEFACTORY.OBJ
K:\COMPONENTS\LIBRARYV2\GEOS\LIBGEOS-3.5.0\X86\RELEASE\OVERLAYOP.OBJ
K:\COMPONENTS\LIBRARYV2\GEOS\LIBGEOS-3.5.0\X86\RELEASE\OVERLAYRESULTVALIDATOR.OBJ
K:\COMPONENTS\LIBRARYV2\GEOS\LIBGEOS-3.5.0\X86\RELEASE\PARSEEXCEPTION.OBJ
K:\COMPONENTS\LIBRARYV2\GEOS\LIBGEOS-3.5.0\X86\RELEASE\PLANARGRAPH.OBJ
K:\COMPONENTS\LIBRARYV2\GEOS\LIBGEOS-3.5.0\X86\RELEASE\PLANARGRAPH\DIRECTEDEDGE.OBJ
K:\COMPONENTS\LIBRARYV2\GEOS\LIBGEOS-3.5.0\X86\RELEASE\PLANARGRAPH\DIRECTEDEDGESTAR.OBJ
K:\COMPONENTS\LIBRARYV2\GEOS\LIBGEOS-3.5.0\X86\RELEASE\PLANARGRAPH\EDGE.OBJ
K:\COMPONENTS\LIBRARYV2\GEOS\LIBGEOS-3.5.0\X86\RELEASE\PLANARGRAPH\NODE.OBJ
K:\COMPONENTS\LIBRARYV2\GEOS\LIBGEOS-3.5.0\X86\RELEASE\PLANARGRAPH\NODEMAP.OBJ
K:\COMPONENTS\LIBRARYV2\GEOS\LIBGEOS-3.5.0\X86\RELEASE\PLANARGRAPH\PLANARGRAPH.OBJ
K:\COMPONENTS\LIBRARYV2\GEOS\LIBGEOS-3.5.0\X86\RELEASE\PLANARGRAPH\SUBGRAPH.OBJ
K:\COMPONENTS\LIBRARYV2\GEOS\LIBGEOS-3.5.0\X86\RELEASE\POINT.OBJ
K:\COMPONENTS\LIBRARYV2\GEOS\LIBGEOS-3.5.0\X86\RELEASE\POINTBUILDER.OBJ
K:\COMPONENTS\LIBRARYV2\GEOS\LIBGEOS-3.5.0\X86\RELEASE\POINTEXTRACTER.OBJ
K:\COMPONENTS\LIBRARYV2\GEOS\LIBGEOS-3.5.0\X86\RELEASE\POINTGEOMETRYUNION.OBJ
K:\COMPONENTS\LIBRARYV2\GEOS\LIBGEOS-3.5.0\X86\RELEASE\POINTLOCATOR.OBJ
K:\COMPONENTS\LIBRARYV2\GEOS\LIBGEOS-3.5.0\X86\RELEASE\POINTONGEOMETRYLOCATOR.OBJ
K:\COMPONENTS\LIBRARYV2\GEOS\LIBGEOS-3.5.0\X86\RELEASE\POLYGON.OBJ
K:\COMPONENTS\LIBRARYV2\GEOS\LIBGEOS-3.5.0\X86\RELEASE\POLYGONBUILDER.OBJ
K:\COMPONENTS\LIBRARYV2\GEOS\LIBGEOS-3.5.0\X86\RELEASE\POLYGONEXTRACTER.OBJ
K:\COMPONENTS\LIBRARYV2\GEOS\LIBGEOS-3.5.0\X86\RELEASE\POSITION.OBJ
K:\COMPONENTS\LIBRARYV2\GEOS\LIBGEOS-3.5.0\X86\RELEASE\PRECISIONMODEL.OBJ
K:\COMPONENTS\LIBRARYV2\GEOS\LIBGEOS-3.5.0\X86\RELEASE\PRECISIONREDUCERCOORDINATEOPERATION.OBJ
K:\COMPONENTS\LIBRARYV2\GEOS\LIBGEOS-3.5.0\X86\RELEASE\PREPAREDGEOMETRY.OBJ
K:\COMPONENTS\LIBRARYV2\GEOS\LIBGEOS-3.5.0\X86\RELEASE\PREPAREDGEOMETRYFACTORY.OBJ
K:\COMPONENTS\LIBRARYV2\GEOS\LIBGEOS-3.5.0\X86\RELEASE\PREPAREDLINESTRING.OBJ
K:\COMPONENTS\LIBRARYV2\GEOS\LIBGEOS-3.5.0\X86\RELEASE\PREPAREDLINESTRINGINTERSECTS.OBJ
K:\COMPONENTS\LIBRARYV2\GEOS\LIBGEOS-3.5.0\X86\RELEASE\PREPAREDPOINT.OBJ
K:\COMPONENTS\LIBRARYV2\GEOS\LIBGEOS-3.5.0\X86\RELEASE\PREPAREDPOLYGON.OBJ
K:\COMPONENTS\LIBRARYV2\GEOS\LIBGEOS-3.5.0\X86\RELEASE\PREPAREDPOLYGONCONTAINS.OBJ
K:\COMPONENTS\LIBRARYV2\GEOS\LIBGEOS-3.5.0\X86\RELEASE\PREPAREDPOLYGONCONTAINSPROPERLY.OBJ
K:\COMPONENTS\LIBRARYV2\GEOS\LIBGEOS-3.5.0\X86\RELEASE\PREPAREDPOLYGONCOVERS.OBJ
K:\COMPONENTS\LIBRARYV2\GEOS\LIBGEOS-3.5.0\X86\RELEASE\PREPAREDPOLYGONINTERSECTS.OBJ
K:\COMPONENTS\LIBRARYV2\GEOS\LIBGEOS-3.5.0\X86\RELEASE\PREPAREDPOLYGONPREDICATE.OBJ
K:\COMPONENTS\LIBRARYV2\GEOS\LIBGEOS-3.5.0\X86\RELEASE\PROFILER.OBJ
K:\COMPONENTS\LIBRARYV2\GEOS\LIBGEOS-3.5.0\X86\RELEASE\QUADEDGE.OBJ
K:\COMPONENTS\LIBRARYV2\GEOS\LIBGEOS-3.5.0\X86\RELEASE\QUADEDGELOCATOR.OBJ
K:\COMPONENTS\LIBRARYV2\GEOS\LIBGEOS-3.5.0\X86\RELEASE\QUADEDGESUBDIVISION.OBJ
K:\COMPONENTS\LIBRARYV2\GEOS\LIBGEOS-3.5.0\X86\RELEASE\QUADRANT.OBJ
K:\COMPONENTS\LIBRARYV2\GEOS\LIBGEOS-3.5.0\X86\RELEASE\QUADTREENESTEDRINGTESTER.OBJ
K:\COMPONENTS\LIBRARYV2\GEOS\LIBGEOS-3.5.0\X86\RELEASE\RAYCROSSINGCOUNTER.OBJ
K:\COMPONENTS\LIBRARYV2\GEOS\LIBGEOS-3.5.0\X86\RELEASE\RECTANGLE.OBJ
K:\COMPONENTS\LIBRARYV2\GEOS\LIBGEOS-3.5.0\X86\RELEASE\RECTANGLECONTAINS.OBJ
K:\COMPONENTS\LIBRARYV2\GEOS\LIBGEOS-3.5.0\X86\RELEASE\RECTANGLEINTERSECTION.OBJ
K:\COMPONENTS\LIBRARYV2\GEOS\LIBGEOS-3.5.0\X86\RELEASE\RECTANGLEINTERSECTIONBUILDER.OBJ
K:\COMPONENTS\LIBRARYV2\GEOS\LIBGEOS-3.5.0\X86\RELEASE\RECTANGLEINTERSECTS.OBJ
K:\COMPONENTS\LIBRARYV2\GEOS\LIBGEOS-3.5.0\X86\RELEASE\RELATECOMPUTER.OBJ
K:\COMPONENTS\LIBRARYV2\GEOS\LIBGEOS-3.5.0\X86\RELEASE\RELATENODE.OBJ
K:\COMPONENTS\LIBRARYV2\GEOS\LIBGEOS-3.5.0\X86\RELEASE\RELATENODEFACTORY.OBJ
K:\COMPONENTS\LIBRARYV2\GEOS\LIBGEOS-3.5.0\X86\RELEASE\RELATENODEGRAPH.OBJ
K:\COMPONENTS\LIBRARYV2\GEOS\LIBGEOS-3.5.0\X86\RELEASE\RELATEOP.OBJ
K:\COMPONENTS\LIBRARYV2\GEOS\LIBGEOS-3.5.0\X86\RELEASE\REPEATEDPOINTTESTER.OBJ
K:\COMPONENTS\LIBRARYV2\GEOS\LIBGEOS-3.5.0\X86\RELEASE\RIGHTMOSTEDGEFINDER.OBJ
K:\COMPONENTS\LIBRARYV2\GEOS\LIBGEOS-3.5.0\X86\RELEASE\ROBUSTDETERMINANT.OBJ
K:\COMPONENTS\LIBRARYV2\GEOS\LIBGEOS-3.5.0\X86\RELEASE\SCALEDNODER.OBJ
K:\COMPONENTS\LIBRARYV2\GEOS\LIBGEOS-3.5.0\X86\RELEASE\SEGMENTINTERSECTIONDETECTOR.OBJ
K:\COMPONENTS\LIBRARYV2\GEOS\LIBGEOS-3.5.0\X86\RELEASE\SEGMENTINTERSECTIONTESTER.OBJ
K:\COMPONENTS\LIBRARYV2\GEOS\LIBGEOS-3.5.0\X86\RELEASE\SEGMENTINTERSECTOR.OBJ
K:\COMPONENTS\LIBRARYV2\GEOS\LIBGEOS-3.5.0\X86\RELEASE\SEGMENTNODE.OBJ
K:\COMPONENTS\LIBRARYV2\GEOS\LIBGEOS-3.5.0\X86\RELEASE\SEGMENTNODELIST.OBJ
K:\COMPONENTS\LIBRARYV2\GEOS\LIBGEOS-3.5.0\X86\RELEASE\SEGMENTSTRING.OBJ
K:\COMPONENTS\LIBRARYV2\GEOS\LIBGEOS-3.5.0\X86\RELEASE\SEGMENTSTRINGUTIL.OBJ
K:\COMPONENTS\LIBRARYV2\GEOS\LIBGEOS-3.5.0\X86\RELEASE\SHAREDPATHSOP.OBJ
K:\COMPONENTS\LIBRARYV2\GEOS\LIBGEOS-3.5.0\X86\RELEASE\SHORTCIRCUITEDGEOMETRYVISITOR.OBJ
K:\COMPONENTS\LIBRARYV2\GEOS\LIBGEOS-3.5.0\X86\RELEASE\SIMPLEEDGESETINTERSECTOR.OBJ
K:\COMPONENTS\LIBRARYV2\GEOS\LIBGEOS-3.5.0\X86\RELEASE\SIMPLEGEOMETRYPRECISIONREDUCER.OBJ
K:\COMPONENTS\LIBRARYV2\GEOS\LIBGEOS-3.5.0\X86\RELEASE\SIMPLEMCSWEEPLINEINTERSECTOR.OBJ
K:\COMPONENTS\LIBRARYV2\GEOS\LIBGEOS-3.5.0\X86\RELEASE\SIMPLENESTEDRINGTESTER.OBJ
K:\COMPONENTS\LIBRARYV2\GEOS\LIBGEOS-3.5.0\X86\RELEASE\SIMPLENODER.OBJ
K:\COMPONENTS\LIBRARYV2\GEOS\LIBGEOS-3.5.0\X86\RELEASE\SIMPLEPOINTINAREALOCATOR.OBJ
K:\COMPONENTS\LIBRARYV2\GEOS\LIBGEOS-3.5.0\X86\RELEASE\SIMPLEPOINTINRING.OBJ
K:\COMPONENTS\LIBRARYV2\GEOS\LIBGEOS-3.5.0\X86\RELEASE\SIMPLESNAPROUNDER.OBJ
K:\COMPONENTS\LIBRARYV2\GEOS\LIBGEOS-3.5.0\X86\RELEASE\SIMPLESWEEPLINEINTERSECTOR.OBJ
K:\COMPONENTS\LIBRARYV2\GEOS\LIBGEOS-3.5.0\X86\RELEASE\SINESTARFACTORY.OBJ
K:\COMPONENTS\LIBRARYV2\GEOS\LIBGEOS-3.5.0\X86\RELEASE\SINGLEINTERIORINTERSECTIONFINDER.OBJ
K:\COMPONENTS\LIBRARYV2\GEOS\LIBGEOS-3.5.0\X86\RELEASE\SIRTREEPOINTINRING.OBJ
K:\COMPONENTS\LIBRARYV2\GEOS\LIBGEOS-3.5.0\X86\RELEASE\SNAPIFNEEDEDOVERLAYOP.OBJ
K:\COMPONENTS\LIBRARYV2\GEOS\LIBGEOS-3.5.0\X86\RELEASE\SNAPOVERLAYOP.OBJ
K:\COMPONENTS\LIBRARYV2\GEOS\LIBGEOS-3.5.0\X86\RELEASE\SORTEDPACKEDINTERVALRTREE.OBJ
K:\COMPONENTS\LIBRARYV2\GEOS\LIBGEOS-3.5.0\X86\RELEASE\STRINGTOKENIZER.OBJ
K:\COMPONENTS\LIBRARYV2\GEOS\LIBGEOS-3.5.0\X86\RELEASE\SUBGRAPHDEPTHLOCATER.OBJ
K:\COMPONENTS\LIBRARYV2\GEOS\LIBGEOS-3.5.0\X86\RELEASE\SWEEPLINEEVENT.OBJ
K:\COMPONENTS\LIBRARYV2\GEOS\LIBGEOS-3.5.0\X86\RELEASE\SWEEPLINENESTEDRINGTESTER.OBJ
K:\COMPONENTS\LIBRARYV2\GEOS\LIBGEOS-3.5.0\X86\RELEASE\SWEEPLINESEGMENT.OBJ
K:\COMPONENTS\LIBRARYV2\GEOS\LIBGEOS-3.5.0\X86\RELEASE\TAGGEDLINESEGMENT.OBJ
K:\COMPONENTS\LIBRARYV2\GEOS\LIBGEOS-3.5.0\X86\RELEASE\TAGGEDLINESSIMPLIFIER.OBJ
K:\COMPONENTS\LIBRARYV2\GEOS\LIBGEOS-3.5.0\X86\RELEASE\TAGGEDLINESTRING.OBJ
K:\COMPONENTS\LIBRARYV2\GEOS\LIBGEOS-3.5.0\X86\RELEASE\TAGGEDLINESTRINGSIMPLIFIER.OBJ
K:\COMPONENTS\LIBRARYV2\GEOS\LIBGEOS-3.5.0\X86\RELEASE\TOPOLOGYLOCATION.OBJ
K:\COMPONENTS\LIBRARYV2\GEOS\LIBGEOS-3.5.0\X86\RELEASE\TOPOLOGYPRESERVINGSIMPLIFIER.OBJ
K:\COMPONENTS\LIBRARYV2\GEOS\LIBGEOS-3.5.0\X86\RELEASE\TOPOLOGYVALIDATIONERROR.OBJ
K:\COMPONENTS\LIBRARYV2\GEOS\LIBGEOS-3.5.0\X86\RELEASE\TRIANGLE.OBJ
K:\COMPONENTS\LIBRARYV2\GEOS\LIBGEOS-3.5.0\X86\RELEASE\TRIANGLEPREDICATE.OBJ
K:\COMPONENTS\LIBRARYV2\GEOS\LIBGEOS-3.5.0\X86\RELEASE\TRIANGLEVISITOR.OBJ
K:\COMPONENTS\LIBRARYV2\GEOS\LIBGEOS-3.5.0\X86\RELEASE\UNARYUNIONOP.OBJ
K:\COMPONENTS\LIBRARYV2\GEOS\LIBGEOS-3.5.0\X86\RELEASE\UNLOAD.OBJ
K:\COMPONENTS\LIBRARYV2\GEOS\LIBGEOS-3.5.0\X86\RELEASE\VC100.PDB
K:\COMPONENTS\LIBRARYV2\GEOS\LIBGEOS-3.5.0\X86\RELEASE\VERTEX.OBJ
K:\COMPONENTS\LIBRARYV2\GEOS\LIBGEOS-3.5.0\X86\RELEASE\VORONOIDIAGRAMBUILDER.OBJ
K:\COMPONENTS\LIBRARYV2\GEOS\LIBGEOS-3.5.0\X86\RELEASE\WKBREADER.OBJ
K:\COMPONENTS\LIBRARYV2\GEOS\LIBGEOS-3.5.0\X86\RELEASE\WKBWRITER.OBJ
K:\COMPONENTS\LIBRARYV2\GEOS\LIBGEOS-3.5.0\X86\RELEASE\WKTREADER.OBJ
K:\COMPONENTS\LIBRARYV2\GEOS\LIBGEOS-3.5.0\X86\RELEASE\WKTWRITER.OBJ
K:\COMPONENTS\LIBRARYV2\GEOS\LIBGEOS-3.5.0\X86\RELEASE\WRITER.OBJ
