K:\COMPONENTS\LIBRARYV2\GDAL\GDAL_2.1.X_VC_NOINTFILESCLEANUP\LIBGDAL-2.1.2\TEST_DYNAMIC_GDAL_ENVVARS_INTERNALS\X86\RELEASE\MAIN.OBJ
K:\COMPONENTS\LIBRARYV2\GDAL\GDAL_2.1.X_VC_NOINTFILESCLEANUP\LIBGDAL-2.1.2\TEST_DYNAMIC_GDAL_ENVVARS_INTERNALS\X86\RELEASE\TEST_DYNAMIC_GDAL_ENVVARS_INTERNALS.EXE
K:\COMPONENTS\LIBRARYV2\GDAL\GDAL_2.1.X_VC_NOINTFILESCLEANUP\LIBGDAL-2.1.2\TEST_DYNAMIC_GDAL_ENVVARS_INTERNALS\X86\RELEASE\TEST_DYNAMIC_GDAL_ENVVARS_INTERNALS.EXE.INTERMEDIATE.MANIFEST
K:\Components\LibraryV2\GDAL\GDAL_2.1.x_VC_NoIntFilesCleanUp\libgdal-2.1.2\test_dynamic_gdal_envvars_internals\x86\Release\test_dynamic_gdal_envvars_internals.exp
K:\Components\LibraryV2\GDAL\GDAL_2.1.x_VC_NoIntFilesCleanUp\libgdal-2.1.2\test_dynamic_gdal_envvars_internals\x86\Release\test_dynamic_gdal_envvars_internals.lib
K:\COMPONENTS\LIBRARYV2\GDAL\GDAL_2.1.X_VC_NOINTFILESCLEANUP\LIBGDAL-2.1.2\TEST_DYNAMIC_GDAL_ENVVARS_INTERNALS\X86\RELEASE\TEST_DYNAMIC_GDAL_ENVVARS_INTERNALS.PDB
K:\COMPONENTS\LIBRARYV2\GDAL\GDAL_2.1.X_VC_NOINTFILESCLEANUP\LIBGDAL-2.1.2\TEST_DYNAMIC_GDAL_ENVVARS_INTERNALS\X86\RELEASE\VC100.PDB
K:\Components\LibraryV2\GDAL\GDAL_2.1.x_VC_NoIntFilesCleanUp\libgdal-2.1.3\gdal_compute_alongtrack_overlap\x86\Release\cl.command.1.tlog
K:\Components\LibraryV2\GDAL\GDAL_2.1.x_VC_NoIntFilesCleanUp\libgdal-2.1.3\gdal_compute_alongtrack_overlap\x86\Release\CL.read.1.tlog
K:\Components\LibraryV2\GDAL\GDAL_2.1.x_VC_NoIntFilesCleanUp\libgdal-2.1.3\gdal_compute_alongtrack_overlap\x86\Release\CL.write.1.tlog
K:\Components\LibraryV2\GDAL\GDAL_2.1.x_VC_NoIntFilesCleanUp\libgdal-2.1.3\gdal_compute_alongtrack_overlap\x86\Release\link.command.1.tlog
K:\Components\LibraryV2\GDAL\GDAL_2.1.x_VC_NoIntFilesCleanUp\libgdal-2.1.3\gdal_compute_alongtrack_overlap\x86\Release\link.read.1.tlog
K:\Components\LibraryV2\GDAL\GDAL_2.1.x_VC_NoIntFilesCleanUp\libgdal-2.1.3\gdal_compute_alongtrack_overlap\x86\Release\link.write.1.tlog
K:\Components\LibraryV2\GDAL\GDAL_2.1.x_VC_NoIntFilesCleanUp\libgdal-2.1.3\gdal_compute_alongtrack_overlap\x86\Release\main.obj
K:\Components\LibraryV2\GDAL\GDAL_2.1.x_VC_NoIntFilesCleanUp\libgdal-2.1.3\gdal_compute_alongtrack_overlap\x86\Release\mt.command.1.tlog
K:\Components\LibraryV2\GDAL\GDAL_2.1.x_VC_NoIntFilesCleanUp\libgdal-2.1.3\gdal_compute_alongtrack_overlap\x86\Release\mt.read.1.tlog
K:\Components\LibraryV2\GDAL\GDAL_2.1.x_VC_NoIntFilesCleanUp\libgdal-2.1.3\gdal_compute_alongtrack_overlap\x86\Release\mt.write.1.tlog
K:\Components\LibraryV2\GDAL\GDAL_2.1.x_VC_NoIntFilesCleanUp\libgdal-2.1.3\gdal_compute_alongtrack_overlap\x86\Release\test_dynamic_gdal_envvars_internals.exe.intermediate.manifest
K:\Components\LibraryV2\GDAL\GDAL_2.1.x_VC_NoIntFilesCleanUp\libgdal-2.1.3\gdal_compute_alongtrack_overlap\x86\Release\test_dynamic_gdal_envvars_internals.exp
K:\Components\LibraryV2\GDAL\GDAL_2.1.x_VC_NoIntFilesCleanUp\libgdal-2.1.3\gdal_compute_alongtrack_overlap\x86\Release\test_dynamic_gdal_envvars_internals.pdb
K:\Components\LibraryV2\GDAL\GDAL_2.1.x_VC_NoIntFilesCleanUp\libgdal-2.1.3\gdal_compute_alongtrack_overlap\x86\Release\test_dynamic_gdal_envvars_internals.write.1.tlog
K:\Components\LibraryV2\GDAL\GDAL_2.1.x_VC_NoIntFilesCleanUp\libgdal-2.1.3\gdal_compute_alongtrack_overlap\x86\Release\vc100.pdb
