Build started 04/07/2016 13:34:11.
     1>Project "K:\Components\LibraryV2\GDAL\GDAL_2.1.0_VC_NoIntFilesCleanUp\3rdpart\proj-4.9.2\vc\proj.vcxproj" on node 2 (rebuild target(s)).
     1>C:\Program Files (x86)\MSBuild\Microsoft.Cpp\v4.0\Microsoft.CppBuild.targets(298,5): warning MSB8004: Intermediate Directory does not end with a trailing slash.  This build instance will add the slash as it is required to allow proper evaluation of the Intermediate Directory.
     1>C:\Program Files (x86)\MSBuild\Microsoft.Cpp\v4.0\Microsoft.CppBuild.targets(299,5): warning MSB8004: Output Directory does not end with a trailing slash.  This build instance will add the slash as it is required to allow proper evaluation of the Output Directory.
     1>InitializeBuildStatus:
         Creating "K:\Components\LibraryV2\GDAL\GDAL_2.1.0_VC_NoIntFilesCleanUp\3rdpart\proj-4.9.2\vc\x64\Release\proj.unsuccessfulbuild" because "AlwaysCreate" was specified.
       CustomBuild:
         Building Custom Rule K:/Components/LibraryV2/GDAL/GDAL_2.1.0_VC_NoIntFilesCleanUp/3rdpart/proj-4.9.2/src/CMakeLists.txt
         CMake does not need to re-run because K:\Components\LibraryV2\GDAL\GDAL_2.1.0_VC_NoIntFilesCleanUp\3rdpart\proj-4.9.2\VC10\src\CMakeFiles\generate.stamp is up-to-date.
       MakeDirsForCl:
         Creating directory "K:\Components\LibraryV2\GDAL\GDAL_2.1.0_VC_NoIntFilesCleanUp\3rdpart\proj-4.9.2\vc\Release".
       ClCompile:
         c:\Program Files (x86)\Microsoft Visual Studio 10.0\VC\bin\x86_amd64\CL.exe /c /I..\src /I.\ /nologo /W3 /WX- /O2 /Ob2 /D WIN32 /D _WINDOWS /D NDEBUG /D MUTEX_win32 /D "PROJ_LIB=\"c:/OSGeo4W/share\"" /D "CMAKE_INTDIR=\"Release\"" /D _WINDLL /D _MBCS /Gm- /MD /GS /fp:precise /Zc:wchar_t /Zc:forScope /Fo"K:\Components\LibraryV2\GDAL\GDAL_2.1.0_VC_NoIntFilesCleanUp\3rdpart\proj-4.9.2\vc\x64\Release\\" /Fd"K:\Components\LibraryV2\GDAL\GDAL_2.1.0_VC_NoIntFilesCleanUp\3rdpart\proj-4.9.2\vc\x64\Release\vc100.pdb" /Gd /TC /errorReport:prompt ..\src\nad_init.c ..\src\PJ_aea.c ..\src\PJ_aeqd.c ..\src\PJ_airy.c ..\src\PJ_aitoff.c ..\src\PJ_august.c ..\src\PJ_bacon.c ..\src\PJ_bipc.c ..\src\PJ_boggs.c ..\src\PJ_bonne.c ..\src\PJ_calcofi.c ..\src\PJ_cass.c ..\src\PJ_cc.c ..\src\PJ_cea.c ..\src\PJ_chamb.c ..\src\PJ_collg.c ..\src\PJ_crast.c ..\src\PJ_denoy.c ..\src\PJ_eck1.c ..\src\PJ_eck2.c ..\src\PJ_eck3.c ..\src\PJ_eck4.c ..\src\PJ_eck5.c ..\src\PJ_eqc.c ..\src\PJ_eqdc.c ..\src\PJ_fahey.c ..\src\PJ_fouc_s.c ..\src\PJ_gall.c ..\src\PJ_geos.c ..\src\PJ_gins8.c ..\src\PJ_gnom.c ..\src\PJ_gn_sinu.c ..\src\PJ_goode.c ..\src\PJ_gstmerc.c ..\src\PJ_hammer.c ..\src\PJ_hatano.c ..\src\PJ_igh.c ..\src\PJ_isea.c ..\src\PJ_imw_p.c ..\src\PJ_krovak.c ..\src\PJ_labrd.c ..\src\PJ_laea.c ..\src\PJ_lagrng.c ..\src\PJ_larr.c ..\src\PJ_lask.c ..\src\PJ_lcca.c ..\src\PJ_lcc.c ..\src\PJ_loxim.c ..\src\PJ_lsat.c ..\src\PJ_mbt_fps.c ..\src\PJ_mbtfpp.c ..\src\PJ_mbtfpq.c ..\src\PJ_merc.c ..\src\PJ_mill.c ..\src\PJ_mod_ster.c ..\src\PJ_moll.c ..\src\PJ_natearth.c ..\src\PJ_nell.c ..\src\PJ_nell_h.c ..\src\PJ_nocol.c ..\src\PJ_nsper.c ..\src\PJ_nzmg.c ..\src\PJ_ob_tran.c ..\src\PJ_ocea.c ..\src\PJ_oea.c ..\src\PJ_omerc.c ..\src\PJ_ortho.c ..\src\PJ_poly.c ..\src\PJ_putp2.c ..\src\PJ_putp3.c ..\src\PJ_putp4p.c ..\src\PJ_putp5.c ..\src\PJ_putp6.c ..\src\PJ_qsc.c ..\src\PJ_robin.c ..\src\PJ_rpoly.c ..\src\PJ_sconics.c ..\src\PJ_somerc.c ..\src\PJ_sterea.c ..\src\PJ_stere.c ..\src\PJ_sts.c ..\src\PJ_tcc.c ..\src\PJ_tcea.c ..\src\PJ_tmerc.c ..\src\PJ_tpeqd.c ..\src\PJ_urm5.c ..\src\PJ_urmfps.c ..\src\PJ_vandg.c ..\src\PJ_vandg2.c ..\src\PJ_vandg4.c ..\src\PJ_wag2.c ..\src\PJ_wag3.c ..\src\PJ_wag7.c ..\src\PJ_wink1.c ..\src\PJ_wink2.c ..\src\proj_etmerc.c ..\src\aasincos.c ..\src\adjlon.c ..\src\bch2bps.c ..\src\bchgen.c ..\src\biveval.c ..\src\dmstor.c ..\src\emess.c ..\src\geocent.c ..\src\geodesic.c ..\src\mk_cheby.c ..\src\nad_cvt.c ..\src\nad_intr.c ..\src\pj_apply_gridshift.c ..\src\pj_apply_vgridshift.c ..\src\pj_auth.c ..\src\pj_ctx.c ..\src\pj_fileapi.c ..\src\pj_datum_set.c ..\src\pj_datums.c ..\src\pj_deriv.c ..\src\pj_ell_set.c ..\src\pj_ellps.c ..\src\pj_errno.c ..\src\pj_factors.c ..\src\pj_fwd.c ..\src\pj_gauss.c ..\src\pj_gc_reader.c ..\src\pj_geocent.c ..\src\pj_gridcatalog.c ..\src\pj_gridinfo.c ..\src\pj_gridlist.c ..\src\PJ_healpix.c ..\src\pj_init.c ..\src\pj_initcache.c ..\src\pj_inv.c ..\src\pj_latlong.c ..\src\pj_list.c ..\src\pj_log.c ..\src\pj_malloc.c ..\src\pj_mlfn.c ..\src\pj_msfn.c ..\src\pj_mutex.c ..\src\pj_open_lib.c ..\src\pj_param.c ..\src\pj_phi2.c ..\src\pj_pr_list.c ..\src\pj_qsfn.c ..\src\pj_release.c ..\src\pj_strerrno.c ..\src\pj_transform.c ..\src\pj_tsfn.c ..\src\pj_units.c ..\src\pj_utils.c ..\src\pj_zpoly1.c ..\src\proj_mdist.c ..\src\proj_rouss.c ..\src\rtodms.c ..\src\vector1.c ..\src\pj_strtod.c
         nad_init.c
     1>..\src\nad_init.c(137): warning C4267: '=' : conversion from 'size_t' to 'int', possible loss of data
     1>..\src\nad_init.c(184): warning C4267: 'function' : conversion from 'size_t' to 'int', possible loss of data
     1>..\src\nad_init.c(246): warning C4267: '=' : conversion from 'size_t' to 'int', possible loss of data
         PJ_aea.c
         PJ_aeqd.c
         PJ_airy.c
         PJ_aitoff.c
         PJ_august.c
         PJ_bacon.c
         PJ_bipc.c
         PJ_boggs.c
         PJ_bonne.c
         PJ_calcofi.c
         PJ_cass.c
         PJ_cc.c
         PJ_cea.c
         PJ_chamb.c
         PJ_collg.c
         PJ_crast.c
         PJ_denoy.c
         PJ_eck1.c
         PJ_eck2.c
         Generating Code...
         Compiling...
         PJ_eck3.c
         PJ_eck4.c
         PJ_eck5.c
         PJ_eqc.c
         PJ_eqdc.c
         PJ_fahey.c
         PJ_fouc_s.c
         PJ_gall.c
         PJ_geos.c
         PJ_gins8.c
         PJ_gnom.c
         PJ_gn_sinu.c
         PJ_goode.c
         PJ_gstmerc.c
         PJ_hammer.c
         PJ_hatano.c
         PJ_igh.c
         PJ_isea.c
     1>..\src\PJ_isea.c(78): warning C4244: '=' : conversion from 'double' to 'int', possible loss of data
     1>..\src\PJ_isea.c(79): warning C4244: '=' : conversion from 'double' to 'int', possible loss of data
     1>..\src\PJ_isea.c(80): warning C4244: '=' : conversion from 'double' to 'int', possible loss of data
     1>..\src\PJ_isea.c(895): warning C4244: '=' : conversion from 'double' to 'int', possible loss of data
     1>..\src\PJ_isea.c(921): warning C4244: '=' : conversion from 'double' to 'int', possible loss of data
     1>..\src\PJ_isea.c(922): warning C4244: '=' : conversion from 'double' to 'int', possible loss of data
         PJ_imw_p.c
         PJ_krovak.c
         Generating Code...
         Compiling...
         PJ_labrd.c
         PJ_laea.c
         PJ_lagrng.c
         PJ_larr.c
         PJ_lask.c
         PJ_lcca.c
         PJ_lcc.c
         PJ_loxim.c
         PJ_lsat.c
         PJ_mbt_fps.c
         PJ_mbtfpp.c
         PJ_mbtfpq.c
         PJ_merc.c
         PJ_mill.c
         PJ_mod_ster.c
         PJ_moll.c
         PJ_natearth.c
         PJ_nell.c
         PJ_nell_h.c
         PJ_nocol.c
         Generating Code...
         Compiling...
         PJ_nsper.c
         PJ_nzmg.c
         PJ_ob_tran.c
         PJ_ocea.c
         PJ_oea.c
         PJ_omerc.c
         PJ_ortho.c
         PJ_poly.c
         PJ_putp2.c
         PJ_putp3.c
         PJ_putp4p.c
         PJ_putp5.c
         PJ_putp6.c
         PJ_qsc.c
         PJ_robin.c
     1>..\src\PJ_robin.c(21): warning C4305: 'initializing' : truncation from 'double' to 'float'
     1>..\src\PJ_robin.c(21): warning C4305: 'initializing' : truncation from 'double' to 'float'
     1>..\src\PJ_robin.c(21): warning C4305: 'initializing' : truncation from 'double' to 'float'
     1>..\src\PJ_robin.c(22): warning C4305: 'initializing' : truncation from 'double' to 'float'
     1>..\src\PJ_robin.c(22): warning C4305: 'initializing' : truncation from 'double' to 'float'
     1>..\src\PJ_robin.c(22): warning C4305: 'initializing' : truncation from 'double' to 'float'
     1>..\src\PJ_robin.c(22): warning C4305: 'initializing' : truncation from 'double' to 'float'
     1>..\src\PJ_robin.c(23): warning C4305: 'initializing' : truncation from 'double' to 'float'
     1>..\src\PJ_robin.c(23): warning C4305: 'initializing' : truncation from 'double' to 'float'
     1>..\src\PJ_robin.c(23): warning C4305: 'initializing' : truncation from 'double' to 'float'
     1>..\src\PJ_robin.c(23): warning C4305: 'initializing' : truncation from 'double' to 'float'
     1>..\src\PJ_robin.c(24): warning C4305: 'initializing' : truncation from 'double' to 'float'
     1>..\src\PJ_robin.c(24): warning C4305: 'initializing' : truncation from 'double' to 'float'
     1>..\src\PJ_robin.c(24): warning C4305: 'initializing' : truncation from 'double' to 'float'
     1>..\src\PJ_robin.c(24): warning C4305: 'initializing' : truncation from 'double' to 'float'
     1>..\src\PJ_robin.c(25): warning C4305: 'initializing' : truncation from 'double' to 'float'
     1>..\src\PJ_robin.c(25): warning C4305: 'initializing' : truncation from 'double' to 'float'
     1>..\src\PJ_robin.c(25): warning C4305: 'initializing' : truncation from 'double' to 'float'
     1>..\src\PJ_robin.c(25): warning C4305: 'initializing' : truncation from 'double' to 'float'
     1>..\src\PJ_robin.c(26): warning C4305: 'initializing' : truncation from 'double' to 'float'
     1>..\src\PJ_robin.c(26): warning C4305: 'initializing' : truncation from 'double' to 'float'
     1>..\src\PJ_robin.c(26): warning C4305: 'initializing' : truncation from 'double' to 'float'
     1>..\src\PJ_robin.c(26): warning C4305: 'initializing' : truncation from 'double' to 'float'
     1>..\src\PJ_robin.c(27): warning C4305: 'initializing' : truncation from 'double' to 'float'
     1>..\src\PJ_robin.c(27): warning C4305: 'initializing' : truncation from 'double' to 'float'
     1>..\src\PJ_robin.c(27): warning C4305: 'initializing' : truncation from 'double' to 'float'
     1>..\src\PJ_robin.c(27): warning C4305: 'initializing' : truncation from 'double' to 'float'
     1>..\src\PJ_robin.c(28): warning C4305: 'initializing' : truncation from 'double' to 'float'
     1>..\src\PJ_robin.c(28): warning C4305: 'initializing' : truncation from 'double' to 'float'
     1>..\src\PJ_robin.c(28): warning C4305: 'initializing' : truncation from 'double' to 'float'
     1>..\src\PJ_robin.c(28): warning C4305: 'initializing' : truncation from 'double' to 'float'
     1>..\src\PJ_robin.c(29): warning C4305: 'initializing' : truncation from 'double' to 'float'
     1>..\src\PJ_robin.c(29): warning C4305: 'initializing' : truncation from 'double' to 'float'
     1>..\src\PJ_robin.c(29): warning C4305: 'initializing' : truncation from 'double' to 'float'
     1>..\src\PJ_robin.c(29): warning C4305: 'initializing' : truncation from 'double' to 'float'
     1>..\src\PJ_robin.c(30): warning C4305: 'initializing' : truncation from 'double' to 'float'
     1>..\src\PJ_robin.c(30): warning C4305: 'initializing' : truncation from 'double' to 'float'
     1>..\src\PJ_robin.c(30): warning C4305: 'initializing' : truncation from 'double' to 'float'
     1>..\src\PJ_robin.c(30): warning C4305: 'initializing' : truncation from 'double' to 'float'
     1>..\src\PJ_robin.c(31): warning C4305: 'initializing' : truncation from 'double' to 'float'
     1>..\src\PJ_robin.c(31): warning C4305: 'initializing' : truncation from 'double' to 'float'
     1>..\src\PJ_robin.c(31): warning C4305: 'initializing' : truncation from 'double' to 'float'
     1>..\src\PJ_robin.c(31): warning C4305: 'initializing' : truncation from 'double' to 'float'
     1>..\src\PJ_robin.c(32): warning C4305: 'initializing' : truncation from 'double' to 'float'
     1>..\src\PJ_robin.c(32): warning C4305: 'initializing' : truncation from 'double' to 'float'
     1>..\src\PJ_robin.c(32): warning C4305: 'initializing' : truncation from 'double' to 'float'
     1>..\src\PJ_robin.c(32): warning C4305: 'initializing' : truncation from 'double' to 'float'
     1>..\src\PJ_robin.c(33): warning C4305: 'initializing' : truncation from 'double' to 'float'
     1>..\src\PJ_robin.c(33): warning C4305: 'initializing' : truncation from 'double' to 'float'
     1>..\src\PJ_robin.c(33): warning C4305: 'initializing' : truncation from 'double' to 'float'
     1>..\src\PJ_robin.c(33): warning C4305: 'initializing' : truncation from 'double' to 'float'
     1>..\src\PJ_robin.c(34): warning C4305: 'initializing' : truncation from 'double' to 'float'
     1>..\src\PJ_robin.c(34): warning C4305: 'initializing' : truncation from 'double' to 'float'
     1>..\src\PJ_robin.c(34): warning C4305: 'initializing' : truncation from 'double' to 'float'
     1>..\src\PJ_robin.c(34): warning C4305: 'initializing' : truncation from 'double' to 'float'
     1>..\src\PJ_robin.c(35): warning C4305: 'initializing' : truncation from 'double' to 'float'
     1>..\src\PJ_robin.c(35): warning C4305: 'initializing' : truncation from 'double' to 'float'
     1>..\src\PJ_robin.c(35): warning C4305: 'initializing' : truncation from 'double' to 'float'
     1>..\src\PJ_robin.c(35): warning C4305: 'initializing' : truncation from 'double' to 'float'
     1>..\src\PJ_robin.c(36): warning C4305: 'initializing' : truncation from 'double' to 'float'
     1>..\src\PJ_robin.c(36): warning C4305: 'initializing' : truncation from 'double' to 'float'
     1>..\src\PJ_robin.c(36): warning C4305: 'initializing' : truncation from 'double' to 'float'
     1>..\src\PJ_robin.c(36): warning C4305: 'initializing' : truncation from 'double' to 'float'
     1>..\src\PJ_robin.c(37): warning C4305: 'initializing' : truncation from 'double' to 'float'
     1>..\src\PJ_robin.c(37): warning C4305: 'initializing' : truncation from 'double' to 'float'
     1>..\src\PJ_robin.c(37): warning C4305: 'initializing' : truncation from 'double' to 'float'
     1>..\src\PJ_robin.c(37): warning C4305: 'initializing' : truncation from 'double' to 'float'
     1>..\src\PJ_robin.c(38): warning C4305: 'initializing' : truncation from 'double' to 'float'
     1>..\src\PJ_robin.c(38): warning C4305: 'initializing' : truncation from 'double' to 'float'
     1>..\src\PJ_robin.c(38): warning C4305: 'initializing' : truncation from 'double' to 'float'
     1>..\src\PJ_robin.c(38): warning C4305: 'initializing' : truncation from 'double' to 'float'
     1>..\src\PJ_robin.c(39): warning C4305: 'initializing' : truncation from 'double' to 'float'
     1>..\src\PJ_robin.c(39): warning C4305: 'initializing' : truncation from 'double' to 'float'
     1>..\src\PJ_robin.c(39): warning C4305: 'initializing' : truncation from 'double' to 'float'
     1>..\src\PJ_robin.c(39): warning C4305: 'initializing' : truncation from 'double' to 'float'
     1>..\src\PJ_robin.c(42): warning C4305: 'initializing' : truncation from 'double' to 'float'
     1>..\src\PJ_robin.c(42): warning C4305: 'initializing' : truncation from 'double' to 'float'
     1>..\src\PJ_robin.c(42): warning C4305: 'initializing' : truncation from 'double' to 'float'
     1>..\src\PJ_robin.c(42): warning C4305: 'initializing' : truncation from 'double' to 'float'
     1>..\src\PJ_robin.c(43): warning C4305: 'initializing' : truncation from 'double' to 'float'
     1>..\src\PJ_robin.c(43): warning C4305: 'initializing' : truncation from 'double' to 'float'
     1>..\src\PJ_robin.c(43): warning C4305: 'initializing' : truncation from 'double' to 'float'
     1>..\src\PJ_robin.c(43): warning C4305: 'initializing' : truncation from 'double' to 'float'
     1>..\src\PJ_robin.c(44): warning C4305: 'initializing' : truncation from 'double' to 'float'
     1>..\src\PJ_robin.c(44): warning C4305: 'initializing' : truncation from 'double' to 'float'
     1>..\src\PJ_robin.c(44): warning C4305: 'initializing' : truncation from 'double' to 'float'
     1>..\src\PJ_robin.c(44): warning C4305: 'initializing' : truncation from 'double' to 'float'
     1>..\src\PJ_robin.c(45): warning C4305: 'initializing' : truncation from 'double' to 'float'
     1>..\src\PJ_robin.c(45): warning C4305: 'initializing' : truncation from 'double' to 'float'
     1>..\src\PJ_robin.c(45): warning C4305: 'initializing' : truncation from 'double' to 'float'
     1>..\src\PJ_robin.c(45): warning C4305: 'initializing' : truncation from 'double' to 'float'
     1>..\src\PJ_robin.c(46): warning C4305: 'initializing' : truncation from 'double' to 'float'
     1>..\src\PJ_robin.c(46): warning C4305: 'initializing' : truncation from 'double' to 'float'
     1>..\src\PJ_robin.c(46): warning C4305: 'initializing' : truncation from 'double' to 'float'
     1>..\src\PJ_robin.c(46): warning C4305: 'initializing' : truncation from 'double' to 'float'
     1>..\src\PJ_robin.c(47): warning C4305: 'initializing' : truncation from 'double' to 'float'
     1>..\src\PJ_robin.c(47): warning C4305: 'initializing' : truncation from 'double' to 'float'
     1>..\src\PJ_robin.c(47): warning C4305: 'initializing' : truncation from 'double' to 'float'
     1>..\src\PJ_robin.c(47): warning C4305: 'initializing' : truncation from 'double' to 'float'
     1>..\src\PJ_robin.c(48): warning C4305: 'initializing' : truncation from 'double' to 'float'
     1>..\src\PJ_robin.c(48): warning C4305: 'initializing' : truncation from 'double' to 'float'
     1>..\src\PJ_robin.c(48): warning C4305: 'initializing' : truncation from 'double' to 'float'
     1>..\src\PJ_robin.c(48): warning C4305: 'initializing' : truncation from 'double' to 'float'
     1>..\src\PJ_robin.c(49): warning C4305: 'initializing' : truncation from 'double' to 'float'
     1>..\src\PJ_robin.c(49): warning C4305: 'initializing' : truncation from 'double' to 'float'
     1>..\src\PJ_robin.c(49): warning C4305: 'initializing' : truncation from 'double' to 'float'
     1>..\src\PJ_robin.c(49): warning C4305: 'initializing' : truncation from 'double' to 'float'
     1>..\src\PJ_robin.c(50): warning C4305: 'initializing' : truncation from 'double' to 'float'
     1>..\src\PJ_robin.c(50): warning C4305: 'initializing' : truncation from 'double' to 'float'
     1>..\src\PJ_robin.c(50): warning C4305: 'initializing' : truncation from 'double' to 'float'
     1>..\src\PJ_robin.c(50): warning C4305: 'initializing' : truncation from 'double' to 'float'
     1>..\src\PJ_robin.c(51): warning C4305: 'initializing' : truncation from 'double' to 'float'
     1>..\src\PJ_robin.c(51): warning C4305: 'initializing' : truncation from 'double' to 'float'
     1>..\src\PJ_robin.c(51): warning C4305: 'initializing' : truncation from 'double' to 'float'
     1>..\src\PJ_robin.c(51): warning C4305: 'initializing' : truncation from 'double' to 'float'
     1>..\src\PJ_robin.c(52): warning C4305: 'initializing' : truncation from 'double' to 'float'
     1>..\src\PJ_robin.c(52): warning C4305: 'initializing' : truncation from 'double' to 'float'
     1>..\src\PJ_robin.c(52): warning C4305: 'initializing' : truncation from 'double' to 'float'
     1>..\src\PJ_robin.c(52): warning C4305: 'initializing' : truncation from 'double' to 'float'
     1>..\src\PJ_robin.c(53): warning C4305: 'initializing' : truncation from 'double' to 'float'
     1>..\src\PJ_robin.c(53): warning C4305: 'initializing' : truncation from 'double' to 'float'
     1>..\src\PJ_robin.c(53): warning C4305: 'initializing' : truncation from 'double' to 'float'
     1>..\src\PJ_robin.c(53): warning C4305: 'initializing' : truncation from 'double' to 'float'
     1>..\src\PJ_robin.c(54): warning C4305: 'initializing' : truncation from 'double' to 'float'
     1>..\src\PJ_robin.c(54): warning C4305: 'initializing' : truncation from 'double' to 'float'
     1>..\src\PJ_robin.c(54): warning C4305: 'initializing' : truncation from 'double' to 'float'
     1>..\src\PJ_robin.c(54): warning C4305: 'initializing' : truncation from 'double' to 'float'
     1>..\src\PJ_robin.c(55): warning C4305: 'initializing' : truncation from 'double' to 'float'
     1>..\src\PJ_robin.c(55): warning C4305: 'initializing' : truncation from 'double' to 'float'
     1>..\src\PJ_robin.c(55): warning C4305: 'initializing' : truncation from 'double' to 'float'
     1>..\src\PJ_robin.c(55): warning C4305: 'initializing' : truncation from 'double' to 'float'
     1>..\src\PJ_robin.c(56): warning C4305: 'initializing' : truncation from 'double' to 'float'
     1>..\src\PJ_robin.c(56): warning C4305: 'initializing' : truncation from 'double' to 'float'
     1>..\src\PJ_robin.c(56): warning C4305: 'initializing' : truncation from 'double' to 'float'
     1>..\src\PJ_robin.c(56): warning C4305: 'initializing' : truncation from 'double' to 'float'
     1>..\src\PJ_robin.c(57): warning C4305: 'initializing' : truncation from 'double' to 'float'
     1>..\src\PJ_robin.c(57): warning C4305: 'initializing' : truncation from 'double' to 'float'
     1>..\src\PJ_robin.c(57): warning C4305: 'initializing' : truncation from 'double' to 'float'
     1>..\src\PJ_robin.c(57): warning C4305: 'initializing' : truncation from 'double' to 'float'
     1>..\src\PJ_robin.c(58): warning C4305: 'initializing' : truncation from 'double' to 'float'
     1>..\src\PJ_robin.c(58): warning C4305: 'initializing' : truncation from 'double' to 'float'
     1>..\src\PJ_robin.c(58): warning C4305: 'initializing' : truncation from 'double' to 'float'
     1>..\src\PJ_robin.c(58): warning C4305: 'initializing' : truncation from 'double' to 'float'
     1>..\src\PJ_robin.c(59): warning C4305: 'initializing' : truncation from 'double' to 'float'
     1>..\src\PJ_robin.c(59): warning C4305: 'initializing' : truncation from 'double' to 'float'
     1>..\src\PJ_robin.c(59): warning C4305: 'initializing' : truncation from 'double' to 'float'
     1>..\src\PJ_robin.c(59): warning C4305: 'initializing' : truncation from 'double' to 'float'
     1>..\src\PJ_robin.c(60): warning C4305: 'initializing' : truncation from 'double' to 'float'
     1>..\src\PJ_robin.c(60): warning C4305: 'initializing' : truncation from 'double' to 'float'
     1>..\src\PJ_robin.c(60): warning C4305: 'initializing' : truncation from 'double' to 'float'
     1>..\src\PJ_robin.c(74): warning C4244: '=' : conversion from 'double' to 'int', possible loss of data
     1>..\src\PJ_robin.c(97): warning C4244: '=' : conversion from 'double' to 'int', possible loss of data
     1>..\src\PJ_robin.c(106): warning C4244: '-=' : conversion from 'double' to 'float', possible loss of data
         PJ_rpoly.c
         PJ_sconics.c
         PJ_somerc.c
         PJ_sterea.c
         PJ_stere.c
         Generating Code...
         Compiling...
         PJ_sts.c
         PJ_tcc.c
         PJ_tcea.c
         PJ_tmerc.c
     1>..\src\PJ_tmerc.c(168): warning C4244: '=' : conversion from 'double' to 'int', possible loss of data
         PJ_tpeqd.c
         PJ_urm5.c
         PJ_urmfps.c
         PJ_vandg.c
         PJ_vandg2.c
         PJ_vandg4.c
         PJ_wag2.c
         PJ_wag3.c
         PJ_wag7.c
         PJ_wink1.c
         PJ_wink2.c
         proj_etmerc.c
         aasincos.c
         adjlon.c
         bch2bps.c
         bchgen.c
         Generating Code...
         Compiling...
         biveval.c
         dmstor.c
         emess.c
         geocent.c
         geodesic.c
         mk_cheby.c
         nad_cvt.c
         nad_intr.c
     1>..\src\nad_intr.c(13): warning C4244: '=' : conversion from 'double' to 'int', possible loss of data
     1>..\src\nad_intr.c(14): warning C4244: '=' : conversion from 'double' to 'int', possible loss of data
         pj_apply_gridshift.c
         pj_apply_vgridshift.c
         pj_auth.c
         pj_ctx.c
         pj_fileapi.c
         pj_datum_set.c
         pj_datums.c
         pj_deriv.c
         pj_ell_set.c
         pj_ellps.c
         pj_errno.c
         pj_factors.c
         Generating Code...
         Compiling...
         pj_fwd.c
         pj_gauss.c
         pj_gc_reader.c
         pj_geocent.c
         pj_gridcatalog.c
         pj_gridinfo.c
     1>..\src\pj_gridinfo.c(247): warning C4244: '=' : conversion from 'double' to 'float', possible loss of data
     1>..\src\pj_gridinfo.c(248): warning C4244: '=' : conversion from 'double' to 'float', possible loss of data
     1>..\src\pj_gridinfo.c(327): warning C4244: '=' : conversion from 'double' to 'float', possible loss of data
     1>..\src\pj_gridinfo.c(328): warning C4244: '=' : conversion from 'double' to 'float', possible loss of data
         pj_gridlist.c
         PJ_healpix.c
         pj_init.c
     1>..\src\pj_init.c(72): warning C4267: '=' : conversion from 'size_t' to 'int', possible loss of data
     1>..\src\pj_init.c(87): warning C4267: '+=' : conversion from 'size_t' to 'int', possible loss of data
     1>..\src\pj_init.c(109): warning C4267: '=' : conversion from 'size_t' to 'int', possible loss of data
         pj_initcache.c
         pj_inv.c
         pj_latlong.c
         pj_list.c
         pj_log.c
         pj_malloc.c
         pj_mlfn.c
         pj_msfn.c
         pj_mutex.c
     1>..\src\pj_mutex.c(46): warning C4005: 'MUTEX_win32' : macro redefinition
                 command-line arguments :  see previous definition of 'MUTEX_win32'
         pj_open_lib.c
     1>..\src\pj_open_lib.c(116): warning C4267: '=' : conversion from 'size_t' to 'int', possible loss of data
     1>..\src\pj_open_lib.c(137): warning C4267: '=' : conversion from 'size_t' to 'int', possible loss of data
         pj_param.c
     1>..\src\pj_param.c(48): warning C4267: '=' : conversion from 'size_t' to 'unsigned int', possible loss of data
         Generating Code...
         Compiling...
         pj_phi2.c
         pj_pr_list.c
     1>..\src\pj_pr_list.c(14): warning C4267: '=' : conversion from 'size_t' to 'int', possible loss of data
     1>..\src\pj_pr_list.c(74): warning C4267: '=' : conversion from 'size_t' to 'int', possible loss of data
         pj_qsfn.c
         pj_release.c
         pj_strerrno.c
         pj_transform.c
         pj_tsfn.c
         pj_units.c
         pj_utils.c
         pj_zpoly1.c
         proj_mdist.c
         proj_rouss.c
         rtodms.c
     1>..\src\rtodms.c(52): warning C4244: '=' : conversion from 'double' to 'int', possible loss of data
     1>..\src\rtodms.c(54): warning C4244: '=' : conversion from 'double' to 'int', possible loss of data
         vector1.c
         pj_strtod.c
         Generating Code...
       Link:
         c:\Program Files (x86)\Microsoft Visual Studio 10.0\VC\bin\x86_amd64\link.exe /ERRORREPORT:PROMPT /OUT:"K:\Components\LibraryV2\GDAL\GDAL_2.1.0_VC_NoIntFilesCleanUp\3rdpart\proj-4.9.2\vc\x64\Release\proj.dll" /NOLOGO /DEF:"..\src\proj.def" /MANIFEST /ManifestFile:"K:\Components\LibraryV2\GDAL\GDAL_2.1.0_VC_NoIntFilesCleanUp\3rdpart\proj-4.9.2\vc\x64\Release\proj.dll.intermediate.manifest" /MANIFESTUAC:"level='asInvoker' uiAccess='false'" /PDB:"K:\Components\LibraryV2\GDAL\GDAL_2.1.0_VC_NoIntFilesCleanUp\3rdpart\proj-4.9.2\vc\x64\Release\proj.pdb" /TLBID:1 /DYNAMICBASE /NXCOMPAT /IMPLIB:"K:\Components\LibraryV2\GDAL\GDAL_2.1.0_VC_NoIntFilesCleanUp\3rdpart\proj-4.9.2\vc\x64\Release\proj.lib" /MACHINE:X64 /DLL "K:\Components\LibraryV2\GDAL\GDAL_2.1.0_VC_NoIntFilesCleanUp\3rdpart\proj-4.9.2\vc\x64\Release\nad_init.obj"
         "K:\Components\LibraryV2\GDAL\GDAL_2.1.0_VC_NoIntFilesCleanUp\3rdpart\proj-4.9.2\vc\x64\Release\PJ_aea.obj"
         "K:\Components\LibraryV2\GDAL\GDAL_2.1.0_VC_NoIntFilesCleanUp\3rdpart\proj-4.9.2\vc\x64\Release\PJ_aeqd.obj"
         "K:\Components\LibraryV2\GDAL\GDAL_2.1.0_VC_NoIntFilesCleanUp\3rdpart\proj-4.9.2\vc\x64\Release\PJ_airy.obj"
         "K:\Components\LibraryV2\GDAL\GDAL_2.1.0_VC_NoIntFilesCleanUp\3rdpart\proj-4.9.2\vc\x64\Release\PJ_aitoff.obj"
         "K:\Components\LibraryV2\GDAL\GDAL_2.1.0_VC_NoIntFilesCleanUp\3rdpart\proj-4.9.2\vc\x64\Release\PJ_august.obj"
         "K:\Components\LibraryV2\GDAL\GDAL_2.1.0_VC_NoIntFilesCleanUp\3rdpart\proj-4.9.2\vc\x64\Release\PJ_bacon.obj"
         "K:\Components\LibraryV2\GDAL\GDAL_2.1.0_VC_NoIntFilesCleanUp\3rdpart\proj-4.9.2\vc\x64\Release\PJ_bipc.obj"
         "K:\Components\LibraryV2\GDAL\GDAL_2.1.0_VC_NoIntFilesCleanUp\3rdpart\proj-4.9.2\vc\x64\Release\PJ_boggs.obj"
         "K:\Components\LibraryV2\GDAL\GDAL_2.1.0_VC_NoIntFilesCleanUp\3rdpart\proj-4.9.2\vc\x64\Release\PJ_bonne.obj"
         "K:\Components\LibraryV2\GDAL\GDAL_2.1.0_VC_NoIntFilesCleanUp\3rdpart\proj-4.9.2\vc\x64\Release\PJ_calcofi.obj"
         "K:\Components\LibraryV2\GDAL\GDAL_2.1.0_VC_NoIntFilesCleanUp\3rdpart\proj-4.9.2\vc\x64\Release\PJ_cass.obj"
         "K:\Components\LibraryV2\GDAL\GDAL_2.1.0_VC_NoIntFilesCleanUp\3rdpart\proj-4.9.2\vc\x64\Release\PJ_cc.obj"
         "K:\Components\LibraryV2\GDAL\GDAL_2.1.0_VC_NoIntFilesCleanUp\3rdpart\proj-4.9.2\vc\x64\Release\PJ_cea.obj"
         "K:\Components\LibraryV2\GDAL\GDAL_2.1.0_VC_NoIntFilesCleanUp\3rdpart\proj-4.9.2\vc\x64\Release\PJ_chamb.obj"
         "K:\Components\LibraryV2\GDAL\GDAL_2.1.0_VC_NoIntFilesCleanUp\3rdpart\proj-4.9.2\vc\x64\Release\PJ_collg.obj"
         "K:\Components\LibraryV2\GDAL\GDAL_2.1.0_VC_NoIntFilesCleanUp\3rdpart\proj-4.9.2\vc\x64\Release\PJ_crast.obj"
         "K:\Components\LibraryV2\GDAL\GDAL_2.1.0_VC_NoIntFilesCleanUp\3rdpart\proj-4.9.2\vc\x64\Release\PJ_denoy.obj"
         "K:\Components\LibraryV2\GDAL\GDAL_2.1.0_VC_NoIntFilesCleanUp\3rdpart\proj-4.9.2\vc\x64\Release\PJ_eck1.obj"
         "K:\Components\LibraryV2\GDAL\GDAL_2.1.0_VC_NoIntFilesCleanUp\3rdpart\proj-4.9.2\vc\x64\Release\PJ_eck2.obj"
         "K:\Components\LibraryV2\GDAL\GDAL_2.1.0_VC_NoIntFilesCleanUp\3rdpart\proj-4.9.2\vc\x64\Release\PJ_eck3.obj"
         "K:\Components\LibraryV2\GDAL\GDAL_2.1.0_VC_NoIntFilesCleanUp\3rdpart\proj-4.9.2\vc\x64\Release\PJ_eck4.obj"
         "K:\Components\LibraryV2\GDAL\GDAL_2.1.0_VC_NoIntFilesCleanUp\3rdpart\proj-4.9.2\vc\x64\Release\PJ_eck5.obj"
         "K:\Components\LibraryV2\GDAL\GDAL_2.1.0_VC_NoIntFilesCleanUp\3rdpart\proj-4.9.2\vc\x64\Release\PJ_eqc.obj"
         "K:\Components\LibraryV2\GDAL\GDAL_2.1.0_VC_NoIntFilesCleanUp\3rdpart\proj-4.9.2\vc\x64\Release\PJ_eqdc.obj"
         "K:\Components\LibraryV2\GDAL\GDAL_2.1.0_VC_NoIntFilesCleanUp\3rdpart\proj-4.9.2\vc\x64\Release\PJ_fahey.obj"
         "K:\Components\LibraryV2\GDAL\GDAL_2.1.0_VC_NoIntFilesCleanUp\3rdpart\proj-4.9.2\vc\x64\Release\PJ_fouc_s.obj"
         "K:\Components\LibraryV2\GDAL\GDAL_2.1.0_VC_NoIntFilesCleanUp\3rdpart\proj-4.9.2\vc\x64\Release\PJ_gall.obj"
         "K:\Components\LibraryV2\GDAL\GDAL_2.1.0_VC_NoIntFilesCleanUp\3rdpart\proj-4.9.2\vc\x64\Release\PJ_geos.obj"
         "K:\Components\LibraryV2\GDAL\GDAL_2.1.0_VC_NoIntFilesCleanUp\3rdpart\proj-4.9.2\vc\x64\Release\PJ_gins8.obj"
         "K:\Components\LibraryV2\GDAL\GDAL_2.1.0_VC_NoIntFilesCleanUp\3rdpart\proj-4.9.2\vc\x64\Release\PJ_gnom.obj"
         "K:\Components\LibraryV2\GDAL\GDAL_2.1.0_VC_NoIntFilesCleanUp\3rdpart\proj-4.9.2\vc\x64\Release\PJ_gn_sinu.obj"
         "K:\Components\LibraryV2\GDAL\GDAL_2.1.0_VC_NoIntFilesCleanUp\3rdpart\proj-4.9.2\vc\x64\Release\PJ_goode.obj"
         "K:\Components\LibraryV2\GDAL\GDAL_2.1.0_VC_NoIntFilesCleanUp\3rdpart\proj-4.9.2\vc\x64\Release\PJ_gstmerc.obj"
         "K:\Components\LibraryV2\GDAL\GDAL_2.1.0_VC_NoIntFilesCleanUp\3rdpart\proj-4.9.2\vc\x64\Release\PJ_hammer.obj"
         "K:\Components\LibraryV2\GDAL\GDAL_2.1.0_VC_NoIntFilesCleanUp\3rdpart\proj-4.9.2\vc\x64\Release\PJ_hatano.obj"
         "K:\Components\LibraryV2\GDAL\GDAL_2.1.0_VC_NoIntFilesCleanUp\3rdpart\proj-4.9.2\vc\x64\Release\PJ_igh.obj"
         "K:\Components\LibraryV2\GDAL\GDAL_2.1.0_VC_NoIntFilesCleanUp\3rdpart\proj-4.9.2\vc\x64\Release\PJ_isea.obj"
         "K:\Components\LibraryV2\GDAL\GDAL_2.1.0_VC_NoIntFilesCleanUp\3rdpart\proj-4.9.2\vc\x64\Release\PJ_imw_p.obj"
         "K:\Components\LibraryV2\GDAL\GDAL_2.1.0_VC_NoIntFilesCleanUp\3rdpart\proj-4.9.2\vc\x64\Release\PJ_krovak.obj"
         "K:\Components\LibraryV2\GDAL\GDAL_2.1.0_VC_NoIntFilesCleanUp\3rdpart\proj-4.9.2\vc\x64\Release\PJ_labrd.obj"
         "K:\Components\LibraryV2\GDAL\GDAL_2.1.0_VC_NoIntFilesCleanUp\3rdpart\proj-4.9.2\vc\x64\Release\PJ_laea.obj"
         "K:\Components\LibraryV2\GDAL\GDAL_2.1.0_VC_NoIntFilesCleanUp\3rdpart\proj-4.9.2\vc\x64\Release\PJ_lagrng.obj"
         "K:\Components\LibraryV2\GDAL\GDAL_2.1.0_VC_NoIntFilesCleanUp\3rdpart\proj-4.9.2\vc\x64\Release\PJ_larr.obj"
         "K:\Components\LibraryV2\GDAL\GDAL_2.1.0_VC_NoIntFilesCleanUp\3rdpart\proj-4.9.2\vc\x64\Release\PJ_lask.obj"
         "K:\Components\LibraryV2\GDAL\GDAL_2.1.0_VC_NoIntFilesCleanUp\3rdpart\proj-4.9.2\vc\x64\Release\PJ_lcca.obj"
         "K:\Components\LibraryV2\GDAL\GDAL_2.1.0_VC_NoIntFilesCleanUp\3rdpart\proj-4.9.2\vc\x64\Release\PJ_lcc.obj"
         "K:\Components\LibraryV2\GDAL\GDAL_2.1.0_VC_NoIntFilesCleanUp\3rdpart\proj-4.9.2\vc\x64\Release\PJ_loxim.obj"
         "K:\Components\LibraryV2\GDAL\GDAL_2.1.0_VC_NoIntFilesCleanUp\3rdpart\proj-4.9.2\vc\x64\Release\PJ_lsat.obj"
         "K:\Components\LibraryV2\GDAL\GDAL_2.1.0_VC_NoIntFilesCleanUp\3rdpart\proj-4.9.2\vc\x64\Release\PJ_mbt_fps.obj"
         "K:\Components\LibraryV2\GDAL\GDAL_2.1.0_VC_NoIntFilesCleanUp\3rdpart\proj-4.9.2\vc\x64\Release\PJ_mbtfpp.obj"
         "K:\Components\LibraryV2\GDAL\GDAL_2.1.0_VC_NoIntFilesCleanUp\3rdpart\proj-4.9.2\vc\x64\Release\PJ_mbtfpq.obj"
         "K:\Components\LibraryV2\GDAL\GDAL_2.1.0_VC_NoIntFilesCleanUp\3rdpart\proj-4.9.2\vc\x64\Release\PJ_merc.obj"
         "K:\Components\LibraryV2\GDAL\GDAL_2.1.0_VC_NoIntFilesCleanUp\3rdpart\proj-4.9.2\vc\x64\Release\PJ_mill.obj"
         "K:\Components\LibraryV2\GDAL\GDAL_2.1.0_VC_NoIntFilesCleanUp\3rdpart\proj-4.9.2\vc\x64\Release\PJ_mod_ster.obj"
         "K:\Components\LibraryV2\GDAL\GDAL_2.1.0_VC_NoIntFilesCleanUp\3rdpart\proj-4.9.2\vc\x64\Release\PJ_moll.obj"
         "K:\Components\LibraryV2\GDAL\GDAL_2.1.0_VC_NoIntFilesCleanUp\3rdpart\proj-4.9.2\vc\x64\Release\PJ_natearth.obj"
         "K:\Components\LibraryV2\GDAL\GDAL_2.1.0_VC_NoIntFilesCleanUp\3rdpart\proj-4.9.2\vc\x64\Release\PJ_nell.obj"
         "K:\Components\LibraryV2\GDAL\GDAL_2.1.0_VC_NoIntFilesCleanUp\3rdpart\proj-4.9.2\vc\x64\Release\PJ_nell_h.obj"
         "K:\Components\LibraryV2\GDAL\GDAL_2.1.0_VC_NoIntFilesCleanUp\3rdpart\proj-4.9.2\vc\x64\Release\PJ_nocol.obj"
         "K:\Components\LibraryV2\GDAL\GDAL_2.1.0_VC_NoIntFilesCleanUp\3rdpart\proj-4.9.2\vc\x64\Release\PJ_nsper.obj"
         "K:\Components\LibraryV2\GDAL\GDAL_2.1.0_VC_NoIntFilesCleanUp\3rdpart\proj-4.9.2\vc\x64\Release\PJ_nzmg.obj"
         "K:\Components\LibraryV2\GDAL\GDAL_2.1.0_VC_NoIntFilesCleanUp\3rdpart\proj-4.9.2\vc\x64\Release\PJ_ob_tran.obj"
         "K:\Components\LibraryV2\GDAL\GDAL_2.1.0_VC_NoIntFilesCleanUp\3rdpart\proj-4.9.2\vc\x64\Release\PJ_ocea.obj"
         "K:\Components\LibraryV2\GDAL\GDAL_2.1.0_VC_NoIntFilesCleanUp\3rdpart\proj-4.9.2\vc\x64\Release\PJ_oea.obj"
         "K:\Components\LibraryV2\GDAL\GDAL_2.1.0_VC_NoIntFilesCleanUp\3rdpart\proj-4.9.2\vc\x64\Release\PJ_omerc.obj"
         "K:\Components\LibraryV2\GDAL\GDAL_2.1.0_VC_NoIntFilesCleanUp\3rdpart\proj-4.9.2\vc\x64\Release\PJ_ortho.obj"
         "K:\Components\LibraryV2\GDAL\GDAL_2.1.0_VC_NoIntFilesCleanUp\3rdpart\proj-4.9.2\vc\x64\Release\PJ_poly.obj"
         "K:\Components\LibraryV2\GDAL\GDAL_2.1.0_VC_NoIntFilesCleanUp\3rdpart\proj-4.9.2\vc\x64\Release\PJ_putp2.obj"
         "K:\Components\LibraryV2\GDAL\GDAL_2.1.0_VC_NoIntFilesCleanUp\3rdpart\proj-4.9.2\vc\x64\Release\PJ_putp3.obj"
         "K:\Components\LibraryV2\GDAL\GDAL_2.1.0_VC_NoIntFilesCleanUp\3rdpart\proj-4.9.2\vc\x64\Release\PJ_putp4p.obj"
         "K:\Components\LibraryV2\GDAL\GDAL_2.1.0_VC_NoIntFilesCleanUp\3rdpart\proj-4.9.2\vc\x64\Release\PJ_putp5.obj"
         "K:\Components\LibraryV2\GDAL\GDAL_2.1.0_VC_NoIntFilesCleanUp\3rdpart\proj-4.9.2\vc\x64\Release\PJ_putp6.obj"
         "K:\Components\LibraryV2\GDAL\GDAL_2.1.0_VC_NoIntFilesCleanUp\3rdpart\proj-4.9.2\vc\x64\Release\PJ_qsc.obj"
         "K:\Components\LibraryV2\GDAL\GDAL_2.1.0_VC_NoIntFilesCleanUp\3rdpart\proj-4.9.2\vc\x64\Release\PJ_robin.obj"
         "K:\Components\LibraryV2\GDAL\GDAL_2.1.0_VC_NoIntFilesCleanUp\3rdpart\proj-4.9.2\vc\x64\Release\PJ_rpoly.obj"
         "K:\Components\LibraryV2\GDAL\GDAL_2.1.0_VC_NoIntFilesCleanUp\3rdpart\proj-4.9.2\vc\x64\Release\PJ_sconics.obj"
         "K:\Components\LibraryV2\GDAL\GDAL_2.1.0_VC_NoIntFilesCleanUp\3rdpart\proj-4.9.2\vc\x64\Release\PJ_somerc.obj"
         "K:\Components\LibraryV2\GDAL\GDAL_2.1.0_VC_NoIntFilesCleanUp\3rdpart\proj-4.9.2\vc\x64\Release\PJ_sterea.obj"
         "K:\Components\LibraryV2\GDAL\GDAL_2.1.0_VC_NoIntFilesCleanUp\3rdpart\proj-4.9.2\vc\x64\Release\PJ_stere.obj"
         "K:\Components\LibraryV2\GDAL\GDAL_2.1.0_VC_NoIntFilesCleanUp\3rdpart\proj-4.9.2\vc\x64\Release\PJ_sts.obj"
         "K:\Components\LibraryV2\GDAL\GDAL_2.1.0_VC_NoIntFilesCleanUp\3rdpart\proj-4.9.2\vc\x64\Release\PJ_tcc.obj"
         "K:\Components\LibraryV2\GDAL\GDAL_2.1.0_VC_NoIntFilesCleanUp\3rdpart\proj-4.9.2\vc\x64\Release\PJ_tcea.obj"
         "K:\Components\LibraryV2\GDAL\GDAL_2.1.0_VC_NoIntFilesCleanUp\3rdpart\proj-4.9.2\vc\x64\Release\PJ_tmerc.obj"
         "K:\Components\LibraryV2\GDAL\GDAL_2.1.0_VC_NoIntFilesCleanUp\3rdpart\proj-4.9.2\vc\x64\Release\PJ_tpeqd.obj"
         "K:\Components\LibraryV2\GDAL\GDAL_2.1.0_VC_NoIntFilesCleanUp\3rdpart\proj-4.9.2\vc\x64\Release\PJ_urm5.obj"
         "K:\Components\LibraryV2\GDAL\GDAL_2.1.0_VC_NoIntFilesCleanUp\3rdpart\proj-4.9.2\vc\x64\Release\PJ_urmfps.obj"
         "K:\Components\LibraryV2\GDAL\GDAL_2.1.0_VC_NoIntFilesCleanUp\3rdpart\proj-4.9.2\vc\x64\Release\PJ_vandg.obj"
         "K:\Components\LibraryV2\GDAL\GDAL_2.1.0_VC_NoIntFilesCleanUp\3rdpart\proj-4.9.2\vc\x64\Release\PJ_vandg2.obj"
         "K:\Components\LibraryV2\GDAL\GDAL_2.1.0_VC_NoIntFilesCleanUp\3rdpart\proj-4.9.2\vc\x64\Release\PJ_vandg4.obj"
         "K:\Components\LibraryV2\GDAL\GDAL_2.1.0_VC_NoIntFilesCleanUp\3rdpart\proj-4.9.2\vc\x64\Release\PJ_wag2.obj"
         "K:\Components\LibraryV2\GDAL\GDAL_2.1.0_VC_NoIntFilesCleanUp\3rdpart\proj-4.9.2\vc\x64\Release\PJ_wag3.obj"
         "K:\Components\LibraryV2\GDAL\GDAL_2.1.0_VC_NoIntFilesCleanUp\3rdpart\proj-4.9.2\vc\x64\Release\PJ_wag7.obj"
         "K:\Components\LibraryV2\GDAL\GDAL_2.1.0_VC_NoIntFilesCleanUp\3rdpart\proj-4.9.2\vc\x64\Release\PJ_wink1.obj"
         "K:\Components\LibraryV2\GDAL\GDAL_2.1.0_VC_NoIntFilesCleanUp\3rdpart\proj-4.9.2\vc\x64\Release\PJ_wink2.obj"
         "K:\Components\LibraryV2\GDAL\GDAL_2.1.0_VC_NoIntFilesCleanUp\3rdpart\proj-4.9.2\vc\x64\Release\proj_etmerc.obj"
         "K:\Components\LibraryV2\GDAL\GDAL_2.1.0_VC_NoIntFilesCleanUp\3rdpart\proj-4.9.2\vc\x64\Release\aasincos.obj"
         "K:\Components\LibraryV2\GDAL\GDAL_2.1.0_VC_NoIntFilesCleanUp\3rdpart\proj-4.9.2\vc\x64\Release\adjlon.obj"
         "K:\Components\LibraryV2\GDAL\GDAL_2.1.0_VC_NoIntFilesCleanUp\3rdpart\proj-4.9.2\vc\x64\Release\bch2bps.obj"
         "K:\Components\LibraryV2\GDAL\GDAL_2.1.0_VC_NoIntFilesCleanUp\3rdpart\proj-4.9.2\vc\x64\Release\bchgen.obj"
         "K:\Components\LibraryV2\GDAL\GDAL_2.1.0_VC_NoIntFilesCleanUp\3rdpart\proj-4.9.2\vc\x64\Release\biveval.obj"
         "K:\Components\LibraryV2\GDAL\GDAL_2.1.0_VC_NoIntFilesCleanUp\3rdpart\proj-4.9.2\vc\x64\Release\dmstor.obj"
         "K:\Components\LibraryV2\GDAL\GDAL_2.1.0_VC_NoIntFilesCleanUp\3rdpart\proj-4.9.2\vc\x64\Release\emess.obj"
         "K:\Components\LibraryV2\GDAL\GDAL_2.1.0_VC_NoIntFilesCleanUp\3rdpart\proj-4.9.2\vc\x64\Release\geocent.obj"
         "K:\Components\LibraryV2\GDAL\GDAL_2.1.0_VC_NoIntFilesCleanUp\3rdpart\proj-4.9.2\vc\x64\Release\geodesic.obj"
         "K:\Components\LibraryV2\GDAL\GDAL_2.1.0_VC_NoIntFilesCleanUp\3rdpart\proj-4.9.2\vc\x64\Release\mk_cheby.obj"
         "K:\Components\LibraryV2\GDAL\GDAL_2.1.0_VC_NoIntFilesCleanUp\3rdpart\proj-4.9.2\vc\x64\Release\nad_cvt.obj"
         "K:\Components\LibraryV2\GDAL\GDAL_2.1.0_VC_NoIntFilesCleanUp\3rdpart\proj-4.9.2\vc\x64\Release\nad_intr.obj"
         "K:\Components\LibraryV2\GDAL\GDAL_2.1.0_VC_NoIntFilesCleanUp\3rdpart\proj-4.9.2\vc\x64\Release\pj_apply_gridshift.obj"
         "K:\Components\LibraryV2\GDAL\GDAL_2.1.0_VC_NoIntFilesCleanUp\3rdpart\proj-4.9.2\vc\x64\Release\pj_apply_vgridshift.obj"
         "K:\Components\LibraryV2\GDAL\GDAL_2.1.0_VC_NoIntFilesCleanUp\3rdpart\proj-4.9.2\vc\x64\Release\pj_auth.obj"
         "K:\Components\LibraryV2\GDAL\GDAL_2.1.0_VC_NoIntFilesCleanUp\3rdpart\proj-4.9.2\vc\x64\Release\pj_ctx.obj"
         "K:\Components\LibraryV2\GDAL\GDAL_2.1.0_VC_NoIntFilesCleanUp\3rdpart\proj-4.9.2\vc\x64\Release\pj_fileapi.obj"
         "K:\Components\LibraryV2\GDAL\GDAL_2.1.0_VC_NoIntFilesCleanUp\3rdpart\proj-4.9.2\vc\x64\Release\pj_datum_set.obj"
         "K:\Components\LibraryV2\GDAL\GDAL_2.1.0_VC_NoIntFilesCleanUp\3rdpart\proj-4.9.2\vc\x64\Release\pj_datums.obj"
         "K:\Components\LibraryV2\GDAL\GDAL_2.1.0_VC_NoIntFilesCleanUp\3rdpart\proj-4.9.2\vc\x64\Release\pj_deriv.obj"
         "K:\Components\LibraryV2\GDAL\GDAL_2.1.0_VC_NoIntFilesCleanUp\3rdpart\proj-4.9.2\vc\x64\Release\pj_ell_set.obj"
         "K:\Components\LibraryV2\GDAL\GDAL_2.1.0_VC_NoIntFilesCleanUp\3rdpart\proj-4.9.2\vc\x64\Release\pj_ellps.obj"
         "K:\Components\LibraryV2\GDAL\GDAL_2.1.0_VC_NoIntFilesCleanUp\3rdpart\proj-4.9.2\vc\x64\Release\pj_errno.obj"
         "K:\Components\LibraryV2\GDAL\GDAL_2.1.0_VC_NoIntFilesCleanUp\3rdpart\proj-4.9.2\vc\x64\Release\pj_factors.obj"
         "K:\Components\LibraryV2\GDAL\GDAL_2.1.0_VC_NoIntFilesCleanUp\3rdpart\proj-4.9.2\vc\x64\Release\pj_fwd.obj"
         "K:\Components\LibraryV2\GDAL\GDAL_2.1.0_VC_NoIntFilesCleanUp\3rdpart\proj-4.9.2\vc\x64\Release\pj_gauss.obj"
         "K:\Components\LibraryV2\GDAL\GDAL_2.1.0_VC_NoIntFilesCleanUp\3rdpart\proj-4.9.2\vc\x64\Release\pj_gc_reader.obj"
         "K:\Components\LibraryV2\GDAL\GDAL_2.1.0_VC_NoIntFilesCleanUp\3rdpart\proj-4.9.2\vc\x64\Release\pj_geocent.obj"
         "K:\Components\LibraryV2\GDAL\GDAL_2.1.0_VC_NoIntFilesCleanUp\3rdpart\proj-4.9.2\vc\x64\Release\pj_gridcatalog.obj"
         "K:\Components\LibraryV2\GDAL\GDAL_2.1.0_VC_NoIntFilesCleanUp\3rdpart\proj-4.9.2\vc\x64\Release\pj_gridinfo.obj"
         "K:\Components\LibraryV2\GDAL\GDAL_2.1.0_VC_NoIntFilesCleanUp\3rdpart\proj-4.9.2\vc\x64\Release\pj_gridlist.obj"
         "K:\Components\LibraryV2\GDAL\GDAL_2.1.0_VC_NoIntFilesCleanUp\3rdpart\proj-4.9.2\vc\x64\Release\PJ_healpix.obj"
         "K:\Components\LibraryV2\GDAL\GDAL_2.1.0_VC_NoIntFilesCleanUp\3rdpart\proj-4.9.2\vc\x64\Release\pj_init.obj"
         "K:\Components\LibraryV2\GDAL\GDAL_2.1.0_VC_NoIntFilesCleanUp\3rdpart\proj-4.9.2\vc\x64\Release\pj_initcache.obj"
         "K:\Components\LibraryV2\GDAL\GDAL_2.1.0_VC_NoIntFilesCleanUp\3rdpart\proj-4.9.2\vc\x64\Release\pj_inv.obj"
         "K:\Components\LibraryV2\GDAL\GDAL_2.1.0_VC_NoIntFilesCleanUp\3rdpart\proj-4.9.2\vc\x64\Release\pj_latlong.obj"
         "K:\Components\LibraryV2\GDAL\GDAL_2.1.0_VC_NoIntFilesCleanUp\3rdpart\proj-4.9.2\vc\x64\Release\pj_list.obj"
         "K:\Components\LibraryV2\GDAL\GDAL_2.1.0_VC_NoIntFilesCleanUp\3rdpart\proj-4.9.2\vc\x64\Release\pj_log.obj"
         "K:\Components\LibraryV2\GDAL\GDAL_2.1.0_VC_NoIntFilesCleanUp\3rdpart\proj-4.9.2\vc\x64\Release\pj_malloc.obj"
         "K:\Components\LibraryV2\GDAL\GDAL_2.1.0_VC_NoIntFilesCleanUp\3rdpart\proj-4.9.2\vc\x64\Release\pj_mlfn.obj"
         "K:\Components\LibraryV2\GDAL\GDAL_2.1.0_VC_NoIntFilesCleanUp\3rdpart\proj-4.9.2\vc\x64\Release\pj_msfn.obj"
         "K:\Components\LibraryV2\GDAL\GDAL_2.1.0_VC_NoIntFilesCleanUp\3rdpart\proj-4.9.2\vc\x64\Release\pj_mutex.obj"
         "K:\Components\LibraryV2\GDAL\GDAL_2.1.0_VC_NoIntFilesCleanUp\3rdpart\proj-4.9.2\vc\x64\Release\pj_open_lib.obj"
         "K:\Components\LibraryV2\GDAL\GDAL_2.1.0_VC_NoIntFilesCleanUp\3rdpart\proj-4.9.2\vc\x64\Release\pj_param.obj"
         "K:\Components\LibraryV2\GDAL\GDAL_2.1.0_VC_NoIntFilesCleanUp\3rdpart\proj-4.9.2\vc\x64\Release\pj_phi2.obj"
         "K:\Components\LibraryV2\GDAL\GDAL_2.1.0_VC_NoIntFilesCleanUp\3rdpart\proj-4.9.2\vc\x64\Release\pj_pr_list.obj"
         "K:\Components\LibraryV2\GDAL\GDAL_2.1.0_VC_NoIntFilesCleanUp\3rdpart\proj-4.9.2\vc\x64\Release\pj_qsfn.obj"
         "K:\Components\LibraryV2\GDAL\GDAL_2.1.0_VC_NoIntFilesCleanUp\3rdpart\proj-4.9.2\vc\x64\Release\pj_release.obj"
         "K:\Components\LibraryV2\GDAL\GDAL_2.1.0_VC_NoIntFilesCleanUp\3rdpart\proj-4.9.2\vc\x64\Release\pj_strerrno.obj"
         "K:\Components\LibraryV2\GDAL\GDAL_2.1.0_VC_NoIntFilesCleanUp\3rdpart\proj-4.9.2\vc\x64\Release\pj_transform.obj"
         "K:\Components\LibraryV2\GDAL\GDAL_2.1.0_VC_NoIntFilesCleanUp\3rdpart\proj-4.9.2\vc\x64\Release\pj_tsfn.obj"
         "K:\Components\LibraryV2\GDAL\GDAL_2.1.0_VC_NoIntFilesCleanUp\3rdpart\proj-4.9.2\vc\x64\Release\pj_units.obj"
         "K:\Components\LibraryV2\GDAL\GDAL_2.1.0_VC_NoIntFilesCleanUp\3rdpart\proj-4.9.2\vc\x64\Release\pj_utils.obj"
         "K:\Components\LibraryV2\GDAL\GDAL_2.1.0_VC_NoIntFilesCleanUp\3rdpart\proj-4.9.2\vc\x64\Release\pj_zpoly1.obj"
         "K:\Components\LibraryV2\GDAL\GDAL_2.1.0_VC_NoIntFilesCleanUp\3rdpart\proj-4.9.2\vc\x64\Release\proj_mdist.obj"
         "K:\Components\LibraryV2\GDAL\GDAL_2.1.0_VC_NoIntFilesCleanUp\3rdpart\proj-4.9.2\vc\x64\Release\proj_rouss.obj"
         "K:\Components\LibraryV2\GDAL\GDAL_2.1.0_VC_NoIntFilesCleanUp\3rdpart\proj-4.9.2\vc\x64\Release\rtodms.obj"
         "K:\Components\LibraryV2\GDAL\GDAL_2.1.0_VC_NoIntFilesCleanUp\3rdpart\proj-4.9.2\vc\x64\Release\vector1.obj"
         "K:\Components\LibraryV2\GDAL\GDAL_2.1.0_VC_NoIntFilesCleanUp\3rdpart\proj-4.9.2\vc\x64\Release\pj_strtod.obj"
            Creating library K:\Components\LibraryV2\GDAL\GDAL_2.1.0_VC_NoIntFilesCleanUp\3rdpart\proj-4.9.2\vc\x64\Release\proj.lib and object K:\Components\LibraryV2\GDAL\GDAL_2.1.0_VC_NoIntFilesCleanUp\3rdpart\proj-4.9.2\vc\x64\Release\proj.exp
         proj.vcxproj -> K:\Components\LibraryV2\GDAL\GDAL_2.1.0_VC_NoIntFilesCleanUp\3rdpart\proj-4.9.2\vc\x64\Release\proj.dll
       Manifest:
         C:\Program Files (x86)\Microsoft SDKs\Windows\v7.0A\bin\mt.exe /nologo /verbose /outputresource:"K:\Components\LibraryV2\GDAL\GDAL_2.1.0_VC_NoIntFilesCleanUp\3rdpart\proj-4.9.2\vc\x64\Release\proj.dll;#2" /manifest "K:\Components\LibraryV2\GDAL\GDAL_2.1.0_VC_NoIntFilesCleanUp\3rdpart\proj-4.9.2\vc\x64\Release\proj.dll.intermediate.manifest"
       FinalizeBuildStatus:
         Deleting file "K:\Components\LibraryV2\GDAL\GDAL_2.1.0_VC_NoIntFilesCleanUp\3rdpart\proj-4.9.2\vc\x64\Release\proj.unsuccessfulbuild".
         Touching "K:\Components\LibraryV2\GDAL\GDAL_2.1.0_VC_NoIntFilesCleanUp\3rdpart\proj-4.9.2\vc\x64\Release\proj.lastbuildstate".
     1>Done Building Project "K:\Components\LibraryV2\GDAL\GDAL_2.1.0_VC_NoIntFilesCleanUp\3rdpart\proj-4.9.2\vc\proj.vcxproj" (rebuild target(s)).

Build succeeded.

Time Elapsed 00:00:07.65
