K:\COMPONENTS\LIBRARYV2\GDAL\GDAL_2.1.0_VC_NOINTFILESCLEANUP\3RDPART\GEOS-3.5.0\VC\X64\RELEASE\ABSTRACTPREPAREDPOLYGONCONTAINS.OBJ
K:\COMPONENTS\LIBRARYV2\GDAL\GDAL_2.1.0_VC_NOINTFILESCLEANUP\3RDPART\GEOS-3.5.0\VC\X64\RELEASE\ANGLE.OBJ
K:\COMPONENTS\LIBRARYV2\GDAL\GDAL_2.1.0_VC_NOINTFILESCLEANUP\3RDPART\GEOS-3.5.0\VC\X64\RELEASE\BASICPREPAREDGEOMETRY.OBJ
K:\COMPONENTS\LIBRARYV2\GDAL\GDAL_2.1.0_VC_NOINTFILESCLEANUP\3RDPART\GEOS-3.5.0\VC\X64\RELEASE\BASICSEGMENTSTRING.OBJ
K:\COMPONENTS\LIBRARYV2\GDAL\GDAL_2.1.0_VC_NOINTFILESCLEANUP\3RDPART\GEOS-3.5.0\VC\X64\RELEASE\BOUNDARYNODERULE.OBJ
K:\COMPONENTS\LIBRARYV2\GDAL\GDAL_2.1.0_VC_NOINTFILESCLEANUP\3RDPART\GEOS-3.5.0\VC\X64\RELEASE\BUFFERBUILDER.OBJ
K:\COMPONENTS\LIBRARYV2\GDAL\GDAL_2.1.0_VC_NOINTFILESCLEANUP\3RDPART\GEOS-3.5.0\VC\X64\RELEASE\BUFFERINPUTLINESIMPLIFIER.OBJ
K:\COMPONENTS\LIBRARYV2\GDAL\GDAL_2.1.0_VC_NOINTFILESCLEANUP\3RDPART\GEOS-3.5.0\VC\X64\RELEASE\BUFFEROP.OBJ
K:\COMPONENTS\LIBRARYV2\GDAL\GDAL_2.1.0_VC_NOINTFILESCLEANUP\3RDPART\GEOS-3.5.0\VC\X64\RELEASE\BUFFERPARAMETERS.OBJ
K:\COMPONENTS\LIBRARYV2\GDAL\GDAL_2.1.0_VC_NOINTFILESCLEANUP\3RDPART\GEOS-3.5.0\VC\X64\RELEASE\BUFFERSUBGRAPH.OBJ
K:\COMPONENTS\LIBRARYV2\GDAL\GDAL_2.1.0_VC_NOINTFILESCLEANUP\3RDPART\GEOS-3.5.0\VC\X64\RELEASE\BYTEORDERDATAINSTREAM.OBJ
K:\COMPONENTS\LIBRARYV2\GDAL\GDAL_2.1.0_VC_NOINTFILESCLEANUP\3RDPART\GEOS-3.5.0\VC\X64\RELEASE\BYTEORDERVALUES.OBJ
K:\COMPONENTS\LIBRARYV2\GDAL\GDAL_2.1.0_VC_NOINTFILESCLEANUP\3RDPART\GEOS-3.5.0\VC\X64\RELEASE\CENTROID.OBJ
K:\COMPONENTS\LIBRARYV2\GDAL\GDAL_2.1.0_VC_NOINTFILESCLEANUP\3RDPART\GEOS-3.5.0\VC\X64\RELEASE\CENTROIDAREA.OBJ
K:\COMPONENTS\LIBRARYV2\GDAL\GDAL_2.1.0_VC_NOINTFILESCLEANUP\3RDPART\GEOS-3.5.0\VC\X64\RELEASE\CENTROIDLINE.OBJ
K:\COMPONENTS\LIBRARYV2\GDAL\GDAL_2.1.0_VC_NOINTFILESCLEANUP\3RDPART\GEOS-3.5.0\VC\X64\RELEASE\CENTROIDPOINT.OBJ
K:\COMPONENTS\LIBRARYV2\GDAL\GDAL_2.1.0_VC_NOINTFILESCLEANUP\3RDPART\GEOS-3.5.0\VC\X64\RELEASE\CGALGORITHMS.OBJ
K:\Components\LibraryV2\GDAL\GDAL_2.1.0_VC_NoIntFilesCleanUp\3rdpart\geos-3.5.0\vc\x64\Release\cl.command.1.tlog
K:\Components\LibraryV2\GDAL\GDAL_2.1.0_VC_NoIntFilesCleanUp\3rdpart\geos-3.5.0\vc\x64\Release\CL.read.1.tlog
K:\Components\LibraryV2\GDAL\GDAL_2.1.0_VC_NoIntFilesCleanUp\3rdpart\geos-3.5.0\vc\x64\Release\CL.write.1.tlog
K:\COMPONENTS\LIBRARYV2\GDAL\GDAL_2.1.0_VC_NOINTFILESCLEANUP\3RDPART\GEOS-3.5.0\VC\X64\RELEASE\CLOCALIZER.OBJ
K:\COMPONENTS\LIBRARYV2\GDAL\GDAL_2.1.0_VC_NOINTFILESCLEANUP\3RDPART\GEOS-3.5.0\VC\X64\RELEASE\COMPONENTCOORDINATEEXTRACTER.OBJ
K:\COMPONENTS\LIBRARYV2\GDAL\GDAL_2.1.0_VC_NOINTFILESCLEANUP\3RDPART\GEOS-3.5.0\VC\X64\RELEASE\CONVEXHULL.OBJ
K:\COMPONENTS\LIBRARYV2\GDAL\GDAL_2.1.0_VC_NOINTFILESCLEANUP\3RDPART\GEOS-3.5.0\VC\X64\RELEASE\COORDINATE.OBJ
K:\COMPONENTS\LIBRARYV2\GDAL\GDAL_2.1.0_VC_NOINTFILESCLEANUP\3RDPART\GEOS-3.5.0\VC\X64\RELEASE\COORDINATEARRAYSEQUENCE.OBJ
K:\COMPONENTS\LIBRARYV2\GDAL\GDAL_2.1.0_VC_NOINTFILESCLEANUP\3RDPART\GEOS-3.5.0\VC\X64\RELEASE\COORDINATEARRAYSEQUENCEFACTORY.OBJ
K:\COMPONENTS\LIBRARYV2\GDAL\GDAL_2.1.0_VC_NOINTFILESCLEANUP\3RDPART\GEOS-3.5.0\VC\X64\RELEASE\COORDINATEOPERATION.OBJ
K:\COMPONENTS\LIBRARYV2\GDAL\GDAL_2.1.0_VC_NOINTFILESCLEANUP\3RDPART\GEOS-3.5.0\VC\X64\RELEASE\COORDINATESEQUENCE.OBJ
K:\COMPONENTS\LIBRARYV2\GDAL\GDAL_2.1.0_VC_NOINTFILESCLEANUP\3RDPART\GEOS-3.5.0\VC\X64\RELEASE\COORDINATESEQUENCEFACTORY.OBJ
K:\COMPONENTS\LIBRARYV2\GDAL\GDAL_2.1.0_VC_NOINTFILESCLEANUP\3RDPART\GEOS-3.5.0\VC\X64\RELEASE\DEPTH.OBJ
K:\COMPONENTS\LIBRARYV2\GDAL\GDAL_2.1.0_VC_NOINTFILESCLEANUP\3RDPART\GEOS-3.5.0\VC\X64\RELEASE\DIMENSION.OBJ
K:\COMPONENTS\LIBRARYV2\GDAL\GDAL_2.1.0_VC_NOINTFILESCLEANUP\3RDPART\GEOS-3.5.0\VC\X64\RELEASE\DIRECTEDEDGE.OBJ
K:\COMPONENTS\LIBRARYV2\GDAL\GDAL_2.1.0_VC_NOINTFILESCLEANUP\3RDPART\GEOS-3.5.0\VC\X64\RELEASE\DIRECTEDEDGESTAR.OBJ
K:\COMPONENTS\LIBRARYV2\GDAL\GDAL_2.1.0_VC_NOINTFILESCLEANUP\3RDPART\GEOS-3.5.0\VC\X64\RELEASE\DISCRETEHAUSDORFFDISTANCE.OBJ
K:\COMPONENTS\LIBRARYV2\GDAL\GDAL_2.1.0_VC_NOINTFILESCLEANUP\3RDPART\GEOS-3.5.0\VC\X64\RELEASE\DISTANCETOPOINT.OBJ
K:\COMPONENTS\LIBRARYV2\GDAL\GDAL_2.1.0_VC_NOINTFILESCLEANUP\3RDPART\GEOS-3.5.0\VC\X64\RELEASE\EDGE.OBJ
K:\COMPONENTS\LIBRARYV2\GDAL\GDAL_2.1.0_VC_NOINTFILESCLEANUP\3RDPART\GEOS-3.5.0\VC\X64\RELEASE\EDGEEND.OBJ
K:\COMPONENTS\LIBRARYV2\GDAL\GDAL_2.1.0_VC_NOINTFILESCLEANUP\3RDPART\GEOS-3.5.0\VC\X64\RELEASE\EDGEENDSTAR.OBJ
K:\COMPONENTS\LIBRARYV2\GDAL\GDAL_2.1.0_VC_NOINTFILESCLEANUP\3RDPART\GEOS-3.5.0\VC\X64\RELEASE\EDGEINTERSECTIONLIST.OBJ
K:\COMPONENTS\LIBRARYV2\GDAL\GDAL_2.1.0_VC_NOINTFILESCLEANUP\3RDPART\GEOS-3.5.0\VC\X64\RELEASE\EDGELIST.OBJ
K:\COMPONENTS\LIBRARYV2\GDAL\GDAL_2.1.0_VC_NOINTFILESCLEANUP\3RDPART\GEOS-3.5.0\VC\X64\RELEASE\EDGENODINGVALIDATOR.OBJ
K:\COMPONENTS\LIBRARYV2\GDAL\GDAL_2.1.0_VC_NOINTFILESCLEANUP\3RDPART\GEOS-3.5.0\VC\X64\RELEASE\EDGERING.OBJ
K:\COMPONENTS\LIBRARYV2\GDAL\GDAL_2.1.0_VC_NOINTFILESCLEANUP\3RDPART\GEOS-3.5.0\VC\X64\RELEASE\ENVELOPE.OBJ
K:\COMPONENTS\LIBRARYV2\GDAL\GDAL_2.1.0_VC_NOINTFILESCLEANUP\3RDPART\GEOS-3.5.0\VC\X64\RELEASE\EXTRACTLINEBYLOCATION.OBJ
K:\COMPONENTS\LIBRARYV2\GDAL\GDAL_2.1.0_VC_NOINTFILESCLEANUP\3RDPART\GEOS-3.5.0\VC\X64\RELEASE\FASTNODINGVALIDATOR.OBJ
K:\COMPONENTS\LIBRARYV2\GDAL\GDAL_2.1.0_VC_NOINTFILESCLEANUP\3RDPART\GEOS-3.5.0\VC\X64\RELEASE\FASTSEGMENTSETINTERSECTIONFINDER.OBJ
K:\COMPONENTS\LIBRARYV2\GDAL\GDAL_2.1.0_VC_NOINTFILESCLEANUP\3RDPART\GEOS-3.5.0\VC\X64\RELEASE\GEOMETRY.OBJ
K:\COMPONENTS\LIBRARYV2\GDAL\GDAL_2.1.0_VC_NOINTFILESCLEANUP\3RDPART\GEOS-3.5.0\VC\X64\RELEASE\GEOMETRYCOLLECTION.OBJ
K:\COMPONENTS\LIBRARYV2\GDAL\GDAL_2.1.0_VC_NOINTFILESCLEANUP\3RDPART\GEOS-3.5.0\VC\X64\RELEASE\GEOMETRYCOMBINER.OBJ
K:\COMPONENTS\LIBRARYV2\GDAL\GDAL_2.1.0_VC_NOINTFILESCLEANUP\3RDPART\GEOS-3.5.0\VC\X64\RELEASE\GEOMETRYCOMPONENTFILTER.OBJ
K:\COMPONENTS\LIBRARYV2\GDAL\GDAL_2.1.0_VC_NOINTFILESCLEANUP\3RDPART\GEOS-3.5.0\VC\X64\RELEASE\GEOMETRYEDITOR.OBJ
K:\COMPONENTS\LIBRARYV2\GDAL\GDAL_2.1.0_VC_NOINTFILESCLEANUP\3RDPART\GEOS-3.5.0\VC\X64\RELEASE\GEOMETRYFACTORY.OBJ
K:\COMPONENTS\LIBRARYV2\GDAL\GDAL_2.1.0_VC_NOINTFILESCLEANUP\3RDPART\GEOS-3.5.0\VC\X64\RELEASE\GEOMETRYGRAPH.OBJ
K:\COMPONENTS\LIBRARYV2\GDAL\GDAL_2.1.0_VC_NOINTFILESCLEANUP\3RDPART\GEOS-3.5.0\VC\X64\RELEASE\GEOMETRYLIST.OBJ
K:\COMPONENTS\LIBRARYV2\GDAL\GDAL_2.1.0_VC_NOINTFILESCLEANUP\3RDPART\GEOS-3.5.0\VC\X64\RELEASE\GEOMETRYNODER.OBJ
K:\COMPONENTS\LIBRARYV2\GDAL\GDAL_2.1.0_VC_NOINTFILESCLEANUP\3RDPART\GEOS-3.5.0\VC\X64\RELEASE\GEOMETRYTRANSFORMER.OBJ
K:\COMPONENTS\LIBRARYV2\GDAL\GDAL_2.1.0_VC_NOINTFILESCLEANUP\3RDPART\GEOS-3.5.0\VC\X64\RELEASE\GRAPHCOMPONENT.OBJ
K:\COMPONENTS\LIBRARYV2\GDAL\GDAL_2.1.0_VC_NOINTFILESCLEANUP\3RDPART\GEOS-3.5.0\VC\X64\RELEASE\HCOORDINATE.OBJ
K:\COMPONENTS\LIBRARYV2\GDAL\GDAL_2.1.0_VC_NOINTFILESCLEANUP\3RDPART\GEOS-3.5.0\VC\X64\RELEASE\HOTPIXEL.OBJ
K:\COMPONENTS\LIBRARYV2\GDAL\GDAL_2.1.0_VC_NOINTFILESCLEANUP\3RDPART\GEOS-3.5.0\VC\X64\RELEASE\INDEXEDPOINTINAREALOCATOR.OBJ
K:\COMPONENTS\LIBRARYV2\GDAL\GDAL_2.1.0_VC_NOINTFILESCLEANUP\3RDPART\GEOS-3.5.0\VC\X64\RELEASE\INLINES.OBJ
K:\COMPONENTS\LIBRARYV2\GDAL\GDAL_2.1.0_VC_NOINTFILESCLEANUP\3RDPART\GEOS-3.5.0\VC\X64\RELEASE\INTERIORPOINTAREA.OBJ
K:\COMPONENTS\LIBRARYV2\GDAL\GDAL_2.1.0_VC_NOINTFILESCLEANUP\3RDPART\GEOS-3.5.0\VC\X64\RELEASE\INTERIORPOINTLINE.OBJ
K:\COMPONENTS\LIBRARYV2\GDAL\GDAL_2.1.0_VC_NOINTFILESCLEANUP\3RDPART\GEOS-3.5.0\VC\X64\RELEASE\INTERIORPOINTPOINT.OBJ
K:\COMPONENTS\LIBRARYV2\GDAL\GDAL_2.1.0_VC_NOINTFILESCLEANUP\3RDPART\GEOS-3.5.0\VC\X64\RELEASE\INTERSECTIONADDER.OBJ
K:\COMPONENTS\LIBRARYV2\GDAL\GDAL_2.1.0_VC_NOINTFILESCLEANUP\3RDPART\GEOS-3.5.0\VC\X64\RELEASE\INTERSECTIONFINDERADDER.OBJ
K:\COMPONENTS\LIBRARYV2\GDAL\GDAL_2.1.0_VC_NOINTFILESCLEANUP\3RDPART\GEOS-3.5.0\VC\X64\RELEASE\INTERSECTIONMATRIX.OBJ
K:\COMPONENTS\LIBRARYV2\GDAL\GDAL_2.1.0_VC_NOINTFILESCLEANUP\3RDPART\GEOS-3.5.0\VC\X64\RELEASE\INTERVALRTREEBRANCHNODE.OBJ
K:\COMPONENTS\LIBRARYV2\GDAL\GDAL_2.1.0_VC_NOINTFILESCLEANUP\3RDPART\GEOS-3.5.0\VC\X64\RELEASE\INTERVALRTREELEAFNODE.OBJ
K:\COMPONENTS\LIBRARYV2\GDAL\GDAL_2.1.0_VC_NOINTFILESCLEANUP\3RDPART\GEOS-3.5.0\VC\X64\RELEASE\INTERVALRTREENODE.OBJ
K:\COMPONENTS\LIBRARYV2\GDAL\GDAL_2.1.0_VC_NOINTFILESCLEANUP\3RDPART\GEOS-3.5.0\VC\X64\RELEASE\ITERATEDNODER.OBJ
K:\COMPONENTS\LIBRARYV2\GDAL\GDAL_2.1.0_VC_NOINTFILESCLEANUP\3RDPART\GEOS-3.5.0\VC\X64\RELEASE\LABEL.OBJ
K:\COMPONENTS\LIBRARYV2\GDAL\GDAL_2.1.0_VC_NOINTFILESCLEANUP\3RDPART\GEOS-3.5.0\VC\X64\RELEASE\LENGTHINDEXEDLINE.OBJ
K:\COMPONENTS\LIBRARYV2\GDAL\GDAL_2.1.0_VC_NOINTFILESCLEANUP\3RDPART\GEOS-3.5.0\VC\X64\RELEASE\LENGTHINDEXOFPOINT.OBJ
K:\COMPONENTS\LIBRARYV2\GDAL\GDAL_2.1.0_VC_NOINTFILESCLEANUP\3RDPART\GEOS-3.5.0\VC\X64\RELEASE\LENGTHLOCATIONMAP.OBJ
K:\COMPONENTS\LIBRARYV2\GDAL\GDAL_2.1.0_VC_NOINTFILESCLEANUP\3RDPART\GEOS-3.5.0\VC\X64\RELEASE\LINEARCOMPONENTEXTRACTER.OBJ
K:\COMPONENTS\LIBRARYV2\GDAL\GDAL_2.1.0_VC_NOINTFILESCLEANUP\3RDPART\GEOS-3.5.0\VC\X64\RELEASE\LINEARGEOMETRYBUILDER.OBJ
K:\COMPONENTS\LIBRARYV2\GDAL\GDAL_2.1.0_VC_NOINTFILESCLEANUP\3RDPART\GEOS-3.5.0\VC\X64\RELEASE\LINEARITERATOR.OBJ
K:\COMPONENTS\LIBRARYV2\GDAL\GDAL_2.1.0_VC_NOINTFILESCLEANUP\3RDPART\GEOS-3.5.0\VC\X64\RELEASE\LINEARLOCATION.OBJ
K:\COMPONENTS\LIBRARYV2\GDAL\GDAL_2.1.0_VC_NOINTFILESCLEANUP\3RDPART\GEOS-3.5.0\VC\X64\RELEASE\LINEARRING.OBJ
K:\COMPONENTS\LIBRARYV2\GDAL\GDAL_2.1.0_VC_NOINTFILESCLEANUP\3RDPART\GEOS-3.5.0\VC\X64\RELEASE\LINEINTERSECTOR.OBJ
K:\COMPONENTS\LIBRARYV2\GDAL\GDAL_2.1.0_VC_NOINTFILESCLEANUP\3RDPART\GEOS-3.5.0\VC\X64\RELEASE\LINESEGMENT.OBJ
K:\COMPONENTS\LIBRARYV2\GDAL\GDAL_2.1.0_VC_NOINTFILESCLEANUP\3RDPART\GEOS-3.5.0\VC\X64\RELEASE\LINESTRING.OBJ
K:\COMPONENTS\LIBRARYV2\GDAL\GDAL_2.1.0_VC_NOINTFILESCLEANUP\3RDPART\GEOS-3.5.0\VC\X64\RELEASE\LOCATION.OBJ
K:\COMPONENTS\LIBRARYV2\GDAL\GDAL_2.1.0_VC_NOINTFILESCLEANUP\3RDPART\GEOS-3.5.0\VC\X64\RELEASE\LOCATIONINDEXOFLINE.OBJ
K:\COMPONENTS\LIBRARYV2\GDAL\GDAL_2.1.0_VC_NOINTFILESCLEANUP\3RDPART\GEOS-3.5.0\VC\X64\RELEASE\LOCATIONINDEXOFPOINT.OBJ
K:\COMPONENTS\LIBRARYV2\GDAL\GDAL_2.1.0_VC_NOINTFILESCLEANUP\3RDPART\GEOS-3.5.0\VC\X64\RELEASE\MCINDEXNODER.OBJ
K:\COMPONENTS\LIBRARYV2\GDAL\GDAL_2.1.0_VC_NOINTFILESCLEANUP\3RDPART\GEOS-3.5.0\VC\X64\RELEASE\MCINDEXPOINTSNAPPER.OBJ
K:\COMPONENTS\LIBRARYV2\GDAL\GDAL_2.1.0_VC_NOINTFILESCLEANUP\3RDPART\GEOS-3.5.0\VC\X64\RELEASE\MCINDEXSEGMENTSETMUTUALINTERSECTOR.OBJ
K:\COMPONENTS\LIBRARYV2\GDAL\GDAL_2.1.0_VC_NOINTFILESCLEANUP\3RDPART\GEOS-3.5.0\VC\X64\RELEASE\MCINDEXSNAPROUNDER.OBJ
K:\COMPONENTS\LIBRARYV2\GDAL\GDAL_2.1.0_VC_NOINTFILESCLEANUP\3RDPART\GEOS-3.5.0\VC\X64\RELEASE\MCPOINTINRING.OBJ
K:\COMPONENTS\LIBRARYV2\GDAL\GDAL_2.1.0_VC_NOINTFILESCLEANUP\3RDPART\GEOS-3.5.0\VC\X64\RELEASE\MINIMUMDIAMETER.OBJ
K:\COMPONENTS\LIBRARYV2\GDAL\GDAL_2.1.0_VC_NOINTFILESCLEANUP\3RDPART\GEOS-3.5.0\VC\X64\RELEASE\MONOTONECHAIN.OBJ
K:\COMPONENTS\LIBRARYV2\GDAL\GDAL_2.1.0_VC_NOINTFILESCLEANUP\3RDPART\GEOS-3.5.0\VC\X64\RELEASE\MONOTONECHAINBUILDER.OBJ
K:\COMPONENTS\LIBRARYV2\GDAL\GDAL_2.1.0_VC_NOINTFILESCLEANUP\3RDPART\GEOS-3.5.0\VC\X64\RELEASE\MONOTONECHAINEDGE.OBJ
K:\COMPONENTS\LIBRARYV2\GDAL\GDAL_2.1.0_VC_NOINTFILESCLEANUP\3RDPART\GEOS-3.5.0\VC\X64\RELEASE\MONOTONECHAININDEXER.OBJ
K:\COMPONENTS\LIBRARYV2\GDAL\GDAL_2.1.0_VC_NOINTFILESCLEANUP\3RDPART\GEOS-3.5.0\VC\X64\RELEASE\MONOTONECHAINOVERLAPACTION.OBJ
K:\COMPONENTS\LIBRARYV2\GDAL\GDAL_2.1.0_VC_NOINTFILESCLEANUP\3RDPART\GEOS-3.5.0\VC\X64\RELEASE\MONOTONECHAINSELECTACTION.OBJ
K:\COMPONENTS\LIBRARYV2\GDAL\GDAL_2.1.0_VC_NOINTFILESCLEANUP\3RDPART\GEOS-3.5.0\VC\X64\RELEASE\MULTILINESTRING.OBJ
K:\COMPONENTS\LIBRARYV2\GDAL\GDAL_2.1.0_VC_NOINTFILESCLEANUP\3RDPART\GEOS-3.5.0\VC\X64\RELEASE\MULTIPOINT.OBJ
K:\COMPONENTS\LIBRARYV2\GDAL\GDAL_2.1.0_VC_NOINTFILESCLEANUP\3RDPART\GEOS-3.5.0\VC\X64\RELEASE\MULTIPOLYGON.OBJ
K:\COMPONENTS\LIBRARYV2\GDAL\GDAL_2.1.0_VC_NOINTFILESCLEANUP\3RDPART\GEOS-3.5.0\VC\X64\RELEASE\NODE.OBJ
K:\COMPONENTS\LIBRARYV2\GDAL\GDAL_2.1.0_VC_NOINTFILESCLEANUP\3RDPART\GEOS-3.5.0\VC\X64\RELEASE\NODEDSEGMENTSTRING.OBJ
K:\COMPONENTS\LIBRARYV2\GDAL\GDAL_2.1.0_VC_NOINTFILESCLEANUP\3RDPART\GEOS-3.5.0\VC\X64\RELEASE\NODEFACTORY.OBJ
K:\COMPONENTS\LIBRARYV2\GDAL\GDAL_2.1.0_VC_NOINTFILESCLEANUP\3RDPART\GEOS-3.5.0\VC\X64\RELEASE\NODEMAP.OBJ
K:\COMPONENTS\LIBRARYV2\GDAL\GDAL_2.1.0_VC_NOINTFILESCLEANUP\3RDPART\GEOS-3.5.0\VC\X64\RELEASE\NODINGVALIDATOR.OBJ
K:\COMPONENTS\LIBRARYV2\GDAL\GDAL_2.1.0_VC_NOINTFILESCLEANUP\3RDPART\GEOS-3.5.0\VC\X64\RELEASE\NOTREPRESENTABLEEXCEPTION.OBJ
K:\COMPONENTS\LIBRARYV2\GDAL\GDAL_2.1.0_VC_NOINTFILESCLEANUP\3RDPART\GEOS-3.5.0\VC\X64\RELEASE\OCTANT.OBJ
K:\COMPONENTS\LIBRARYV2\GDAL\GDAL_2.1.0_VC_NOINTFILESCLEANUP\3RDPART\GEOS-3.5.0\VC\X64\RELEASE\ORIENTEDCOORDINATEARRAY.OBJ
K:\COMPONENTS\LIBRARYV2\GDAL\GDAL_2.1.0_VC_NOINTFILESCLEANUP\3RDPART\GEOS-3.5.0\VC\X64\RELEASE\PARSEEXCEPTION.OBJ
K:\COMPONENTS\LIBRARYV2\GDAL\GDAL_2.1.0_VC_NOINTFILESCLEANUP\3RDPART\GEOS-3.5.0\VC\X64\RELEASE\PLANARGRAPH.OBJ
K:\COMPONENTS\LIBRARYV2\GDAL\GDAL_2.1.0_VC_NOINTFILESCLEANUP\3RDPART\GEOS-3.5.0\VC\X64\RELEASE\POINT.OBJ
K:\COMPONENTS\LIBRARYV2\GDAL\GDAL_2.1.0_VC_NOINTFILESCLEANUP\3RDPART\GEOS-3.5.0\VC\X64\RELEASE\POINTEXTRACTER.OBJ
K:\COMPONENTS\LIBRARYV2\GDAL\GDAL_2.1.0_VC_NOINTFILESCLEANUP\3RDPART\GEOS-3.5.0\VC\X64\RELEASE\POINTLOCATOR.OBJ
K:\COMPONENTS\LIBRARYV2\GDAL\GDAL_2.1.0_VC_NOINTFILESCLEANUP\3RDPART\GEOS-3.5.0\VC\X64\RELEASE\POINTONGEOMETRYLOCATOR.OBJ
K:\COMPONENTS\LIBRARYV2\GDAL\GDAL_2.1.0_VC_NOINTFILESCLEANUP\3RDPART\GEOS-3.5.0\VC\X64\RELEASE\POLYGON.OBJ
K:\COMPONENTS\LIBRARYV2\GDAL\GDAL_2.1.0_VC_NOINTFILESCLEANUP\3RDPART\GEOS-3.5.0\VC\X64\RELEASE\POLYGONEXTRACTER.OBJ
K:\COMPONENTS\LIBRARYV2\GDAL\GDAL_2.1.0_VC_NOINTFILESCLEANUP\3RDPART\GEOS-3.5.0\VC\X64\RELEASE\POSITION.OBJ
K:\COMPONENTS\LIBRARYV2\GDAL\GDAL_2.1.0_VC_NOINTFILESCLEANUP\3RDPART\GEOS-3.5.0\VC\X64\RELEASE\PRECISIONMODEL.OBJ
K:\COMPONENTS\LIBRARYV2\GDAL\GDAL_2.1.0_VC_NOINTFILESCLEANUP\3RDPART\GEOS-3.5.0\VC\X64\RELEASE\PREPAREDGEOMETRY.OBJ
K:\COMPONENTS\LIBRARYV2\GDAL\GDAL_2.1.0_VC_NOINTFILESCLEANUP\3RDPART\GEOS-3.5.0\VC\X64\RELEASE\PREPAREDGEOMETRYFACTORY.OBJ
K:\COMPONENTS\LIBRARYV2\GDAL\GDAL_2.1.0_VC_NOINTFILESCLEANUP\3RDPART\GEOS-3.5.0\VC\X64\RELEASE\PREPAREDLINESTRING.OBJ
K:\COMPONENTS\LIBRARYV2\GDAL\GDAL_2.1.0_VC_NOINTFILESCLEANUP\3RDPART\GEOS-3.5.0\VC\X64\RELEASE\PREPAREDLINESTRINGINTERSECTS.OBJ
K:\COMPONENTS\LIBRARYV2\GDAL\GDAL_2.1.0_VC_NOINTFILESCLEANUP\3RDPART\GEOS-3.5.0\VC\X64\RELEASE\PREPAREDPOINT.OBJ
K:\COMPONENTS\LIBRARYV2\GDAL\GDAL_2.1.0_VC_NOINTFILESCLEANUP\3RDPART\GEOS-3.5.0\VC\X64\RELEASE\PREPAREDPOLYGON.OBJ
K:\COMPONENTS\LIBRARYV2\GDAL\GDAL_2.1.0_VC_NOINTFILESCLEANUP\3RDPART\GEOS-3.5.0\VC\X64\RELEASE\PREPAREDPOLYGONCONTAINS.OBJ
K:\COMPONENTS\LIBRARYV2\GDAL\GDAL_2.1.0_VC_NOINTFILESCLEANUP\3RDPART\GEOS-3.5.0\VC\X64\RELEASE\PREPAREDPOLYGONCONTAINSPROPERLY.OBJ
K:\COMPONENTS\LIBRARYV2\GDAL\GDAL_2.1.0_VC_NOINTFILESCLEANUP\3RDPART\GEOS-3.5.0\VC\X64\RELEASE\PREPAREDPOLYGONCOVERS.OBJ
K:\COMPONENTS\LIBRARYV2\GDAL\GDAL_2.1.0_VC_NOINTFILESCLEANUP\3RDPART\GEOS-3.5.0\VC\X64\RELEASE\PREPAREDPOLYGONINTERSECTS.OBJ
K:\COMPONENTS\LIBRARYV2\GDAL\GDAL_2.1.0_VC_NOINTFILESCLEANUP\3RDPART\GEOS-3.5.0\VC\X64\RELEASE\PREPAREDPOLYGONPREDICATE.OBJ
K:\COMPONENTS\LIBRARYV2\GDAL\GDAL_2.1.0_VC_NOINTFILESCLEANUP\3RDPART\GEOS-3.5.0\VC\X64\RELEASE\QUADRANT.OBJ
K:\COMPONENTS\LIBRARYV2\GDAL\GDAL_2.1.0_VC_NOINTFILESCLEANUP\3RDPART\GEOS-3.5.0\VC\X64\RELEASE\RAYCROSSINGCOUNTER.OBJ
K:\COMPONENTS\LIBRARYV2\GDAL\GDAL_2.1.0_VC_NOINTFILESCLEANUP\3RDPART\GEOS-3.5.0\VC\X64\RELEASE\ROBUSTDETERMINANT.OBJ
K:\COMPONENTS\LIBRARYV2\GDAL\GDAL_2.1.0_VC_NOINTFILESCLEANUP\3RDPART\GEOS-3.5.0\VC\X64\RELEASE\SCALEDNODER.OBJ
K:\COMPONENTS\LIBRARYV2\GDAL\GDAL_2.1.0_VC_NOINTFILESCLEANUP\3RDPART\GEOS-3.5.0\VC\X64\RELEASE\SEGMENTINTERSECTIONDETECTOR.OBJ
K:\COMPONENTS\LIBRARYV2\GDAL\GDAL_2.1.0_VC_NOINTFILESCLEANUP\3RDPART\GEOS-3.5.0\VC\X64\RELEASE\SEGMENTINTERSECTOR.OBJ
K:\COMPONENTS\LIBRARYV2\GDAL\GDAL_2.1.0_VC_NOINTFILESCLEANUP\3RDPART\GEOS-3.5.0\VC\X64\RELEASE\SEGMENTNODE.OBJ
K:\COMPONENTS\LIBRARYV2\GDAL\GDAL_2.1.0_VC_NOINTFILESCLEANUP\3RDPART\GEOS-3.5.0\VC\X64\RELEASE\SEGMENTNODELIST.OBJ
K:\COMPONENTS\LIBRARYV2\GDAL\GDAL_2.1.0_VC_NOINTFILESCLEANUP\3RDPART\GEOS-3.5.0\VC\X64\RELEASE\SEGMENTSTRING.OBJ
K:\COMPONENTS\LIBRARYV2\GDAL\GDAL_2.1.0_VC_NOINTFILESCLEANUP\3RDPART\GEOS-3.5.0\VC\X64\RELEASE\SEGMENTSTRINGUTIL.OBJ
K:\COMPONENTS\LIBRARYV2\GDAL\GDAL_2.1.0_VC_NOINTFILESCLEANUP\3RDPART\GEOS-3.5.0\VC\X64\RELEASE\SHORTCIRCUITEDGEOMETRYVISITOR.OBJ
K:\COMPONENTS\LIBRARYV2\GDAL\GDAL_2.1.0_VC_NOINTFILESCLEANUP\3RDPART\GEOS-3.5.0\VC\X64\RELEASE\SIMPLEEDGESETINTERSECTOR.OBJ
K:\COMPONENTS\LIBRARYV2\GDAL\GDAL_2.1.0_VC_NOINTFILESCLEANUP\3RDPART\GEOS-3.5.0\VC\X64\RELEASE\SIMPLEMCSWEEPLINEINTERSECTOR.OBJ
K:\COMPONENTS\LIBRARYV2\GDAL\GDAL_2.1.0_VC_NOINTFILESCLEANUP\3RDPART\GEOS-3.5.0\VC\X64\RELEASE\SIMPLENODER.OBJ
K:\COMPONENTS\LIBRARYV2\GDAL\GDAL_2.1.0_VC_NOINTFILESCLEANUP\3RDPART\GEOS-3.5.0\VC\X64\RELEASE\SIMPLEPOINTINAREALOCATOR.OBJ
K:\COMPONENTS\LIBRARYV2\GDAL\GDAL_2.1.0_VC_NOINTFILESCLEANUP\3RDPART\GEOS-3.5.0\VC\X64\RELEASE\SIMPLEPOINTINRING.OBJ
K:\COMPONENTS\LIBRARYV2\GDAL\GDAL_2.1.0_VC_NOINTFILESCLEANUP\3RDPART\GEOS-3.5.0\VC\X64\RELEASE\SIMPLESNAPROUNDER.OBJ
K:\COMPONENTS\LIBRARYV2\GDAL\GDAL_2.1.0_VC_NOINTFILESCLEANUP\3RDPART\GEOS-3.5.0\VC\X64\RELEASE\SIMPLESWEEPLINEINTERSECTOR.OBJ
K:\COMPONENTS\LIBRARYV2\GDAL\GDAL_2.1.0_VC_NOINTFILESCLEANUP\3RDPART\GEOS-3.5.0\VC\X64\RELEASE\SINESTARFACTORY.OBJ
K:\COMPONENTS\LIBRARYV2\GDAL\GDAL_2.1.0_VC_NOINTFILESCLEANUP\3RDPART\GEOS-3.5.0\VC\X64\RELEASE\SINGLEINTERIORINTERSECTIONFINDER.OBJ
K:\COMPONENTS\LIBRARYV2\GDAL\GDAL_2.1.0_VC_NOINTFILESCLEANUP\3RDPART\GEOS-3.5.0\VC\X64\RELEASE\SIRTREEPOINTINRING.OBJ
K:\COMPONENTS\LIBRARYV2\GDAL\GDAL_2.1.0_VC_NOINTFILESCLEANUP\3RDPART\GEOS-3.5.0\VC\X64\RELEASE\SORTEDPACKEDINTERVALRTREE.OBJ
K:\COMPONENTS\LIBRARYV2\GDAL\GDAL_2.1.0_VC_NOINTFILESCLEANUP\3RDPART\GEOS-3.5.0\VC\X64\RELEASE\STRINGTOKENIZER.OBJ
K:\COMPONENTS\LIBRARYV2\GDAL\GDAL_2.1.0_VC_NOINTFILESCLEANUP\3RDPART\GEOS-3.5.0\VC\X64\RELEASE\SWEEPLINEEVENT.OBJ
K:\COMPONENTS\LIBRARYV2\GDAL\GDAL_2.1.0_VC_NOINTFILESCLEANUP\3RDPART\GEOS-3.5.0\VC\X64\RELEASE\SWEEPLINESEGMENT.OBJ
K:\COMPONENTS\LIBRARYV2\GDAL\GDAL_2.1.0_VC_NOINTFILESCLEANUP\3RDPART\GEOS-3.5.0\VC\X64\RELEASE\TOPOLOGYLOCATION.OBJ
K:\COMPONENTS\LIBRARYV2\GDAL\GDAL_2.1.0_VC_NOINTFILESCLEANUP\3RDPART\GEOS-3.5.0\VC\X64\RELEASE\TRIANGLE.OBJ
K:\COMPONENTS\LIBRARYV2\GDAL\GDAL_2.1.0_VC_NOINTFILESCLEANUP\3RDPART\GEOS-3.5.0\VC\X64\RELEASE\UNLOAD.OBJ
K:\COMPONENTS\LIBRARYV2\GDAL\GDAL_2.1.0_VC_NOINTFILESCLEANUP\3RDPART\GEOS-3.5.0\VC\X64\RELEASE\VC100.PDB
K:\COMPONENTS\LIBRARYV2\GDAL\GDAL_2.1.0_VC_NOINTFILESCLEANUP\3RDPART\GEOS-3.5.0\VC\X64\RELEASE\WKBREADER.OBJ
K:\COMPONENTS\LIBRARYV2\GDAL\GDAL_2.1.0_VC_NOINTFILESCLEANUP\3RDPART\GEOS-3.5.0\VC\X64\RELEASE\WKBWRITER.OBJ
K:\COMPONENTS\LIBRARYV2\GDAL\GDAL_2.1.0_VC_NOINTFILESCLEANUP\3RDPART\GEOS-3.5.0\VC\X64\RELEASE\WKTREADER.OBJ
K:\COMPONENTS\LIBRARYV2\GDAL\GDAL_2.1.0_VC_NOINTFILESCLEANUP\3RDPART\GEOS-3.5.0\VC\X64\RELEASE\WKTWRITER.OBJ
K:\COMPONENTS\LIBRARYV2\GDAL\GDAL_2.1.0_VC_NOINTFILESCLEANUP\3RDPART\GEOS-3.5.0\VC\X64\RELEASE\WRITER.OBJ
