Build started 19/07/2016 17:40:35.
     1>Project "K:\Components\LibraryV2\GDAL\GDAL_2.1.0_VC_NoIntFilesCleanUp\3rdpart\geos-3.5.0\vc\libgeos-3.5.0.vcxproj" on node 2 (build target(s)).
     1>InitializeBuildStatus:
         Creating "K:\Components\LibraryV2\GDAL\GDAL_2.1.0_VC_NoIntFilesCleanUp\3rdpart\geos-3.5.0\vc\x64\Release\libgeos-3.5.0.unsuccessfulbuild" because "AlwaysCreate" was specified.
       ClCompile:
         c:\Program Files (x86)\Microsoft Visual Studio 10.0\VC\bin\x86_amd64\CL.exe /c /I../include /Zi /nologo /W3 /WX- /O2 /Oi /GL /D WIN32 /D NDEBUG /D _WINDOWS /D _USRDLL /D LIBGEOS350_EXPORTS /D GEOS_DLL_EXPORT /D _WINDLL /D _MBCS /Gm- /EHsc /MD /GS /Gy /fp:precise /Zc:wchar_t /Zc:forScope /Fo"K:\Components\LibraryV2\GDAL\GDAL_2.1.0_VC_NoIntFilesCleanUp\3rdpart\geos-3.5.0\vc\x64\Release\\" /Fd"K:\Components\LibraryV2\GDAL\GDAL_2.1.0_VC_NoIntFilesCleanUp\3rdpart\geos-3.5.0\vc\x64\Release\vc100.pdb" /Gd /TP /errorReport:prompt ..\capi\geos_c.cpp ..\capi\geos_ts_c.cpp
         geos_c.cpp
         geos_ts_c.cpp
     1>K:\Components\LibraryV2\GDAL\GDAL_2.1.0_VC_NoIntFilesCleanUp\3rdpart\geos-3.5.0\include\geos/noding/GeometryNoder.h(54): warning C4251: 'geos::noding::GeometryNoder::lineList' : class 'std::vector<_Ty>' needs to have dll-interface to be used by clients of class 'geos::noding::GeometryNoder'
                 with
                 [
                     _Ty=geos::noding::SegmentString *
                 ]
     1>K:\Components\LibraryV2\GDAL\GDAL_2.1.0_VC_NoIntFilesCleanUp\3rdpart\geos-3.5.0\include\geos/noding/GeometryNoder.h(61): warning C4251: 'geos::noding::GeometryNoder::noder' : class 'std::auto_ptr<_Ty>' needs to have dll-interface to be used by clients of class 'geos::noding::GeometryNoder'
                 with
                 [
                     _Ty=geos::noding::Noder
                 ]
     1>..\capi\geos_ts_c.cpp(225): warning C4996: 'vsnprintf': This function or variable may be unsafe. Consider using vsnprintf_s instead. To disable deprecation, use _CRT_SECURE_NO_WARNINGS. See online help for details.
                 c:\Program Files (x86)\Microsoft Visual Studio 10.0\VC\include\stdio.h(354) : see declaration of 'vsnprintf'
     1>..\capi\geos_ts_c.cpp(246): warning C4996: 'vsnprintf': This function or variable may be unsafe. Consider using vsnprintf_s instead. To disable deprecation, use _CRT_SECURE_NO_WARNINGS. See online help for details.
                 c:\Program Files (x86)\Microsoft Visual Studio 10.0\VC\include\stdio.h(354) : see declaration of 'vsnprintf'
     1>..\capi\geos_ts_c.cpp(3499): warning C4996: 'sprintf': This function or variable may be unsafe. Consider using sprintf_s instead. To disable deprecation, use _CRT_SECURE_NO_WARNINGS. See online help for details.
                 c:\Program Files (x86)\Microsoft Visual Studio 10.0\VC\include\stdio.h(371) : see declaration of 'sprintf'
         All outputs are up-to-date.
         All outputs are up-to-date.
         All outputs are up-to-date.
         All outputs are up-to-date.
         All outputs are up-to-date.
         All outputs are up-to-date.
       Link:
         c:\Program Files (x86)\Microsoft Visual Studio 10.0\VC\bin\x86_amd64\link.exe /ERRORREPORT:PROMPT /OUT:"K:\Components\LibraryV2\GDAL\GDAL_2.1.0_VC_NoIntFilesCleanUp\3rdpart\geos-3.5.0\vc\x64\Release\geos.dll" /INCREMENTAL:NO /NOLOGO kernel32.lib user32.lib gdi32.lib winspool.lib comdlg32.lib advapi32.lib shell32.lib ole32.lib oleaut32.lib uuid.lib odbc32.lib odbccp32.lib /MANIFEST /ManifestFile:"K:\Components\LibraryV2\GDAL\GDAL_2.1.0_VC_NoIntFilesCleanUp\3rdpart\geos-3.5.0\vc\x64\Release\geos.dll.intermediate.manifest" /MANIFESTUAC:"level='asInvoker' uiAccess='false'" /DEBUG /PDB:"K:\Components\LibraryV2\GDAL\GDAL_2.1.0_VC_NoIntFilesCleanUp\3rdpart\geos-3.5.0\vc\x64\Release\geos.pdb" /SUBSYSTEM:WINDOWS /OPT:REF /OPT:ICF /LTCG /TLBID:1 /DYNAMICBASE /NXCOMPAT /IMPLIB:"K:\Components\LibraryV2\GDAL\GDAL_2.1.0_VC_NoIntFilesCleanUp\3rdpart\geos-3.5.0\vc\x64\Release\geos.lib" /MACHINE:X64 /DLL "K:\Components\LibraryV2\GDAL\GDAL_2.1.0_VC_NoIntFilesCleanUp\3rdpart\geos-3.5.0\vc\x64\Release\geos_c.obj"
         "K:\Components\LibraryV2\GDAL\GDAL_2.1.0_VC_NoIntFilesCleanUp\3rdpart\geos-3.5.0\vc\x64\Release\geos_ts_c.obj"
         "K:\Components\LibraryV2\GDAL\GDAL_2.1.0_VC_NoIntFilesCleanUp\3rdpart\geos-3.5.0\vc\x64\Release\Angle.obj"
         "K:\Components\LibraryV2\GDAL\GDAL_2.1.0_VC_NoIntFilesCleanUp\3rdpart\geos-3.5.0\vc\x64\Release\BoundaryNodeRule.obj"
         "K:\Components\LibraryV2\GDAL\GDAL_2.1.0_VC_NoIntFilesCleanUp\3rdpart\geos-3.5.0\vc\x64\Release\Centroid.obj"
         "K:\Components\LibraryV2\GDAL\GDAL_2.1.0_VC_NoIntFilesCleanUp\3rdpart\geos-3.5.0\vc\x64\Release\CentroidArea.obj"
         "K:\Components\LibraryV2\GDAL\GDAL_2.1.0_VC_NoIntFilesCleanUp\3rdpart\geos-3.5.0\vc\x64\Release\CentroidLine.obj"
         "K:\Components\LibraryV2\GDAL\GDAL_2.1.0_VC_NoIntFilesCleanUp\3rdpart\geos-3.5.0\vc\x64\Release\CentroidPoint.obj"
         "K:\Components\LibraryV2\GDAL\GDAL_2.1.0_VC_NoIntFilesCleanUp\3rdpart\geos-3.5.0\vc\x64\Release\CGAlgorithms.obj"
         "K:\Components\LibraryV2\GDAL\GDAL_2.1.0_VC_NoIntFilesCleanUp\3rdpart\geos-3.5.0\vc\x64\Release\ConvexHull.obj"
         "K:\Components\LibraryV2\GDAL\GDAL_2.1.0_VC_NoIntFilesCleanUp\3rdpart\geos-3.5.0\vc\x64\Release\DiscreteHausdorffDistance.obj"
         "K:\Components\LibraryV2\GDAL\GDAL_2.1.0_VC_NoIntFilesCleanUp\3rdpart\geos-3.5.0\vc\x64\Release\DistanceToPoint.obj"
         "K:\Components\LibraryV2\GDAL\GDAL_2.1.0_VC_NoIntFilesCleanUp\3rdpart\geos-3.5.0\vc\x64\Release\HCoordinate.obj"
         "K:\Components\LibraryV2\GDAL\GDAL_2.1.0_VC_NoIntFilesCleanUp\3rdpart\geos-3.5.0\vc\x64\Release\InteriorPointArea.obj"
         "K:\Components\LibraryV2\GDAL\GDAL_2.1.0_VC_NoIntFilesCleanUp\3rdpart\geos-3.5.0\vc\x64\Release\InteriorPointLine.obj"
         "K:\Components\LibraryV2\GDAL\GDAL_2.1.0_VC_NoIntFilesCleanUp\3rdpart\geos-3.5.0\vc\x64\Release\InteriorPointPoint.obj"
         "K:\Components\LibraryV2\GDAL\GDAL_2.1.0_VC_NoIntFilesCleanUp\3rdpart\geos-3.5.0\vc\x64\Release\LineIntersector.obj"
         "K:\Components\LibraryV2\GDAL\GDAL_2.1.0_VC_NoIntFilesCleanUp\3rdpart\geos-3.5.0\vc\x64\Release\IndexedPointInAreaLocator.obj"
         "K:\Components\LibraryV2\GDAL\GDAL_2.1.0_VC_NoIntFilesCleanUp\3rdpart\geos-3.5.0\vc\x64\Release\PointOnGeometryLocator.obj"
         "K:\Components\LibraryV2\GDAL\GDAL_2.1.0_VC_NoIntFilesCleanUp\3rdpart\geos-3.5.0\vc\x64\Release\SimplePointInAreaLocator.obj"
         "K:\Components\LibraryV2\GDAL\GDAL_2.1.0_VC_NoIntFilesCleanUp\3rdpart\geos-3.5.0\vc\x64\Release\MCPointInRing.obj"
         "K:\Components\LibraryV2\GDAL\GDAL_2.1.0_VC_NoIntFilesCleanUp\3rdpart\geos-3.5.0\vc\x64\Release\MinimumDiameter.obj"
         "K:\Components\LibraryV2\GDAL\GDAL_2.1.0_VC_NoIntFilesCleanUp\3rdpart\geos-3.5.0\vc\x64\Release\NotRepresentableException.obj"
         "K:\Components\LibraryV2\GDAL\GDAL_2.1.0_VC_NoIntFilesCleanUp\3rdpart\geos-3.5.0\vc\x64\Release\PointLocator.obj"
         "K:\Components\LibraryV2\GDAL\GDAL_2.1.0_VC_NoIntFilesCleanUp\3rdpart\geos-3.5.0\vc\x64\Release\RayCrossingCounter.obj"
         "K:\Components\LibraryV2\GDAL\GDAL_2.1.0_VC_NoIntFilesCleanUp\3rdpart\geos-3.5.0\vc\x64\Release\RobustDeterminant.obj"
         "K:\Components\LibraryV2\GDAL\GDAL_2.1.0_VC_NoIntFilesCleanUp\3rdpart\geos-3.5.0\vc\x64\Release\SimplePointInRing.obj"
         "K:\Components\LibraryV2\GDAL\GDAL_2.1.0_VC_NoIntFilesCleanUp\3rdpart\geos-3.5.0\vc\x64\Release\SIRtreePointInRing.obj"
         "K:\Components\LibraryV2\GDAL\GDAL_2.1.0_VC_NoIntFilesCleanUp\3rdpart\geos-3.5.0\vc\x64\Release\Depth.obj"
         "K:\Components\LibraryV2\GDAL\GDAL_2.1.0_VC_NoIntFilesCleanUp\3rdpart\geos-3.5.0\vc\x64\Release\DirectedEdge.obj"
         "K:\Components\LibraryV2\GDAL\GDAL_2.1.0_VC_NoIntFilesCleanUp\3rdpart\geos-3.5.0\vc\x64\Release\DirectedEdgeStar.obj"
         "K:\Components\LibraryV2\GDAL\GDAL_2.1.0_VC_NoIntFilesCleanUp\3rdpart\geos-3.5.0\vc\x64\Release\Edge.obj"
         "K:\Components\LibraryV2\GDAL\GDAL_2.1.0_VC_NoIntFilesCleanUp\3rdpart\geos-3.5.0\vc\x64\Release\EdgeEnd.obj"
         "K:\Components\LibraryV2\GDAL\GDAL_2.1.0_VC_NoIntFilesCleanUp\3rdpart\geos-3.5.0\vc\x64\Release\EdgeEndStar.obj"
         "K:\Components\LibraryV2\GDAL\GDAL_2.1.0_VC_NoIntFilesCleanUp\3rdpart\geos-3.5.0\vc\x64\Release\EdgeIntersectionList.obj"
         "K:\Components\LibraryV2\GDAL\GDAL_2.1.0_VC_NoIntFilesCleanUp\3rdpart\geos-3.5.0\vc\x64\Release\EdgeList.obj"
         "K:\Components\LibraryV2\GDAL\GDAL_2.1.0_VC_NoIntFilesCleanUp\3rdpart\geos-3.5.0\vc\x64\Release\EdgeNodingValidator.obj"
         "K:\Components\LibraryV2\GDAL\GDAL_2.1.0_VC_NoIntFilesCleanUp\3rdpart\geos-3.5.0\vc\x64\Release\EdgeRing.obj"
         "K:\Components\LibraryV2\GDAL\GDAL_2.1.0_VC_NoIntFilesCleanUp\3rdpart\geos-3.5.0\vc\x64\Release\GeometryGraph.obj"
         "K:\Components\LibraryV2\GDAL\GDAL_2.1.0_VC_NoIntFilesCleanUp\3rdpart\geos-3.5.0\vc\x64\Release\GraphComponent.obj"
         "K:\Components\LibraryV2\GDAL\GDAL_2.1.0_VC_NoIntFilesCleanUp\3rdpart\geos-3.5.0\vc\x64\Release\MonotoneChainEdge.obj"
         "K:\Components\LibraryV2\GDAL\GDAL_2.1.0_VC_NoIntFilesCleanUp\3rdpart\geos-3.5.0\vc\x64\Release\MonotoneChainIndexer.obj"
         "K:\Components\LibraryV2\GDAL\GDAL_2.1.0_VC_NoIntFilesCleanUp\3rdpart\geos-3.5.0\vc\x64\Release\SegmentIntersector.obj"
         "K:\Components\LibraryV2\GDAL\GDAL_2.1.0_VC_NoIntFilesCleanUp\3rdpart\geos-3.5.0\vc\x64\Release\SimpleEdgeSetIntersector.obj"
         "K:\Components\LibraryV2\GDAL\GDAL_2.1.0_VC_NoIntFilesCleanUp\3rdpart\geos-3.5.0\vc\x64\Release\SimpleMCSweepLineIntersector.obj"
         "K:\Components\LibraryV2\GDAL\GDAL_2.1.0_VC_NoIntFilesCleanUp\3rdpart\geos-3.5.0\vc\x64\Release\SimpleSweepLineIntersector.obj"
         "K:\Components\LibraryV2\GDAL\GDAL_2.1.0_VC_NoIntFilesCleanUp\3rdpart\geos-3.5.0\vc\x64\Release\SweepLineEvent.obj"
         "K:\Components\LibraryV2\GDAL\GDAL_2.1.0_VC_NoIntFilesCleanUp\3rdpart\geos-3.5.0\vc\x64\Release\SweepLineSegment.obj"
         "K:\Components\LibraryV2\GDAL\GDAL_2.1.0_VC_NoIntFilesCleanUp\3rdpart\geos-3.5.0\vc\x64\Release\Label.obj"
         "K:\Components\LibraryV2\GDAL\GDAL_2.1.0_VC_NoIntFilesCleanUp\3rdpart\geos-3.5.0\vc\x64\Release\Node.obj"
         "K:\Components\LibraryV2\GDAL\GDAL_2.1.0_VC_NoIntFilesCleanUp\3rdpart\geos-3.5.0\vc\x64\Release\NodeFactory.obj"
         "K:\Components\LibraryV2\GDAL\GDAL_2.1.0_VC_NoIntFilesCleanUp\3rdpart\geos-3.5.0\vc\x64\Release\NodeMap.obj"
         "K:\Components\LibraryV2\GDAL\GDAL_2.1.0_VC_NoIntFilesCleanUp\3rdpart\geos-3.5.0\vc\x64\Release\PlanarGraph.obj"
         "K:\Components\LibraryV2\GDAL\GDAL_2.1.0_VC_NoIntFilesCleanUp\3rdpart\geos-3.5.0\vc\x64\Release\Position.obj"
         "K:\Components\LibraryV2\GDAL\GDAL_2.1.0_VC_NoIntFilesCleanUp\3rdpart\geos-3.5.0\vc\x64\Release\Quadrant.obj"
         "K:\Components\LibraryV2\GDAL\GDAL_2.1.0_VC_NoIntFilesCleanUp\3rdpart\geos-3.5.0\vc\x64\Release\TopologyLocation.obj"
         "K:\Components\LibraryV2\GDAL\GDAL_2.1.0_VC_NoIntFilesCleanUp\3rdpart\geos-3.5.0\vc\x64\Release\Coordinate.obj"
         "K:\Components\LibraryV2\GDAL\GDAL_2.1.0_VC_NoIntFilesCleanUp\3rdpart\geos-3.5.0\vc\x64\Release\CoordinateArraySequence.obj"
         "K:\Components\LibraryV2\GDAL\GDAL_2.1.0_VC_NoIntFilesCleanUp\3rdpart\geos-3.5.0\vc\x64\Release\CoordinateArraySequenceFactory.obj"
         "K:\Components\LibraryV2\GDAL\GDAL_2.1.0_VC_NoIntFilesCleanUp\3rdpart\geos-3.5.0\vc\x64\Release\CoordinateSequence.obj"
         "K:\Components\LibraryV2\GDAL\GDAL_2.1.0_VC_NoIntFilesCleanUp\3rdpart\geos-3.5.0\vc\x64\Release\CoordinateSequenceFactory.obj"
         "K:\Components\LibraryV2\GDAL\GDAL_2.1.0_VC_NoIntFilesCleanUp\3rdpart\geos-3.5.0\vc\x64\Release\Dimension.obj"
         "K:\Components\LibraryV2\GDAL\GDAL_2.1.0_VC_NoIntFilesCleanUp\3rdpart\geos-3.5.0\vc\x64\Release\Envelope.obj"
         "K:\Components\LibraryV2\GDAL\GDAL_2.1.0_VC_NoIntFilesCleanUp\3rdpart\geos-3.5.0\vc\x64\Release\Geometry.obj"
         "K:\Components\LibraryV2\GDAL\GDAL_2.1.0_VC_NoIntFilesCleanUp\3rdpart\geos-3.5.0\vc\x64\Release\GeometryCollection.obj"
         "K:\Components\LibraryV2\GDAL\GDAL_2.1.0_VC_NoIntFilesCleanUp\3rdpart\geos-3.5.0\vc\x64\Release\GeometryComponentFilter.obj"
         "K:\Components\LibraryV2\GDAL\GDAL_2.1.0_VC_NoIntFilesCleanUp\3rdpart\geos-3.5.0\vc\x64\Release\GeometryFactory.obj"
         "K:\Components\LibraryV2\GDAL\GDAL_2.1.0_VC_NoIntFilesCleanUp\3rdpart\geos-3.5.0\vc\x64\Release\GeometryList.obj"
         "K:\Components\LibraryV2\GDAL\GDAL_2.1.0_VC_NoIntFilesCleanUp\3rdpart\geos-3.5.0\vc\x64\Release\IntersectionMatrix.obj"
         "K:\Components\LibraryV2\GDAL\GDAL_2.1.0_VC_NoIntFilesCleanUp\3rdpart\geos-3.5.0\vc\x64\Release\LinearRing.obj"
         "K:\Components\LibraryV2\GDAL\GDAL_2.1.0_VC_NoIntFilesCleanUp\3rdpart\geos-3.5.0\vc\x64\Release\LineSegment.obj"
         "K:\Components\LibraryV2\GDAL\GDAL_2.1.0_VC_NoIntFilesCleanUp\3rdpart\geos-3.5.0\vc\x64\Release\LineString.obj"
         "K:\Components\LibraryV2\GDAL\GDAL_2.1.0_VC_NoIntFilesCleanUp\3rdpart\geos-3.5.0\vc\x64\Release\Location.obj"
         "K:\Components\LibraryV2\GDAL\GDAL_2.1.0_VC_NoIntFilesCleanUp\3rdpart\geos-3.5.0\vc\x64\Release\MultiLineString.obj"
         "K:\Components\LibraryV2\GDAL\GDAL_2.1.0_VC_NoIntFilesCleanUp\3rdpart\geos-3.5.0\vc\x64\Release\MultiPoint.obj"
         "K:\Components\LibraryV2\GDAL\GDAL_2.1.0_VC_NoIntFilesCleanUp\3rdpart\geos-3.5.0\vc\x64\Release\MultiPolygon.obj"
         "K:\Components\LibraryV2\GDAL\GDAL_2.1.0_VC_NoIntFilesCleanUp\3rdpart\geos-3.5.0\vc\x64\Release\Point.obj"
         "K:\Components\LibraryV2\GDAL\GDAL_2.1.0_VC_NoIntFilesCleanUp\3rdpart\geos-3.5.0\vc\x64\Release\Polygon.obj"
         "K:\Components\LibraryV2\GDAL\GDAL_2.1.0_VC_NoIntFilesCleanUp\3rdpart\geos-3.5.0\vc\x64\Release\PrecisionModel.obj"
         "K:\Components\LibraryV2\GDAL\GDAL_2.1.0_VC_NoIntFilesCleanUp\3rdpart\geos-3.5.0\vc\x64\Release\AbstractPreparedPolygonContains.obj"
         "K:\Components\LibraryV2\GDAL\GDAL_2.1.0_VC_NoIntFilesCleanUp\3rdpart\geos-3.5.0\vc\x64\Release\BasicPreparedGeometry.obj"
         "K:\Components\LibraryV2\GDAL\GDAL_2.1.0_VC_NoIntFilesCleanUp\3rdpart\geos-3.5.0\vc\x64\Release\PreparedGeometry.obj"
         "K:\Components\LibraryV2\GDAL\GDAL_2.1.0_VC_NoIntFilesCleanUp\3rdpart\geos-3.5.0\vc\x64\Release\PreparedGeometryFactory.obj"
         "K:\Components\LibraryV2\GDAL\GDAL_2.1.0_VC_NoIntFilesCleanUp\3rdpart\geos-3.5.0\vc\x64\Release\PreparedLineString.obj"
         "K:\Components\LibraryV2\GDAL\GDAL_2.1.0_VC_NoIntFilesCleanUp\3rdpart\geos-3.5.0\vc\x64\Release\PreparedLineStringIntersects.obj"
         "K:\Components\LibraryV2\GDAL\GDAL_2.1.0_VC_NoIntFilesCleanUp\3rdpart\geos-3.5.0\vc\x64\Release\PreparedPoint.obj"
         "K:\Components\LibraryV2\GDAL\GDAL_2.1.0_VC_NoIntFilesCleanUp\3rdpart\geos-3.5.0\vc\x64\Release\PreparedPolygon.obj"
         "K:\Components\LibraryV2\GDAL\GDAL_2.1.0_VC_NoIntFilesCleanUp\3rdpart\geos-3.5.0\vc\x64\Release\PreparedPolygonContains.obj"
         "K:\Components\LibraryV2\GDAL\GDAL_2.1.0_VC_NoIntFilesCleanUp\3rdpart\geos-3.5.0\vc\x64\Release\PreparedPolygonContainsProperly.obj"
         "K:\Components\LibraryV2\GDAL\GDAL_2.1.0_VC_NoIntFilesCleanUp\3rdpart\geos-3.5.0\vc\x64\Release\PreparedPolygonCovers.obj"
         "K:\Components\LibraryV2\GDAL\GDAL_2.1.0_VC_NoIntFilesCleanUp\3rdpart\geos-3.5.0\vc\x64\Release\PreparedPolygonIntersects.obj"
         "K:\Components\LibraryV2\GDAL\GDAL_2.1.0_VC_NoIntFilesCleanUp\3rdpart\geos-3.5.0\vc\x64\Release\PreparedPolygonPredicate.obj"
         "K:\Components\LibraryV2\GDAL\GDAL_2.1.0_VC_NoIntFilesCleanUp\3rdpart\geos-3.5.0\vc\x64\Release\Triangle.obj"
         "K:\Components\LibraryV2\GDAL\GDAL_2.1.0_VC_NoIntFilesCleanUp\3rdpart\geos-3.5.0\vc\x64\Release\ComponentCoordinateExtracter.obj"
         "K:\Components\LibraryV2\GDAL\GDAL_2.1.0_VC_NoIntFilesCleanUp\3rdpart\geos-3.5.0\vc\x64\Release\CoordinateOperation.obj"
         "K:\Components\LibraryV2\GDAL\GDAL_2.1.0_VC_NoIntFilesCleanUp\3rdpart\geos-3.5.0\vc\x64\Release\GeometryCombiner.obj"
         "K:\Components\LibraryV2\GDAL\GDAL_2.1.0_VC_NoIntFilesCleanUp\3rdpart\geos-3.5.0\vc\x64\Release\GeometryEditor.obj"
         "K:\Components\LibraryV2\GDAL\GDAL_2.1.0_VC_NoIntFilesCleanUp\3rdpart\geos-3.5.0\vc\x64\Release\GeometryTransformer.obj"
         "K:\Components\LibraryV2\GDAL\GDAL_2.1.0_VC_NoIntFilesCleanUp\3rdpart\geos-3.5.0\vc\x64\Release\LinearComponentExtracter.obj"
         "K:\Components\LibraryV2\GDAL\GDAL_2.1.0_VC_NoIntFilesCleanUp\3rdpart\geos-3.5.0\vc\x64\Release\PointExtracter.obj"
         "K:\Components\LibraryV2\GDAL\GDAL_2.1.0_VC_NoIntFilesCleanUp\3rdpart\geos-3.5.0\vc\x64\Release\PolygonExtracter.obj"
         "K:\Components\LibraryV2\GDAL\GDAL_2.1.0_VC_NoIntFilesCleanUp\3rdpart\geos-3.5.0\vc\x64\Release\ShortCircuitedGeometryVisitor.obj"
         "K:\Components\LibraryV2\GDAL\GDAL_2.1.0_VC_NoIntFilesCleanUp\3rdpart\geos-3.5.0\vc\x64\Release\SineStarFactory.obj"
         "K:\Components\LibraryV2\GDAL\GDAL_2.1.0_VC_NoIntFilesCleanUp\3rdpart\geos-3.5.0\vc\x64\Release\MonotoneChain.obj"
         "K:\Components\LibraryV2\GDAL\GDAL_2.1.0_VC_NoIntFilesCleanUp\3rdpart\geos-3.5.0\vc\x64\Release\MonotoneChainBuilder.obj"
         "K:\Components\LibraryV2\GDAL\GDAL_2.1.0_VC_NoIntFilesCleanUp\3rdpart\geos-3.5.0\vc\x64\Release\MonotoneChainOverlapAction.obj"
         "K:\Components\LibraryV2\GDAL\GDAL_2.1.0_VC_NoIntFilesCleanUp\3rdpart\geos-3.5.0\vc\x64\Release\MonotoneChainSelectAction.obj"
         "K:\Components\LibraryV2\GDAL\GDAL_2.1.0_VC_NoIntFilesCleanUp\3rdpart\geos-3.5.0\vc\x64\Release\IntervalRTreeBranchNode.obj"
         "K:\Components\LibraryV2\GDAL\GDAL_2.1.0_VC_NoIntFilesCleanUp\3rdpart\geos-3.5.0\vc\x64\Release\IntervalRTreeLeafNode.obj"
         "K:\Components\LibraryV2\GDAL\GDAL_2.1.0_VC_NoIntFilesCleanUp\3rdpart\geos-3.5.0\vc\x64\Release\IntervalRTreeNode.obj"
         "K:\Components\LibraryV2\GDAL\GDAL_2.1.0_VC_NoIntFilesCleanUp\3rdpart\geos-3.5.0\vc\x64\Release\SortedPackedIntervalRTree.obj"
         "K:\Components\LibraryV2\GDAL\GDAL_2.1.0_VC_NoIntFilesCleanUp\3rdpart\geos-3.5.0\vc\x64\Release\inlines.obj"
         "K:\Components\LibraryV2\GDAL\GDAL_2.1.0_VC_NoIntFilesCleanUp\3rdpart\geos-3.5.0\vc\x64\Release\ByteOrderDataInStream.obj"
         "K:\Components\LibraryV2\GDAL\GDAL_2.1.0_VC_NoIntFilesCleanUp\3rdpart\geos-3.5.0\vc\x64\Release\ByteOrderValues.obj"
         "K:\Components\LibraryV2\GDAL\GDAL_2.1.0_VC_NoIntFilesCleanUp\3rdpart\geos-3.5.0\vc\x64\Release\CLocalizer.obj"
         "K:\Components\LibraryV2\GDAL\GDAL_2.1.0_VC_NoIntFilesCleanUp\3rdpart\geos-3.5.0\vc\x64\Release\ParseException.obj"
         "K:\Components\LibraryV2\GDAL\GDAL_2.1.0_VC_NoIntFilesCleanUp\3rdpart\geos-3.5.0\vc\x64\Release\StringTokenizer.obj"
         "K:\Components\LibraryV2\GDAL\GDAL_2.1.0_VC_NoIntFilesCleanUp\3rdpart\geos-3.5.0\vc\x64\Release\Unload.obj"
         "K:\Components\LibraryV2\GDAL\GDAL_2.1.0_VC_NoIntFilesCleanUp\3rdpart\geos-3.5.0\vc\x64\Release\WKBReader.obj"
         "K:\Components\LibraryV2\GDAL\GDAL_2.1.0_VC_NoIntFilesCleanUp\3rdpart\geos-3.5.0\vc\x64\Release\WKBWriter.obj"
         "K:\Components\LibraryV2\GDAL\GDAL_2.1.0_VC_NoIntFilesCleanUp\3rdpart\geos-3.5.0\vc\x64\Release\WKTReader.obj"
         "K:\Components\LibraryV2\GDAL\GDAL_2.1.0_VC_NoIntFilesCleanUp\3rdpart\geos-3.5.0\vc\x64\Release\WKTWriter.obj"
         "K:\Components\LibraryV2\GDAL\GDAL_2.1.0_VC_NoIntFilesCleanUp\3rdpart\geos-3.5.0\vc\x64\Release\Writer.obj"
         "K:\Components\LibraryV2\GDAL\GDAL_2.1.0_VC_NoIntFilesCleanUp\3rdpart\geos-3.5.0\vc\x64\Release\ExtractLineByLocation.obj"
         "K:\Components\LibraryV2\GDAL\GDAL_2.1.0_VC_NoIntFilesCleanUp\3rdpart\geos-3.5.0\vc\x64\Release\LengthIndexedLine.obj"
         "K:\Components\LibraryV2\GDAL\GDAL_2.1.0_VC_NoIntFilesCleanUp\3rdpart\geos-3.5.0\vc\x64\Release\LengthIndexOfPoint.obj"
         "K:\Components\LibraryV2\GDAL\GDAL_2.1.0_VC_NoIntFilesCleanUp\3rdpart\geos-3.5.0\vc\x64\Release\LengthLocationMap.obj"
         "K:\Components\LibraryV2\GDAL\GDAL_2.1.0_VC_NoIntFilesCleanUp\3rdpart\geos-3.5.0\vc\x64\Release\LinearGeometryBuilder.obj"
         "K:\Components\LibraryV2\GDAL\GDAL_2.1.0_VC_NoIntFilesCleanUp\3rdpart\geos-3.5.0\vc\x64\Release\LinearIterator.obj"
         "K:\Components\LibraryV2\GDAL\GDAL_2.1.0_VC_NoIntFilesCleanUp\3rdpart\geos-3.5.0\vc\x64\Release\LinearLocation.obj"
         "K:\Components\LibraryV2\GDAL\GDAL_2.1.0_VC_NoIntFilesCleanUp\3rdpart\geos-3.5.0\vc\x64\Release\LocationIndexOfLine.obj"
         "K:\Components\LibraryV2\GDAL\GDAL_2.1.0_VC_NoIntFilesCleanUp\3rdpart\geos-3.5.0\vc\x64\Release\LocationIndexOfPoint.obj"
         "K:\Components\LibraryV2\GDAL\GDAL_2.1.0_VC_NoIntFilesCleanUp\3rdpart\geos-3.5.0\vc\x64\Release\BasicSegmentString.obj"
         "K:\Components\LibraryV2\GDAL\GDAL_2.1.0_VC_NoIntFilesCleanUp\3rdpart\geos-3.5.0\vc\x64\Release\FastNodingValidator.obj"
         "K:\Components\LibraryV2\GDAL\GDAL_2.1.0_VC_NoIntFilesCleanUp\3rdpart\geos-3.5.0\vc\x64\Release\FastSegmentSetIntersectionFinder.obj"
         "K:\Components\LibraryV2\GDAL\GDAL_2.1.0_VC_NoIntFilesCleanUp\3rdpart\geos-3.5.0\vc\x64\Release\GeometryNoder.obj"
         "K:\Components\LibraryV2\GDAL\GDAL_2.1.0_VC_NoIntFilesCleanUp\3rdpart\geos-3.5.0\vc\x64\Release\IntersectionAdder.obj"
         "K:\Components\LibraryV2\GDAL\GDAL_2.1.0_VC_NoIntFilesCleanUp\3rdpart\geos-3.5.0\vc\x64\Release\IntersectionFinderAdder.obj"
         "K:\Components\LibraryV2\GDAL\GDAL_2.1.0_VC_NoIntFilesCleanUp\3rdpart\geos-3.5.0\vc\x64\Release\IteratedNoder.obj"
         "K:\Components\LibraryV2\GDAL\GDAL_2.1.0_VC_NoIntFilesCleanUp\3rdpart\geos-3.5.0\vc\x64\Release\MCIndexNoder.obj"
         "K:\Components\LibraryV2\GDAL\GDAL_2.1.0_VC_NoIntFilesCleanUp\3rdpart\geos-3.5.0\vc\x64\Release\MCIndexSegmentSetMutualIntersector.obj"
         "K:\Components\LibraryV2\GDAL\GDAL_2.1.0_VC_NoIntFilesCleanUp\3rdpart\geos-3.5.0\vc\x64\Release\NodedSegmentString.obj"
         "K:\Components\LibraryV2\GDAL\GDAL_2.1.0_VC_NoIntFilesCleanUp\3rdpart\geos-3.5.0\vc\x64\Release\NodingValidator.obj"
         "K:\Components\LibraryV2\GDAL\GDAL_2.1.0_VC_NoIntFilesCleanUp\3rdpart\geos-3.5.0\vc\x64\Release\Octant.obj"
         "K:\Components\LibraryV2\GDAL\GDAL_2.1.0_VC_NoIntFilesCleanUp\3rdpart\geos-3.5.0\vc\x64\Release\OrientedCoordinateArray.obj"
         "K:\Components\LibraryV2\GDAL\GDAL_2.1.0_VC_NoIntFilesCleanUp\3rdpart\geos-3.5.0\vc\x64\Release\ScaledNoder.obj"
         "K:\Components\LibraryV2\GDAL\GDAL_2.1.0_VC_NoIntFilesCleanUp\3rdpart\geos-3.5.0\vc\x64\Release\SegmentIntersectionDetector.obj"
         "K:\Components\LibraryV2\GDAL\GDAL_2.1.0_VC_NoIntFilesCleanUp\3rdpart\geos-3.5.0\vc\x64\Release\SegmentNode.obj"
         "K:\Components\LibraryV2\GDAL\GDAL_2.1.0_VC_NoIntFilesCleanUp\3rdpart\geos-3.5.0\vc\x64\Release\SegmentNodeList.obj"
         "K:\Components\LibraryV2\GDAL\GDAL_2.1.0_VC_NoIntFilesCleanUp\3rdpart\geos-3.5.0\vc\x64\Release\SegmentString.obj"
         "K:\Components\LibraryV2\GDAL\GDAL_2.1.0_VC_NoIntFilesCleanUp\3rdpart\geos-3.5.0\vc\x64\Release\SegmentStringUtil.obj"
         "K:\Components\LibraryV2\GDAL\GDAL_2.1.0_VC_NoIntFilesCleanUp\3rdpart\geos-3.5.0\vc\x64\Release\SimpleNoder.obj"
         "K:\Components\LibraryV2\GDAL\GDAL_2.1.0_VC_NoIntFilesCleanUp\3rdpart\geos-3.5.0\vc\x64\Release\SingleInteriorIntersectionFinder.obj"
         "K:\Components\LibraryV2\GDAL\GDAL_2.1.0_VC_NoIntFilesCleanUp\3rdpart\geos-3.5.0\vc\x64\Release\HotPixel.obj"
         "K:\Components\LibraryV2\GDAL\GDAL_2.1.0_VC_NoIntFilesCleanUp\3rdpart\geos-3.5.0\vc\x64\Release\MCIndexPointSnapper.obj"
         "K:\Components\LibraryV2\GDAL\GDAL_2.1.0_VC_NoIntFilesCleanUp\3rdpart\geos-3.5.0\vc\x64\Release\MCIndexSnapRounder.obj"
         "K:\Components\LibraryV2\GDAL\GDAL_2.1.0_VC_NoIntFilesCleanUp\3rdpart\geos-3.5.0\vc\x64\Release\SimpleSnapRounder.obj"
         "K:\Components\LibraryV2\GDAL\GDAL_2.1.0_VC_NoIntFilesCleanUp\3rdpart\geos-3.5.0\vc\x64\Release\BufferBuilder.obj"
         "K:\Components\LibraryV2\GDAL\GDAL_2.1.0_VC_NoIntFilesCleanUp\3rdpart\geos-3.5.0\vc\x64\Release\BufferInputLineSimplifier.obj"
         "K:\Components\LibraryV2\GDAL\GDAL_2.1.0_VC_NoIntFilesCleanUp\3rdpart\geos-3.5.0\vc\x64\Release\BufferOp.obj"
         "K:\Components\LibraryV2\GDAL\GDAL_2.1.0_VC_NoIntFilesCleanUp\3rdpart\geos-3.5.0\vc\x64\Release\BufferParameters.obj"
         "K:\Components\LibraryV2\GDAL\GDAL_2.1.0_VC_NoIntFilesCleanUp\3rdpart\geos-3.5.0\vc\x64\Release\BufferSubgraph.obj"
         "K:\Components\LibraryV2\GDAL\GDAL_2.1.0_VC_NoIntFilesCleanUp\3rdpart\geos-3.5.0\vc\x64\Release\OffsetCurveBuilder.obj"
         "K:\Components\LibraryV2\GDAL\GDAL_2.1.0_VC_NoIntFilesCleanUp\3rdpart\geos-3.5.0\vc\x64\Release\OffsetCurveSetBuilder.obj"
         "K:\Components\LibraryV2\GDAL\GDAL_2.1.0_VC_NoIntFilesCleanUp\3rdpart\geos-3.5.0\vc\x64\Release\OffsetSegmentGenerator.obj"
         "K:\Components\LibraryV2\GDAL\GDAL_2.1.0_VC_NoIntFilesCleanUp\3rdpart\geos-3.5.0\vc\x64\Release\RightmostEdgeFinder.obj"
         "K:\Components\LibraryV2\GDAL\GDAL_2.1.0_VC_NoIntFilesCleanUp\3rdpart\geos-3.5.0\vc\x64\Release\SubgraphDepthLocater.obj"
         "K:\Components\LibraryV2\GDAL\GDAL_2.1.0_VC_NoIntFilesCleanUp\3rdpart\geos-3.5.0\vc\x64\Release\ConnectedElementLocationFilter.obj"
         "K:\Components\LibraryV2\GDAL\GDAL_2.1.0_VC_NoIntFilesCleanUp\3rdpart\geos-3.5.0\vc\x64\Release\ConnectedElementPointFilter.obj"
         "K:\Components\LibraryV2\GDAL\GDAL_2.1.0_VC_NoIntFilesCleanUp\3rdpart\geos-3.5.0\vc\x64\Release\DistanceOp.obj"
         "K:\Components\LibraryV2\GDAL\GDAL_2.1.0_VC_NoIntFilesCleanUp\3rdpart\geos-3.5.0\vc\x64\Release\GeometryLocation.obj"
         "K:\Components\LibraryV2\GDAL\GDAL_2.1.0_VC_NoIntFilesCleanUp\3rdpart\geos-3.5.0\vc\x64\Release\GeometryGraphOperation.obj"
         "K:\Components\LibraryV2\GDAL\GDAL_2.1.0_VC_NoIntFilesCleanUp\3rdpart\geos-3.5.0\vc\x64\Release\Rectangle.obj"
         "K:\Components\LibraryV2\GDAL\GDAL_2.1.0_VC_NoIntFilesCleanUp\3rdpart\geos-3.5.0\vc\x64\Release\RectangleIntersection.obj"
         "K:\Components\LibraryV2\GDAL\GDAL_2.1.0_VC_NoIntFilesCleanUp\3rdpart\geos-3.5.0\vc\x64\Release\RectangleIntersectionBuilder.obj"
         "K:\Components\LibraryV2\GDAL\GDAL_2.1.0_VC_NoIntFilesCleanUp\3rdpart\geos-3.5.0\vc\x64\Release\IsSimpleOp.obj"
         "K:\Components\LibraryV2\GDAL\GDAL_2.1.0_VC_NoIntFilesCleanUp\3rdpart\geos-3.5.0\vc\x64\Release\EdgeString.obj"
         "K:\Components\LibraryV2\GDAL\GDAL_2.1.0_VC_NoIntFilesCleanUp\3rdpart\geos-3.5.0\vc\x64\Release\LineMergeDirectedEdge.obj"
         "K:\Components\LibraryV2\GDAL\GDAL_2.1.0_VC_NoIntFilesCleanUp\3rdpart\geos-3.5.0\vc\x64\Release\LineMergeEdge.obj"
         "K:\Components\LibraryV2\GDAL\GDAL_2.1.0_VC_NoIntFilesCleanUp\3rdpart\geos-3.5.0\vc\x64\Release\LineMergeGraph.obj"
         "K:\Components\LibraryV2\GDAL\GDAL_2.1.0_VC_NoIntFilesCleanUp\3rdpart\geos-3.5.0\vc\x64\Release\LineMerger.obj"
         "K:\Components\LibraryV2\GDAL\GDAL_2.1.0_VC_NoIntFilesCleanUp\3rdpart\geos-3.5.0\vc\x64\Release\LineSequencer.obj"
         "K:\Components\LibraryV2\GDAL\GDAL_2.1.0_VC_NoIntFilesCleanUp\3rdpart\geos-3.5.0\vc\x64\Release\EdgeSetNoder.obj"
         "K:\Components\LibraryV2\GDAL\GDAL_2.1.0_VC_NoIntFilesCleanUp\3rdpart\geos-3.5.0\vc\x64\Release\ElevationMatrix.obj"
         "K:\Components\LibraryV2\GDAL\GDAL_2.1.0_VC_NoIntFilesCleanUp\3rdpart\geos-3.5.0\vc\x64\Release\ElevationMatrixCell.obj"
         "K:\Components\LibraryV2\GDAL\GDAL_2.1.0_VC_NoIntFilesCleanUp\3rdpart\geos-3.5.0\vc\x64\Release\LineBuilder.obj"
         "K:\Components\LibraryV2\GDAL\GDAL_2.1.0_VC_NoIntFilesCleanUp\3rdpart\geos-3.5.0\vc\x64\Release\MaximalEdgeRing.obj"
         "K:\Components\LibraryV2\GDAL\GDAL_2.1.0_VC_NoIntFilesCleanUp\3rdpart\geos-3.5.0\vc\x64\Release\MinimalEdgeRing.obj"
         "K:\Components\LibraryV2\GDAL\GDAL_2.1.0_VC_NoIntFilesCleanUp\3rdpart\geos-3.5.0\vc\x64\Release\OverlayNodeFactory.obj"
         "K:\Components\LibraryV2\GDAL\GDAL_2.1.0_VC_NoIntFilesCleanUp\3rdpart\geos-3.5.0\vc\x64\Release\OverlayOp.obj"
         "K:\Components\LibraryV2\GDAL\GDAL_2.1.0_VC_NoIntFilesCleanUp\3rdpart\geos-3.5.0\vc\x64\Release\PointBuilder.obj"
         "K:\Components\LibraryV2\GDAL\GDAL_2.1.0_VC_NoIntFilesCleanUp\3rdpart\geos-3.5.0\vc\x64\Release\PolygonBuilder.obj"
         "K:\Components\LibraryV2\GDAL\GDAL_2.1.0_VC_NoIntFilesCleanUp\3rdpart\geos-3.5.0\vc\x64\Release\GeometrySnapper.obj"
         "K:\Components\LibraryV2\GDAL\GDAL_2.1.0_VC_NoIntFilesCleanUp\3rdpart\geos-3.5.0\vc\x64\Release\LineStringSnapper.obj"
         "K:\Components\LibraryV2\GDAL\GDAL_2.1.0_VC_NoIntFilesCleanUp\3rdpart\geos-3.5.0\vc\x64\Release\SnapIfNeededOverlayOp.obj"
         "K:\Components\LibraryV2\GDAL\GDAL_2.1.0_VC_NoIntFilesCleanUp\3rdpart\geos-3.5.0\vc\x64\Release\SnapOverlayOp.obj"
         "K:\Components\LibraryV2\GDAL\GDAL_2.1.0_VC_NoIntFilesCleanUp\3rdpart\geos-3.5.0\vc\x64\Release\FuzzyPointLocator.obj"
         "K:\Components\LibraryV2\GDAL\GDAL_2.1.0_VC_NoIntFilesCleanUp\3rdpart\geos-3.5.0\vc\x64\Release\OffsetPointGenerator.obj"
         "K:\Components\LibraryV2\GDAL\GDAL_2.1.0_VC_NoIntFilesCleanUp\3rdpart\geos-3.5.0\vc\x64\Release\OverlayResultValidator.obj"
         "K:\Components\LibraryV2\GDAL\GDAL_2.1.0_VC_NoIntFilesCleanUp\3rdpart\geos-3.5.0\vc\x64\Release\RectangleContains.obj"
         "K:\Components\LibraryV2\GDAL\GDAL_2.1.0_VC_NoIntFilesCleanUp\3rdpart\geos-3.5.0\vc\x64\Release\RectangleIntersects.obj"
         "K:\Components\LibraryV2\GDAL\GDAL_2.1.0_VC_NoIntFilesCleanUp\3rdpart\geos-3.5.0\vc\x64\Release\SegmentIntersectionTester.obj"
         "K:\Components\LibraryV2\GDAL\GDAL_2.1.0_VC_NoIntFilesCleanUp\3rdpart\geos-3.5.0\vc\x64\Release\EdgeEndBuilder.obj"
         "K:\Components\LibraryV2\GDAL\GDAL_2.1.0_VC_NoIntFilesCleanUp\3rdpart\geos-3.5.0\vc\x64\Release\EdgeEndBundle.obj"
         "K:\Components\LibraryV2\GDAL\GDAL_2.1.0_VC_NoIntFilesCleanUp\3rdpart\geos-3.5.0\vc\x64\Release\EdgeEndBundleStar.obj"
         "K:\Components\LibraryV2\GDAL\GDAL_2.1.0_VC_NoIntFilesCleanUp\3rdpart\geos-3.5.0\vc\x64\Release\RelateComputer.obj"
         "K:\Components\LibraryV2\GDAL\GDAL_2.1.0_VC_NoIntFilesCleanUp\3rdpart\geos-3.5.0\vc\x64\Release\RelateNode.obj"
         "K:\Components\LibraryV2\GDAL\GDAL_2.1.0_VC_NoIntFilesCleanUp\3rdpart\geos-3.5.0\vc\x64\Release\RelateNodeFactory.obj"
         "K:\Components\LibraryV2\GDAL\GDAL_2.1.0_VC_NoIntFilesCleanUp\3rdpart\geos-3.5.0\vc\x64\Release\RelateNodeGraph.obj"
         "K:\Components\LibraryV2\GDAL\GDAL_2.1.0_VC_NoIntFilesCleanUp\3rdpart\geos-3.5.0\vc\x64\Release\RelateOp.obj"
         "K:\Components\LibraryV2\GDAL\GDAL_2.1.0_VC_NoIntFilesCleanUp\3rdpart\geos-3.5.0\vc\x64\Release\SharedPathsOp.obj"
         "K:\Components\LibraryV2\GDAL\GDAL_2.1.0_VC_NoIntFilesCleanUp\3rdpart\geos-3.5.0\vc\x64\Release\CascadedPolygonUnion.obj"
         "K:\Components\LibraryV2\GDAL\GDAL_2.1.0_VC_NoIntFilesCleanUp\3rdpart\geos-3.5.0\vc\x64\Release\CascadedUnion.obj"
         "K:\Components\LibraryV2\GDAL\GDAL_2.1.0_VC_NoIntFilesCleanUp\3rdpart\geos-3.5.0\vc\x64\Release\PointGeometryUnion.obj"
         "K:\Components\LibraryV2\GDAL\GDAL_2.1.0_VC_NoIntFilesCleanUp\3rdpart\geos-3.5.0\vc\x64\Release\UnaryUnionOp.obj"
         "K:\Components\LibraryV2\GDAL\GDAL_2.1.0_VC_NoIntFilesCleanUp\3rdpart\geos-3.5.0\vc\x64\Release\ConnectedInteriorTester.obj"
         "K:\Components\LibraryV2\GDAL\GDAL_2.1.0_VC_NoIntFilesCleanUp\3rdpart\geos-3.5.0\vc\x64\Release\ConsistentAreaTester.obj"
         "K:\Components\LibraryV2\GDAL\GDAL_2.1.0_VC_NoIntFilesCleanUp\3rdpart\geos-3.5.0\vc\x64\Release\IndexedNestedRingTester.obj"
         "K:\Components\LibraryV2\GDAL\GDAL_2.1.0_VC_NoIntFilesCleanUp\3rdpart\geos-3.5.0\vc\x64\Release\IsValidOp.obj"
         "K:\Components\LibraryV2\GDAL\GDAL_2.1.0_VC_NoIntFilesCleanUp\3rdpart\geos-3.5.0\vc\x64\Release\QuadtreeNestedRingTester.obj"
         "K:\Components\LibraryV2\GDAL\GDAL_2.1.0_VC_NoIntFilesCleanUp\3rdpart\geos-3.5.0\vc\x64\Release\RepeatedPointTester.obj"
         "K:\Components\LibraryV2\GDAL\GDAL_2.1.0_VC_NoIntFilesCleanUp\3rdpart\geos-3.5.0\vc\x64\Release\SimpleNestedRingTester.obj"
         "K:\Components\LibraryV2\GDAL\GDAL_2.1.0_VC_NoIntFilesCleanUp\3rdpart\geos-3.5.0\vc\x64\Release\SweeplineNestedRingTester.obj"
         "K:\Components\LibraryV2\GDAL\GDAL_2.1.0_VC_NoIntFilesCleanUp\3rdpart\geos-3.5.0\vc\x64\Release\TopologyValidationError.obj"
         "K:\Components\LibraryV2\GDAL\GDAL_2.1.0_VC_NoIntFilesCleanUp\3rdpart\geos-3.5.0\vc\x64\Release\ConnectedSubgraphFinder.obj"
         "K:\Components\LibraryV2\GDAL\GDAL_2.1.0_VC_NoIntFilesCleanUp\3rdpart\geos-3.5.0\vc\x64\Release\CommonBits.obj"
         "K:\Components\LibraryV2\GDAL\GDAL_2.1.0_VC_NoIntFilesCleanUp\3rdpart\geos-3.5.0\vc\x64\Release\CommonBitsOp.obj"
         "K:\Components\LibraryV2\GDAL\GDAL_2.1.0_VC_NoIntFilesCleanUp\3rdpart\geos-3.5.0\vc\x64\Release\CommonBitsRemover.obj"
         "K:\Components\LibraryV2\GDAL\GDAL_2.1.0_VC_NoIntFilesCleanUp\3rdpart\geos-3.5.0\vc\x64\Release\EnhancedPrecisionOp.obj"
         "K:\Components\LibraryV2\GDAL\GDAL_2.1.0_VC_NoIntFilesCleanUp\3rdpart\geos-3.5.0\vc\x64\Release\GeometryPrecisionReducer.obj"
         "K:\Components\LibraryV2\GDAL\GDAL_2.1.0_VC_NoIntFilesCleanUp\3rdpart\geos-3.5.0\vc\x64\Release\PrecisionReducerCoordinateOperation.obj"
         "K:\Components\LibraryV2\GDAL\GDAL_2.1.0_VC_NoIntFilesCleanUp\3rdpart\geos-3.5.0\vc\x64\Release\SimpleGeometryPrecisionReducer.obj"
         "K:\Components\LibraryV2\GDAL\GDAL_2.1.0_VC_NoIntFilesCleanUp\3rdpart\geos-3.5.0\vc\x64\Release\DouglasPeuckerLineSimplifier.obj"
         "K:\Components\LibraryV2\GDAL\GDAL_2.1.0_VC_NoIntFilesCleanUp\3rdpart\geos-3.5.0\vc\x64\Release\DouglasPeuckerSimplifier.obj"
         "K:\Components\LibraryV2\GDAL\GDAL_2.1.0_VC_NoIntFilesCleanUp\3rdpart\geos-3.5.0\vc\x64\Release\LineSegmentIndex.obj"
         "K:\Components\LibraryV2\GDAL\GDAL_2.1.0_VC_NoIntFilesCleanUp\3rdpart\geos-3.5.0\vc\x64\Release\TaggedLineSegment.obj"
         "K:\Components\LibraryV2\GDAL\GDAL_2.1.0_VC_NoIntFilesCleanUp\3rdpart\geos-3.5.0\vc\x64\Release\TaggedLinesSimplifier.obj"
         "K:\Components\LibraryV2\GDAL\GDAL_2.1.0_VC_NoIntFilesCleanUp\3rdpart\geos-3.5.0\vc\x64\Release\TaggedLineString.obj"
         "K:\Components\LibraryV2\GDAL\GDAL_2.1.0_VC_NoIntFilesCleanUp\3rdpart\geos-3.5.0\vc\x64\Release\TaggedLineStringSimplifier.obj"
         "K:\Components\LibraryV2\GDAL\GDAL_2.1.0_VC_NoIntFilesCleanUp\3rdpart\geos-3.5.0\vc\x64\Release\TopologyPreservingSimplifier.obj"
         "K:\Components\LibraryV2\GDAL\GDAL_2.1.0_VC_NoIntFilesCleanUp\3rdpart\geos-3.5.0\vc\x64\Release\DelaunayTriangulationBuilder.obj"
         "K:\Components\LibraryV2\GDAL\GDAL_2.1.0_VC_NoIntFilesCleanUp\3rdpart\geos-3.5.0\vc\x64\Release\IncrementalDelaunayTriangulator.obj"
         "K:\Components\LibraryV2\GDAL\GDAL_2.1.0_VC_NoIntFilesCleanUp\3rdpart\geos-3.5.0\vc\x64\Release\LastFoundQuadEdgeLocator.obj"
         "K:\Components\LibraryV2\GDAL\GDAL_2.1.0_VC_NoIntFilesCleanUp\3rdpart\geos-3.5.0\vc\x64\Release\LocateFailureException.obj"
         "K:\Components\LibraryV2\GDAL\GDAL_2.1.0_VC_NoIntFilesCleanUp\3rdpart\geos-3.5.0\vc\x64\Release\QuadEdge.obj"
         "K:\Components\LibraryV2\GDAL\GDAL_2.1.0_VC_NoIntFilesCleanUp\3rdpart\geos-3.5.0\vc\x64\Release\QuadEdgeLocator.obj"
         "K:\Components\LibraryV2\GDAL\GDAL_2.1.0_VC_NoIntFilesCleanUp\3rdpart\geos-3.5.0\vc\x64\Release\QuadEdgeSubdivision.obj"
         "K:\Components\LibraryV2\GDAL\GDAL_2.1.0_VC_NoIntFilesCleanUp\3rdpart\geos-3.5.0\vc\x64\Release\TrianglePredicate.obj"
         "K:\Components\LibraryV2\GDAL\GDAL_2.1.0_VC_NoIntFilesCleanUp\3rdpart\geos-3.5.0\vc\x64\Release\TriangleVisitor.obj"
         "K:\Components\LibraryV2\GDAL\GDAL_2.1.0_VC_NoIntFilesCleanUp\3rdpart\geos-3.5.0\vc\x64\Release\Vertex.obj"
         "K:\Components\LibraryV2\GDAL\GDAL_2.1.0_VC_NoIntFilesCleanUp\3rdpart\geos-3.5.0\vc\x64\Release\VoronoiDiagramBuilder.obj"
         "K:\Components\LibraryV2\GDAL\GDAL_2.1.0_VC_NoIntFilesCleanUp\3rdpart\geos-3.5.0\vc\x64\Release\Assert.obj"
         "K:\Components\LibraryV2\GDAL\GDAL_2.1.0_VC_NoIntFilesCleanUp\3rdpart\geos-3.5.0\vc\x64\Release\GeometricShapeFactory.obj"
         "K:\Components\LibraryV2\GDAL\GDAL_2.1.0_VC_NoIntFilesCleanUp\3rdpart\geos-3.5.0\vc\x64\Release\Interrupt.obj"
         "K:\Components\LibraryV2\GDAL\GDAL_2.1.0_VC_NoIntFilesCleanUp\3rdpart\geos-3.5.0\vc\x64\Release\math.obj"
         "K:\Components\LibraryV2\GDAL\GDAL_2.1.0_VC_NoIntFilesCleanUp\3rdpart\geos-3.5.0\vc\x64\Release\Profiler.obj"
         "K:\Components\LibraryV2\GDAL\GDAL_2.1.0_VC_NoIntFilesCleanUp\3rdpart\geos-3.5.0\vc\x64\Release\\ix_bintree\Bintree.obj"
         "K:\Components\LibraryV2\GDAL\GDAL_2.1.0_VC_NoIntFilesCleanUp\3rdpart\geos-3.5.0\vc\x64\Release\\ix_bintree\Interval.obj"
         "K:\Components\LibraryV2\GDAL\GDAL_2.1.0_VC_NoIntFilesCleanUp\3rdpart\geos-3.5.0\vc\x64\Release\\ix_bintree\Key.obj"
         "K:\Components\LibraryV2\GDAL\GDAL_2.1.0_VC_NoIntFilesCleanUp\3rdpart\geos-3.5.0\vc\x64\Release\\ix_bintree\Node.obj"
         "K:\Components\LibraryV2\GDAL\GDAL_2.1.0_VC_NoIntFilesCleanUp\3rdpart\geos-3.5.0\vc\x64\Release\\ix_bintree\NodeBase.obj"
         "K:\Components\LibraryV2\GDAL\GDAL_2.1.0_VC_NoIntFilesCleanUp\3rdpart\geos-3.5.0\vc\x64\Release\\ix_bintree\Root.obj"
         "K:\Components\LibraryV2\GDAL\GDAL_2.1.0_VC_NoIntFilesCleanUp\3rdpart\geos-3.5.0\vc\x64\Release\\ix_quadtree\DoubleBits.obj"
         "K:\Components\LibraryV2\GDAL\GDAL_2.1.0_VC_NoIntFilesCleanUp\3rdpart\geos-3.5.0\vc\x64\Release\\ix_quadtree\IntervalSize.obj"
         "K:\Components\LibraryV2\GDAL\GDAL_2.1.0_VC_NoIntFilesCleanUp\3rdpart\geos-3.5.0\vc\x64\Release\\ix_quadtree\Key.obj"
         "K:\Components\LibraryV2\GDAL\GDAL_2.1.0_VC_NoIntFilesCleanUp\3rdpart\geos-3.5.0\vc\x64\Release\\ix_quadtree\Node.obj"
         "K:\Components\LibraryV2\GDAL\GDAL_2.1.0_VC_NoIntFilesCleanUp\3rdpart\geos-3.5.0\vc\x64\Release\\ix_quadtree\NodeBase.obj"
         "K:\Components\LibraryV2\GDAL\GDAL_2.1.0_VC_NoIntFilesCleanUp\3rdpart\geos-3.5.0\vc\x64\Release\\ix_quadtree\Quadtree.obj"
         "K:\Components\LibraryV2\GDAL\GDAL_2.1.0_VC_NoIntFilesCleanUp\3rdpart\geos-3.5.0\vc\x64\Release\\ix_quadtree\Root.obj"
         "K:\Components\LibraryV2\GDAL\GDAL_2.1.0_VC_NoIntFilesCleanUp\3rdpart\geos-3.5.0\vc\x64\Release\\ix_strtree\AbstractNode.obj"
         "K:\Components\LibraryV2\GDAL\GDAL_2.1.0_VC_NoIntFilesCleanUp\3rdpart\geos-3.5.0\vc\x64\Release\\ix_strtree\AbstractSTRtree.obj"
         "K:\Components\LibraryV2\GDAL\GDAL_2.1.0_VC_NoIntFilesCleanUp\3rdpart\geos-3.5.0\vc\x64\Release\\ix_strtree\Interval.obj"
         "K:\Components\LibraryV2\GDAL\GDAL_2.1.0_VC_NoIntFilesCleanUp\3rdpart\geos-3.5.0\vc\x64\Release\\ix_strtree\ItemBoundable.obj"
         "K:\Components\LibraryV2\GDAL\GDAL_2.1.0_VC_NoIntFilesCleanUp\3rdpart\geos-3.5.0\vc\x64\Release\\ix_strtree\SIRtree.obj"
         "K:\Components\LibraryV2\GDAL\GDAL_2.1.0_VC_NoIntFilesCleanUp\3rdpart\geos-3.5.0\vc\x64\Release\\ix_strtree\STRtree.obj"
         "K:\Components\LibraryV2\GDAL\GDAL_2.1.0_VC_NoIntFilesCleanUp\3rdpart\geos-3.5.0\vc\x64\Release\\ix_sweepline\SweepLineEvent.obj"
         "K:\Components\LibraryV2\GDAL\GDAL_2.1.0_VC_NoIntFilesCleanUp\3rdpart\geos-3.5.0\vc\x64\Release\\ix_sweepline\SweepLineIndex.obj"
         "K:\Components\LibraryV2\GDAL\GDAL_2.1.0_VC_NoIntFilesCleanUp\3rdpart\geos-3.5.0\vc\x64\Release\\ix_sweepline\SweepLineInterval.obj"
         "K:\Components\LibraryV2\GDAL\GDAL_2.1.0_VC_NoIntFilesCleanUp\3rdpart\geos-3.5.0\vc\x64\Release\\op_polygonize\EdgeRing.obj"
         "K:\Components\LibraryV2\GDAL\GDAL_2.1.0_VC_NoIntFilesCleanUp\3rdpart\geos-3.5.0\vc\x64\Release\\op_polygonize\PolygonizeDirectedEdge.obj"
         "K:\Components\LibraryV2\GDAL\GDAL_2.1.0_VC_NoIntFilesCleanUp\3rdpart\geos-3.5.0\vc\x64\Release\\op_polygonize\PolygonizeEdge.obj"
         "K:\Components\LibraryV2\GDAL\GDAL_2.1.0_VC_NoIntFilesCleanUp\3rdpart\geos-3.5.0\vc\x64\Release\\op_polygonize\PolygonizeGraph.obj"
         "K:\Components\LibraryV2\GDAL\GDAL_2.1.0_VC_NoIntFilesCleanUp\3rdpart\geos-3.5.0\vc\x64\Release\\op_polygonize\Polygonizer.obj"
         "K:\Components\LibraryV2\GDAL\GDAL_2.1.0_VC_NoIntFilesCleanUp\3rdpart\geos-3.5.0\vc\x64\Release\\planargraph\DirectedEdge.obj"
         "K:\Components\LibraryV2\GDAL\GDAL_2.1.0_VC_NoIntFilesCleanUp\3rdpart\geos-3.5.0\vc\x64\Release\\planargraph\DirectedEdgeStar.obj"
         "K:\Components\LibraryV2\GDAL\GDAL_2.1.0_VC_NoIntFilesCleanUp\3rdpart\geos-3.5.0\vc\x64\Release\\planargraph\Edge.obj"
         "K:\Components\LibraryV2\GDAL\GDAL_2.1.0_VC_NoIntFilesCleanUp\3rdpart\geos-3.5.0\vc\x64\Release\\planargraph\Node.obj"
         "K:\Components\LibraryV2\GDAL\GDAL_2.1.0_VC_NoIntFilesCleanUp\3rdpart\geos-3.5.0\vc\x64\Release\\planargraph\NodeMap.obj"
         "K:\Components\LibraryV2\GDAL\GDAL_2.1.0_VC_NoIntFilesCleanUp\3rdpart\geos-3.5.0\vc\x64\Release\\planargraph\PlanarGraph.obj"
         "K:\Components\LibraryV2\GDAL\GDAL_2.1.0_VC_NoIntFilesCleanUp\3rdpart\geos-3.5.0\vc\x64\Release\\planargraph\Subgraph.obj"
            Creating library K:\Components\LibraryV2\GDAL\GDAL_2.1.0_VC_NoIntFilesCleanUp\3rdpart\geos-3.5.0\vc\x64\Release\geos.lib and object K:\Components\LibraryV2\GDAL\GDAL_2.1.0_VC_NoIntFilesCleanUp\3rdpart\geos-3.5.0\vc\x64\Release\geos.exp
         Generating code
         Finished generating code
         libgeos-3.5.0.vcxproj -> K:\Components\LibraryV2\GDAL\GDAL_2.1.0_VC_NoIntFilesCleanUp\3rdpart\geos-3.5.0\vc\x64\Release\geos.dll
       Manifest:
         C:\Program Files (x86)\Microsoft SDKs\Windows\v7.0A\bin\mt.exe /nologo /verbose /outputresource:"K:\Components\LibraryV2\GDAL\GDAL_2.1.0_VC_NoIntFilesCleanUp\3rdpart\geos-3.5.0\vc\x64\Release\geos.dll;#2" /manifest "K:\Components\LibraryV2\GDAL\GDAL_2.1.0_VC_NoIntFilesCleanUp\3rdpart\geos-3.5.0\vc\x64\Release\geos.dll.intermediate.manifest"
       FinalizeBuildStatus:
         Deleting file "K:\Components\LibraryV2\GDAL\GDAL_2.1.0_VC_NoIntFilesCleanUp\3rdpart\geos-3.5.0\vc\x64\Release\libgeos-3.5.0.unsuccessfulbuild".
         Touching "K:\Components\LibraryV2\GDAL\GDAL_2.1.0_VC_NoIntFilesCleanUp\3rdpart\geos-3.5.0\vc\x64\Release\libgeos-3.5.0.lastbuildstate".
     1>Done Building Project "K:\Components\LibraryV2\GDAL\GDAL_2.1.0_VC_NoIntFilesCleanUp\3rdpart\geos-3.5.0\vc\libgeos-3.5.0.vcxproj" (build target(s)).

Build succeeded.

Time Elapsed 00:00:23.40
