K:\Components\LibraryV2\GDAL\GDAL_2.1.0_VC_NoIntFilesCleanUp\3rdpart\geos-3.5.0\vc\x64\Debug\AbstractPreparedPolygonContains.obj
K:\Components\LibraryV2\GDAL\GDAL_2.1.0_VC_NoIntFilesCleanUp\3rdpart\geos-3.5.0\vc\x64\Debug\Angle.obj
K:\Components\LibraryV2\GDAL\GDAL_2.1.0_VC_NoIntFilesCleanUp\3rdpart\geos-3.5.0\vc\x64\Debug\Assert.obj
K:\Components\LibraryV2\GDAL\GDAL_2.1.0_VC_NoIntFilesCleanUp\3rdpart\geos-3.5.0\vc\x64\Debug\BasicPreparedGeometry.obj
K:\Components\LibraryV2\GDAL\GDAL_2.1.0_VC_NoIntFilesCleanUp\3rdpart\geos-3.5.0\vc\x64\Debug\BasicSegmentString.obj
K:\Components\LibraryV2\GDAL\GDAL_2.1.0_VC_NoIntFilesCleanUp\3rdpart\geos-3.5.0\vc\x64\Debug\BoundaryNodeRule.obj
K:\Components\LibraryV2\GDAL\GDAL_2.1.0_VC_NoIntFilesCleanUp\3rdpart\geos-3.5.0\vc\x64\Debug\BufferBuilder.obj
K:\Components\LibraryV2\GDAL\GDAL_2.1.0_VC_NoIntFilesCleanUp\3rdpart\geos-3.5.0\vc\x64\Debug\BufferInputLineSimplifier.obj
K:\Components\LibraryV2\GDAL\GDAL_2.1.0_VC_NoIntFilesCleanUp\3rdpart\geos-3.5.0\vc\x64\Debug\BufferOp.obj
K:\Components\LibraryV2\GDAL\GDAL_2.1.0_VC_NoIntFilesCleanUp\3rdpart\geos-3.5.0\vc\x64\Debug\BufferParameters.obj
K:\Components\LibraryV2\GDAL\GDAL_2.1.0_VC_NoIntFilesCleanUp\3rdpart\geos-3.5.0\vc\x64\Debug\BufferSubgraph.obj
K:\Components\LibraryV2\GDAL\GDAL_2.1.0_VC_NoIntFilesCleanUp\3rdpart\geos-3.5.0\vc\x64\Debug\ByteOrderDataInStream.obj
K:\Components\LibraryV2\GDAL\GDAL_2.1.0_VC_NoIntFilesCleanUp\3rdpart\geos-3.5.0\vc\x64\Debug\ByteOrderValues.obj
K:\Components\LibraryV2\GDAL\GDAL_2.1.0_VC_NoIntFilesCleanUp\3rdpart\geos-3.5.0\vc\x64\Debug\CascadedPolygonUnion.obj
K:\Components\LibraryV2\GDAL\GDAL_2.1.0_VC_NoIntFilesCleanUp\3rdpart\geos-3.5.0\vc\x64\Debug\CascadedUnion.obj
K:\Components\LibraryV2\GDAL\GDAL_2.1.0_VC_NoIntFilesCleanUp\3rdpart\geos-3.5.0\vc\x64\Debug\Centroid.obj
K:\Components\LibraryV2\GDAL\GDAL_2.1.0_VC_NoIntFilesCleanUp\3rdpart\geos-3.5.0\vc\x64\Debug\CentroidArea.obj
K:\Components\LibraryV2\GDAL\GDAL_2.1.0_VC_NoIntFilesCleanUp\3rdpart\geos-3.5.0\vc\x64\Debug\CentroidLine.obj
K:\Components\LibraryV2\GDAL\GDAL_2.1.0_VC_NoIntFilesCleanUp\3rdpart\geos-3.5.0\vc\x64\Debug\CentroidPoint.obj
K:\Components\LibraryV2\GDAL\GDAL_2.1.0_VC_NoIntFilesCleanUp\3rdpart\geos-3.5.0\vc\x64\Debug\CGAlgorithms.obj
K:\Components\LibraryV2\GDAL\GDAL_2.1.0_VC_NoIntFilesCleanUp\3rdpart\geos-3.5.0\vc\x64\Debug\cl.command.1.tlog
K:\Components\LibraryV2\GDAL\GDAL_2.1.0_VC_NoIntFilesCleanUp\3rdpart\geos-3.5.0\vc\x64\Debug\CL.read.1.tlog
K:\Components\LibraryV2\GDAL\GDAL_2.1.0_VC_NoIntFilesCleanUp\3rdpart\geos-3.5.0\vc\x64\Debug\CL.write.1.tlog
K:\Components\LibraryV2\GDAL\GDAL_2.1.0_VC_NoIntFilesCleanUp\3rdpart\geos-3.5.0\vc\x64\Debug\CLocalizer.obj
K:\Components\LibraryV2\GDAL\GDAL_2.1.0_VC_NoIntFilesCleanUp\3rdpart\geos-3.5.0\vc\x64\Debug\CommonBits.obj
K:\Components\LibraryV2\GDAL\GDAL_2.1.0_VC_NoIntFilesCleanUp\3rdpart\geos-3.5.0\vc\x64\Debug\CommonBitsOp.obj
K:\Components\LibraryV2\GDAL\GDAL_2.1.0_VC_NoIntFilesCleanUp\3rdpart\geos-3.5.0\vc\x64\Debug\CommonBitsRemover.obj
K:\Components\LibraryV2\GDAL\GDAL_2.1.0_VC_NoIntFilesCleanUp\3rdpart\geos-3.5.0\vc\x64\Debug\ComponentCoordinateExtracter.obj
K:\Components\LibraryV2\GDAL\GDAL_2.1.0_VC_NoIntFilesCleanUp\3rdpart\geos-3.5.0\vc\x64\Debug\ConnectedElementLocationFilter.obj
K:\Components\LibraryV2\GDAL\GDAL_2.1.0_VC_NoIntFilesCleanUp\3rdpart\geos-3.5.0\vc\x64\Debug\ConnectedElementPointFilter.obj
K:\Components\LibraryV2\GDAL\GDAL_2.1.0_VC_NoIntFilesCleanUp\3rdpart\geos-3.5.0\vc\x64\Debug\ConnectedInteriorTester.obj
K:\Components\LibraryV2\GDAL\GDAL_2.1.0_VC_NoIntFilesCleanUp\3rdpart\geos-3.5.0\vc\x64\Debug\ConnectedSubgraphFinder.obj
K:\Components\LibraryV2\GDAL\GDAL_2.1.0_VC_NoIntFilesCleanUp\3rdpart\geos-3.5.0\vc\x64\Debug\ConsistentAreaTester.obj
K:\Components\LibraryV2\GDAL\GDAL_2.1.0_VC_NoIntFilesCleanUp\3rdpart\geos-3.5.0\vc\x64\Debug\ConvexHull.obj
K:\Components\LibraryV2\GDAL\GDAL_2.1.0_VC_NoIntFilesCleanUp\3rdpart\geos-3.5.0\vc\x64\Debug\Coordinate.obj
K:\Components\LibraryV2\GDAL\GDAL_2.1.0_VC_NoIntFilesCleanUp\3rdpart\geos-3.5.0\vc\x64\Debug\CoordinateArraySequence.obj
K:\Components\LibraryV2\GDAL\GDAL_2.1.0_VC_NoIntFilesCleanUp\3rdpart\geos-3.5.0\vc\x64\Debug\CoordinateArraySequenceFactory.obj
K:\Components\LibraryV2\GDAL\GDAL_2.1.0_VC_NoIntFilesCleanUp\3rdpart\geos-3.5.0\vc\x64\Debug\CoordinateOperation.obj
K:\Components\LibraryV2\GDAL\GDAL_2.1.0_VC_NoIntFilesCleanUp\3rdpart\geos-3.5.0\vc\x64\Debug\CoordinateSequence.obj
K:\Components\LibraryV2\GDAL\GDAL_2.1.0_VC_NoIntFilesCleanUp\3rdpart\geos-3.5.0\vc\x64\Debug\CoordinateSequenceFactory.obj
K:\Components\LibraryV2\GDAL\GDAL_2.1.0_VC_NoIntFilesCleanUp\3rdpart\geos-3.5.0\vc\x64\Debug\DelaunayTriangulationBuilder.obj
K:\Components\LibraryV2\GDAL\GDAL_2.1.0_VC_NoIntFilesCleanUp\3rdpart\geos-3.5.0\vc\x64\Debug\Depth.obj
K:\Components\LibraryV2\GDAL\GDAL_2.1.0_VC_NoIntFilesCleanUp\3rdpart\geos-3.5.0\vc\x64\Debug\Dimension.obj
K:\Components\LibraryV2\GDAL\GDAL_2.1.0_VC_NoIntFilesCleanUp\3rdpart\geos-3.5.0\vc\x64\Debug\DirectedEdge.obj
K:\Components\LibraryV2\GDAL\GDAL_2.1.0_VC_NoIntFilesCleanUp\3rdpart\geos-3.5.0\vc\x64\Debug\DirectedEdgeStar.obj
K:\Components\LibraryV2\GDAL\GDAL_2.1.0_VC_NoIntFilesCleanUp\3rdpart\geos-3.5.0\vc\x64\Debug\DiscreteHausdorffDistance.obj
K:\Components\LibraryV2\GDAL\GDAL_2.1.0_VC_NoIntFilesCleanUp\3rdpart\geos-3.5.0\vc\x64\Debug\DistanceOp.obj
K:\Components\LibraryV2\GDAL\GDAL_2.1.0_VC_NoIntFilesCleanUp\3rdpart\geos-3.5.0\vc\x64\Debug\DistanceToPoint.obj
K:\Components\LibraryV2\GDAL\GDAL_2.1.0_VC_NoIntFilesCleanUp\3rdpart\geos-3.5.0\vc\x64\Debug\DouglasPeuckerLineSimplifier.obj
K:\Components\LibraryV2\GDAL\GDAL_2.1.0_VC_NoIntFilesCleanUp\3rdpart\geos-3.5.0\vc\x64\Debug\DouglasPeuckerSimplifier.obj
K:\Components\LibraryV2\GDAL\GDAL_2.1.0_VC_NoIntFilesCleanUp\3rdpart\geos-3.5.0\vc\x64\Debug\Edge.obj
K:\Components\LibraryV2\GDAL\GDAL_2.1.0_VC_NoIntFilesCleanUp\3rdpart\geos-3.5.0\vc\x64\Debug\EdgeEnd.obj
K:\Components\LibraryV2\GDAL\GDAL_2.1.0_VC_NoIntFilesCleanUp\3rdpart\geos-3.5.0\vc\x64\Debug\EdgeEndBuilder.obj
K:\Components\LibraryV2\GDAL\GDAL_2.1.0_VC_NoIntFilesCleanUp\3rdpart\geos-3.5.0\vc\x64\Debug\EdgeEndBundle.obj
K:\Components\LibraryV2\GDAL\GDAL_2.1.0_VC_NoIntFilesCleanUp\3rdpart\geos-3.5.0\vc\x64\Debug\EdgeEndBundleStar.obj
K:\Components\LibraryV2\GDAL\GDAL_2.1.0_VC_NoIntFilesCleanUp\3rdpart\geos-3.5.0\vc\x64\Debug\EdgeEndStar.obj
K:\Components\LibraryV2\GDAL\GDAL_2.1.0_VC_NoIntFilesCleanUp\3rdpart\geos-3.5.0\vc\x64\Debug\EdgeIntersectionList.obj
K:\Components\LibraryV2\GDAL\GDAL_2.1.0_VC_NoIntFilesCleanUp\3rdpart\geos-3.5.0\vc\x64\Debug\EdgeList.obj
K:\Components\LibraryV2\GDAL\GDAL_2.1.0_VC_NoIntFilesCleanUp\3rdpart\geos-3.5.0\vc\x64\Debug\EdgeNodingValidator.obj
K:\Components\LibraryV2\GDAL\GDAL_2.1.0_VC_NoIntFilesCleanUp\3rdpart\geos-3.5.0\vc\x64\Debug\EdgeRing.obj
K:\Components\LibraryV2\GDAL\GDAL_2.1.0_VC_NoIntFilesCleanUp\3rdpart\geos-3.5.0\vc\x64\Debug\EdgeSetNoder.obj
K:\Components\LibraryV2\GDAL\GDAL_2.1.0_VC_NoIntFilesCleanUp\3rdpart\geos-3.5.0\vc\x64\Debug\EdgeString.obj
K:\Components\LibraryV2\GDAL\GDAL_2.1.0_VC_NoIntFilesCleanUp\3rdpart\geos-3.5.0\vc\x64\Debug\ElevationMatrix.obj
K:\Components\LibraryV2\GDAL\GDAL_2.1.0_VC_NoIntFilesCleanUp\3rdpart\geos-3.5.0\vc\x64\Debug\ElevationMatrixCell.obj
K:\Components\LibraryV2\GDAL\GDAL_2.1.0_VC_NoIntFilesCleanUp\3rdpart\geos-3.5.0\vc\x64\Debug\EnhancedPrecisionOp.obj
K:\Components\LibraryV2\GDAL\GDAL_2.1.0_VC_NoIntFilesCleanUp\3rdpart\geos-3.5.0\vc\x64\Debug\Envelope.obj
K:\Components\LibraryV2\GDAL\GDAL_2.1.0_VC_NoIntFilesCleanUp\3rdpart\geos-3.5.0\vc\x64\Debug\ExtractLineByLocation.obj
K:\Components\LibraryV2\GDAL\GDAL_2.1.0_VC_NoIntFilesCleanUp\3rdpart\geos-3.5.0\vc\x64\Debug\FastNodingValidator.obj
K:\Components\LibraryV2\GDAL\GDAL_2.1.0_VC_NoIntFilesCleanUp\3rdpart\geos-3.5.0\vc\x64\Debug\FastSegmentSetIntersectionFinder.obj
K:\Components\LibraryV2\GDAL\GDAL_2.1.0_VC_NoIntFilesCleanUp\3rdpart\geos-3.5.0\vc\x64\Debug\FuzzyPointLocator.obj
K:\Components\LibraryV2\GDAL\GDAL_2.1.0_VC_NoIntFilesCleanUp\3rdpart\geos-3.5.0\vc\x64\Debug\GeometricShapeFactory.obj
K:\Components\LibraryV2\GDAL\GDAL_2.1.0_VC_NoIntFilesCleanUp\3rdpart\geos-3.5.0\vc\x64\Debug\Geometry.obj
K:\Components\LibraryV2\GDAL\GDAL_2.1.0_VC_NoIntFilesCleanUp\3rdpart\geos-3.5.0\vc\x64\Debug\GeometryCollection.obj
K:\Components\LibraryV2\GDAL\GDAL_2.1.0_VC_NoIntFilesCleanUp\3rdpart\geos-3.5.0\vc\x64\Debug\GeometryCombiner.obj
K:\Components\LibraryV2\GDAL\GDAL_2.1.0_VC_NoIntFilesCleanUp\3rdpart\geos-3.5.0\vc\x64\Debug\GeometryComponentFilter.obj
K:\Components\LibraryV2\GDAL\GDAL_2.1.0_VC_NoIntFilesCleanUp\3rdpart\geos-3.5.0\vc\x64\Debug\GeometryEditor.obj
K:\Components\LibraryV2\GDAL\GDAL_2.1.0_VC_NoIntFilesCleanUp\3rdpart\geos-3.5.0\vc\x64\Debug\GeometryFactory.obj
K:\Components\LibraryV2\GDAL\GDAL_2.1.0_VC_NoIntFilesCleanUp\3rdpart\geos-3.5.0\vc\x64\Debug\GeometryGraph.obj
K:\Components\LibraryV2\GDAL\GDAL_2.1.0_VC_NoIntFilesCleanUp\3rdpart\geos-3.5.0\vc\x64\Debug\GeometryGraphOperation.obj
K:\Components\LibraryV2\GDAL\GDAL_2.1.0_VC_NoIntFilesCleanUp\3rdpart\geos-3.5.0\vc\x64\Debug\GeometryList.obj
K:\Components\LibraryV2\GDAL\GDAL_2.1.0_VC_NoIntFilesCleanUp\3rdpart\geos-3.5.0\vc\x64\Debug\GeometryLocation.obj
K:\Components\LibraryV2\GDAL\GDAL_2.1.0_VC_NoIntFilesCleanUp\3rdpart\geos-3.5.0\vc\x64\Debug\GeometryNoder.obj
K:\Components\LibraryV2\GDAL\GDAL_2.1.0_VC_NoIntFilesCleanUp\3rdpart\geos-3.5.0\vc\x64\Debug\GeometryPrecisionReducer.obj
K:\Components\LibraryV2\GDAL\GDAL_2.1.0_VC_NoIntFilesCleanUp\3rdpart\geos-3.5.0\vc\x64\Debug\GeometrySnapper.obj
K:\Components\LibraryV2\GDAL\GDAL_2.1.0_VC_NoIntFilesCleanUp\3rdpart\geos-3.5.0\vc\x64\Debug\GeometryTransformer.obj
K:\Components\LibraryV2\GDAL\GDAL_2.1.0_VC_NoIntFilesCleanUp\3rdpart\geos-3.5.0\vc\x64\Debug\GraphComponent.obj
K:\Components\LibraryV2\GDAL\GDAL_2.1.0_VC_NoIntFilesCleanUp\3rdpart\geos-3.5.0\vc\x64\Debug\HCoordinate.obj
K:\Components\LibraryV2\GDAL\GDAL_2.1.0_VC_NoIntFilesCleanUp\3rdpart\geos-3.5.0\vc\x64\Debug\HotPixel.obj
K:\Components\LibraryV2\GDAL\GDAL_2.1.0_VC_NoIntFilesCleanUp\3rdpart\geos-3.5.0\vc\x64\Debug\IncrementalDelaunayTriangulator.obj
K:\Components\LibraryV2\GDAL\GDAL_2.1.0_VC_NoIntFilesCleanUp\3rdpart\geos-3.5.0\vc\x64\Debug\IndexedNestedRingTester.obj
K:\Components\LibraryV2\GDAL\GDAL_2.1.0_VC_NoIntFilesCleanUp\3rdpart\geos-3.5.0\vc\x64\Debug\IndexedPointInAreaLocator.obj
K:\Components\LibraryV2\GDAL\GDAL_2.1.0_VC_NoIntFilesCleanUp\3rdpart\geos-3.5.0\vc\x64\Debug\inlines.obj
K:\Components\LibraryV2\GDAL\GDAL_2.1.0_VC_NoIntFilesCleanUp\3rdpart\geos-3.5.0\vc\x64\Debug\InteriorPointArea.obj
K:\Components\LibraryV2\GDAL\GDAL_2.1.0_VC_NoIntFilesCleanUp\3rdpart\geos-3.5.0\vc\x64\Debug\InteriorPointLine.obj
K:\Components\LibraryV2\GDAL\GDAL_2.1.0_VC_NoIntFilesCleanUp\3rdpart\geos-3.5.0\vc\x64\Debug\InteriorPointPoint.obj
K:\Components\LibraryV2\GDAL\GDAL_2.1.0_VC_NoIntFilesCleanUp\3rdpart\geos-3.5.0\vc\x64\Debug\Interrupt.obj
K:\Components\LibraryV2\GDAL\GDAL_2.1.0_VC_NoIntFilesCleanUp\3rdpart\geos-3.5.0\vc\x64\Debug\IntersectionAdder.obj
K:\Components\LibraryV2\GDAL\GDAL_2.1.0_VC_NoIntFilesCleanUp\3rdpart\geos-3.5.0\vc\x64\Debug\IntersectionFinderAdder.obj
K:\Components\LibraryV2\GDAL\GDAL_2.1.0_VC_NoIntFilesCleanUp\3rdpart\geos-3.5.0\vc\x64\Debug\IntersectionMatrix.obj
K:\Components\LibraryV2\GDAL\GDAL_2.1.0_VC_NoIntFilesCleanUp\3rdpart\geos-3.5.0\vc\x64\Debug\IntervalRTreeBranchNode.obj
K:\Components\LibraryV2\GDAL\GDAL_2.1.0_VC_NoIntFilesCleanUp\3rdpart\geos-3.5.0\vc\x64\Debug\IntervalRTreeLeafNode.obj
K:\Components\LibraryV2\GDAL\GDAL_2.1.0_VC_NoIntFilesCleanUp\3rdpart\geos-3.5.0\vc\x64\Debug\IntervalRTreeNode.obj
K:\Components\LibraryV2\GDAL\GDAL_2.1.0_VC_NoIntFilesCleanUp\3rdpart\geos-3.5.0\vc\x64\Debug\IsSimpleOp.obj
K:\Components\LibraryV2\GDAL\GDAL_2.1.0_VC_NoIntFilesCleanUp\3rdpart\geos-3.5.0\vc\x64\Debug\IsValidOp.obj
K:\Components\LibraryV2\GDAL\GDAL_2.1.0_VC_NoIntFilesCleanUp\3rdpart\geos-3.5.0\vc\x64\Debug\IteratedNoder.obj
K:\Components\LibraryV2\GDAL\GDAL_2.1.0_VC_NoIntFilesCleanUp\3rdpart\geos-3.5.0\vc\x64\Debug\Label.obj
K:\Components\LibraryV2\GDAL\GDAL_2.1.0_VC_NoIntFilesCleanUp\3rdpart\geos-3.5.0\vc\x64\Debug\LastFoundQuadEdgeLocator.obj
K:\Components\LibraryV2\GDAL\GDAL_2.1.0_VC_NoIntFilesCleanUp\3rdpart\geos-3.5.0\vc\x64\Debug\LengthIndexedLine.obj
K:\Components\LibraryV2\GDAL\GDAL_2.1.0_VC_NoIntFilesCleanUp\3rdpart\geos-3.5.0\vc\x64\Debug\LengthIndexOfPoint.obj
K:\Components\LibraryV2\GDAL\GDAL_2.1.0_VC_NoIntFilesCleanUp\3rdpart\geos-3.5.0\vc\x64\Debug\LengthLocationMap.obj
K:\Components\LibraryV2\GDAL\GDAL_2.1.0_VC_NoIntFilesCleanUp\3rdpart\geos-3.5.0\vc\x64\Debug\LinearComponentExtracter.obj
K:\Components\LibraryV2\GDAL\GDAL_2.1.0_VC_NoIntFilesCleanUp\3rdpart\geos-3.5.0\vc\x64\Debug\LinearGeometryBuilder.obj
K:\Components\LibraryV2\GDAL\GDAL_2.1.0_VC_NoIntFilesCleanUp\3rdpart\geos-3.5.0\vc\x64\Debug\LinearIterator.obj
K:\Components\LibraryV2\GDAL\GDAL_2.1.0_VC_NoIntFilesCleanUp\3rdpart\geos-3.5.0\vc\x64\Debug\LinearLocation.obj
K:\Components\LibraryV2\GDAL\GDAL_2.1.0_VC_NoIntFilesCleanUp\3rdpart\geos-3.5.0\vc\x64\Debug\LinearRing.obj
K:\Components\LibraryV2\GDAL\GDAL_2.1.0_VC_NoIntFilesCleanUp\3rdpart\geos-3.5.0\vc\x64\Debug\LineBuilder.obj
K:\Components\LibraryV2\GDAL\GDAL_2.1.0_VC_NoIntFilesCleanUp\3rdpart\geos-3.5.0\vc\x64\Debug\LineIntersector.obj
K:\Components\LibraryV2\GDAL\GDAL_2.1.0_VC_NoIntFilesCleanUp\3rdpart\geos-3.5.0\vc\x64\Debug\LineMergeDirectedEdge.obj
K:\Components\LibraryV2\GDAL\GDAL_2.1.0_VC_NoIntFilesCleanUp\3rdpart\geos-3.5.0\vc\x64\Debug\LineMergeEdge.obj
K:\Components\LibraryV2\GDAL\GDAL_2.1.0_VC_NoIntFilesCleanUp\3rdpart\geos-3.5.0\vc\x64\Debug\LineMergeGraph.obj
K:\Components\LibraryV2\GDAL\GDAL_2.1.0_VC_NoIntFilesCleanUp\3rdpart\geos-3.5.0\vc\x64\Debug\LineMerger.obj
K:\Components\LibraryV2\GDAL\GDAL_2.1.0_VC_NoIntFilesCleanUp\3rdpart\geos-3.5.0\vc\x64\Debug\LineSegment.obj
K:\Components\LibraryV2\GDAL\GDAL_2.1.0_VC_NoIntFilesCleanUp\3rdpart\geos-3.5.0\vc\x64\Debug\LineSegmentIndex.obj
K:\Components\LibraryV2\GDAL\GDAL_2.1.0_VC_NoIntFilesCleanUp\3rdpart\geos-3.5.0\vc\x64\Debug\LineSequencer.obj
K:\Components\LibraryV2\GDAL\GDAL_2.1.0_VC_NoIntFilesCleanUp\3rdpart\geos-3.5.0\vc\x64\Debug\LineString.obj
K:\Components\LibraryV2\GDAL\GDAL_2.1.0_VC_NoIntFilesCleanUp\3rdpart\geos-3.5.0\vc\x64\Debug\LineStringSnapper.obj
K:\Components\LibraryV2\GDAL\GDAL_2.1.0_VC_NoIntFilesCleanUp\3rdpart\geos-3.5.0\vc\x64\Debug\link.8772.read.1.tlog
K:\Components\LibraryV2\GDAL\GDAL_2.1.0_VC_NoIntFilesCleanUp\3rdpart\geos-3.5.0\vc\x64\Debug\link.8772.write.1.tlog
K:\Components\LibraryV2\GDAL\GDAL_2.1.0_VC_NoIntFilesCleanUp\3rdpart\geos-3.5.0\vc\x64\Debug\link.8772-cvtres.read.1.tlog
K:\Components\LibraryV2\GDAL\GDAL_2.1.0_VC_NoIntFilesCleanUp\3rdpart\geos-3.5.0\vc\x64\Debug\link.8772-cvtres.write.1.tlog
K:\Components\LibraryV2\GDAL\GDAL_2.1.0_VC_NoIntFilesCleanUp\3rdpart\geos-3.5.0\vc\x64\Debug\link.command.1.tlog
K:\Components\LibraryV2\GDAL\GDAL_2.1.0_VC_NoIntFilesCleanUp\3rdpart\geos-3.5.0\vc\x64\Debug\link.read.1.tlog
K:\Components\LibraryV2\GDAL\GDAL_2.1.0_VC_NoIntFilesCleanUp\3rdpart\geos-3.5.0\vc\x64\Debug\link.write.1.tlog
K:\Components\LibraryV2\GDAL\GDAL_2.1.0_VC_NoIntFilesCleanUp\3rdpart\geos-3.5.0\vc\x64\Debug\link-cvtres.read.1.tlog
K:\Components\LibraryV2\GDAL\GDAL_2.1.0_VC_NoIntFilesCleanUp\3rdpart\geos-3.5.0\vc\x64\Debug\link-cvtres.write.1.tlog
K:\Components\LibraryV2\GDAL\GDAL_2.1.0_VC_NoIntFilesCleanUp\3rdpart\geos-3.5.0\vc\x64\Debug\LocateFailureException.obj
K:\Components\LibraryV2\GDAL\GDAL_2.1.0_VC_NoIntFilesCleanUp\3rdpart\geos-3.5.0\vc\x64\Debug\Location.obj
K:\Components\LibraryV2\GDAL\GDAL_2.1.0_VC_NoIntFilesCleanUp\3rdpart\geos-3.5.0\vc\x64\Debug\LocationIndexOfLine.obj
K:\Components\LibraryV2\GDAL\GDAL_2.1.0_VC_NoIntFilesCleanUp\3rdpart\geos-3.5.0\vc\x64\Debug\LocationIndexOfPoint.obj
K:\Components\LibraryV2\GDAL\GDAL_2.1.0_VC_NoIntFilesCleanUp\3rdpart\geos-3.5.0\vc\x64\Debug\math.obj
K:\Components\LibraryV2\GDAL\GDAL_2.1.0_VC_NoIntFilesCleanUp\3rdpart\geos-3.5.0\vc\x64\Debug\MaximalEdgeRing.obj
K:\Components\LibraryV2\GDAL\GDAL_2.1.0_VC_NoIntFilesCleanUp\3rdpart\geos-3.5.0\vc\x64\Debug\MCIndexNoder.obj
K:\Components\LibraryV2\GDAL\GDAL_2.1.0_VC_NoIntFilesCleanUp\3rdpart\geos-3.5.0\vc\x64\Debug\MCIndexPointSnapper.obj
K:\Components\LibraryV2\GDAL\GDAL_2.1.0_VC_NoIntFilesCleanUp\3rdpart\geos-3.5.0\vc\x64\Debug\MCIndexSegmentSetMutualIntersector.obj
K:\Components\LibraryV2\GDAL\GDAL_2.1.0_VC_NoIntFilesCleanUp\3rdpart\geos-3.5.0\vc\x64\Debug\MCIndexSnapRounder.obj
K:\Components\LibraryV2\GDAL\GDAL_2.1.0_VC_NoIntFilesCleanUp\3rdpart\geos-3.5.0\vc\x64\Debug\MCPointInRing.obj
K:\Components\LibraryV2\GDAL\GDAL_2.1.0_VC_NoIntFilesCleanUp\3rdpart\geos-3.5.0\vc\x64\Debug\MinimalEdgeRing.obj
K:\Components\LibraryV2\GDAL\GDAL_2.1.0_VC_NoIntFilesCleanUp\3rdpart\geos-3.5.0\vc\x64\Debug\MinimumDiameter.obj
K:\Components\LibraryV2\GDAL\GDAL_2.1.0_VC_NoIntFilesCleanUp\3rdpart\geos-3.5.0\vc\x64\Debug\MonotoneChain.obj
K:\Components\LibraryV2\GDAL\GDAL_2.1.0_VC_NoIntFilesCleanUp\3rdpart\geos-3.5.0\vc\x64\Debug\MonotoneChainBuilder.obj
K:\Components\LibraryV2\GDAL\GDAL_2.1.0_VC_NoIntFilesCleanUp\3rdpart\geos-3.5.0\vc\x64\Debug\MonotoneChainEdge.obj
K:\Components\LibraryV2\GDAL\GDAL_2.1.0_VC_NoIntFilesCleanUp\3rdpart\geos-3.5.0\vc\x64\Debug\MonotoneChainIndexer.obj
K:\Components\LibraryV2\GDAL\GDAL_2.1.0_VC_NoIntFilesCleanUp\3rdpart\geos-3.5.0\vc\x64\Debug\MonotoneChainOverlapAction.obj
K:\Components\LibraryV2\GDAL\GDAL_2.1.0_VC_NoIntFilesCleanUp\3rdpart\geos-3.5.0\vc\x64\Debug\MonotoneChainSelectAction.obj
K:\Components\LibraryV2\GDAL\GDAL_2.1.0_VC_NoIntFilesCleanUp\3rdpart\geos-3.5.0\vc\x64\Debug\mt.command.1.tlog
K:\Components\LibraryV2\GDAL\GDAL_2.1.0_VC_NoIntFilesCleanUp\3rdpart\geos-3.5.0\vc\x64\Debug\mt.read.1.tlog
K:\Components\LibraryV2\GDAL\GDAL_2.1.0_VC_NoIntFilesCleanUp\3rdpart\geos-3.5.0\vc\x64\Debug\mt.write.1.tlog
K:\Components\LibraryV2\GDAL\GDAL_2.1.0_VC_NoIntFilesCleanUp\3rdpart\geos-3.5.0\vc\x64\Debug\MultiLineString.obj
K:\Components\LibraryV2\GDAL\GDAL_2.1.0_VC_NoIntFilesCleanUp\3rdpart\geos-3.5.0\vc\x64\Debug\MultiPoint.obj
K:\Components\LibraryV2\GDAL\GDAL_2.1.0_VC_NoIntFilesCleanUp\3rdpart\geos-3.5.0\vc\x64\Debug\MultiPolygon.obj
K:\Components\LibraryV2\GDAL\GDAL_2.1.0_VC_NoIntFilesCleanUp\3rdpart\geos-3.5.0\vc\x64\Debug\Node.obj
K:\Components\LibraryV2\GDAL\GDAL_2.1.0_VC_NoIntFilesCleanUp\3rdpart\geos-3.5.0\vc\x64\Debug\NodedSegmentString.obj
K:\Components\LibraryV2\GDAL\GDAL_2.1.0_VC_NoIntFilesCleanUp\3rdpart\geos-3.5.0\vc\x64\Debug\NodeFactory.obj
K:\Components\LibraryV2\GDAL\GDAL_2.1.0_VC_NoIntFilesCleanUp\3rdpart\geos-3.5.0\vc\x64\Debug\NodeMap.obj
K:\Components\LibraryV2\GDAL\GDAL_2.1.0_VC_NoIntFilesCleanUp\3rdpart\geos-3.5.0\vc\x64\Debug\NodingValidator.obj
K:\Components\LibraryV2\GDAL\GDAL_2.1.0_VC_NoIntFilesCleanUp\3rdpart\geos-3.5.0\vc\x64\Debug\NotRepresentableException.obj
K:\Components\LibraryV2\GDAL\GDAL_2.1.0_VC_NoIntFilesCleanUp\3rdpart\geos-3.5.0\vc\x64\Debug\Octant.obj
K:\Components\LibraryV2\GDAL\GDAL_2.1.0_VC_NoIntFilesCleanUp\3rdpart\geos-3.5.0\vc\x64\Debug\OffsetCurveBuilder.obj
K:\Components\LibraryV2\GDAL\GDAL_2.1.0_VC_NoIntFilesCleanUp\3rdpart\geos-3.5.0\vc\x64\Debug\OffsetCurveSetBuilder.obj
K:\Components\LibraryV2\GDAL\GDAL_2.1.0_VC_NoIntFilesCleanUp\3rdpart\geos-3.5.0\vc\x64\Debug\OffsetPointGenerator.obj
K:\Components\LibraryV2\GDAL\GDAL_2.1.0_VC_NoIntFilesCleanUp\3rdpart\geos-3.5.0\vc\x64\Debug\OffsetSegmentGenerator.obj
K:\Components\LibraryV2\GDAL\GDAL_2.1.0_VC_NoIntFilesCleanUp\3rdpart\geos-3.5.0\vc\x64\Debug\OrientedCoordinateArray.obj
K:\Components\LibraryV2\GDAL\GDAL_2.1.0_VC_NoIntFilesCleanUp\3rdpart\geos-3.5.0\vc\x64\Debug\OverlayNodeFactory.obj
K:\Components\LibraryV2\GDAL\GDAL_2.1.0_VC_NoIntFilesCleanUp\3rdpart\geos-3.5.0\vc\x64\Debug\OverlayOp.obj
K:\Components\LibraryV2\GDAL\GDAL_2.1.0_VC_NoIntFilesCleanUp\3rdpart\geos-3.5.0\vc\x64\Debug\OverlayResultValidator.obj
K:\Components\LibraryV2\GDAL\GDAL_2.1.0_VC_NoIntFilesCleanUp\3rdpart\geos-3.5.0\vc\x64\Debug\ParseException.obj
K:\Components\LibraryV2\GDAL\GDAL_2.1.0_VC_NoIntFilesCleanUp\3rdpart\geos-3.5.0\vc\x64\Debug\PlanarGraph.obj
K:\Components\LibraryV2\GDAL\GDAL_2.1.0_VC_NoIntFilesCleanUp\3rdpart\geos-3.5.0\vc\x64\Debug\Point.obj
K:\Components\LibraryV2\GDAL\GDAL_2.1.0_VC_NoIntFilesCleanUp\3rdpart\geos-3.5.0\vc\x64\Debug\PointBuilder.obj
K:\Components\LibraryV2\GDAL\GDAL_2.1.0_VC_NoIntFilesCleanUp\3rdpart\geos-3.5.0\vc\x64\Debug\PointExtracter.obj
K:\Components\LibraryV2\GDAL\GDAL_2.1.0_VC_NoIntFilesCleanUp\3rdpart\geos-3.5.0\vc\x64\Debug\PointGeometryUnion.obj
K:\Components\LibraryV2\GDAL\GDAL_2.1.0_VC_NoIntFilesCleanUp\3rdpart\geos-3.5.0\vc\x64\Debug\PointLocator.obj
K:\Components\LibraryV2\GDAL\GDAL_2.1.0_VC_NoIntFilesCleanUp\3rdpart\geos-3.5.0\vc\x64\Debug\PointOnGeometryLocator.obj
K:\Components\LibraryV2\GDAL\GDAL_2.1.0_VC_NoIntFilesCleanUp\3rdpart\geos-3.5.0\vc\x64\Debug\Polygon.obj
K:\Components\LibraryV2\GDAL\GDAL_2.1.0_VC_NoIntFilesCleanUp\3rdpart\geos-3.5.0\vc\x64\Debug\PolygonBuilder.obj
K:\Components\LibraryV2\GDAL\GDAL_2.1.0_VC_NoIntFilesCleanUp\3rdpart\geos-3.5.0\vc\x64\Debug\PolygonExtracter.obj
K:\Components\LibraryV2\GDAL\GDAL_2.1.0_VC_NoIntFilesCleanUp\3rdpart\geos-3.5.0\vc\x64\Debug\Position.obj
K:\Components\LibraryV2\GDAL\GDAL_2.1.0_VC_NoIntFilesCleanUp\3rdpart\geos-3.5.0\vc\x64\Debug\PrecisionModel.obj
K:\Components\LibraryV2\GDAL\GDAL_2.1.0_VC_NoIntFilesCleanUp\3rdpart\geos-3.5.0\vc\x64\Debug\PrecisionReducerCoordinateOperation.obj
K:\Components\LibraryV2\GDAL\GDAL_2.1.0_VC_NoIntFilesCleanUp\3rdpart\geos-3.5.0\vc\x64\Debug\PreparedGeometry.obj
K:\Components\LibraryV2\GDAL\GDAL_2.1.0_VC_NoIntFilesCleanUp\3rdpart\geos-3.5.0\vc\x64\Debug\PreparedGeometryFactory.obj
K:\Components\LibraryV2\GDAL\GDAL_2.1.0_VC_NoIntFilesCleanUp\3rdpart\geos-3.5.0\vc\x64\Debug\PreparedLineString.obj
K:\Components\LibraryV2\GDAL\GDAL_2.1.0_VC_NoIntFilesCleanUp\3rdpart\geos-3.5.0\vc\x64\Debug\PreparedLineStringIntersects.obj
K:\Components\LibraryV2\GDAL\GDAL_2.1.0_VC_NoIntFilesCleanUp\3rdpart\geos-3.5.0\vc\x64\Debug\PreparedPoint.obj
K:\Components\LibraryV2\GDAL\GDAL_2.1.0_VC_NoIntFilesCleanUp\3rdpart\geos-3.5.0\vc\x64\Debug\PreparedPolygon.obj
K:\Components\LibraryV2\GDAL\GDAL_2.1.0_VC_NoIntFilesCleanUp\3rdpart\geos-3.5.0\vc\x64\Debug\PreparedPolygonContains.obj
K:\Components\LibraryV2\GDAL\GDAL_2.1.0_VC_NoIntFilesCleanUp\3rdpart\geos-3.5.0\vc\x64\Debug\PreparedPolygonContainsProperly.obj
K:\Components\LibraryV2\GDAL\GDAL_2.1.0_VC_NoIntFilesCleanUp\3rdpart\geos-3.5.0\vc\x64\Debug\PreparedPolygonCovers.obj
K:\Components\LibraryV2\GDAL\GDAL_2.1.0_VC_NoIntFilesCleanUp\3rdpart\geos-3.5.0\vc\x64\Debug\PreparedPolygonIntersects.obj
K:\Components\LibraryV2\GDAL\GDAL_2.1.0_VC_NoIntFilesCleanUp\3rdpart\geos-3.5.0\vc\x64\Debug\PreparedPolygonPredicate.obj
K:\Components\LibraryV2\GDAL\GDAL_2.1.0_VC_NoIntFilesCleanUp\3rdpart\geos-3.5.0\vc\x64\Debug\Profiler.obj
K:\Components\LibraryV2\GDAL\GDAL_2.1.0_VC_NoIntFilesCleanUp\3rdpart\geos-3.5.0\vc\x64\Debug\QuadEdge.obj
K:\Components\LibraryV2\GDAL\GDAL_2.1.0_VC_NoIntFilesCleanUp\3rdpart\geos-3.5.0\vc\x64\Debug\QuadEdgeLocator.obj
K:\Components\LibraryV2\GDAL\GDAL_2.1.0_VC_NoIntFilesCleanUp\3rdpart\geos-3.5.0\vc\x64\Debug\QuadEdgeSubdivision.obj
K:\Components\LibraryV2\GDAL\GDAL_2.1.0_VC_NoIntFilesCleanUp\3rdpart\geos-3.5.0\vc\x64\Debug\Quadrant.obj
K:\Components\LibraryV2\GDAL\GDAL_2.1.0_VC_NoIntFilesCleanUp\3rdpart\geos-3.5.0\vc\x64\Debug\QuadtreeNestedRingTester.obj
K:\Components\LibraryV2\GDAL\GDAL_2.1.0_VC_NoIntFilesCleanUp\3rdpart\geos-3.5.0\vc\x64\Debug\RayCrossingCounter.obj
K:\Components\LibraryV2\GDAL\GDAL_2.1.0_VC_NoIntFilesCleanUp\3rdpart\geos-3.5.0\vc\x64\Debug\rc.command.1.tlog
K:\Components\LibraryV2\GDAL\GDAL_2.1.0_VC_NoIntFilesCleanUp\3rdpart\geos-3.5.0\vc\x64\Debug\rc.read.1.tlog
K:\Components\LibraryV2\GDAL\GDAL_2.1.0_VC_NoIntFilesCleanUp\3rdpart\geos-3.5.0\vc\x64\Debug\rc.write.1.tlog
K:\Components\LibraryV2\GDAL\GDAL_2.1.0_VC_NoIntFilesCleanUp\3rdpart\geos-3.5.0\vc\x64\Debug\Rectangle.obj
K:\Components\LibraryV2\GDAL\GDAL_2.1.0_VC_NoIntFilesCleanUp\3rdpart\geos-3.5.0\vc\x64\Debug\RectangleContains.obj
K:\Components\LibraryV2\GDAL\GDAL_2.1.0_VC_NoIntFilesCleanUp\3rdpart\geos-3.5.0\vc\x64\Debug\RectangleIntersection.obj
K:\Components\LibraryV2\GDAL\GDAL_2.1.0_VC_NoIntFilesCleanUp\3rdpart\geos-3.5.0\vc\x64\Debug\RectangleIntersectionBuilder.obj
K:\Components\LibraryV2\GDAL\GDAL_2.1.0_VC_NoIntFilesCleanUp\3rdpart\geos-3.5.0\vc\x64\Debug\RectangleIntersects.obj
K:\Components\LibraryV2\GDAL\GDAL_2.1.0_VC_NoIntFilesCleanUp\3rdpart\geos-3.5.0\vc\x64\Debug\RelateComputer.obj
K:\Components\LibraryV2\GDAL\GDAL_2.1.0_VC_NoIntFilesCleanUp\3rdpart\geos-3.5.0\vc\x64\Debug\RelateNode.obj
K:\Components\LibraryV2\GDAL\GDAL_2.1.0_VC_NoIntFilesCleanUp\3rdpart\geos-3.5.0\vc\x64\Debug\RelateNodeFactory.obj
K:\Components\LibraryV2\GDAL\GDAL_2.1.0_VC_NoIntFilesCleanUp\3rdpart\geos-3.5.0\vc\x64\Debug\RelateNodeGraph.obj
K:\Components\LibraryV2\GDAL\GDAL_2.1.0_VC_NoIntFilesCleanUp\3rdpart\geos-3.5.0\vc\x64\Debug\RelateOp.obj
K:\Components\LibraryV2\GDAL\GDAL_2.1.0_VC_NoIntFilesCleanUp\3rdpart\geos-3.5.0\vc\x64\Debug\RepeatedPointTester.obj
K:\Components\LibraryV2\GDAL\GDAL_2.1.0_VC_NoIntFilesCleanUp\3rdpart\geos-3.5.0\vc\x64\Debug\RightmostEdgeFinder.obj
K:\Components\LibraryV2\GDAL\GDAL_2.1.0_VC_NoIntFilesCleanUp\3rdpart\geos-3.5.0\vc\x64\Debug\RobustDeterminant.obj
K:\Components\LibraryV2\GDAL\GDAL_2.1.0_VC_NoIntFilesCleanUp\3rdpart\geos-3.5.0\vc\x64\Debug\ScaledNoder.obj
K:\Components\LibraryV2\GDAL\GDAL_2.1.0_VC_NoIntFilesCleanUp\3rdpart\geos-3.5.0\vc\x64\Debug\SegmentIntersectionDetector.obj
K:\Components\LibraryV2\GDAL\GDAL_2.1.0_VC_NoIntFilesCleanUp\3rdpart\geos-3.5.0\vc\x64\Debug\SegmentIntersectionTester.obj
K:\Components\LibraryV2\GDAL\GDAL_2.1.0_VC_NoIntFilesCleanUp\3rdpart\geos-3.5.0\vc\x64\Debug\SegmentIntersector.obj
K:\Components\LibraryV2\GDAL\GDAL_2.1.0_VC_NoIntFilesCleanUp\3rdpart\geos-3.5.0\vc\x64\Debug\SegmentNode.obj
K:\Components\LibraryV2\GDAL\GDAL_2.1.0_VC_NoIntFilesCleanUp\3rdpart\geos-3.5.0\vc\x64\Debug\SegmentNodeList.obj
K:\Components\LibraryV2\GDAL\GDAL_2.1.0_VC_NoIntFilesCleanUp\3rdpart\geos-3.5.0\vc\x64\Debug\SegmentString.obj
K:\Components\LibraryV2\GDAL\GDAL_2.1.0_VC_NoIntFilesCleanUp\3rdpart\geos-3.5.0\vc\x64\Debug\SegmentStringUtil.obj
K:\Components\LibraryV2\GDAL\GDAL_2.1.0_VC_NoIntFilesCleanUp\3rdpart\geos-3.5.0\vc\x64\Debug\SharedPathsOp.obj
K:\Components\LibraryV2\GDAL\GDAL_2.1.0_VC_NoIntFilesCleanUp\3rdpart\geos-3.5.0\vc\x64\Debug\ShortCircuitedGeometryVisitor.obj
K:\Components\LibraryV2\GDAL\GDAL_2.1.0_VC_NoIntFilesCleanUp\3rdpart\geos-3.5.0\vc\x64\Debug\SimpleEdgeSetIntersector.obj
K:\Components\LibraryV2\GDAL\GDAL_2.1.0_VC_NoIntFilesCleanUp\3rdpart\geos-3.5.0\vc\x64\Debug\SimpleGeometryPrecisionReducer.obj
K:\Components\LibraryV2\GDAL\GDAL_2.1.0_VC_NoIntFilesCleanUp\3rdpart\geos-3.5.0\vc\x64\Debug\SimpleMCSweepLineIntersector.obj
K:\Components\LibraryV2\GDAL\GDAL_2.1.0_VC_NoIntFilesCleanUp\3rdpart\geos-3.5.0\vc\x64\Debug\SimpleNestedRingTester.obj
K:\Components\LibraryV2\GDAL\GDAL_2.1.0_VC_NoIntFilesCleanUp\3rdpart\geos-3.5.0\vc\x64\Debug\SimpleNoder.obj
K:\Components\LibraryV2\GDAL\GDAL_2.1.0_VC_NoIntFilesCleanUp\3rdpart\geos-3.5.0\vc\x64\Debug\SimplePointInAreaLocator.obj
K:\Components\LibraryV2\GDAL\GDAL_2.1.0_VC_NoIntFilesCleanUp\3rdpart\geos-3.5.0\vc\x64\Debug\SimplePointInRing.obj
K:\Components\LibraryV2\GDAL\GDAL_2.1.0_VC_NoIntFilesCleanUp\3rdpart\geos-3.5.0\vc\x64\Debug\SimpleSnapRounder.obj
K:\Components\LibraryV2\GDAL\GDAL_2.1.0_VC_NoIntFilesCleanUp\3rdpart\geos-3.5.0\vc\x64\Debug\SimpleSweepLineIntersector.obj
K:\Components\LibraryV2\GDAL\GDAL_2.1.0_VC_NoIntFilesCleanUp\3rdpart\geos-3.5.0\vc\x64\Debug\SineStarFactory.obj
K:\Components\LibraryV2\GDAL\GDAL_2.1.0_VC_NoIntFilesCleanUp\3rdpart\geos-3.5.0\vc\x64\Debug\SingleInteriorIntersectionFinder.obj
K:\Components\LibraryV2\GDAL\GDAL_2.1.0_VC_NoIntFilesCleanUp\3rdpart\geos-3.5.0\vc\x64\Debug\SIRtreePointInRing.obj
K:\Components\LibraryV2\GDAL\GDAL_2.1.0_VC_NoIntFilesCleanUp\3rdpart\geos-3.5.0\vc\x64\Debug\SnapIfNeededOverlayOp.obj
K:\Components\LibraryV2\GDAL\GDAL_2.1.0_VC_NoIntFilesCleanUp\3rdpart\geos-3.5.0\vc\x64\Debug\SnapOverlayOp.obj
K:\Components\LibraryV2\GDAL\GDAL_2.1.0_VC_NoIntFilesCleanUp\3rdpart\geos-3.5.0\vc\x64\Debug\SortedPackedIntervalRTree.obj
K:\Components\LibraryV2\GDAL\GDAL_2.1.0_VC_NoIntFilesCleanUp\3rdpart\geos-3.5.0\vc\x64\Debug\StringTokenizer.obj
K:\Components\LibraryV2\GDAL\GDAL_2.1.0_VC_NoIntFilesCleanUp\3rdpart\geos-3.5.0\vc\x64\Debug\SubgraphDepthLocater.obj
K:\Components\LibraryV2\GDAL\GDAL_2.1.0_VC_NoIntFilesCleanUp\3rdpart\geos-3.5.0\vc\x64\Debug\SweepLineEvent.obj
K:\Components\LibraryV2\GDAL\GDAL_2.1.0_VC_NoIntFilesCleanUp\3rdpart\geos-3.5.0\vc\x64\Debug\SweeplineNestedRingTester.obj
K:\Components\LibraryV2\GDAL\GDAL_2.1.0_VC_NoIntFilesCleanUp\3rdpart\geos-3.5.0\vc\x64\Debug\SweepLineSegment.obj
K:\Components\LibraryV2\GDAL\GDAL_2.1.0_VC_NoIntFilesCleanUp\3rdpart\geos-3.5.0\vc\x64\Debug\TaggedLineSegment.obj
K:\Components\LibraryV2\GDAL\GDAL_2.1.0_VC_NoIntFilesCleanUp\3rdpart\geos-3.5.0\vc\x64\Debug\TaggedLinesSimplifier.obj
K:\Components\LibraryV2\GDAL\GDAL_2.1.0_VC_NoIntFilesCleanUp\3rdpart\geos-3.5.0\vc\x64\Debug\TaggedLineString.obj
K:\Components\LibraryV2\GDAL\GDAL_2.1.0_VC_NoIntFilesCleanUp\3rdpart\geos-3.5.0\vc\x64\Debug\TaggedLineStringSimplifier.obj
K:\Components\LibraryV2\GDAL\GDAL_2.1.0_VC_NoIntFilesCleanUp\3rdpart\geos-3.5.0\vc\x64\Debug\TopologyLocation.obj
K:\Components\LibraryV2\GDAL\GDAL_2.1.0_VC_NoIntFilesCleanUp\3rdpart\geos-3.5.0\vc\x64\Debug\TopologyPreservingSimplifier.obj
K:\Components\LibraryV2\GDAL\GDAL_2.1.0_VC_NoIntFilesCleanUp\3rdpart\geos-3.5.0\vc\x64\Debug\TopologyValidationError.obj
K:\Components\LibraryV2\GDAL\GDAL_2.1.0_VC_NoIntFilesCleanUp\3rdpart\geos-3.5.0\vc\x64\Debug\Triangle.obj
K:\Components\LibraryV2\GDAL\GDAL_2.1.0_VC_NoIntFilesCleanUp\3rdpart\geos-3.5.0\vc\x64\Debug\TrianglePredicate.obj
K:\Components\LibraryV2\GDAL\GDAL_2.1.0_VC_NoIntFilesCleanUp\3rdpart\geos-3.5.0\vc\x64\Debug\TriangleVisitor.obj
K:\Components\LibraryV2\GDAL\GDAL_2.1.0_VC_NoIntFilesCleanUp\3rdpart\geos-3.5.0\vc\x64\Debug\UnaryUnionOp.obj
K:\Components\LibraryV2\GDAL\GDAL_2.1.0_VC_NoIntFilesCleanUp\3rdpart\geos-3.5.0\vc\x64\Debug\Unload.obj
K:\Components\LibraryV2\GDAL\GDAL_2.1.0_VC_NoIntFilesCleanUp\3rdpart\geos-3.5.0\vc\x64\Debug\vc100.idb
K:\Components\LibraryV2\GDAL\GDAL_2.1.0_VC_NoIntFilesCleanUp\3rdpart\geos-3.5.0\vc\x64\Debug\vc100.pdb
K:\Components\LibraryV2\GDAL\GDAL_2.1.0_VC_NoIntFilesCleanUp\3rdpart\geos-3.5.0\vc\x64\Debug\Vertex.obj
K:\Components\LibraryV2\GDAL\GDAL_2.1.0_VC_NoIntFilesCleanUp\3rdpart\geos-3.5.0\vc\x64\Debug\VoronoiDiagramBuilder.obj
K:\Components\LibraryV2\GDAL\GDAL_2.1.0_VC_NoIntFilesCleanUp\3rdpart\geos-3.5.0\vc\x64\Debug\WKBReader.obj
K:\Components\LibraryV2\GDAL\GDAL_2.1.0_VC_NoIntFilesCleanUp\3rdpart\geos-3.5.0\vc\x64\Debug\WKBWriter.obj
K:\Components\LibraryV2\GDAL\GDAL_2.1.0_VC_NoIntFilesCleanUp\3rdpart\geos-3.5.0\vc\x64\Debug\WKTReader.obj
K:\Components\LibraryV2\GDAL\GDAL_2.1.0_VC_NoIntFilesCleanUp\3rdpart\geos-3.5.0\vc\x64\Debug\WKTWriter.obj
K:\Components\LibraryV2\GDAL\GDAL_2.1.0_VC_NoIntFilesCleanUp\3rdpart\geos-3.5.0\vc\x64\Debug\Writer.obj
K:\COMPONENTS\LIBRARYV2\GEOS\LIBGEOS-3.5.0\X64\DEBUG\ABSTRACTPREPAREDPOLYGONCONTAINS.OBJ
K:\COMPONENTS\LIBRARYV2\GEOS\LIBGEOS-3.5.0\X64\DEBUG\ANGLE.OBJ
K:\COMPONENTS\LIBRARYV2\GEOS\LIBGEOS-3.5.0\X64\DEBUG\ASSERT.OBJ
K:\COMPONENTS\LIBRARYV2\GEOS\LIBGEOS-3.5.0\X64\DEBUG\BASICPREPAREDGEOMETRY.OBJ
K:\COMPONENTS\LIBRARYV2\GEOS\LIBGEOS-3.5.0\X64\DEBUG\BASICSEGMENTSTRING.OBJ
K:\COMPONENTS\LIBRARYV2\GEOS\LIBGEOS-3.5.0\X64\DEBUG\BOUNDARYNODERULE.OBJ
K:\COMPONENTS\LIBRARYV2\GEOS\LIBGEOS-3.5.0\X64\DEBUG\BUFFERBUILDER.OBJ
K:\COMPONENTS\LIBRARYV2\GEOS\LIBGEOS-3.5.0\X64\DEBUG\BUFFERINPUTLINESIMPLIFIER.OBJ
K:\COMPONENTS\LIBRARYV2\GEOS\LIBGEOS-3.5.0\X64\DEBUG\BUFFEROP.OBJ
K:\COMPONENTS\LIBRARYV2\GEOS\LIBGEOS-3.5.0\X64\DEBUG\BUFFERPARAMETERS.OBJ
K:\COMPONENTS\LIBRARYV2\GEOS\LIBGEOS-3.5.0\X64\DEBUG\BUFFERSUBGRAPH.OBJ
K:\COMPONENTS\LIBRARYV2\GEOS\LIBGEOS-3.5.0\X64\DEBUG\BYTEORDERDATAINSTREAM.OBJ
K:\COMPONENTS\LIBRARYV2\GEOS\LIBGEOS-3.5.0\X64\DEBUG\BYTEORDERVALUES.OBJ
K:\COMPONENTS\LIBRARYV2\GEOS\LIBGEOS-3.5.0\X64\DEBUG\CASCADEDPOLYGONUNION.OBJ
K:\COMPONENTS\LIBRARYV2\GEOS\LIBGEOS-3.5.0\X64\DEBUG\CASCADEDUNION.OBJ
K:\COMPONENTS\LIBRARYV2\GEOS\LIBGEOS-3.5.0\X64\DEBUG\CENTROID.OBJ
K:\COMPONENTS\LIBRARYV2\GEOS\LIBGEOS-3.5.0\X64\DEBUG\CENTROIDAREA.OBJ
K:\COMPONENTS\LIBRARYV2\GEOS\LIBGEOS-3.5.0\X64\DEBUG\CENTROIDLINE.OBJ
K:\COMPONENTS\LIBRARYV2\GEOS\LIBGEOS-3.5.0\X64\DEBUG\CENTROIDPOINT.OBJ
K:\COMPONENTS\LIBRARYV2\GEOS\LIBGEOS-3.5.0\X64\DEBUG\CGALGORITHMS.OBJ
K:\COMPONENTS\LIBRARYV2\GEOS\LIBGEOS-3.5.0\X64\DEBUG\CLOCALIZER.OBJ
K:\COMPONENTS\LIBRARYV2\GEOS\LIBGEOS-3.5.0\X64\DEBUG\COMMONBITS.OBJ
K:\COMPONENTS\LIBRARYV2\GEOS\LIBGEOS-3.5.0\X64\DEBUG\COMMONBITSOP.OBJ
K:\COMPONENTS\LIBRARYV2\GEOS\LIBGEOS-3.5.0\X64\DEBUG\COMMONBITSREMOVER.OBJ
K:\COMPONENTS\LIBRARYV2\GEOS\LIBGEOS-3.5.0\X64\DEBUG\COMPONENTCOORDINATEEXTRACTER.OBJ
K:\COMPONENTS\LIBRARYV2\GEOS\LIBGEOS-3.5.0\X64\DEBUG\CONNECTEDELEMENTLOCATIONFILTER.OBJ
K:\COMPONENTS\LIBRARYV2\GEOS\LIBGEOS-3.5.0\X64\DEBUG\CONNECTEDELEMENTPOINTFILTER.OBJ
K:\COMPONENTS\LIBRARYV2\GEOS\LIBGEOS-3.5.0\X64\DEBUG\CONNECTEDINTERIORTESTER.OBJ
K:\COMPONENTS\LIBRARYV2\GEOS\LIBGEOS-3.5.0\X64\DEBUG\CONNECTEDSUBGRAPHFINDER.OBJ
K:\COMPONENTS\LIBRARYV2\GEOS\LIBGEOS-3.5.0\X64\DEBUG\CONSISTENTAREATESTER.OBJ
K:\COMPONENTS\LIBRARYV2\GEOS\LIBGEOS-3.5.0\X64\DEBUG\CONVEXHULL.OBJ
K:\COMPONENTS\LIBRARYV2\GEOS\LIBGEOS-3.5.0\X64\DEBUG\COORDINATE.OBJ
K:\COMPONENTS\LIBRARYV2\GEOS\LIBGEOS-3.5.0\X64\DEBUG\COORDINATEARRAYSEQUENCE.OBJ
K:\COMPONENTS\LIBRARYV2\GEOS\LIBGEOS-3.5.0\X64\DEBUG\COORDINATEARRAYSEQUENCEFACTORY.OBJ
K:\COMPONENTS\LIBRARYV2\GEOS\LIBGEOS-3.5.0\X64\DEBUG\COORDINATEOPERATION.OBJ
K:\COMPONENTS\LIBRARYV2\GEOS\LIBGEOS-3.5.0\X64\DEBUG\COORDINATESEQUENCE.OBJ
K:\COMPONENTS\LIBRARYV2\GEOS\LIBGEOS-3.5.0\X64\DEBUG\COORDINATESEQUENCEFACTORY.OBJ
K:\COMPONENTS\LIBRARYV2\GEOS\LIBGEOS-3.5.0\X64\DEBUG\DELAUNAYTRIANGULATIONBUILDER.OBJ
K:\COMPONENTS\LIBRARYV2\GEOS\LIBGEOS-3.5.0\X64\DEBUG\DEPTH.OBJ
K:\COMPONENTS\LIBRARYV2\GEOS\LIBGEOS-3.5.0\X64\DEBUG\DIMENSION.OBJ
K:\COMPONENTS\LIBRARYV2\GEOS\LIBGEOS-3.5.0\X64\DEBUG\DIRECTEDEDGE.OBJ
K:\COMPONENTS\LIBRARYV2\GEOS\LIBGEOS-3.5.0\X64\DEBUG\DIRECTEDEDGESTAR.OBJ
K:\COMPONENTS\LIBRARYV2\GEOS\LIBGEOS-3.5.0\X64\DEBUG\DISCRETEHAUSDORFFDISTANCE.OBJ
K:\COMPONENTS\LIBRARYV2\GEOS\LIBGEOS-3.5.0\X64\DEBUG\DISTANCEOP.OBJ
K:\COMPONENTS\LIBRARYV2\GEOS\LIBGEOS-3.5.0\X64\DEBUG\DISTANCETOPOINT.OBJ
K:\COMPONENTS\LIBRARYV2\GEOS\LIBGEOS-3.5.0\X64\DEBUG\DOUGLASPEUCKERLINESIMPLIFIER.OBJ
K:\COMPONENTS\LIBRARYV2\GEOS\LIBGEOS-3.5.0\X64\DEBUG\DOUGLASPEUCKERSIMPLIFIER.OBJ
K:\COMPONENTS\LIBRARYV2\GEOS\LIBGEOS-3.5.0\X64\DEBUG\EDGE.OBJ
K:\COMPONENTS\LIBRARYV2\GEOS\LIBGEOS-3.5.0\X64\DEBUG\EDGEEND.OBJ
K:\COMPONENTS\LIBRARYV2\GEOS\LIBGEOS-3.5.0\X64\DEBUG\EDGEENDBUILDER.OBJ
K:\COMPONENTS\LIBRARYV2\GEOS\LIBGEOS-3.5.0\X64\DEBUG\EDGEENDBUNDLE.OBJ
K:\COMPONENTS\LIBRARYV2\GEOS\LIBGEOS-3.5.0\X64\DEBUG\EDGEENDBUNDLESTAR.OBJ
K:\COMPONENTS\LIBRARYV2\GEOS\LIBGEOS-3.5.0\X64\DEBUG\EDGEENDSTAR.OBJ
K:\COMPONENTS\LIBRARYV2\GEOS\LIBGEOS-3.5.0\X64\DEBUG\EDGEINTERSECTIONLIST.OBJ
K:\COMPONENTS\LIBRARYV2\GEOS\LIBGEOS-3.5.0\X64\DEBUG\EDGELIST.OBJ
K:\COMPONENTS\LIBRARYV2\GEOS\LIBGEOS-3.5.0\X64\DEBUG\EDGENODINGVALIDATOR.OBJ
K:\COMPONENTS\LIBRARYV2\GEOS\LIBGEOS-3.5.0\X64\DEBUG\EDGERING.OBJ
K:\COMPONENTS\LIBRARYV2\GEOS\LIBGEOS-3.5.0\X64\DEBUG\EDGESETNODER.OBJ
K:\COMPONENTS\LIBRARYV2\GEOS\LIBGEOS-3.5.0\X64\DEBUG\EDGESTRING.OBJ
K:\COMPONENTS\LIBRARYV2\GEOS\LIBGEOS-3.5.0\X64\DEBUG\ELEVATIONMATRIX.OBJ
K:\COMPONENTS\LIBRARYV2\GEOS\LIBGEOS-3.5.0\X64\DEBUG\ELEVATIONMATRIXCELL.OBJ
K:\COMPONENTS\LIBRARYV2\GEOS\LIBGEOS-3.5.0\X64\DEBUG\ENHANCEDPRECISIONOP.OBJ
K:\COMPONENTS\LIBRARYV2\GEOS\LIBGEOS-3.5.0\X64\DEBUG\ENVELOPE.OBJ
K:\COMPONENTS\LIBRARYV2\GEOS\LIBGEOS-3.5.0\X64\DEBUG\EXTRACTLINEBYLOCATION.OBJ
K:\COMPONENTS\LIBRARYV2\GEOS\LIBGEOS-3.5.0\X64\DEBUG\FASTNODINGVALIDATOR.OBJ
K:\COMPONENTS\LIBRARYV2\GEOS\LIBGEOS-3.5.0\X64\DEBUG\FASTSEGMENTSETINTERSECTIONFINDER.OBJ
K:\COMPONENTS\LIBRARYV2\GEOS\LIBGEOS-3.5.0\X64\DEBUG\FUZZYPOINTLOCATOR.OBJ
K:\COMPONENTS\LIBRARYV2\GEOS\LIBGEOS-3.5.0\X64\DEBUG\GEOMETRICSHAPEFACTORY.OBJ
K:\COMPONENTS\LIBRARYV2\GEOS\LIBGEOS-3.5.0\X64\DEBUG\GEOMETRY.OBJ
K:\COMPONENTS\LIBRARYV2\GEOS\LIBGEOS-3.5.0\X64\DEBUG\GEOMETRYCOLLECTION.OBJ
K:\COMPONENTS\LIBRARYV2\GEOS\LIBGEOS-3.5.0\X64\DEBUG\GEOMETRYCOMBINER.OBJ
K:\COMPONENTS\LIBRARYV2\GEOS\LIBGEOS-3.5.0\X64\DEBUG\GEOMETRYCOMPONENTFILTER.OBJ
K:\COMPONENTS\LIBRARYV2\GEOS\LIBGEOS-3.5.0\X64\DEBUG\GEOMETRYEDITOR.OBJ
K:\COMPONENTS\LIBRARYV2\GEOS\LIBGEOS-3.5.0\X64\DEBUG\GEOMETRYFACTORY.OBJ
K:\COMPONENTS\LIBRARYV2\GEOS\LIBGEOS-3.5.0\X64\DEBUG\GEOMETRYGRAPH.OBJ
K:\COMPONENTS\LIBRARYV2\GEOS\LIBGEOS-3.5.0\X64\DEBUG\GEOMETRYGRAPHOPERATION.OBJ
K:\COMPONENTS\LIBRARYV2\GEOS\LIBGEOS-3.5.0\X64\DEBUG\GEOMETRYLIST.OBJ
K:\COMPONENTS\LIBRARYV2\GEOS\LIBGEOS-3.5.0\X64\DEBUG\GEOMETRYLOCATION.OBJ
K:\COMPONENTS\LIBRARYV2\GEOS\LIBGEOS-3.5.0\X64\DEBUG\GEOMETRYNODER.OBJ
K:\COMPONENTS\LIBRARYV2\GEOS\LIBGEOS-3.5.0\X64\DEBUG\GEOMETRYPRECISIONREDUCER.OBJ
K:\COMPONENTS\LIBRARYV2\GEOS\LIBGEOS-3.5.0\X64\DEBUG\GEOMETRYSNAPPER.OBJ
K:\COMPONENTS\LIBRARYV2\GEOS\LIBGEOS-3.5.0\X64\DEBUG\GEOMETRYTRANSFORMER.OBJ
K:\COMPONENTS\LIBRARYV2\GEOS\LIBGEOS-3.5.0\X64\DEBUG\GRAPHCOMPONENT.OBJ
K:\COMPONENTS\LIBRARYV2\GEOS\LIBGEOS-3.5.0\X64\DEBUG\HCOORDINATE.OBJ
K:\COMPONENTS\LIBRARYV2\GEOS\LIBGEOS-3.5.0\X64\DEBUG\HOTPIXEL.OBJ
K:\COMPONENTS\LIBRARYV2\GEOS\LIBGEOS-3.5.0\X64\DEBUG\INCREMENTALDELAUNAYTRIANGULATOR.OBJ
K:\COMPONENTS\LIBRARYV2\GEOS\LIBGEOS-3.5.0\X64\DEBUG\INDEXEDNESTEDRINGTESTER.OBJ
K:\COMPONENTS\LIBRARYV2\GEOS\LIBGEOS-3.5.0\X64\DEBUG\INDEXEDPOINTINAREALOCATOR.OBJ
K:\COMPONENTS\LIBRARYV2\GEOS\LIBGEOS-3.5.0\X64\DEBUG\INLINES.OBJ
K:\COMPONENTS\LIBRARYV2\GEOS\LIBGEOS-3.5.0\X64\DEBUG\INTERIORPOINTAREA.OBJ
K:\COMPONENTS\LIBRARYV2\GEOS\LIBGEOS-3.5.0\X64\DEBUG\INTERIORPOINTLINE.OBJ
K:\COMPONENTS\LIBRARYV2\GEOS\LIBGEOS-3.5.0\X64\DEBUG\INTERIORPOINTPOINT.OBJ
K:\COMPONENTS\LIBRARYV2\GEOS\LIBGEOS-3.5.0\X64\DEBUG\INTERRUPT.OBJ
K:\COMPONENTS\LIBRARYV2\GEOS\LIBGEOS-3.5.0\X64\DEBUG\INTERSECTIONADDER.OBJ
K:\COMPONENTS\LIBRARYV2\GEOS\LIBGEOS-3.5.0\X64\DEBUG\INTERSECTIONFINDERADDER.OBJ
K:\COMPONENTS\LIBRARYV2\GEOS\LIBGEOS-3.5.0\X64\DEBUG\INTERSECTIONMATRIX.OBJ
K:\COMPONENTS\LIBRARYV2\GEOS\LIBGEOS-3.5.0\X64\DEBUG\INTERVALRTREEBRANCHNODE.OBJ
K:\COMPONENTS\LIBRARYV2\GEOS\LIBGEOS-3.5.0\X64\DEBUG\INTERVALRTREELEAFNODE.OBJ
K:\COMPONENTS\LIBRARYV2\GEOS\LIBGEOS-3.5.0\X64\DEBUG\INTERVALRTREENODE.OBJ
K:\COMPONENTS\LIBRARYV2\GEOS\LIBGEOS-3.5.0\X64\DEBUG\ISSIMPLEOP.OBJ
K:\COMPONENTS\LIBRARYV2\GEOS\LIBGEOS-3.5.0\X64\DEBUG\ISVALIDOP.OBJ
K:\COMPONENTS\LIBRARYV2\GEOS\LIBGEOS-3.5.0\X64\DEBUG\ITERATEDNODER.OBJ
K:\COMPONENTS\LIBRARYV2\GEOS\LIBGEOS-3.5.0\X64\DEBUG\IX_BINTREE\BINTREE.OBJ
K:\COMPONENTS\LIBRARYV2\GEOS\LIBGEOS-3.5.0\X64\DEBUG\IX_BINTREE\INTERVAL.OBJ
K:\COMPONENTS\LIBRARYV2\GEOS\LIBGEOS-3.5.0\X64\DEBUG\IX_BINTREE\KEY.OBJ
K:\COMPONENTS\LIBRARYV2\GEOS\LIBGEOS-3.5.0\X64\DEBUG\IX_BINTREE\NODE.OBJ
K:\COMPONENTS\LIBRARYV2\GEOS\LIBGEOS-3.5.0\X64\DEBUG\IX_BINTREE\NODEBASE.OBJ
K:\COMPONENTS\LIBRARYV2\GEOS\LIBGEOS-3.5.0\X64\DEBUG\IX_BINTREE\ROOT.OBJ
K:\COMPONENTS\LIBRARYV2\GEOS\LIBGEOS-3.5.0\X64\DEBUG\IX_QUADTREE\DOUBLEBITS.OBJ
K:\COMPONENTS\LIBRARYV2\GEOS\LIBGEOS-3.5.0\X64\DEBUG\IX_QUADTREE\INTERVALSIZE.OBJ
K:\COMPONENTS\LIBRARYV2\GEOS\LIBGEOS-3.5.0\X64\DEBUG\IX_QUADTREE\KEY.OBJ
K:\COMPONENTS\LIBRARYV2\GEOS\LIBGEOS-3.5.0\X64\DEBUG\IX_QUADTREE\NODE.OBJ
K:\COMPONENTS\LIBRARYV2\GEOS\LIBGEOS-3.5.0\X64\DEBUG\IX_QUADTREE\NODEBASE.OBJ
K:\COMPONENTS\LIBRARYV2\GEOS\LIBGEOS-3.5.0\X64\DEBUG\IX_QUADTREE\QUADTREE.OBJ
K:\COMPONENTS\LIBRARYV2\GEOS\LIBGEOS-3.5.0\X64\DEBUG\IX_QUADTREE\ROOT.OBJ
K:\COMPONENTS\LIBRARYV2\GEOS\LIBGEOS-3.5.0\X64\DEBUG\IX_STRTREE\ABSTRACTNODE.OBJ
K:\COMPONENTS\LIBRARYV2\GEOS\LIBGEOS-3.5.0\X64\DEBUG\IX_STRTREE\ABSTRACTSTRTREE.OBJ
K:\COMPONENTS\LIBRARYV2\GEOS\LIBGEOS-3.5.0\X64\DEBUG\IX_STRTREE\INTERVAL.OBJ
K:\COMPONENTS\LIBRARYV2\GEOS\LIBGEOS-3.5.0\X64\DEBUG\IX_STRTREE\ITEMBOUNDABLE.OBJ
K:\COMPONENTS\LIBRARYV2\GEOS\LIBGEOS-3.5.0\X64\DEBUG\IX_STRTREE\SIRTREE.OBJ
K:\COMPONENTS\LIBRARYV2\GEOS\LIBGEOS-3.5.0\X64\DEBUG\IX_STRTREE\STRTREE.OBJ
K:\COMPONENTS\LIBRARYV2\GEOS\LIBGEOS-3.5.0\X64\DEBUG\IX_SWEEPLINE\SWEEPLINEEVENT.OBJ
K:\COMPONENTS\LIBRARYV2\GEOS\LIBGEOS-3.5.0\X64\DEBUG\IX_SWEEPLINE\SWEEPLINEINDEX.OBJ
K:\COMPONENTS\LIBRARYV2\GEOS\LIBGEOS-3.5.0\X64\DEBUG\IX_SWEEPLINE\SWEEPLINEINTERVAL.OBJ
K:\COMPONENTS\LIBRARYV2\GEOS\LIBGEOS-3.5.0\X64\DEBUG\LABEL.OBJ
K:\COMPONENTS\LIBRARYV2\GEOS\LIBGEOS-3.5.0\X64\DEBUG\LASTFOUNDQUADEDGELOCATOR.OBJ
K:\COMPONENTS\LIBRARYV2\GEOS\LIBGEOS-3.5.0\X64\DEBUG\LENGTHINDEXEDLINE.OBJ
K:\COMPONENTS\LIBRARYV2\GEOS\LIBGEOS-3.5.0\X64\DEBUG\LENGTHINDEXOFPOINT.OBJ
K:\COMPONENTS\LIBRARYV2\GEOS\LIBGEOS-3.5.0\X64\DEBUG\LENGTHLOCATIONMAP.OBJ
K:\COMPONENTS\LIBRARYV2\GEOS\LIBGEOS-3.5.0\X64\DEBUG\LIBGEOS-3.5.0.DLL
K:\COMPONENTS\LIBRARYV2\GEOS\LIBGEOS-3.5.0\X64\DEBUG\LIBGEOS-3.5.0.DLL.EMBED.MANIFEST
K:\COMPONENTS\LIBRARYV2\GEOS\LIBGEOS-3.5.0\X64\DEBUG\LIBGEOS-3.5.0.DLL.EMBED.MANIFEST.RES
K:\COMPONENTS\LIBRARYV2\GEOS\LIBGEOS-3.5.0\X64\DEBUG\LIBGEOS-3.5.0.DLL.INTERMEDIATE.MANIFEST
K:\COMPONENTS\LIBRARYV2\GEOS\LIBGEOS-3.5.0\X64\DEBUG\LIBGEOS-3.5.0.ILK
K:\COMPONENTS\LIBRARYV2\GEOS\LIBGEOS-3.5.0\X64\DEBUG\LIBGEOS-3.5.0.PDB
K:\COMPONENTS\LIBRARYV2\GEOS\LIBGEOS-3.5.0\X64\DEBUG\LINEARCOMPONENTEXTRACTER.OBJ
K:\COMPONENTS\LIBRARYV2\GEOS\LIBGEOS-3.5.0\X64\DEBUG\LINEARGEOMETRYBUILDER.OBJ
K:\COMPONENTS\LIBRARYV2\GEOS\LIBGEOS-3.5.0\X64\DEBUG\LINEARITERATOR.OBJ
K:\COMPONENTS\LIBRARYV2\GEOS\LIBGEOS-3.5.0\X64\DEBUG\LINEARLOCATION.OBJ
K:\COMPONENTS\LIBRARYV2\GEOS\LIBGEOS-3.5.0\X64\DEBUG\LINEARRING.OBJ
K:\COMPONENTS\LIBRARYV2\GEOS\LIBGEOS-3.5.0\X64\DEBUG\LINEBUILDER.OBJ
K:\COMPONENTS\LIBRARYV2\GEOS\LIBGEOS-3.5.0\X64\DEBUG\LINEINTERSECTOR.OBJ
K:\COMPONENTS\LIBRARYV2\GEOS\LIBGEOS-3.5.0\X64\DEBUG\LINEMERGEDIRECTEDEDGE.OBJ
K:\COMPONENTS\LIBRARYV2\GEOS\LIBGEOS-3.5.0\X64\DEBUG\LINEMERGEEDGE.OBJ
K:\COMPONENTS\LIBRARYV2\GEOS\LIBGEOS-3.5.0\X64\DEBUG\LINEMERGEGRAPH.OBJ
K:\COMPONENTS\LIBRARYV2\GEOS\LIBGEOS-3.5.0\X64\DEBUG\LINEMERGER.OBJ
K:\COMPONENTS\LIBRARYV2\GEOS\LIBGEOS-3.5.0\X64\DEBUG\LINESEGMENT.OBJ
K:\COMPONENTS\LIBRARYV2\GEOS\LIBGEOS-3.5.0\X64\DEBUG\LINESEGMENTINDEX.OBJ
K:\COMPONENTS\LIBRARYV2\GEOS\LIBGEOS-3.5.0\X64\DEBUG\LINESEQUENCER.OBJ
K:\COMPONENTS\LIBRARYV2\GEOS\LIBGEOS-3.5.0\X64\DEBUG\LINESTRING.OBJ
K:\COMPONENTS\LIBRARYV2\GEOS\LIBGEOS-3.5.0\X64\DEBUG\LINESTRINGSNAPPER.OBJ
K:\COMPONENTS\LIBRARYV2\GEOS\LIBGEOS-3.5.0\X64\DEBUG\LOCATEFAILUREEXCEPTION.OBJ
K:\COMPONENTS\LIBRARYV2\GEOS\LIBGEOS-3.5.0\X64\DEBUG\LOCATION.OBJ
K:\COMPONENTS\LIBRARYV2\GEOS\LIBGEOS-3.5.0\X64\DEBUG\LOCATIONINDEXOFLINE.OBJ
K:\COMPONENTS\LIBRARYV2\GEOS\LIBGEOS-3.5.0\X64\DEBUG\LOCATIONINDEXOFPOINT.OBJ
K:\COMPONENTS\LIBRARYV2\GEOS\LIBGEOS-3.5.0\X64\DEBUG\MATH.OBJ
K:\COMPONENTS\LIBRARYV2\GEOS\LIBGEOS-3.5.0\X64\DEBUG\MAXIMALEDGERING.OBJ
K:\COMPONENTS\LIBRARYV2\GEOS\LIBGEOS-3.5.0\X64\DEBUG\MCINDEXNODER.OBJ
K:\COMPONENTS\LIBRARYV2\GEOS\LIBGEOS-3.5.0\X64\DEBUG\MCINDEXPOINTSNAPPER.OBJ
K:\COMPONENTS\LIBRARYV2\GEOS\LIBGEOS-3.5.0\X64\DEBUG\MCINDEXSEGMENTSETMUTUALINTERSECTOR.OBJ
K:\COMPONENTS\LIBRARYV2\GEOS\LIBGEOS-3.5.0\X64\DEBUG\MCINDEXSNAPROUNDER.OBJ
K:\COMPONENTS\LIBRARYV2\GEOS\LIBGEOS-3.5.0\X64\DEBUG\MCPOINTINRING.OBJ
K:\COMPONENTS\LIBRARYV2\GEOS\LIBGEOS-3.5.0\X64\DEBUG\MINIMALEDGERING.OBJ
K:\COMPONENTS\LIBRARYV2\GEOS\LIBGEOS-3.5.0\X64\DEBUG\MINIMUMDIAMETER.OBJ
K:\COMPONENTS\LIBRARYV2\GEOS\LIBGEOS-3.5.0\X64\DEBUG\MONOTONECHAIN.OBJ
K:\COMPONENTS\LIBRARYV2\GEOS\LIBGEOS-3.5.0\X64\DEBUG\MONOTONECHAINBUILDER.OBJ
K:\COMPONENTS\LIBRARYV2\GEOS\LIBGEOS-3.5.0\X64\DEBUG\MONOTONECHAINEDGE.OBJ
K:\COMPONENTS\LIBRARYV2\GEOS\LIBGEOS-3.5.0\X64\DEBUG\MONOTONECHAININDEXER.OBJ
K:\COMPONENTS\LIBRARYV2\GEOS\LIBGEOS-3.5.0\X64\DEBUG\MONOTONECHAINOVERLAPACTION.OBJ
K:\COMPONENTS\LIBRARYV2\GEOS\LIBGEOS-3.5.0\X64\DEBUG\MONOTONECHAINSELECTACTION.OBJ
K:\COMPONENTS\LIBRARYV2\GEOS\LIBGEOS-3.5.0\X64\DEBUG\MULTILINESTRING.OBJ
K:\COMPONENTS\LIBRARYV2\GEOS\LIBGEOS-3.5.0\X64\DEBUG\MULTIPOINT.OBJ
K:\COMPONENTS\LIBRARYV2\GEOS\LIBGEOS-3.5.0\X64\DEBUG\MULTIPOLYGON.OBJ
K:\COMPONENTS\LIBRARYV2\GEOS\LIBGEOS-3.5.0\X64\DEBUG\NODE.OBJ
K:\COMPONENTS\LIBRARYV2\GEOS\LIBGEOS-3.5.0\X64\DEBUG\NODEDSEGMENTSTRING.OBJ
K:\COMPONENTS\LIBRARYV2\GEOS\LIBGEOS-3.5.0\X64\DEBUG\NODEFACTORY.OBJ
K:\COMPONENTS\LIBRARYV2\GEOS\LIBGEOS-3.5.0\X64\DEBUG\NODEMAP.OBJ
K:\COMPONENTS\LIBRARYV2\GEOS\LIBGEOS-3.5.0\X64\DEBUG\NODINGVALIDATOR.OBJ
K:\COMPONENTS\LIBRARYV2\GEOS\LIBGEOS-3.5.0\X64\DEBUG\NOTREPRESENTABLEEXCEPTION.OBJ
K:\COMPONENTS\LIBRARYV2\GEOS\LIBGEOS-3.5.0\X64\DEBUG\OCTANT.OBJ
K:\COMPONENTS\LIBRARYV2\GEOS\LIBGEOS-3.5.0\X64\DEBUG\OFFSETCURVEBUILDER.OBJ
K:\COMPONENTS\LIBRARYV2\GEOS\LIBGEOS-3.5.0\X64\DEBUG\OFFSETCURVESETBUILDER.OBJ
K:\COMPONENTS\LIBRARYV2\GEOS\LIBGEOS-3.5.0\X64\DEBUG\OFFSETPOINTGENERATOR.OBJ
K:\COMPONENTS\LIBRARYV2\GEOS\LIBGEOS-3.5.0\X64\DEBUG\OFFSETSEGMENTGENERATOR.OBJ
K:\COMPONENTS\LIBRARYV2\GEOS\LIBGEOS-3.5.0\X64\DEBUG\OP_POLYGONIZE\EDGERING.OBJ
K:\COMPONENTS\LIBRARYV2\GEOS\LIBGEOS-3.5.0\X64\DEBUG\OP_POLYGONIZE\POLYGONIZEDIRECTEDEDGE.OBJ
K:\COMPONENTS\LIBRARYV2\GEOS\LIBGEOS-3.5.0\X64\DEBUG\OP_POLYGONIZE\POLYGONIZEEDGE.OBJ
K:\COMPONENTS\LIBRARYV2\GEOS\LIBGEOS-3.5.0\X64\DEBUG\OP_POLYGONIZE\POLYGONIZEGRAPH.OBJ
K:\COMPONENTS\LIBRARYV2\GEOS\LIBGEOS-3.5.0\X64\DEBUG\OP_POLYGONIZE\POLYGONIZER.OBJ
K:\COMPONENTS\LIBRARYV2\GEOS\LIBGEOS-3.5.0\X64\DEBUG\ORIENTEDCOORDINATEARRAY.OBJ
K:\COMPONENTS\LIBRARYV2\GEOS\LIBGEOS-3.5.0\X64\DEBUG\OVERLAYNODEFACTORY.OBJ
K:\COMPONENTS\LIBRARYV2\GEOS\LIBGEOS-3.5.0\X64\DEBUG\OVERLAYOP.OBJ
K:\COMPONENTS\LIBRARYV2\GEOS\LIBGEOS-3.5.0\X64\DEBUG\OVERLAYRESULTVALIDATOR.OBJ
K:\COMPONENTS\LIBRARYV2\GEOS\LIBGEOS-3.5.0\X64\DEBUG\PARSEEXCEPTION.OBJ
K:\COMPONENTS\LIBRARYV2\GEOS\LIBGEOS-3.5.0\X64\DEBUG\PLANARGRAPH.OBJ
K:\COMPONENTS\LIBRARYV2\GEOS\LIBGEOS-3.5.0\X64\DEBUG\PLANARGRAPH\DIRECTEDEDGE.OBJ
K:\COMPONENTS\LIBRARYV2\GEOS\LIBGEOS-3.5.0\X64\DEBUG\PLANARGRAPH\DIRECTEDEDGESTAR.OBJ
K:\COMPONENTS\LIBRARYV2\GEOS\LIBGEOS-3.5.0\X64\DEBUG\PLANARGRAPH\EDGE.OBJ
K:\COMPONENTS\LIBRARYV2\GEOS\LIBGEOS-3.5.0\X64\DEBUG\PLANARGRAPH\NODE.OBJ
K:\COMPONENTS\LIBRARYV2\GEOS\LIBGEOS-3.5.0\X64\DEBUG\PLANARGRAPH\NODEMAP.OBJ
K:\COMPONENTS\LIBRARYV2\GEOS\LIBGEOS-3.5.0\X64\DEBUG\PLANARGRAPH\PLANARGRAPH.OBJ
K:\COMPONENTS\LIBRARYV2\GEOS\LIBGEOS-3.5.0\X64\DEBUG\PLANARGRAPH\SUBGRAPH.OBJ
K:\COMPONENTS\LIBRARYV2\GEOS\LIBGEOS-3.5.0\X64\DEBUG\POINT.OBJ
K:\COMPONENTS\LIBRARYV2\GEOS\LIBGEOS-3.5.0\X64\DEBUG\POINTBUILDER.OBJ
K:\COMPONENTS\LIBRARYV2\GEOS\LIBGEOS-3.5.0\X64\DEBUG\POINTEXTRACTER.OBJ
K:\COMPONENTS\LIBRARYV2\GEOS\LIBGEOS-3.5.0\X64\DEBUG\POINTGEOMETRYUNION.OBJ
K:\COMPONENTS\LIBRARYV2\GEOS\LIBGEOS-3.5.0\X64\DEBUG\POINTLOCATOR.OBJ
K:\COMPONENTS\LIBRARYV2\GEOS\LIBGEOS-3.5.0\X64\DEBUG\POINTONGEOMETRYLOCATOR.OBJ
K:\COMPONENTS\LIBRARYV2\GEOS\LIBGEOS-3.5.0\X64\DEBUG\POLYGON.OBJ
K:\COMPONENTS\LIBRARYV2\GEOS\LIBGEOS-3.5.0\X64\DEBUG\POLYGONBUILDER.OBJ
K:\COMPONENTS\LIBRARYV2\GEOS\LIBGEOS-3.5.0\X64\DEBUG\POLYGONEXTRACTER.OBJ
K:\COMPONENTS\LIBRARYV2\GEOS\LIBGEOS-3.5.0\X64\DEBUG\POSITION.OBJ
K:\COMPONENTS\LIBRARYV2\GEOS\LIBGEOS-3.5.0\X64\DEBUG\PRECISIONMODEL.OBJ
K:\COMPONENTS\LIBRARYV2\GEOS\LIBGEOS-3.5.0\X64\DEBUG\PRECISIONREDUCERCOORDINATEOPERATION.OBJ
K:\COMPONENTS\LIBRARYV2\GEOS\LIBGEOS-3.5.0\X64\DEBUG\PREPAREDGEOMETRY.OBJ
K:\COMPONENTS\LIBRARYV2\GEOS\LIBGEOS-3.5.0\X64\DEBUG\PREPAREDGEOMETRYFACTORY.OBJ
K:\COMPONENTS\LIBRARYV2\GEOS\LIBGEOS-3.5.0\X64\DEBUG\PREPAREDLINESTRING.OBJ
K:\COMPONENTS\LIBRARYV2\GEOS\LIBGEOS-3.5.0\X64\DEBUG\PREPAREDLINESTRINGINTERSECTS.OBJ
K:\COMPONENTS\LIBRARYV2\GEOS\LIBGEOS-3.5.0\X64\DEBUG\PREPAREDPOINT.OBJ
K:\COMPONENTS\LIBRARYV2\GEOS\LIBGEOS-3.5.0\X64\DEBUG\PREPAREDPOLYGON.OBJ
K:\COMPONENTS\LIBRARYV2\GEOS\LIBGEOS-3.5.0\X64\DEBUG\PREPAREDPOLYGONCONTAINS.OBJ
K:\COMPONENTS\LIBRARYV2\GEOS\LIBGEOS-3.5.0\X64\DEBUG\PREPAREDPOLYGONCONTAINSPROPERLY.OBJ
K:\COMPONENTS\LIBRARYV2\GEOS\LIBGEOS-3.5.0\X64\DEBUG\PREPAREDPOLYGONCOVERS.OBJ
K:\COMPONENTS\LIBRARYV2\GEOS\LIBGEOS-3.5.0\X64\DEBUG\PREPAREDPOLYGONINTERSECTS.OBJ
K:\COMPONENTS\LIBRARYV2\GEOS\LIBGEOS-3.5.0\X64\DEBUG\PREPAREDPOLYGONPREDICATE.OBJ
K:\COMPONENTS\LIBRARYV2\GEOS\LIBGEOS-3.5.0\X64\DEBUG\PROFILER.OBJ
K:\COMPONENTS\LIBRARYV2\GEOS\LIBGEOS-3.5.0\X64\DEBUG\QUADEDGE.OBJ
K:\COMPONENTS\LIBRARYV2\GEOS\LIBGEOS-3.5.0\X64\DEBUG\QUADEDGELOCATOR.OBJ
K:\COMPONENTS\LIBRARYV2\GEOS\LIBGEOS-3.5.0\X64\DEBUG\QUADEDGESUBDIVISION.OBJ
K:\COMPONENTS\LIBRARYV2\GEOS\LIBGEOS-3.5.0\X64\DEBUG\QUADRANT.OBJ
K:\COMPONENTS\LIBRARYV2\GEOS\LIBGEOS-3.5.0\X64\DEBUG\QUADTREENESTEDRINGTESTER.OBJ
K:\COMPONENTS\LIBRARYV2\GEOS\LIBGEOS-3.5.0\X64\DEBUG\RAYCROSSINGCOUNTER.OBJ
K:\COMPONENTS\LIBRARYV2\GEOS\LIBGEOS-3.5.0\X64\DEBUG\RECTANGLE.OBJ
K:\COMPONENTS\LIBRARYV2\GEOS\LIBGEOS-3.5.0\X64\DEBUG\RECTANGLECONTAINS.OBJ
K:\COMPONENTS\LIBRARYV2\GEOS\LIBGEOS-3.5.0\X64\DEBUG\RECTANGLEINTERSECTION.OBJ
K:\COMPONENTS\LIBRARYV2\GEOS\LIBGEOS-3.5.0\X64\DEBUG\RECTANGLEINTERSECTIONBUILDER.OBJ
K:\COMPONENTS\LIBRARYV2\GEOS\LIBGEOS-3.5.0\X64\DEBUG\RECTANGLEINTERSECTS.OBJ
K:\COMPONENTS\LIBRARYV2\GEOS\LIBGEOS-3.5.0\X64\DEBUG\RELATECOMPUTER.OBJ
K:\COMPONENTS\LIBRARYV2\GEOS\LIBGEOS-3.5.0\X64\DEBUG\RELATENODE.OBJ
K:\COMPONENTS\LIBRARYV2\GEOS\LIBGEOS-3.5.0\X64\DEBUG\RELATENODEFACTORY.OBJ
K:\COMPONENTS\LIBRARYV2\GEOS\LIBGEOS-3.5.0\X64\DEBUG\RELATENODEGRAPH.OBJ
K:\COMPONENTS\LIBRARYV2\GEOS\LIBGEOS-3.5.0\X64\DEBUG\RELATEOP.OBJ
K:\COMPONENTS\LIBRARYV2\GEOS\LIBGEOS-3.5.0\X64\DEBUG\REPEATEDPOINTTESTER.OBJ
K:\COMPONENTS\LIBRARYV2\GEOS\LIBGEOS-3.5.0\X64\DEBUG\RIGHTMOSTEDGEFINDER.OBJ
K:\COMPONENTS\LIBRARYV2\GEOS\LIBGEOS-3.5.0\X64\DEBUG\ROBUSTDETERMINANT.OBJ
K:\COMPONENTS\LIBRARYV2\GEOS\LIBGEOS-3.5.0\X64\DEBUG\SCALEDNODER.OBJ
K:\COMPONENTS\LIBRARYV2\GEOS\LIBGEOS-3.5.0\X64\DEBUG\SEGMENTINTERSECTIONDETECTOR.OBJ
K:\COMPONENTS\LIBRARYV2\GEOS\LIBGEOS-3.5.0\X64\DEBUG\SEGMENTINTERSECTIONTESTER.OBJ
K:\COMPONENTS\LIBRARYV2\GEOS\LIBGEOS-3.5.0\X64\DEBUG\SEGMENTINTERSECTOR.OBJ
K:\COMPONENTS\LIBRARYV2\GEOS\LIBGEOS-3.5.0\X64\DEBUG\SEGMENTNODE.OBJ
K:\COMPONENTS\LIBRARYV2\GEOS\LIBGEOS-3.5.0\X64\DEBUG\SEGMENTNODELIST.OBJ
K:\COMPONENTS\LIBRARYV2\GEOS\LIBGEOS-3.5.0\X64\DEBUG\SEGMENTSTRING.OBJ
K:\COMPONENTS\LIBRARYV2\GEOS\LIBGEOS-3.5.0\X64\DEBUG\SEGMENTSTRINGUTIL.OBJ
K:\COMPONENTS\LIBRARYV2\GEOS\LIBGEOS-3.5.0\X64\DEBUG\SHAREDPATHSOP.OBJ
K:\COMPONENTS\LIBRARYV2\GEOS\LIBGEOS-3.5.0\X64\DEBUG\SHORTCIRCUITEDGEOMETRYVISITOR.OBJ
K:\COMPONENTS\LIBRARYV2\GEOS\LIBGEOS-3.5.0\X64\DEBUG\SIMPLEEDGESETINTERSECTOR.OBJ
K:\COMPONENTS\LIBRARYV2\GEOS\LIBGEOS-3.5.0\X64\DEBUG\SIMPLEGEOMETRYPRECISIONREDUCER.OBJ
K:\COMPONENTS\LIBRARYV2\GEOS\LIBGEOS-3.5.0\X64\DEBUG\SIMPLEMCSWEEPLINEINTERSECTOR.OBJ
K:\COMPONENTS\LIBRARYV2\GEOS\LIBGEOS-3.5.0\X64\DEBUG\SIMPLENESTEDRINGTESTER.OBJ
K:\COMPONENTS\LIBRARYV2\GEOS\LIBGEOS-3.5.0\X64\DEBUG\SIMPLENODER.OBJ
K:\COMPONENTS\LIBRARYV2\GEOS\LIBGEOS-3.5.0\X64\DEBUG\SIMPLEPOINTINAREALOCATOR.OBJ
K:\COMPONENTS\LIBRARYV2\GEOS\LIBGEOS-3.5.0\X64\DEBUG\SIMPLEPOINTINRING.OBJ
K:\COMPONENTS\LIBRARYV2\GEOS\LIBGEOS-3.5.0\X64\DEBUG\SIMPLESNAPROUNDER.OBJ
K:\COMPONENTS\LIBRARYV2\GEOS\LIBGEOS-3.5.0\X64\DEBUG\SIMPLESWEEPLINEINTERSECTOR.OBJ
K:\COMPONENTS\LIBRARYV2\GEOS\LIBGEOS-3.5.0\X64\DEBUG\SINESTARFACTORY.OBJ
K:\COMPONENTS\LIBRARYV2\GEOS\LIBGEOS-3.5.0\X64\DEBUG\SINGLEINTERIORINTERSECTIONFINDER.OBJ
K:\COMPONENTS\LIBRARYV2\GEOS\LIBGEOS-3.5.0\X64\DEBUG\SIRTREEPOINTINRING.OBJ
K:\COMPONENTS\LIBRARYV2\GEOS\LIBGEOS-3.5.0\X64\DEBUG\SNAPIFNEEDEDOVERLAYOP.OBJ
K:\COMPONENTS\LIBRARYV2\GEOS\LIBGEOS-3.5.0\X64\DEBUG\SNAPOVERLAYOP.OBJ
K:\COMPONENTS\LIBRARYV2\GEOS\LIBGEOS-3.5.0\X64\DEBUG\SORTEDPACKEDINTERVALRTREE.OBJ
K:\COMPONENTS\LIBRARYV2\GEOS\LIBGEOS-3.5.0\X64\DEBUG\STRINGTOKENIZER.OBJ
K:\COMPONENTS\LIBRARYV2\GEOS\LIBGEOS-3.5.0\X64\DEBUG\SUBGRAPHDEPTHLOCATER.OBJ
K:\COMPONENTS\LIBRARYV2\GEOS\LIBGEOS-3.5.0\X64\DEBUG\SWEEPLINEEVENT.OBJ
K:\COMPONENTS\LIBRARYV2\GEOS\LIBGEOS-3.5.0\X64\DEBUG\SWEEPLINENESTEDRINGTESTER.OBJ
K:\COMPONENTS\LIBRARYV2\GEOS\LIBGEOS-3.5.0\X64\DEBUG\SWEEPLINESEGMENT.OBJ
K:\COMPONENTS\LIBRARYV2\GEOS\LIBGEOS-3.5.0\X64\DEBUG\TAGGEDLINESEGMENT.OBJ
K:\COMPONENTS\LIBRARYV2\GEOS\LIBGEOS-3.5.0\X64\DEBUG\TAGGEDLINESSIMPLIFIER.OBJ
K:\COMPONENTS\LIBRARYV2\GEOS\LIBGEOS-3.5.0\X64\DEBUG\TAGGEDLINESTRING.OBJ
K:\COMPONENTS\LIBRARYV2\GEOS\LIBGEOS-3.5.0\X64\DEBUG\TAGGEDLINESTRINGSIMPLIFIER.OBJ
K:\COMPONENTS\LIBRARYV2\GEOS\LIBGEOS-3.5.0\X64\DEBUG\TOPOLOGYLOCATION.OBJ
K:\COMPONENTS\LIBRARYV2\GEOS\LIBGEOS-3.5.0\X64\DEBUG\TOPOLOGYPRESERVINGSIMPLIFIER.OBJ
K:\COMPONENTS\LIBRARYV2\GEOS\LIBGEOS-3.5.0\X64\DEBUG\TOPOLOGYVALIDATIONERROR.OBJ
K:\COMPONENTS\LIBRARYV2\GEOS\LIBGEOS-3.5.0\X64\DEBUG\TRIANGLE.OBJ
K:\COMPONENTS\LIBRARYV2\GEOS\LIBGEOS-3.5.0\X64\DEBUG\TRIANGLEPREDICATE.OBJ
K:\COMPONENTS\LIBRARYV2\GEOS\LIBGEOS-3.5.0\X64\DEBUG\TRIANGLEVISITOR.OBJ
K:\COMPONENTS\LIBRARYV2\GEOS\LIBGEOS-3.5.0\X64\DEBUG\UNARYUNIONOP.OBJ
K:\COMPONENTS\LIBRARYV2\GEOS\LIBGEOS-3.5.0\X64\DEBUG\UNLOAD.OBJ
K:\COMPONENTS\LIBRARYV2\GEOS\LIBGEOS-3.5.0\X64\DEBUG\VC100.PDB
K:\COMPONENTS\LIBRARYV2\GEOS\LIBGEOS-3.5.0\X64\DEBUG\VERTEX.OBJ
K:\COMPONENTS\LIBRARYV2\GEOS\LIBGEOS-3.5.0\X64\DEBUG\VORONOIDIAGRAMBUILDER.OBJ
K:\COMPONENTS\LIBRARYV2\GEOS\LIBGEOS-3.5.0\X64\DEBUG\WKBREADER.OBJ
K:\COMPONENTS\LIBRARYV2\GEOS\LIBGEOS-3.5.0\X64\DEBUG\WKBWRITER.OBJ
K:\COMPONENTS\LIBRARYV2\GEOS\LIBGEOS-3.5.0\X64\DEBUG\WKTREADER.OBJ
K:\COMPONENTS\LIBRARYV2\GEOS\LIBGEOS-3.5.0\X64\DEBUG\WKTWRITER.OBJ
K:\COMPONENTS\LIBRARYV2\GEOS\LIBGEOS-3.5.0\X64\DEBUG\WRITER.OBJ
