Build started 19/07/2016 17:41:19.
     1>Project "K:\Components\LibraryV2\GDAL\GDAL_2.1.0_VC_NoIntFilesCleanUp\3rdpart\geos-3.5.0\vc\libgeos-3.5.0.vcxproj" on node 2 (build target(s)).
     1>InitializeBuildStatus:
         Creating "K:\Components\LibraryV2\GDAL\GDAL_2.1.0_VC_NoIntFilesCleanUp\3rdpart\geos-3.5.0\vc\x64\Debug\libgeos-3.5.0.unsuccessfulbuild" because "AlwaysCreate" was specified.
       ClCompile:
         c:\Program Files (x86)\Microsoft Visual Studio 10.0\VC\bin\x86_amd64\CL.exe /c /I../include /Zi /nologo /W3 /WX- /Od /D WIN32 /D _DEBUG /D _WINDOWS /D _USRDLL /D LIBGEOS350_EXPORTS /D GEOS_DLL_EXPORT /D _WINDLL /D _MBCS /Gm /EHsc /RTC1 /MDd /GS /fp:precise /Zc:wchar_t /Zc:forScope /Fo"K:\Components\LibraryV2\GDAL\GDAL_2.1.0_VC_NoIntFilesCleanUp\3rdpart\geos-3.5.0\vc\x64\Debug\\" /Fd"K:\Components\LibraryV2\GDAL\GDAL_2.1.0_VC_NoIntFilesCleanUp\3rdpart\geos-3.5.0\vc\x64\Debug\vc100.pdb" /Gd /TP /errorReport:prompt ..\capi\geos_c.cpp ..\capi\geos_ts_c.cpp
         geos_ts_c.cpp
     1>K:\Components\LibraryV2\GDAL\GDAL_2.1.0_VC_NoIntFilesCleanUp\3rdpart\geos-3.5.0\include\geos/noding/GeometryNoder.h(54): warning C4251: 'geos::noding::GeometryNoder::lineList' : class 'std::vector<_Ty>' needs to have dll-interface to be used by clients of class 'geos::noding::GeometryNoder'
                 with
                 [
                     _Ty=geos::noding::SegmentString *
                 ]
     1>K:\Components\LibraryV2\GDAL\GDAL_2.1.0_VC_NoIntFilesCleanUp\3rdpart\geos-3.5.0\include\geos/noding/GeometryNoder.h(61): warning C4251: 'geos::noding::GeometryNoder::noder' : class 'std::auto_ptr<_Ty>' needs to have dll-interface to be used by clients of class 'geos::noding::GeometryNoder'
                 with
                 [
                     _Ty=geos::noding::Noder
                 ]
     1>..\capi\geos_ts_c.cpp(225): warning C4996: 'vsnprintf': This function or variable may be unsafe. Consider using vsnprintf_s instead. To disable deprecation, use _CRT_SECURE_NO_WARNINGS. See online help for details.
                 c:\Program Files (x86)\Microsoft Visual Studio 10.0\VC\include\stdio.h(354) : see declaration of 'vsnprintf'
     1>..\capi\geos_ts_c.cpp(246): warning C4996: 'vsnprintf': This function or variable may be unsafe. Consider using vsnprintf_s instead. To disable deprecation, use _CRT_SECURE_NO_WARNINGS. See online help for details.
                 c:\Program Files (x86)\Microsoft Visual Studio 10.0\VC\include\stdio.h(354) : see declaration of 'vsnprintf'
     1>..\capi\geos_ts_c.cpp(3499): warning C4996: 'sprintf': This function or variable may be unsafe. Consider using sprintf_s instead. To disable deprecation, use _CRT_SECURE_NO_WARNINGS. See online help for details.
                 c:\Program Files (x86)\Microsoft Visual Studio 10.0\VC\include\stdio.h(371) : see declaration of 'sprintf'
         geos_c.cpp
         Generating Code...
         All outputs are up-to-date.
         All outputs are up-to-date.
         All outputs are up-to-date.
         All outputs are up-to-date.
         All outputs are up-to-date.
         All outputs are up-to-date.
       ManifestResourceCompile:
         All outputs are up-to-date.
       Link:
         c:\Program Files (x86)\Microsoft Visual Studio 10.0\VC\bin\x86_amd64\link.exe /ERRORREPORT:PROMPT /OUT:"K:\Components\LibraryV2\GDAL\GDAL_2.1.0_VC_NoIntFilesCleanUp\3rdpart\geos-3.5.0\vc\x64\Debug\geos.dll" /INCREMENTAL /NOLOGO /MANIFEST /ManifestFile:"K:\Components\LibraryV2\GDAL\GDAL_2.1.0_VC_NoIntFilesCleanUp\3rdpart\geos-3.5.0\vc\x64\Debug\geos.dll.intermediate.manifest" /MANIFESTUAC:"level='asInvoker' uiAccess='false'" /DEBUG /PDB:"K:\Components\LibraryV2\GDAL\GDAL_2.1.0_VC_NoIntFilesCleanUp\3rdpart\geos-3.5.0\vc\x64\Debug\geos.pdb" /SUBSYSTEM:WINDOWS /TLBID:1 /DYNAMICBASE /NXCOMPAT /IMPLIB:"K:\Components\LibraryV2\GDAL\GDAL_2.1.0_VC_NoIntFilesCleanUp\3rdpart\geos-3.5.0\vc\x64\Debug\geos.lib" /MACHINE:X64 /DLL "K:\Components\LibraryV2\GDAL\GDAL_2.1.0_VC_NoIntFilesCleanUp\3rdpart\geos-3.5.0\vc\x64\Debug\geos.dll.embed.manifest.res"
         "K:\Components\LibraryV2\GDAL\GDAL_2.1.0_VC_NoIntFilesCleanUp\3rdpart\geos-3.5.0\vc\x64\Debug\geos_c.obj"
         "K:\Components\LibraryV2\GDAL\GDAL_2.1.0_VC_NoIntFilesCleanUp\3rdpart\geos-3.5.0\vc\x64\Debug\geos_ts_c.obj"
         "K:\Components\LibraryV2\GDAL\GDAL_2.1.0_VC_NoIntFilesCleanUp\3rdpart\geos-3.5.0\vc\x64\Debug\Angle.obj"
         "K:\Components\LibraryV2\GDAL\GDAL_2.1.0_VC_NoIntFilesCleanUp\3rdpart\geos-3.5.0\vc\x64\Debug\BoundaryNodeRule.obj"
         "K:\Components\LibraryV2\GDAL\GDAL_2.1.0_VC_NoIntFilesCleanUp\3rdpart\geos-3.5.0\vc\x64\Debug\Centroid.obj"
         "K:\Components\LibraryV2\GDAL\GDAL_2.1.0_VC_NoIntFilesCleanUp\3rdpart\geos-3.5.0\vc\x64\Debug\CentroidArea.obj"
         "K:\Components\LibraryV2\GDAL\GDAL_2.1.0_VC_NoIntFilesCleanUp\3rdpart\geos-3.5.0\vc\x64\Debug\CentroidLine.obj"
         "K:\Components\LibraryV2\GDAL\GDAL_2.1.0_VC_NoIntFilesCleanUp\3rdpart\geos-3.5.0\vc\x64\Debug\CentroidPoint.obj"
         "K:\Components\LibraryV2\GDAL\GDAL_2.1.0_VC_NoIntFilesCleanUp\3rdpart\geos-3.5.0\vc\x64\Debug\CGAlgorithms.obj"
         "K:\Components\LibraryV2\GDAL\GDAL_2.1.0_VC_NoIntFilesCleanUp\3rdpart\geos-3.5.0\vc\x64\Debug\ConvexHull.obj"
         "K:\Components\LibraryV2\GDAL\GDAL_2.1.0_VC_NoIntFilesCleanUp\3rdpart\geos-3.5.0\vc\x64\Debug\DiscreteHausdorffDistance.obj"
         "K:\Components\LibraryV2\GDAL\GDAL_2.1.0_VC_NoIntFilesCleanUp\3rdpart\geos-3.5.0\vc\x64\Debug\DistanceToPoint.obj"
         "K:\Components\LibraryV2\GDAL\GDAL_2.1.0_VC_NoIntFilesCleanUp\3rdpart\geos-3.5.0\vc\x64\Debug\HCoordinate.obj"
         "K:\Components\LibraryV2\GDAL\GDAL_2.1.0_VC_NoIntFilesCleanUp\3rdpart\geos-3.5.0\vc\x64\Debug\InteriorPointArea.obj"
         "K:\Components\LibraryV2\GDAL\GDAL_2.1.0_VC_NoIntFilesCleanUp\3rdpart\geos-3.5.0\vc\x64\Debug\InteriorPointLine.obj"
         "K:\Components\LibraryV2\GDAL\GDAL_2.1.0_VC_NoIntFilesCleanUp\3rdpart\geos-3.5.0\vc\x64\Debug\InteriorPointPoint.obj"
         "K:\Components\LibraryV2\GDAL\GDAL_2.1.0_VC_NoIntFilesCleanUp\3rdpart\geos-3.5.0\vc\x64\Debug\LineIntersector.obj"
         "K:\Components\LibraryV2\GDAL\GDAL_2.1.0_VC_NoIntFilesCleanUp\3rdpart\geos-3.5.0\vc\x64\Debug\IndexedPointInAreaLocator.obj"
         "K:\Components\LibraryV2\GDAL\GDAL_2.1.0_VC_NoIntFilesCleanUp\3rdpart\geos-3.5.0\vc\x64\Debug\PointOnGeometryLocator.obj"
         "K:\Components\LibraryV2\GDAL\GDAL_2.1.0_VC_NoIntFilesCleanUp\3rdpart\geos-3.5.0\vc\x64\Debug\SimplePointInAreaLocator.obj"
         "K:\Components\LibraryV2\GDAL\GDAL_2.1.0_VC_NoIntFilesCleanUp\3rdpart\geos-3.5.0\vc\x64\Debug\MCPointInRing.obj"
         "K:\Components\LibraryV2\GDAL\GDAL_2.1.0_VC_NoIntFilesCleanUp\3rdpart\geos-3.5.0\vc\x64\Debug\MinimumDiameter.obj"
         "K:\Components\LibraryV2\GDAL\GDAL_2.1.0_VC_NoIntFilesCleanUp\3rdpart\geos-3.5.0\vc\x64\Debug\NotRepresentableException.obj"
         "K:\Components\LibraryV2\GDAL\GDAL_2.1.0_VC_NoIntFilesCleanUp\3rdpart\geos-3.5.0\vc\x64\Debug\PointLocator.obj"
         "K:\Components\LibraryV2\GDAL\GDAL_2.1.0_VC_NoIntFilesCleanUp\3rdpart\geos-3.5.0\vc\x64\Debug\RayCrossingCounter.obj"
         "K:\Components\LibraryV2\GDAL\GDAL_2.1.0_VC_NoIntFilesCleanUp\3rdpart\geos-3.5.0\vc\x64\Debug\RobustDeterminant.obj"
         "K:\Components\LibraryV2\GDAL\GDAL_2.1.0_VC_NoIntFilesCleanUp\3rdpart\geos-3.5.0\vc\x64\Debug\SimplePointInRing.obj"
         "K:\Components\LibraryV2\GDAL\GDAL_2.1.0_VC_NoIntFilesCleanUp\3rdpart\geos-3.5.0\vc\x64\Debug\SIRtreePointInRing.obj"
         "K:\Components\LibraryV2\GDAL\GDAL_2.1.0_VC_NoIntFilesCleanUp\3rdpart\geos-3.5.0\vc\x64\Debug\Depth.obj"
         "K:\Components\LibraryV2\GDAL\GDAL_2.1.0_VC_NoIntFilesCleanUp\3rdpart\geos-3.5.0\vc\x64\Debug\DirectedEdge.obj"
         "K:\Components\LibraryV2\GDAL\GDAL_2.1.0_VC_NoIntFilesCleanUp\3rdpart\geos-3.5.0\vc\x64\Debug\DirectedEdgeStar.obj"
         "K:\Components\LibraryV2\GDAL\GDAL_2.1.0_VC_NoIntFilesCleanUp\3rdpart\geos-3.5.0\vc\x64\Debug\Edge.obj"
         "K:\Components\LibraryV2\GDAL\GDAL_2.1.0_VC_NoIntFilesCleanUp\3rdpart\geos-3.5.0\vc\x64\Debug\EdgeEnd.obj"
         "K:\Components\LibraryV2\GDAL\GDAL_2.1.0_VC_NoIntFilesCleanUp\3rdpart\geos-3.5.0\vc\x64\Debug\EdgeEndStar.obj"
         "K:\Components\LibraryV2\GDAL\GDAL_2.1.0_VC_NoIntFilesCleanUp\3rdpart\geos-3.5.0\vc\x64\Debug\EdgeIntersectionList.obj"
         "K:\Components\LibraryV2\GDAL\GDAL_2.1.0_VC_NoIntFilesCleanUp\3rdpart\geos-3.5.0\vc\x64\Debug\EdgeList.obj"
         "K:\Components\LibraryV2\GDAL\GDAL_2.1.0_VC_NoIntFilesCleanUp\3rdpart\geos-3.5.0\vc\x64\Debug\EdgeNodingValidator.obj"
         "K:\Components\LibraryV2\GDAL\GDAL_2.1.0_VC_NoIntFilesCleanUp\3rdpart\geos-3.5.0\vc\x64\Debug\EdgeRing.obj"
         "K:\Components\LibraryV2\GDAL\GDAL_2.1.0_VC_NoIntFilesCleanUp\3rdpart\geos-3.5.0\vc\x64\Debug\GeometryGraph.obj"
         "K:\Components\LibraryV2\GDAL\GDAL_2.1.0_VC_NoIntFilesCleanUp\3rdpart\geos-3.5.0\vc\x64\Debug\GraphComponent.obj"
         "K:\Components\LibraryV2\GDAL\GDAL_2.1.0_VC_NoIntFilesCleanUp\3rdpart\geos-3.5.0\vc\x64\Debug\MonotoneChainEdge.obj"
         "K:\Components\LibraryV2\GDAL\GDAL_2.1.0_VC_NoIntFilesCleanUp\3rdpart\geos-3.5.0\vc\x64\Debug\MonotoneChainIndexer.obj"
         "K:\Components\LibraryV2\GDAL\GDAL_2.1.0_VC_NoIntFilesCleanUp\3rdpart\geos-3.5.0\vc\x64\Debug\SegmentIntersector.obj"
         "K:\Components\LibraryV2\GDAL\GDAL_2.1.0_VC_NoIntFilesCleanUp\3rdpart\geos-3.5.0\vc\x64\Debug\SimpleEdgeSetIntersector.obj"
         "K:\Components\LibraryV2\GDAL\GDAL_2.1.0_VC_NoIntFilesCleanUp\3rdpart\geos-3.5.0\vc\x64\Debug\SimpleMCSweepLineIntersector.obj"
         "K:\Components\LibraryV2\GDAL\GDAL_2.1.0_VC_NoIntFilesCleanUp\3rdpart\geos-3.5.0\vc\x64\Debug\SimpleSweepLineIntersector.obj"
         "K:\Components\LibraryV2\GDAL\GDAL_2.1.0_VC_NoIntFilesCleanUp\3rdpart\geos-3.5.0\vc\x64\Debug\SweepLineEvent.obj"
         "K:\Components\LibraryV2\GDAL\GDAL_2.1.0_VC_NoIntFilesCleanUp\3rdpart\geos-3.5.0\vc\x64\Debug\SweepLineSegment.obj"
         "K:\Components\LibraryV2\GDAL\GDAL_2.1.0_VC_NoIntFilesCleanUp\3rdpart\geos-3.5.0\vc\x64\Debug\Label.obj"
         "K:\Components\LibraryV2\GDAL\GDAL_2.1.0_VC_NoIntFilesCleanUp\3rdpart\geos-3.5.0\vc\x64\Debug\Node.obj"
         "K:\Components\LibraryV2\GDAL\GDAL_2.1.0_VC_NoIntFilesCleanUp\3rdpart\geos-3.5.0\vc\x64\Debug\NodeFactory.obj"
         "K:\Components\LibraryV2\GDAL\GDAL_2.1.0_VC_NoIntFilesCleanUp\3rdpart\geos-3.5.0\vc\x64\Debug\NodeMap.obj"
         "K:\Components\LibraryV2\GDAL\GDAL_2.1.0_VC_NoIntFilesCleanUp\3rdpart\geos-3.5.0\vc\x64\Debug\PlanarGraph.obj"
         "K:\Components\LibraryV2\GDAL\GDAL_2.1.0_VC_NoIntFilesCleanUp\3rdpart\geos-3.5.0\vc\x64\Debug\Position.obj"
         "K:\Components\LibraryV2\GDAL\GDAL_2.1.0_VC_NoIntFilesCleanUp\3rdpart\geos-3.5.0\vc\x64\Debug\Quadrant.obj"
         "K:\Components\LibraryV2\GDAL\GDAL_2.1.0_VC_NoIntFilesCleanUp\3rdpart\geos-3.5.0\vc\x64\Debug\TopologyLocation.obj"
         "K:\Components\LibraryV2\GDAL\GDAL_2.1.0_VC_NoIntFilesCleanUp\3rdpart\geos-3.5.0\vc\x64\Debug\Coordinate.obj"
         "K:\Components\LibraryV2\GDAL\GDAL_2.1.0_VC_NoIntFilesCleanUp\3rdpart\geos-3.5.0\vc\x64\Debug\CoordinateArraySequence.obj"
         "K:\Components\LibraryV2\GDAL\GDAL_2.1.0_VC_NoIntFilesCleanUp\3rdpart\geos-3.5.0\vc\x64\Debug\CoordinateArraySequenceFactory.obj"
         "K:\Components\LibraryV2\GDAL\GDAL_2.1.0_VC_NoIntFilesCleanUp\3rdpart\geos-3.5.0\vc\x64\Debug\CoordinateSequence.obj"
         "K:\Components\LibraryV2\GDAL\GDAL_2.1.0_VC_NoIntFilesCleanUp\3rdpart\geos-3.5.0\vc\x64\Debug\CoordinateSequenceFactory.obj"
         "K:\Components\LibraryV2\GDAL\GDAL_2.1.0_VC_NoIntFilesCleanUp\3rdpart\geos-3.5.0\vc\x64\Debug\Dimension.obj"
         "K:\Components\LibraryV2\GDAL\GDAL_2.1.0_VC_NoIntFilesCleanUp\3rdpart\geos-3.5.0\vc\x64\Debug\Envelope.obj"
         "K:\Components\LibraryV2\GDAL\GDAL_2.1.0_VC_NoIntFilesCleanUp\3rdpart\geos-3.5.0\vc\x64\Debug\Geometry.obj"
         "K:\Components\LibraryV2\GDAL\GDAL_2.1.0_VC_NoIntFilesCleanUp\3rdpart\geos-3.5.0\vc\x64\Debug\GeometryCollection.obj"
         "K:\Components\LibraryV2\GDAL\GDAL_2.1.0_VC_NoIntFilesCleanUp\3rdpart\geos-3.5.0\vc\x64\Debug\GeometryComponentFilter.obj"
         "K:\Components\LibraryV2\GDAL\GDAL_2.1.0_VC_NoIntFilesCleanUp\3rdpart\geos-3.5.0\vc\x64\Debug\GeometryFactory.obj"
         "K:\Components\LibraryV2\GDAL\GDAL_2.1.0_VC_NoIntFilesCleanUp\3rdpart\geos-3.5.0\vc\x64\Debug\GeometryList.obj"
         "K:\Components\LibraryV2\GDAL\GDAL_2.1.0_VC_NoIntFilesCleanUp\3rdpart\geos-3.5.0\vc\x64\Debug\IntersectionMatrix.obj"
         "K:\Components\LibraryV2\GDAL\GDAL_2.1.0_VC_NoIntFilesCleanUp\3rdpart\geos-3.5.0\vc\x64\Debug\LinearRing.obj"
         "K:\Components\LibraryV2\GDAL\GDAL_2.1.0_VC_NoIntFilesCleanUp\3rdpart\geos-3.5.0\vc\x64\Debug\LineSegment.obj"
         "K:\Components\LibraryV2\GDAL\GDAL_2.1.0_VC_NoIntFilesCleanUp\3rdpart\geos-3.5.0\vc\x64\Debug\LineString.obj"
         "K:\Components\LibraryV2\GDAL\GDAL_2.1.0_VC_NoIntFilesCleanUp\3rdpart\geos-3.5.0\vc\x64\Debug\Location.obj"
         "K:\Components\LibraryV2\GDAL\GDAL_2.1.0_VC_NoIntFilesCleanUp\3rdpart\geos-3.5.0\vc\x64\Debug\MultiLineString.obj"
         "K:\Components\LibraryV2\GDAL\GDAL_2.1.0_VC_NoIntFilesCleanUp\3rdpart\geos-3.5.0\vc\x64\Debug\MultiPoint.obj"
         "K:\Components\LibraryV2\GDAL\GDAL_2.1.0_VC_NoIntFilesCleanUp\3rdpart\geos-3.5.0\vc\x64\Debug\MultiPolygon.obj"
         "K:\Components\LibraryV2\GDAL\GDAL_2.1.0_VC_NoIntFilesCleanUp\3rdpart\geos-3.5.0\vc\x64\Debug\Point.obj"
         "K:\Components\LibraryV2\GDAL\GDAL_2.1.0_VC_NoIntFilesCleanUp\3rdpart\geos-3.5.0\vc\x64\Debug\Polygon.obj"
         "K:\Components\LibraryV2\GDAL\GDAL_2.1.0_VC_NoIntFilesCleanUp\3rdpart\geos-3.5.0\vc\x64\Debug\PrecisionModel.obj"
         "K:\Components\LibraryV2\GDAL\GDAL_2.1.0_VC_NoIntFilesCleanUp\3rdpart\geos-3.5.0\vc\x64\Debug\AbstractPreparedPolygonContains.obj"
         "K:\Components\LibraryV2\GDAL\GDAL_2.1.0_VC_NoIntFilesCleanUp\3rdpart\geos-3.5.0\vc\x64\Debug\BasicPreparedGeometry.obj"
         "K:\Components\LibraryV2\GDAL\GDAL_2.1.0_VC_NoIntFilesCleanUp\3rdpart\geos-3.5.0\vc\x64\Debug\PreparedGeometry.obj"
         "K:\Components\LibraryV2\GDAL\GDAL_2.1.0_VC_NoIntFilesCleanUp\3rdpart\geos-3.5.0\vc\x64\Debug\PreparedGeometryFactory.obj"
         "K:\Components\LibraryV2\GDAL\GDAL_2.1.0_VC_NoIntFilesCleanUp\3rdpart\geos-3.5.0\vc\x64\Debug\PreparedLineString.obj"
         "K:\Components\LibraryV2\GDAL\GDAL_2.1.0_VC_NoIntFilesCleanUp\3rdpart\geos-3.5.0\vc\x64\Debug\PreparedLineStringIntersects.obj"
         "K:\Components\LibraryV2\GDAL\GDAL_2.1.0_VC_NoIntFilesCleanUp\3rdpart\geos-3.5.0\vc\x64\Debug\PreparedPoint.obj"
         "K:\Components\LibraryV2\GDAL\GDAL_2.1.0_VC_NoIntFilesCleanUp\3rdpart\geos-3.5.0\vc\x64\Debug\PreparedPolygon.obj"
         "K:\Components\LibraryV2\GDAL\GDAL_2.1.0_VC_NoIntFilesCleanUp\3rdpart\geos-3.5.0\vc\x64\Debug\PreparedPolygonContains.obj"
         "K:\Components\LibraryV2\GDAL\GDAL_2.1.0_VC_NoIntFilesCleanUp\3rdpart\geos-3.5.0\vc\x64\Debug\PreparedPolygonContainsProperly.obj"
         "K:\Components\LibraryV2\GDAL\GDAL_2.1.0_VC_NoIntFilesCleanUp\3rdpart\geos-3.5.0\vc\x64\Debug\PreparedPolygonCovers.obj"
         "K:\Components\LibraryV2\GDAL\GDAL_2.1.0_VC_NoIntFilesCleanUp\3rdpart\geos-3.5.0\vc\x64\Debug\PreparedPolygonIntersects.obj"
         "K:\Components\LibraryV2\GDAL\GDAL_2.1.0_VC_NoIntFilesCleanUp\3rdpart\geos-3.5.0\vc\x64\Debug\PreparedPolygonPredicate.obj"
         "K:\Components\LibraryV2\GDAL\GDAL_2.1.0_VC_NoIntFilesCleanUp\3rdpart\geos-3.5.0\vc\x64\Debug\Triangle.obj"
         "K:\Components\LibraryV2\GDAL\GDAL_2.1.0_VC_NoIntFilesCleanUp\3rdpart\geos-3.5.0\vc\x64\Debug\ComponentCoordinateExtracter.obj"
         "K:\Components\LibraryV2\GDAL\GDAL_2.1.0_VC_NoIntFilesCleanUp\3rdpart\geos-3.5.0\vc\x64\Debug\CoordinateOperation.obj"
         "K:\Components\LibraryV2\GDAL\GDAL_2.1.0_VC_NoIntFilesCleanUp\3rdpart\geos-3.5.0\vc\x64\Debug\GeometryCombiner.obj"
         "K:\Components\LibraryV2\GDAL\GDAL_2.1.0_VC_NoIntFilesCleanUp\3rdpart\geos-3.5.0\vc\x64\Debug\GeometryEditor.obj"
         "K:\Components\LibraryV2\GDAL\GDAL_2.1.0_VC_NoIntFilesCleanUp\3rdpart\geos-3.5.0\vc\x64\Debug\GeometryTransformer.obj"
         "K:\Components\LibraryV2\GDAL\GDAL_2.1.0_VC_NoIntFilesCleanUp\3rdpart\geos-3.5.0\vc\x64\Debug\LinearComponentExtracter.obj"
         "K:\Components\LibraryV2\GDAL\GDAL_2.1.0_VC_NoIntFilesCleanUp\3rdpart\geos-3.5.0\vc\x64\Debug\PointExtracter.obj"
         "K:\Components\LibraryV2\GDAL\GDAL_2.1.0_VC_NoIntFilesCleanUp\3rdpart\geos-3.5.0\vc\x64\Debug\PolygonExtracter.obj"
         "K:\Components\LibraryV2\GDAL\GDAL_2.1.0_VC_NoIntFilesCleanUp\3rdpart\geos-3.5.0\vc\x64\Debug\ShortCircuitedGeometryVisitor.obj"
         "K:\Components\LibraryV2\GDAL\GDAL_2.1.0_VC_NoIntFilesCleanUp\3rdpart\geos-3.5.0\vc\x64\Debug\SineStarFactory.obj"
         "K:\Components\LibraryV2\GDAL\GDAL_2.1.0_VC_NoIntFilesCleanUp\3rdpart\geos-3.5.0\vc\x64\Debug\MonotoneChain.obj"
         "K:\Components\LibraryV2\GDAL\GDAL_2.1.0_VC_NoIntFilesCleanUp\3rdpart\geos-3.5.0\vc\x64\Debug\MonotoneChainBuilder.obj"
         "K:\Components\LibraryV2\GDAL\GDAL_2.1.0_VC_NoIntFilesCleanUp\3rdpart\geos-3.5.0\vc\x64\Debug\MonotoneChainOverlapAction.obj"
         "K:\Components\LibraryV2\GDAL\GDAL_2.1.0_VC_NoIntFilesCleanUp\3rdpart\geos-3.5.0\vc\x64\Debug\MonotoneChainSelectAction.obj"
         "K:\Components\LibraryV2\GDAL\GDAL_2.1.0_VC_NoIntFilesCleanUp\3rdpart\geos-3.5.0\vc\x64\Debug\IntervalRTreeBranchNode.obj"
         "K:\Components\LibraryV2\GDAL\GDAL_2.1.0_VC_NoIntFilesCleanUp\3rdpart\geos-3.5.0\vc\x64\Debug\IntervalRTreeLeafNode.obj"
         "K:\Components\LibraryV2\GDAL\GDAL_2.1.0_VC_NoIntFilesCleanUp\3rdpart\geos-3.5.0\vc\x64\Debug\IntervalRTreeNode.obj"
         "K:\Components\LibraryV2\GDAL\GDAL_2.1.0_VC_NoIntFilesCleanUp\3rdpart\geos-3.5.0\vc\x64\Debug\SortedPackedIntervalRTree.obj"
         "K:\Components\LibraryV2\GDAL\GDAL_2.1.0_VC_NoIntFilesCleanUp\3rdpart\geos-3.5.0\vc\x64\Debug\inlines.obj"
         "K:\Components\LibraryV2\GDAL\GDAL_2.1.0_VC_NoIntFilesCleanUp\3rdpart\geos-3.5.0\vc\x64\Debug\ByteOrderDataInStream.obj"
         "K:\Components\LibraryV2\GDAL\GDAL_2.1.0_VC_NoIntFilesCleanUp\3rdpart\geos-3.5.0\vc\x64\Debug\ByteOrderValues.obj"
         "K:\Components\LibraryV2\GDAL\GDAL_2.1.0_VC_NoIntFilesCleanUp\3rdpart\geos-3.5.0\vc\x64\Debug\CLocalizer.obj"
         "K:\Components\LibraryV2\GDAL\GDAL_2.1.0_VC_NoIntFilesCleanUp\3rdpart\geos-3.5.0\vc\x64\Debug\ParseException.obj"
         "K:\Components\LibraryV2\GDAL\GDAL_2.1.0_VC_NoIntFilesCleanUp\3rdpart\geos-3.5.0\vc\x64\Debug\StringTokenizer.obj"
         "K:\Components\LibraryV2\GDAL\GDAL_2.1.0_VC_NoIntFilesCleanUp\3rdpart\geos-3.5.0\vc\x64\Debug\Unload.obj"
         "K:\Components\LibraryV2\GDAL\GDAL_2.1.0_VC_NoIntFilesCleanUp\3rdpart\geos-3.5.0\vc\x64\Debug\WKBReader.obj"
         "K:\Components\LibraryV2\GDAL\GDAL_2.1.0_VC_NoIntFilesCleanUp\3rdpart\geos-3.5.0\vc\x64\Debug\WKBWriter.obj"
         "K:\Components\LibraryV2\GDAL\GDAL_2.1.0_VC_NoIntFilesCleanUp\3rdpart\geos-3.5.0\vc\x64\Debug\WKTReader.obj"
         "K:\Components\LibraryV2\GDAL\GDAL_2.1.0_VC_NoIntFilesCleanUp\3rdpart\geos-3.5.0\vc\x64\Debug\WKTWriter.obj"
         "K:\Components\LibraryV2\GDAL\GDAL_2.1.0_VC_NoIntFilesCleanUp\3rdpart\geos-3.5.0\vc\x64\Debug\Writer.obj"
         "K:\Components\LibraryV2\GDAL\GDAL_2.1.0_VC_NoIntFilesCleanUp\3rdpart\geos-3.5.0\vc\x64\Debug\ExtractLineByLocation.obj"
         "K:\Components\LibraryV2\GDAL\GDAL_2.1.0_VC_NoIntFilesCleanUp\3rdpart\geos-3.5.0\vc\x64\Debug\LengthIndexedLine.obj"
         "K:\Components\LibraryV2\GDAL\GDAL_2.1.0_VC_NoIntFilesCleanUp\3rdpart\geos-3.5.0\vc\x64\Debug\LengthIndexOfPoint.obj"
         "K:\Components\LibraryV2\GDAL\GDAL_2.1.0_VC_NoIntFilesCleanUp\3rdpart\geos-3.5.0\vc\x64\Debug\LengthLocationMap.obj"
         "K:\Components\LibraryV2\GDAL\GDAL_2.1.0_VC_NoIntFilesCleanUp\3rdpart\geos-3.5.0\vc\x64\Debug\LinearGeometryBuilder.obj"
         "K:\Components\LibraryV2\GDAL\GDAL_2.1.0_VC_NoIntFilesCleanUp\3rdpart\geos-3.5.0\vc\x64\Debug\LinearIterator.obj"
         "K:\Components\LibraryV2\GDAL\GDAL_2.1.0_VC_NoIntFilesCleanUp\3rdpart\geos-3.5.0\vc\x64\Debug\LinearLocation.obj"
         "K:\Components\LibraryV2\GDAL\GDAL_2.1.0_VC_NoIntFilesCleanUp\3rdpart\geos-3.5.0\vc\x64\Debug\LocationIndexOfLine.obj"
         "K:\Components\LibraryV2\GDAL\GDAL_2.1.0_VC_NoIntFilesCleanUp\3rdpart\geos-3.5.0\vc\x64\Debug\LocationIndexOfPoint.obj"
         "K:\Components\LibraryV2\GDAL\GDAL_2.1.0_VC_NoIntFilesCleanUp\3rdpart\geos-3.5.0\vc\x64\Debug\BasicSegmentString.obj"
         "K:\Components\LibraryV2\GDAL\GDAL_2.1.0_VC_NoIntFilesCleanUp\3rdpart\geos-3.5.0\vc\x64\Debug\FastNodingValidator.obj"
         "K:\Components\LibraryV2\GDAL\GDAL_2.1.0_VC_NoIntFilesCleanUp\3rdpart\geos-3.5.0\vc\x64\Debug\FastSegmentSetIntersectionFinder.obj"
         "K:\Components\LibraryV2\GDAL\GDAL_2.1.0_VC_NoIntFilesCleanUp\3rdpart\geos-3.5.0\vc\x64\Debug\GeometryNoder.obj"
         "K:\Components\LibraryV2\GDAL\GDAL_2.1.0_VC_NoIntFilesCleanUp\3rdpart\geos-3.5.0\vc\x64\Debug\IntersectionAdder.obj"
         "K:\Components\LibraryV2\GDAL\GDAL_2.1.0_VC_NoIntFilesCleanUp\3rdpart\geos-3.5.0\vc\x64\Debug\IntersectionFinderAdder.obj"
         "K:\Components\LibraryV2\GDAL\GDAL_2.1.0_VC_NoIntFilesCleanUp\3rdpart\geos-3.5.0\vc\x64\Debug\IteratedNoder.obj"
         "K:\Components\LibraryV2\GDAL\GDAL_2.1.0_VC_NoIntFilesCleanUp\3rdpart\geos-3.5.0\vc\x64\Debug\MCIndexNoder.obj"
         "K:\Components\LibraryV2\GDAL\GDAL_2.1.0_VC_NoIntFilesCleanUp\3rdpart\geos-3.5.0\vc\x64\Debug\MCIndexSegmentSetMutualIntersector.obj"
         "K:\Components\LibraryV2\GDAL\GDAL_2.1.0_VC_NoIntFilesCleanUp\3rdpart\geos-3.5.0\vc\x64\Debug\NodedSegmentString.obj"
         "K:\Components\LibraryV2\GDAL\GDAL_2.1.0_VC_NoIntFilesCleanUp\3rdpart\geos-3.5.0\vc\x64\Debug\NodingValidator.obj"
         "K:\Components\LibraryV2\GDAL\GDAL_2.1.0_VC_NoIntFilesCleanUp\3rdpart\geos-3.5.0\vc\x64\Debug\Octant.obj"
         "K:\Components\LibraryV2\GDAL\GDAL_2.1.0_VC_NoIntFilesCleanUp\3rdpart\geos-3.5.0\vc\x64\Debug\OrientedCoordinateArray.obj"
         "K:\Components\LibraryV2\GDAL\GDAL_2.1.0_VC_NoIntFilesCleanUp\3rdpart\geos-3.5.0\vc\x64\Debug\ScaledNoder.obj"
         "K:\Components\LibraryV2\GDAL\GDAL_2.1.0_VC_NoIntFilesCleanUp\3rdpart\geos-3.5.0\vc\x64\Debug\SegmentIntersectionDetector.obj"
         "K:\Components\LibraryV2\GDAL\GDAL_2.1.0_VC_NoIntFilesCleanUp\3rdpart\geos-3.5.0\vc\x64\Debug\SegmentNode.obj"
         "K:\Components\LibraryV2\GDAL\GDAL_2.1.0_VC_NoIntFilesCleanUp\3rdpart\geos-3.5.0\vc\x64\Debug\SegmentNodeList.obj"
         "K:\Components\LibraryV2\GDAL\GDAL_2.1.0_VC_NoIntFilesCleanUp\3rdpart\geos-3.5.0\vc\x64\Debug\SegmentString.obj"
         "K:\Components\LibraryV2\GDAL\GDAL_2.1.0_VC_NoIntFilesCleanUp\3rdpart\geos-3.5.0\vc\x64\Debug\SegmentStringUtil.obj"
         "K:\Components\LibraryV2\GDAL\GDAL_2.1.0_VC_NoIntFilesCleanUp\3rdpart\geos-3.5.0\vc\x64\Debug\SimpleNoder.obj"
         "K:\Components\LibraryV2\GDAL\GDAL_2.1.0_VC_NoIntFilesCleanUp\3rdpart\geos-3.5.0\vc\x64\Debug\SingleInteriorIntersectionFinder.obj"
         "K:\Components\LibraryV2\GDAL\GDAL_2.1.0_VC_NoIntFilesCleanUp\3rdpart\geos-3.5.0\vc\x64\Debug\HotPixel.obj"
         "K:\Components\LibraryV2\GDAL\GDAL_2.1.0_VC_NoIntFilesCleanUp\3rdpart\geos-3.5.0\vc\x64\Debug\MCIndexPointSnapper.obj"
         "K:\Components\LibraryV2\GDAL\GDAL_2.1.0_VC_NoIntFilesCleanUp\3rdpart\geos-3.5.0\vc\x64\Debug\MCIndexSnapRounder.obj"
         "K:\Components\LibraryV2\GDAL\GDAL_2.1.0_VC_NoIntFilesCleanUp\3rdpart\geos-3.5.0\vc\x64\Debug\SimpleSnapRounder.obj"
         "K:\Components\LibraryV2\GDAL\GDAL_2.1.0_VC_NoIntFilesCleanUp\3rdpart\geos-3.5.0\vc\x64\Debug\BufferBuilder.obj"
         "K:\Components\LibraryV2\GDAL\GDAL_2.1.0_VC_NoIntFilesCleanUp\3rdpart\geos-3.5.0\vc\x64\Debug\BufferInputLineSimplifier.obj"
         "K:\Components\LibraryV2\GDAL\GDAL_2.1.0_VC_NoIntFilesCleanUp\3rdpart\geos-3.5.0\vc\x64\Debug\BufferOp.obj"
         "K:\Components\LibraryV2\GDAL\GDAL_2.1.0_VC_NoIntFilesCleanUp\3rdpart\geos-3.5.0\vc\x64\Debug\BufferParameters.obj"
         "K:\Components\LibraryV2\GDAL\GDAL_2.1.0_VC_NoIntFilesCleanUp\3rdpart\geos-3.5.0\vc\x64\Debug\BufferSubgraph.obj"
         "K:\Components\LibraryV2\GDAL\GDAL_2.1.0_VC_NoIntFilesCleanUp\3rdpart\geos-3.5.0\vc\x64\Debug\OffsetCurveBuilder.obj"
         "K:\Components\LibraryV2\GDAL\GDAL_2.1.0_VC_NoIntFilesCleanUp\3rdpart\geos-3.5.0\vc\x64\Debug\OffsetCurveSetBuilder.obj"
         "K:\Components\LibraryV2\GDAL\GDAL_2.1.0_VC_NoIntFilesCleanUp\3rdpart\geos-3.5.0\vc\x64\Debug\OffsetSegmentGenerator.obj"
         "K:\Components\LibraryV2\GDAL\GDAL_2.1.0_VC_NoIntFilesCleanUp\3rdpart\geos-3.5.0\vc\x64\Debug\RightmostEdgeFinder.obj"
         "K:\Components\LibraryV2\GDAL\GDAL_2.1.0_VC_NoIntFilesCleanUp\3rdpart\geos-3.5.0\vc\x64\Debug\SubgraphDepthLocater.obj"
         "K:\Components\LibraryV2\GDAL\GDAL_2.1.0_VC_NoIntFilesCleanUp\3rdpart\geos-3.5.0\vc\x64\Debug\ConnectedElementLocationFilter.obj"
         "K:\Components\LibraryV2\GDAL\GDAL_2.1.0_VC_NoIntFilesCleanUp\3rdpart\geos-3.5.0\vc\x64\Debug\ConnectedElementPointFilter.obj"
         "K:\Components\LibraryV2\GDAL\GDAL_2.1.0_VC_NoIntFilesCleanUp\3rdpart\geos-3.5.0\vc\x64\Debug\DistanceOp.obj"
         "K:\Components\LibraryV2\GDAL\GDAL_2.1.0_VC_NoIntFilesCleanUp\3rdpart\geos-3.5.0\vc\x64\Debug\GeometryLocation.obj"
         "K:\Components\LibraryV2\GDAL\GDAL_2.1.0_VC_NoIntFilesCleanUp\3rdpart\geos-3.5.0\vc\x64\Debug\GeometryGraphOperation.obj"
         "K:\Components\LibraryV2\GDAL\GDAL_2.1.0_VC_NoIntFilesCleanUp\3rdpart\geos-3.5.0\vc\x64\Debug\Rectangle.obj"
         "K:\Components\LibraryV2\GDAL\GDAL_2.1.0_VC_NoIntFilesCleanUp\3rdpart\geos-3.5.0\vc\x64\Debug\RectangleIntersection.obj"
         "K:\Components\LibraryV2\GDAL\GDAL_2.1.0_VC_NoIntFilesCleanUp\3rdpart\geos-3.5.0\vc\x64\Debug\RectangleIntersectionBuilder.obj"
         "K:\Components\LibraryV2\GDAL\GDAL_2.1.0_VC_NoIntFilesCleanUp\3rdpart\geos-3.5.0\vc\x64\Debug\IsSimpleOp.obj"
         "K:\Components\LibraryV2\GDAL\GDAL_2.1.0_VC_NoIntFilesCleanUp\3rdpart\geos-3.5.0\vc\x64\Debug\EdgeString.obj"
         "K:\Components\LibraryV2\GDAL\GDAL_2.1.0_VC_NoIntFilesCleanUp\3rdpart\geos-3.5.0\vc\x64\Debug\LineMergeDirectedEdge.obj"
         "K:\Components\LibraryV2\GDAL\GDAL_2.1.0_VC_NoIntFilesCleanUp\3rdpart\geos-3.5.0\vc\x64\Debug\LineMergeEdge.obj"
         "K:\Components\LibraryV2\GDAL\GDAL_2.1.0_VC_NoIntFilesCleanUp\3rdpart\geos-3.5.0\vc\x64\Debug\LineMergeGraph.obj"
         "K:\Components\LibraryV2\GDAL\GDAL_2.1.0_VC_NoIntFilesCleanUp\3rdpart\geos-3.5.0\vc\x64\Debug\LineMerger.obj"
         "K:\Components\LibraryV2\GDAL\GDAL_2.1.0_VC_NoIntFilesCleanUp\3rdpart\geos-3.5.0\vc\x64\Debug\LineSequencer.obj"
         "K:\Components\LibraryV2\GDAL\GDAL_2.1.0_VC_NoIntFilesCleanUp\3rdpart\geos-3.5.0\vc\x64\Debug\EdgeSetNoder.obj"
         "K:\Components\LibraryV2\GDAL\GDAL_2.1.0_VC_NoIntFilesCleanUp\3rdpart\geos-3.5.0\vc\x64\Debug\ElevationMatrix.obj"
         "K:\Components\LibraryV2\GDAL\GDAL_2.1.0_VC_NoIntFilesCleanUp\3rdpart\geos-3.5.0\vc\x64\Debug\ElevationMatrixCell.obj"
         "K:\Components\LibraryV2\GDAL\GDAL_2.1.0_VC_NoIntFilesCleanUp\3rdpart\geos-3.5.0\vc\x64\Debug\LineBuilder.obj"
         "K:\Components\LibraryV2\GDAL\GDAL_2.1.0_VC_NoIntFilesCleanUp\3rdpart\geos-3.5.0\vc\x64\Debug\MaximalEdgeRing.obj"
         "K:\Components\LibraryV2\GDAL\GDAL_2.1.0_VC_NoIntFilesCleanUp\3rdpart\geos-3.5.0\vc\x64\Debug\MinimalEdgeRing.obj"
         "K:\Components\LibraryV2\GDAL\GDAL_2.1.0_VC_NoIntFilesCleanUp\3rdpart\geos-3.5.0\vc\x64\Debug\OverlayNodeFactory.obj"
         "K:\Components\LibraryV2\GDAL\GDAL_2.1.0_VC_NoIntFilesCleanUp\3rdpart\geos-3.5.0\vc\x64\Debug\OverlayOp.obj"
         "K:\Components\LibraryV2\GDAL\GDAL_2.1.0_VC_NoIntFilesCleanUp\3rdpart\geos-3.5.0\vc\x64\Debug\PointBuilder.obj"
         "K:\Components\LibraryV2\GDAL\GDAL_2.1.0_VC_NoIntFilesCleanUp\3rdpart\geos-3.5.0\vc\x64\Debug\PolygonBuilder.obj"
         "K:\Components\LibraryV2\GDAL\GDAL_2.1.0_VC_NoIntFilesCleanUp\3rdpart\geos-3.5.0\vc\x64\Debug\GeometrySnapper.obj"
         "K:\Components\LibraryV2\GDAL\GDAL_2.1.0_VC_NoIntFilesCleanUp\3rdpart\geos-3.5.0\vc\x64\Debug\LineStringSnapper.obj"
         "K:\Components\LibraryV2\GDAL\GDAL_2.1.0_VC_NoIntFilesCleanUp\3rdpart\geos-3.5.0\vc\x64\Debug\SnapIfNeededOverlayOp.obj"
         "K:\Components\LibraryV2\GDAL\GDAL_2.1.0_VC_NoIntFilesCleanUp\3rdpart\geos-3.5.0\vc\x64\Debug\SnapOverlayOp.obj"
         "K:\Components\LibraryV2\GDAL\GDAL_2.1.0_VC_NoIntFilesCleanUp\3rdpart\geos-3.5.0\vc\x64\Debug\FuzzyPointLocator.obj"
         "K:\Components\LibraryV2\GDAL\GDAL_2.1.0_VC_NoIntFilesCleanUp\3rdpart\geos-3.5.0\vc\x64\Debug\OffsetPointGenerator.obj"
         "K:\Components\LibraryV2\GDAL\GDAL_2.1.0_VC_NoIntFilesCleanUp\3rdpart\geos-3.5.0\vc\x64\Debug\OverlayResultValidator.obj"
         "K:\Components\LibraryV2\GDAL\GDAL_2.1.0_VC_NoIntFilesCleanUp\3rdpart\geos-3.5.0\vc\x64\Debug\RectangleContains.obj"
         "K:\Components\LibraryV2\GDAL\GDAL_2.1.0_VC_NoIntFilesCleanUp\3rdpart\geos-3.5.0\vc\x64\Debug\RectangleIntersects.obj"
         "K:\Components\LibraryV2\GDAL\GDAL_2.1.0_VC_NoIntFilesCleanUp\3rdpart\geos-3.5.0\vc\x64\Debug\SegmentIntersectionTester.obj"
         "K:\Components\LibraryV2\GDAL\GDAL_2.1.0_VC_NoIntFilesCleanUp\3rdpart\geos-3.5.0\vc\x64\Debug\EdgeEndBuilder.obj"
         "K:\Components\LibraryV2\GDAL\GDAL_2.1.0_VC_NoIntFilesCleanUp\3rdpart\geos-3.5.0\vc\x64\Debug\EdgeEndBundle.obj"
         "K:\Components\LibraryV2\GDAL\GDAL_2.1.0_VC_NoIntFilesCleanUp\3rdpart\geos-3.5.0\vc\x64\Debug\EdgeEndBundleStar.obj"
         "K:\Components\LibraryV2\GDAL\GDAL_2.1.0_VC_NoIntFilesCleanUp\3rdpart\geos-3.5.0\vc\x64\Debug\RelateComputer.obj"
         "K:\Components\LibraryV2\GDAL\GDAL_2.1.0_VC_NoIntFilesCleanUp\3rdpart\geos-3.5.0\vc\x64\Debug\RelateNode.obj"
         "K:\Components\LibraryV2\GDAL\GDAL_2.1.0_VC_NoIntFilesCleanUp\3rdpart\geos-3.5.0\vc\x64\Debug\RelateNodeFactory.obj"
         "K:\Components\LibraryV2\GDAL\GDAL_2.1.0_VC_NoIntFilesCleanUp\3rdpart\geos-3.5.0\vc\x64\Debug\RelateNodeGraph.obj"
         "K:\Components\LibraryV2\GDAL\GDAL_2.1.0_VC_NoIntFilesCleanUp\3rdpart\geos-3.5.0\vc\x64\Debug\RelateOp.obj"
         "K:\Components\LibraryV2\GDAL\GDAL_2.1.0_VC_NoIntFilesCleanUp\3rdpart\geos-3.5.0\vc\x64\Debug\SharedPathsOp.obj"
         "K:\Components\LibraryV2\GDAL\GDAL_2.1.0_VC_NoIntFilesCleanUp\3rdpart\geos-3.5.0\vc\x64\Debug\CascadedPolygonUnion.obj"
         "K:\Components\LibraryV2\GDAL\GDAL_2.1.0_VC_NoIntFilesCleanUp\3rdpart\geos-3.5.0\vc\x64\Debug\CascadedUnion.obj"
         "K:\Components\LibraryV2\GDAL\GDAL_2.1.0_VC_NoIntFilesCleanUp\3rdpart\geos-3.5.0\vc\x64\Debug\PointGeometryUnion.obj"
         "K:\Components\LibraryV2\GDAL\GDAL_2.1.0_VC_NoIntFilesCleanUp\3rdpart\geos-3.5.0\vc\x64\Debug\UnaryUnionOp.obj"
         "K:\Components\LibraryV2\GDAL\GDAL_2.1.0_VC_NoIntFilesCleanUp\3rdpart\geos-3.5.0\vc\x64\Debug\ConnectedInteriorTester.obj"
         "K:\Components\LibraryV2\GDAL\GDAL_2.1.0_VC_NoIntFilesCleanUp\3rdpart\geos-3.5.0\vc\x64\Debug\ConsistentAreaTester.obj"
         "K:\Components\LibraryV2\GDAL\GDAL_2.1.0_VC_NoIntFilesCleanUp\3rdpart\geos-3.5.0\vc\x64\Debug\IndexedNestedRingTester.obj"
         "K:\Components\LibraryV2\GDAL\GDAL_2.1.0_VC_NoIntFilesCleanUp\3rdpart\geos-3.5.0\vc\x64\Debug\IsValidOp.obj"
         "K:\Components\LibraryV2\GDAL\GDAL_2.1.0_VC_NoIntFilesCleanUp\3rdpart\geos-3.5.0\vc\x64\Debug\QuadtreeNestedRingTester.obj"
         "K:\Components\LibraryV2\GDAL\GDAL_2.1.0_VC_NoIntFilesCleanUp\3rdpart\geos-3.5.0\vc\x64\Debug\RepeatedPointTester.obj"
         "K:\Components\LibraryV2\GDAL\GDAL_2.1.0_VC_NoIntFilesCleanUp\3rdpart\geos-3.5.0\vc\x64\Debug\SimpleNestedRingTester.obj"
         "K:\Components\LibraryV2\GDAL\GDAL_2.1.0_VC_NoIntFilesCleanUp\3rdpart\geos-3.5.0\vc\x64\Debug\SweeplineNestedRingTester.obj"
         "K:\Components\LibraryV2\GDAL\GDAL_2.1.0_VC_NoIntFilesCleanUp\3rdpart\geos-3.5.0\vc\x64\Debug\TopologyValidationError.obj"
         "K:\Components\LibraryV2\GDAL\GDAL_2.1.0_VC_NoIntFilesCleanUp\3rdpart\geos-3.5.0\vc\x64\Debug\ConnectedSubgraphFinder.obj"
         "K:\Components\LibraryV2\GDAL\GDAL_2.1.0_VC_NoIntFilesCleanUp\3rdpart\geos-3.5.0\vc\x64\Debug\CommonBits.obj"
         "K:\Components\LibraryV2\GDAL\GDAL_2.1.0_VC_NoIntFilesCleanUp\3rdpart\geos-3.5.0\vc\x64\Debug\CommonBitsOp.obj"
         "K:\Components\LibraryV2\GDAL\GDAL_2.1.0_VC_NoIntFilesCleanUp\3rdpart\geos-3.5.0\vc\x64\Debug\CommonBitsRemover.obj"
         "K:\Components\LibraryV2\GDAL\GDAL_2.1.0_VC_NoIntFilesCleanUp\3rdpart\geos-3.5.0\vc\x64\Debug\EnhancedPrecisionOp.obj"
         "K:\Components\LibraryV2\GDAL\GDAL_2.1.0_VC_NoIntFilesCleanUp\3rdpart\geos-3.5.0\vc\x64\Debug\GeometryPrecisionReducer.obj"
         "K:\Components\LibraryV2\GDAL\GDAL_2.1.0_VC_NoIntFilesCleanUp\3rdpart\geos-3.5.0\vc\x64\Debug\PrecisionReducerCoordinateOperation.obj"
         "K:\Components\LibraryV2\GDAL\GDAL_2.1.0_VC_NoIntFilesCleanUp\3rdpart\geos-3.5.0\vc\x64\Debug\SimpleGeometryPrecisionReducer.obj"
         "K:\Components\LibraryV2\GDAL\GDAL_2.1.0_VC_NoIntFilesCleanUp\3rdpart\geos-3.5.0\vc\x64\Debug\DouglasPeuckerLineSimplifier.obj"
         "K:\Components\LibraryV2\GDAL\GDAL_2.1.0_VC_NoIntFilesCleanUp\3rdpart\geos-3.5.0\vc\x64\Debug\DouglasPeuckerSimplifier.obj"
         "K:\Components\LibraryV2\GDAL\GDAL_2.1.0_VC_NoIntFilesCleanUp\3rdpart\geos-3.5.0\vc\x64\Debug\LineSegmentIndex.obj"
         "K:\Components\LibraryV2\GDAL\GDAL_2.1.0_VC_NoIntFilesCleanUp\3rdpart\geos-3.5.0\vc\x64\Debug\TaggedLineSegment.obj"
         "K:\Components\LibraryV2\GDAL\GDAL_2.1.0_VC_NoIntFilesCleanUp\3rdpart\geos-3.5.0\vc\x64\Debug\TaggedLinesSimplifier.obj"
         "K:\Components\LibraryV2\GDAL\GDAL_2.1.0_VC_NoIntFilesCleanUp\3rdpart\geos-3.5.0\vc\x64\Debug\TaggedLineString.obj"
         "K:\Components\LibraryV2\GDAL\GDAL_2.1.0_VC_NoIntFilesCleanUp\3rdpart\geos-3.5.0\vc\x64\Debug\TaggedLineStringSimplifier.obj"
         "K:\Components\LibraryV2\GDAL\GDAL_2.1.0_VC_NoIntFilesCleanUp\3rdpart\geos-3.5.0\vc\x64\Debug\TopologyPreservingSimplifier.obj"
         "K:\Components\LibraryV2\GDAL\GDAL_2.1.0_VC_NoIntFilesCleanUp\3rdpart\geos-3.5.0\vc\x64\Debug\DelaunayTriangulationBuilder.obj"
         "K:\Components\LibraryV2\GDAL\GDAL_2.1.0_VC_NoIntFilesCleanUp\3rdpart\geos-3.5.0\vc\x64\Debug\IncrementalDelaunayTriangulator.obj"
         "K:\Components\LibraryV2\GDAL\GDAL_2.1.0_VC_NoIntFilesCleanUp\3rdpart\geos-3.5.0\vc\x64\Debug\LastFoundQuadEdgeLocator.obj"
         "K:\Components\LibraryV2\GDAL\GDAL_2.1.0_VC_NoIntFilesCleanUp\3rdpart\geos-3.5.0\vc\x64\Debug\LocateFailureException.obj"
         "K:\Components\LibraryV2\GDAL\GDAL_2.1.0_VC_NoIntFilesCleanUp\3rdpart\geos-3.5.0\vc\x64\Debug\QuadEdge.obj"
         "K:\Components\LibraryV2\GDAL\GDAL_2.1.0_VC_NoIntFilesCleanUp\3rdpart\geos-3.5.0\vc\x64\Debug\QuadEdgeLocator.obj"
         "K:\Components\LibraryV2\GDAL\GDAL_2.1.0_VC_NoIntFilesCleanUp\3rdpart\geos-3.5.0\vc\x64\Debug\QuadEdgeSubdivision.obj"
         "K:\Components\LibraryV2\GDAL\GDAL_2.1.0_VC_NoIntFilesCleanUp\3rdpart\geos-3.5.0\vc\x64\Debug\TrianglePredicate.obj"
         "K:\Components\LibraryV2\GDAL\GDAL_2.1.0_VC_NoIntFilesCleanUp\3rdpart\geos-3.5.0\vc\x64\Debug\TriangleVisitor.obj"
         "K:\Components\LibraryV2\GDAL\GDAL_2.1.0_VC_NoIntFilesCleanUp\3rdpart\geos-3.5.0\vc\x64\Debug\Vertex.obj"
         "K:\Components\LibraryV2\GDAL\GDAL_2.1.0_VC_NoIntFilesCleanUp\3rdpart\geos-3.5.0\vc\x64\Debug\VoronoiDiagramBuilder.obj"
         "K:\Components\LibraryV2\GDAL\GDAL_2.1.0_VC_NoIntFilesCleanUp\3rdpart\geos-3.5.0\vc\x64\Debug\Assert.obj"
         "K:\Components\LibraryV2\GDAL\GDAL_2.1.0_VC_NoIntFilesCleanUp\3rdpart\geos-3.5.0\vc\x64\Debug\GeometricShapeFactory.obj"
         "K:\Components\LibraryV2\GDAL\GDAL_2.1.0_VC_NoIntFilesCleanUp\3rdpart\geos-3.5.0\vc\x64\Debug\Interrupt.obj"
         "K:\Components\LibraryV2\GDAL\GDAL_2.1.0_VC_NoIntFilesCleanUp\3rdpart\geos-3.5.0\vc\x64\Debug\math.obj"
         "K:\Components\LibraryV2\GDAL\GDAL_2.1.0_VC_NoIntFilesCleanUp\3rdpart\geos-3.5.0\vc\x64\Debug\Profiler.obj"
         "K:\Components\LibraryV2\GDAL\GDAL_2.1.0_VC_NoIntFilesCleanUp\3rdpart\geos-3.5.0\vc\x64\Debug\\ix_bintree\Bintree.obj"
         "K:\Components\LibraryV2\GDAL\GDAL_2.1.0_VC_NoIntFilesCleanUp\3rdpart\geos-3.5.0\vc\x64\Debug\\ix_bintree\Interval.obj"
         "K:\Components\LibraryV2\GDAL\GDAL_2.1.0_VC_NoIntFilesCleanUp\3rdpart\geos-3.5.0\vc\x64\Debug\\ix_bintree\Key.obj"
         "K:\Components\LibraryV2\GDAL\GDAL_2.1.0_VC_NoIntFilesCleanUp\3rdpart\geos-3.5.0\vc\x64\Debug\\ix_bintree\Node.obj"
         "K:\Components\LibraryV2\GDAL\GDAL_2.1.0_VC_NoIntFilesCleanUp\3rdpart\geos-3.5.0\vc\x64\Debug\\ix_bintree\NodeBase.obj"
         "K:\Components\LibraryV2\GDAL\GDAL_2.1.0_VC_NoIntFilesCleanUp\3rdpart\geos-3.5.0\vc\x64\Debug\\ix_bintree\Root.obj"
         "K:\Components\LibraryV2\GDAL\GDAL_2.1.0_VC_NoIntFilesCleanUp\3rdpart\geos-3.5.0\vc\x64\Debug\\ix_quadtree\DoubleBits.obj"
         "K:\Components\LibraryV2\GDAL\GDAL_2.1.0_VC_NoIntFilesCleanUp\3rdpart\geos-3.5.0\vc\x64\Debug\\ix_quadtree\IntervalSize.obj"
         "K:\Components\LibraryV2\GDAL\GDAL_2.1.0_VC_NoIntFilesCleanUp\3rdpart\geos-3.5.0\vc\x64\Debug\\ix_quadtree\Key.obj"
         "K:\Components\LibraryV2\GDAL\GDAL_2.1.0_VC_NoIntFilesCleanUp\3rdpart\geos-3.5.0\vc\x64\Debug\\ix_quadtree\Node.obj"
         "K:\Components\LibraryV2\GDAL\GDAL_2.1.0_VC_NoIntFilesCleanUp\3rdpart\geos-3.5.0\vc\x64\Debug\\ix_quadtree\NodeBase.obj"
         "K:\Components\LibraryV2\GDAL\GDAL_2.1.0_VC_NoIntFilesCleanUp\3rdpart\geos-3.5.0\vc\x64\Debug\\ix_quadtree\Quadtree.obj"
         "K:\Components\LibraryV2\GDAL\GDAL_2.1.0_VC_NoIntFilesCleanUp\3rdpart\geos-3.5.0\vc\x64\Debug\\ix_quadtree\Root.obj"
         "K:\Components\LibraryV2\GDAL\GDAL_2.1.0_VC_NoIntFilesCleanUp\3rdpart\geos-3.5.0\vc\x64\Debug\\ix_strtree\AbstractNode.obj"
         "K:\Components\LibraryV2\GDAL\GDAL_2.1.0_VC_NoIntFilesCleanUp\3rdpart\geos-3.5.0\vc\x64\Debug\\ix_strtree\AbstractSTRtree.obj"
         "K:\Components\LibraryV2\GDAL\GDAL_2.1.0_VC_NoIntFilesCleanUp\3rdpart\geos-3.5.0\vc\x64\Debug\\ix_strtree\Interval.obj"
         "K:\Components\LibraryV2\GDAL\GDAL_2.1.0_VC_NoIntFilesCleanUp\3rdpart\geos-3.5.0\vc\x64\Debug\\ix_strtree\ItemBoundable.obj"
         "K:\Components\LibraryV2\GDAL\GDAL_2.1.0_VC_NoIntFilesCleanUp\3rdpart\geos-3.5.0\vc\x64\Debug\\ix_strtree\SIRtree.obj"
         "K:\Components\LibraryV2\GDAL\GDAL_2.1.0_VC_NoIntFilesCleanUp\3rdpart\geos-3.5.0\vc\x64\Debug\\ix_strtree\STRtree.obj"
         "K:\Components\LibraryV2\GDAL\GDAL_2.1.0_VC_NoIntFilesCleanUp\3rdpart\geos-3.5.0\vc\x64\Debug\\ix_sweepline\SweepLineEvent.obj"
         "K:\Components\LibraryV2\GDAL\GDAL_2.1.0_VC_NoIntFilesCleanUp\3rdpart\geos-3.5.0\vc\x64\Debug\\ix_sweepline\SweepLineIndex.obj"
         "K:\Components\LibraryV2\GDAL\GDAL_2.1.0_VC_NoIntFilesCleanUp\3rdpart\geos-3.5.0\vc\x64\Debug\\ix_sweepline\SweepLineInterval.obj"
         "K:\Components\LibraryV2\GDAL\GDAL_2.1.0_VC_NoIntFilesCleanUp\3rdpart\geos-3.5.0\vc\x64\Debug\\op_polygonize\EdgeRing.obj"
         "K:\Components\LibraryV2\GDAL\GDAL_2.1.0_VC_NoIntFilesCleanUp\3rdpart\geos-3.5.0\vc\x64\Debug\\op_polygonize\PolygonizeDirectedEdge.obj"
         "K:\Components\LibraryV2\GDAL\GDAL_2.1.0_VC_NoIntFilesCleanUp\3rdpart\geos-3.5.0\vc\x64\Debug\\op_polygonize\PolygonizeEdge.obj"
         "K:\Components\LibraryV2\GDAL\GDAL_2.1.0_VC_NoIntFilesCleanUp\3rdpart\geos-3.5.0\vc\x64\Debug\\op_polygonize\PolygonizeGraph.obj"
         "K:\Components\LibraryV2\GDAL\GDAL_2.1.0_VC_NoIntFilesCleanUp\3rdpart\geos-3.5.0\vc\x64\Debug\\op_polygonize\Polygonizer.obj"
         "K:\Components\LibraryV2\GDAL\GDAL_2.1.0_VC_NoIntFilesCleanUp\3rdpart\geos-3.5.0\vc\x64\Debug\\planargraph\DirectedEdge.obj"
         "K:\Components\LibraryV2\GDAL\GDAL_2.1.0_VC_NoIntFilesCleanUp\3rdpart\geos-3.5.0\vc\x64\Debug\\planargraph\DirectedEdgeStar.obj"
         "K:\Components\LibraryV2\GDAL\GDAL_2.1.0_VC_NoIntFilesCleanUp\3rdpart\geos-3.5.0\vc\x64\Debug\\planargraph\Edge.obj"
         "K:\Components\LibraryV2\GDAL\GDAL_2.1.0_VC_NoIntFilesCleanUp\3rdpart\geos-3.5.0\vc\x64\Debug\\planargraph\Node.obj"
         "K:\Components\LibraryV2\GDAL\GDAL_2.1.0_VC_NoIntFilesCleanUp\3rdpart\geos-3.5.0\vc\x64\Debug\\planargraph\NodeMap.obj"
         "K:\Components\LibraryV2\GDAL\GDAL_2.1.0_VC_NoIntFilesCleanUp\3rdpart\geos-3.5.0\vc\x64\Debug\\planargraph\PlanarGraph.obj"
         "K:\Components\LibraryV2\GDAL\GDAL_2.1.0_VC_NoIntFilesCleanUp\3rdpart\geos-3.5.0\vc\x64\Debug\\planargraph\Subgraph.obj"
            Creating library K:\Components\LibraryV2\GDAL\GDAL_2.1.0_VC_NoIntFilesCleanUp\3rdpart\geos-3.5.0\vc\x64\Debug\geos.lib and object K:\Components\LibraryV2\GDAL\GDAL_2.1.0_VC_NoIntFilesCleanUp\3rdpart\geos-3.5.0\vc\x64\Debug\geos.exp
         libgeos-3.5.0.vcxproj -> K:\Components\LibraryV2\GDAL\GDAL_2.1.0_VC_NoIntFilesCleanUp\3rdpart\geos-3.5.0\vc\x64\Debug\geos.dll
       Manifest:
         C:\Program Files (x86)\Microsoft SDKs\Windows\v7.0A\bin\mt.exe /nologo /verbose /out:"K:\Components\LibraryV2\GDAL\GDAL_2.1.0_VC_NoIntFilesCleanUp\3rdpart\geos-3.5.0\vc\x64\Debug\geos.dll.embed.manifest" /manifest "K:\Components\LibraryV2\GDAL\GDAL_2.1.0_VC_NoIntFilesCleanUp\3rdpart\geos-3.5.0\vc\x64\Debug\geos.dll.intermediate.manifest"
         All outputs are up-to-date.
       LinkEmbedManifest:
         All outputs are up-to-date.
         libgeos-3.5.0.vcxproj -> K:\Components\LibraryV2\GDAL\GDAL_2.1.0_VC_NoIntFilesCleanUp\3rdpart\geos-3.5.0\vc\x64\Debug\geos.dll
       FinalizeBuildStatus:
         Deleting file "K:\Components\LibraryV2\GDAL\GDAL_2.1.0_VC_NoIntFilesCleanUp\3rdpart\geos-3.5.0\vc\x64\Debug\libgeos-3.5.0.unsuccessfulbuild".
         Touching "K:\Components\LibraryV2\GDAL\GDAL_2.1.0_VC_NoIntFilesCleanUp\3rdpart\geos-3.5.0\vc\x64\Debug\libgeos-3.5.0.lastbuildstate".
     1>Done Building Project "K:\Components\LibraryV2\GDAL\GDAL_2.1.0_VC_NoIntFilesCleanUp\3rdpart\geos-3.5.0\vc\libgeos-3.5.0.vcxproj" (build target(s)).

Build succeeded.

Time Elapsed 00:00:08.16
