Build started 29/06/2016 08:09:52.
     1>Project "K:\Components\LibraryV2\GDAL\GDAL_2.0.2_VC\3rdpart\expat-2.1.0\lib\expatw.vcxproj" on node 2 (rebuild target(s)).
     1>_PrepareForClean:
         Deleting file ".\..\x64\tmp\Debug-w\expatw.lastbuildstate".
       InitializeBuildStatus:
         Creating ".\..\x64\tmp\Debug-w\expatw.unsuccessfulbuild" because "AlwaysCreate" was specified.
       ClCompile:
         c:\Program Files (x86)\Microsoft Visual Studio 10.0\VC\bin\x86_amd64\CL.exe /c /Zi /nologo /W3 /WX- /Od /D _DEBUG /D COMPILED_FROM_DSP /D WIN32 /D _WINDOWS /D _USRDLL /D XML_UNICODE_WCHAR_T /D _VC80_UPGRADE=0x0600 /D _WINDLL /D _MBCS /Gm- /RTC1 /MTd /GS /Gy- /fp:precise /Zc:wchar_t /Zc:forScope /Fo".\..\x64\tmp\Debug-w\\" /Fd".\..\x64\tmp\Debug-w\vc100.pdb" /FR".\..\x64\tmp\Debug-w\\" /Gd /TC /errorReport:prompt xmlparse.c
         xmlparse.c
     1>xmlparse.c(1844): warning C4244: 'return' : conversion from '__int64' to 'XML_Index', possible loss of data
         c:\Program Files (x86)\Microsoft Visual Studio 10.0\VC\bin\x86_amd64\CL.exe /c /Zi /nologo /W3 /WX- /Od /D _DEBUG /D COMPILED_FROM_DSP /D WIN32 /D _WINDOWS /D _USRDLL /D XML_UNICODE_WCHAR_T /D _VC80_UPGRADE=0x0600 /D _WINDLL /D _MBCS /Gm- /EHsc /RTC1 /MTd /GS /Gy- /fp:precise /Zc:wchar_t /Zc:forScope /Fo".\..\x64\tmp\Debug-w\\" /Fd".\..\x64\tmp\Debug-w\vc100.pdb" /FR".\..\x64\tmp\Debug-w\\" /Gd /TC /errorReport:prompt xmlrole.c xmltok.c xmltok_impl.c xmltok_ns.c
         xmlrole.c
         xmltok.c
         xmltok_impl.c
         xmltok_ns.c
         Generating Code...
       ManifestResourceCompile:
         C:\Program Files (x86)\Microsoft SDKs\Windows\v7.0A\bin\rc.exe /nologo /fo".\..\x64\tmp\Debug-w\expatw.dll.embed.manifest.res" .\..\x64\tmp\Debug-w\expatw_manifest.rc 
     1>C:\Program Files (x86)\MSBuild\Microsoft.Cpp\v4.0\Microsoft.CppBuild.targets(990,5): warning MSB8012: TargetPath(K:\Components\LibraryV2\GDAL\GDAL_2.0.2_VC\3rdpart\expat-2.1.0\lib\.\..\x64\bin\Debug\expatw.dll) does not match the Linker's OutputFile property value (K:\Components\LibraryV2\GDAL\GDAL_2.0.2_VC\3rdpart\expat-2.1.0\win32\bin\Debug\libexpatw.dll). This may cause your project to build incorrectly. To correct this, please make sure that $(OutDir), $(TargetName) and $(TargetExt) property values match the value specified in %(Link.OutputFile).
     1>C:\Program Files (x86)\MSBuild\Microsoft.Cpp\v4.0\Microsoft.CppBuild.targets(992,5): warning MSB8012: TargetName(expatw) does not match the Linker's OutputFile property value (libexpatw). This may cause your project to build incorrectly. To correct this, please make sure that $(OutDir), $(TargetName) and $(TargetExt) property values match the value specified in %(Link.OutputFile).
       Link:
         c:\Program Files (x86)\Microsoft Visual Studio 10.0\VC\bin\x86_amd64\link.exe /ERRORREPORT:PROMPT /OUT:"..\win32\bin\Debug\libexpatw.dll" /INCREMENTAL /NOLOGO kernel32.lib user32.lib gdi32.lib winspool.lib comdlg32.lib advapi32.lib shell32.lib ole32.lib oleaut32.lib uuid.lib odbc32.lib odbccp32.lib /DEF:".\libexpatw.def" /MANIFEST /ManifestFile:".\..\x64\tmp\Debug-w\expatw.dll.intermediate.manifest" /MANIFESTUAC:"level='asInvoker' uiAccess='false'" /DEBUG /PDB:"K:\Components\LibraryV2\GDAL\GDAL_2.0.2_VC\3rdpart\expat-2.1.0\x64\bin\Debug\expatw.pdb" /SUBSYSTEM:CONSOLE /TLBID:1 /DYNAMICBASE /NXCOMPAT /IMPLIB:".\..\win32\bin\Debug\libexpatw.lib" /MACHINE:X64 /DLL ".\..\x64\tmp\Debug-w\expatw.dll.embed.manifest.res"
         ".\..\x64\tmp\Debug-w\xmlparse.obj"
         ".\..\x64\tmp\Debug-w\xmlrole.obj"
         ".\..\x64\tmp\Debug-w\xmltok.obj"
         ".\..\x64\tmp\Debug-w\xmltok_impl.obj"
         ".\..\x64\tmp\Debug-w\xmltok_ns.obj"
            Creating library .\..\win32\bin\Debug\libexpatw.lib and object .\..\win32\bin\Debug\libexpatw.exp
         expatw.vcxproj -> K:\Components\LibraryV2\GDAL\GDAL_2.0.2_VC\3rdpart\expat-2.1.0\lib\.\..\x64\bin\Debug\expatw.dll
       Manifest:
         Deleting file ".\..\x64\tmp\Debug-w\expatw.dll.embed.manifest".
         C:\Program Files (x86)\Microsoft SDKs\Windows\v7.0A\bin\mt.exe /nologo /verbose /out:".\..\x64\tmp\Debug-w\expatw.dll.embed.manifest" /manifest ".\..\x64\tmp\Debug-w\expatw.dll.intermediate.manifest"
         C:\Program Files (x86)\Microsoft SDKs\Windows\v7.0A\bin\rc.exe /nologo /fo".\..\x64\tmp\Debug-w\expatw.dll.embed.manifest.res" .\..\x64\tmp\Debug-w\expatw_manifest.rc 
       LinkEmbedManifest:
         c:\Program Files (x86)\Microsoft Visual Studio 10.0\VC\bin\x86_amd64\link.exe /ERRORREPORT:PROMPT /OUT:"..\win32\bin\Debug\libexpatw.dll" /INCREMENTAL /NOLOGO kernel32.lib user32.lib gdi32.lib winspool.lib comdlg32.lib advapi32.lib shell32.lib ole32.lib oleaut32.lib uuid.lib odbc32.lib odbccp32.lib /DEF:".\libexpatw.def" /MANIFEST /ManifestFile:".\..\x64\tmp\Debug-w\expatw.dll.intermediate.manifest" /MANIFESTUAC:"level='asInvoker' uiAccess='false'" /DEBUG /PDB:"K:\Components\LibraryV2\GDAL\GDAL_2.0.2_VC\3rdpart\expat-2.1.0\x64\bin\Debug\expatw.pdb" /SUBSYSTEM:CONSOLE /TLBID:1 /DYNAMICBASE /NXCOMPAT /IMPLIB:".\..\win32\bin\Debug\libexpatw.lib" /MACHINE:X64 /DLL ".\..\x64\tmp\Debug-w\expatw.dll.embed.manifest.res"
         ".\..\x64\tmp\Debug-w\xmlparse.obj"
         ".\..\x64\tmp\Debug-w\xmlrole.obj"
         ".\..\x64\tmp\Debug-w\xmltok.obj"
         ".\..\x64\tmp\Debug-w\xmltok_impl.obj"
         ".\..\x64\tmp\Debug-w\xmltok_ns.obj"
            Creating library .\..\win32\bin\Debug\libexpatw.lib and object .\..\win32\bin\Debug\libexpatw.exp
         expatw.vcxproj -> K:\Components\LibraryV2\GDAL\GDAL_2.0.2_VC\3rdpart\expat-2.1.0\lib\.\..\x64\bin\Debug\expatw.dll
       BscMake:
         c:\Program Files (x86)\Microsoft Visual Studio 10.0\VC\bin\bscmake.exe /nologo /o".\..\win32\bin\Debug\expatw.bsc" ".\..\x64\tmp\Debug-w\xmlparse.sbr" ".\..\x64\tmp\Debug-w\xmlrole.sbr" ".\..\x64\tmp\Debug-w\xmltok.sbr" ".\..\x64\tmp\Debug-w\xmltok_impl.sbr" ".\..\x64\tmp\Debug-w\xmltok_ns.sbr"
       FinalizeBuildStatus:
         Deleting file ".\..\x64\tmp\Debug-w\expatw.unsuccessfulbuild".
         Touching ".\..\x64\tmp\Debug-w\expatw.lastbuildstate".
     1>Done Building Project "K:\Components\LibraryV2\GDAL\GDAL_2.0.2_VC\3rdpart\expat-2.1.0\lib\expatw.vcxproj" (rebuild target(s)).

Build succeeded.

Time Elapsed 00:00:03.89
