.\..\x64\bin\Debug\expatw.pdb
K:\COMPONENTS\LIBRARYV2\GDAL\GDAL_2.0.2_VC\3RDPART\EXPAT-2.1.0\WIN32\BIN\DEBUG\EXPATW.BSC
K:\COMPONENTS\LIBRARYV2\GDAL\GDAL_2.0.2_VC\3RDPART\EXPAT-2.1.0\WIN32\BIN\DEBUG\LIBEXPATW.DLL
K:\Components\LibraryV2\GDAL\GDAL_2.0.2_VC\3rdpart\expat-2.1.0\win32\bin\Debug\libexpatw.exp
K:\COMPONENTS\LIBRARYV2\GDAL\GDAL_2.0.2_VC\3RDPART\EXPAT-2.1.0\WIN32\BIN\DEBUG\LIBEXPATW.ILK
K:\Components\LibraryV2\GDAL\GDAL_2.0.2_VC\3rdpart\expat-2.1.0\win32\bin\Debug\libexpatw.lib
K:\COMPONENTS\LIBRARYV2\GDAL\GDAL_2.0.2_VC\3RDPART\EXPAT-2.1.0\WIN32\TMP\DEBUG-W\VC100.PDB
K:\COMPONENTS\LIBRARYV2\GDAL\GDAL_2.0.2_VC\3RDPART\EXPAT-2.1.0\WIN32\TMP\DEBUG-W\XMLPARSE.OBJ
K:\COMPONENTS\LIBRARYV2\GDAL\GDAL_2.0.2_VC\3RDPART\EXPAT-2.1.0\WIN32\TMP\DEBUG-W\XMLROLE.OBJ
K:\COMPONENTS\LIBRARYV2\GDAL\GDAL_2.0.2_VC\3RDPART\EXPAT-2.1.0\WIN32\TMP\DEBUG-W\XMLTOK.OBJ
K:\COMPONENTS\LIBRARYV2\GDAL\GDAL_2.0.2_VC\3RDPART\EXPAT-2.1.0\WIN32\TMP\DEBUG-W\XMLTOK_IMPL.OBJ
K:\COMPONENTS\LIBRARYV2\GDAL\GDAL_2.0.2_VC\3RDPART\EXPAT-2.1.0\WIN32\TMP\DEBUG-W\XMLTOK_NS.OBJ
K:\COMPONENTS\LIBRARYV2\GDAL\GDAL_2.0.2_VC\3RDPART\EXPAT-2.1.0\X64\BIN\DEBUG\EXPATW.PDB
K:\Components\LibraryV2\GDAL\GDAL_2.0.2_VC\3rdpart\expat-2.1.0\x64\tmp\Debug-w\BscMake.command.1.tlog
K:\Components\LibraryV2\GDAL\GDAL_2.0.2_VC\3rdpart\expat-2.1.0\x64\tmp\Debug-w\bscmake.read.1.tlog
K:\Components\LibraryV2\GDAL\GDAL_2.0.2_VC\3rdpart\expat-2.1.0\x64\tmp\Debug-w\bscmake.write.1.tlog
K:\Components\LibraryV2\GDAL\GDAL_2.0.2_VC\3rdpart\expat-2.1.0\x64\tmp\Debug-w\cl.command.1.tlog
K:\Components\LibraryV2\GDAL\GDAL_2.0.2_VC\3rdpart\expat-2.1.0\x64\tmp\Debug-w\CL.read.1.tlog
K:\Components\LibraryV2\GDAL\GDAL_2.0.2_VC\3rdpart\expat-2.1.0\x64\tmp\Debug-w\CL.write.1.tlog
K:\COMPONENTS\LIBRARYV2\GDAL\GDAL_2.0.2_VC\3RDPART\EXPAT-2.1.0\X64\TMP\DEBUG-W\EXPATW.DLL.EMBED.MANIFEST
K:\COMPONENTS\LIBRARYV2\GDAL\GDAL_2.0.2_VC\3RDPART\EXPAT-2.1.0\X64\TMP\DEBUG-W\EXPATW.DLL.EMBED.MANIFEST.RES
K:\COMPONENTS\LIBRARYV2\GDAL\GDAL_2.0.2_VC\3RDPART\EXPAT-2.1.0\X64\TMP\DEBUG-W\EXPATW.DLL.INTERMEDIATE.MANIFEST
K:\Components\LibraryV2\GDAL\GDAL_2.0.2_VC\3rdpart\expat-2.1.0\x64\tmp\Debug-w\expatw.write.1.tlog
K:\Components\LibraryV2\GDAL\GDAL_2.0.2_VC\3rdpart\expat-2.1.0\x64\tmp\Debug-w\expatw_manifest.rc
K:\Components\LibraryV2\GDAL\GDAL_2.0.2_VC\3rdpart\expat-2.1.0\x64\tmp\Debug-w\link.8100.read.1.tlog
K:\Components\LibraryV2\GDAL\GDAL_2.0.2_VC\3rdpart\expat-2.1.0\x64\tmp\Debug-w\link.8100.write.1.tlog
K:\Components\LibraryV2\GDAL\GDAL_2.0.2_VC\3rdpart\expat-2.1.0\x64\tmp\Debug-w\link.8100-cvtres.read.1.tlog
K:\Components\LibraryV2\GDAL\GDAL_2.0.2_VC\3rdpart\expat-2.1.0\x64\tmp\Debug-w\link.8100-cvtres.write.1.tlog
K:\Components\LibraryV2\GDAL\GDAL_2.0.2_VC\3rdpart\expat-2.1.0\x64\tmp\Debug-w\link.command.1.tlog
K:\Components\LibraryV2\GDAL\GDAL_2.0.2_VC\3rdpart\expat-2.1.0\x64\tmp\Debug-w\link.read.1.tlog
K:\Components\LibraryV2\GDAL\GDAL_2.0.2_VC\3rdpart\expat-2.1.0\x64\tmp\Debug-w\link.write.1.tlog
K:\Components\LibraryV2\GDAL\GDAL_2.0.2_VC\3rdpart\expat-2.1.0\x64\tmp\Debug-w\link-cvtres.read.1.tlog
K:\Components\LibraryV2\GDAL\GDAL_2.0.2_VC\3rdpart\expat-2.1.0\x64\tmp\Debug-w\link-cvtres.write.1.tlog
K:\Components\LibraryV2\GDAL\GDAL_2.0.2_VC\3rdpart\expat-2.1.0\x64\tmp\Debug-w\mt.command.1.tlog
K:\Components\LibraryV2\GDAL\GDAL_2.0.2_VC\3rdpart\expat-2.1.0\x64\tmp\Debug-w\mt.read.1.tlog
K:\Components\LibraryV2\GDAL\GDAL_2.0.2_VC\3rdpart\expat-2.1.0\x64\tmp\Debug-w\mt.write.1.tlog
K:\Components\LibraryV2\GDAL\GDAL_2.0.2_VC\3rdpart\expat-2.1.0\x64\tmp\Debug-w\rc.command.1.tlog
K:\Components\LibraryV2\GDAL\GDAL_2.0.2_VC\3rdpart\expat-2.1.0\x64\tmp\Debug-w\rc.read.1.tlog
K:\Components\LibraryV2\GDAL\GDAL_2.0.2_VC\3rdpart\expat-2.1.0\x64\tmp\Debug-w\rc.write.1.tlog
K:\COMPONENTS\LIBRARYV2\GDAL\GDAL_2.0.2_VC\3RDPART\EXPAT-2.1.0\X64\TMP\DEBUG-W\XMLPARSE.SBR
K:\COMPONENTS\LIBRARYV2\GDAL\GDAL_2.0.2_VC\3RDPART\EXPAT-2.1.0\X64\TMP\DEBUG-W\XMLROLE.SBR
K:\COMPONENTS\LIBRARYV2\GDAL\GDAL_2.0.2_VC\3RDPART\EXPAT-2.1.0\X64\TMP\DEBUG-W\XMLTOK.SBR
K:\COMPONENTS\LIBRARYV2\GDAL\GDAL_2.0.2_VC\3RDPART\EXPAT-2.1.0\X64\TMP\DEBUG-W\XMLTOK_IMPL.SBR
K:\COMPONENTS\LIBRARYV2\GDAL\GDAL_2.0.2_VC\3RDPART\EXPAT-2.1.0\X64\TMP\DEBUG-W\XMLTOK_NS.SBR
