K:\COMPONENTS\LIBRARYV2\GDAL\GDAL_2.0.2_VC\3RDPART\EXPAT-2.1.0\WIN32\BIN\RELEASE\LIBEXPATW.DLL
K:\Components\LibraryV2\GDAL\GDAL_2.0.2_VC\3rdpart\expat-2.1.0\win32\bin\Release\libexpatw.exp
K:\Components\LibraryV2\GDAL\GDAL_2.0.2_VC\3rdpart\expat-2.1.0\win32\bin\Release\libexpatw.lib
K:\COMPONENTS\LIBRARYV2\GDAL\GDAL_2.0.2_VC\3RDPART\EXPAT-2.1.0\WIN32\TMP\RELEASE-W\VC100.PDB
K:\COMPONENTS\LIBRARYV2\GDAL\GDAL_2.0.2_VC\3RDPART\EXPAT-2.1.0\WIN32\TMP\RELEASE-W\XMLPARSE.OBJ
K:\COMPONENTS\LIBRARYV2\GDAL\GDAL_2.0.2_VC\3RDPART\EXPAT-2.1.0\WIN32\TMP\RELEASE-W\XMLROLE.OBJ
K:\COMPONENTS\LIBRARYV2\GDAL\GDAL_2.0.2_VC\3RDPART\EXPAT-2.1.0\WIN32\TMP\RELEASE-W\XMLTOK.OBJ
K:\COMPONENTS\LIBRARYV2\GDAL\GDAL_2.0.2_VC\3RDPART\EXPAT-2.1.0\WIN32\TMP\RELEASE-W\XMLTOK_IMPL.OBJ
K:\COMPONENTS\LIBRARYV2\GDAL\GDAL_2.0.2_VC\3RDPART\EXPAT-2.1.0\WIN32\TMP\RELEASE-W\XMLTOK_NS.OBJ
K:\Components\LibraryV2\GDAL\GDAL_2.0.2_VC\3rdpart\expat-2.1.0\x64\tmp\Release-w\cl.command.1.tlog
K:\Components\LibraryV2\GDAL\GDAL_2.0.2_VC\3rdpart\expat-2.1.0\x64\tmp\Release-w\CL.read.1.tlog
K:\Components\LibraryV2\GDAL\GDAL_2.0.2_VC\3rdpart\expat-2.1.0\x64\tmp\Release-w\CL.write.1.tlog
K:\COMPONENTS\LIBRARYV2\GDAL\GDAL_2.0.2_VC\3RDPART\EXPAT-2.1.0\X64\TMP\RELEASE-W\EXPATW.DLL.INTERMEDIATE.MANIFEST
K:\Components\LibraryV2\GDAL\GDAL_2.0.2_VC\3rdpart\expat-2.1.0\x64\tmp\Release-w\expatw.write.1.tlog
K:\Components\LibraryV2\GDAL\GDAL_2.0.2_VC\3rdpart\expat-2.1.0\x64\tmp\Release-w\link.command.1.tlog
K:\Components\LibraryV2\GDAL\GDAL_2.0.2_VC\3rdpart\expat-2.1.0\x64\tmp\Release-w\link.read.1.tlog
K:\Components\LibraryV2\GDAL\GDAL_2.0.2_VC\3rdpart\expat-2.1.0\x64\tmp\Release-w\link.write.1.tlog
K:\Components\LibraryV2\GDAL\GDAL_2.0.2_VC\3rdpart\expat-2.1.0\x64\tmp\Release-w\mt.command.1.tlog
K:\Components\LibraryV2\GDAL\GDAL_2.0.2_VC\3rdpart\expat-2.1.0\x64\tmp\Release-w\mt.read.1.tlog
K:\Components\LibraryV2\GDAL\GDAL_2.0.2_VC\3rdpart\expat-2.1.0\x64\tmp\Release-w\mt.write.1.tlog
