K:\COMPONENTS\LIBRARYV2\GDAL\GDAL_2.1.0_VC_NOINTFILESCLEANUP\LIBGDAL-2.1.0\LIB\X86\DEBUG\_GETCELL.OBJ
K:\COMPONENTS\LIBRARYV2\GDAL\GDAL_2.1.0_VC_NOINTFILESCLEANUP\LIBGDAL-2.1.0\LIB\X86\DEBUG\_GETROW.OBJ
K:\COMPONENTS\LIBRARYV2\GDAL\GDAL_2.1.0_VC_NOINTFILESCLEANUP\LIBGDAL-2.1.0\LIB\X86\DEBUG\_GSOMECE.OBJ
K:\COMPONENTS\LIBRARYV2\GDAL\GDAL_2.1.0_VC_NOINTFILESCLEANUP\LIBGDAL-2.1.0\LIB\X86\DEBUG\_PUTCELL.OBJ
K:\COMPONENTS\LIBRARYV2\GDAL\GDAL_2.1.0_VC_NOINTFILESCLEANUP\LIBGDAL-2.1.0\LIB\X86\DEBUG\_RPUTROW.OBJ
K:\COMPONENTS\LIBRARYV2\GDAL\GDAL_2.1.0_VC_NOINTFILESCLEANUP\LIBGDAL-2.1.0\LIB\X86\DEBUG\ADLER32.OBJ
K:\COMPONENTS\LIBRARYV2\GDAL\GDAL_2.1.0_VC_NOINTFILESCLEANUP\LIBGDAL-2.1.0\LIB\X86\DEBUG\ANGLE.OBJ
K:\COMPONENTS\LIBRARYV2\GDAL\GDAL_2.1.0_VC_NOINTFILESCLEANUP\LIBGDAL-2.1.0\LIB\X86\DEBUG\ATTRAVAI.OBJ
K:\COMPONENTS\LIBRARYV2\GDAL\GDAL_2.1.0_VC_NOINTFILESCLEANUP\LIBGDAL-2.1.0\LIB\X86\DEBUG\ATTRSIZE.OBJ
K:\COMPONENTS\LIBRARYV2\GDAL\GDAL_2.1.0_VC_NOINTFILESCLEANUP\LIBGDAL-2.1.0\LIB\X86\DEBUG\CELLSIZE.OBJ
K:\Components\LibraryV2\GDAL\GDAL_2.1.0_VC_NoIntFilesCleanUp\libgdal-2.1.0\lib\x86\Debug\cl.command.1.tlog
K:\Components\LibraryV2\GDAL\GDAL_2.1.0_VC_NoIntFilesCleanUp\libgdal-2.1.0\lib\x86\Debug\CL.read.1.tlog
K:\Components\LibraryV2\GDAL\GDAL_2.1.0_VC_NoIntFilesCleanUp\libgdal-2.1.0\lib\x86\Debug\CL.write.1.tlog
K:\COMPONENTS\LIBRARYV2\GDAL\GDAL_2.1.0_VC_NOINTFILESCLEANUP\LIBGDAL-2.1.0\LIB\X86\DEBUG\COMPRESS.OBJ
K:\COMPONENTS\LIBRARYV2\GDAL\GDAL_2.1.0_VC_NOINTFILESCLEANUP\LIBGDAL-2.1.0\LIB\X86\DEBUG\CRC32.OBJ
K:\COMPONENTS\LIBRARYV2\GDAL\GDAL_2.1.0_VC_NOINTFILESCLEANUP\LIBGDAL-2.1.0\LIB\X86\DEBUG\CREATE2.OBJ
K:\COMPONENTS\LIBRARYV2\GDAL\GDAL_2.1.0_VC_NOINTFILESCLEANUP\LIBGDAL-2.1.0\LIB\X86\DEBUG\CSFGLOB.OBJ
K:\COMPONENTS\LIBRARYV2\GDAL\GDAL_2.1.0_VC_NOINTFILESCLEANUP\LIBGDAL-2.1.0\LIB\X86\DEBUG\CSFSUP.OBJ
K:\COMPONENTS\LIBRARYV2\GDAL\GDAL_2.1.0_VC_NOINTFILESCLEANUP\LIBGDAL-2.1.0\LIB\X86\DEBUG\DEFLATE.OBJ
K:\COMPONENTS\LIBRARYV2\GDAL\GDAL_2.1.0_VC_NOINTFILESCLEANUP\LIBGDAL-2.1.0\LIB\X86\DEBUG\DELATTR.OBJ
K:\COMPONENTS\LIBRARYV2\GDAL\GDAL_2.1.0_VC_NOINTFILESCLEANUP\LIBGDAL-2.1.0\LIB\X86\DEBUG\DGIF_LIB.OBJ
K:\COMPONENTS\LIBRARYV2\GDAL\GDAL_2.1.0_VC_NOINTFILESCLEANUP\LIBGDAL-2.1.0\LIB\X86\DEBUG\DUMCONV.OBJ
K:\COMPONENTS\LIBRARYV2\GDAL\GDAL_2.1.0_VC_NOINTFILESCLEANUP\LIBGDAL-2.1.0\LIB\X86\DEBUG\EGIF_LIB.OBJ
K:\COMPONENTS\LIBRARYV2\GDAL\GDAL_2.1.0_VC_NOINTFILESCLEANUP\LIBGDAL-2.1.0\LIB\X86\DEBUG\ENDIAN.OBJ
K:\COMPONENTS\LIBRARYV2\GDAL\GDAL_2.1.0_VC_NOINTFILESCLEANUP\LIBGDAL-2.1.0\LIB\X86\DEBUG\FILENAME.OBJ
K:\COMPONENTS\LIBRARYV2\GDAL\GDAL_2.1.0_VC_NOINTFILESCLEANUP\LIBGDAL-2.1.0\LIB\X86\DEBUG\GATTRBLK.OBJ
K:\COMPONENTS\LIBRARYV2\GDAL\GDAL_2.1.0_VC_NOINTFILESCLEANUP\LIBGDAL-2.1.0\LIB\X86\DEBUG\GATTRIDX.OBJ
K:\COMPONENTS\LIBRARYV2\GDAL\GDAL_2.1.0_VC_NOINTFILESCLEANUP\LIBGDAL-2.1.0\LIB\X86\DEBUG\GCELLREP.OBJ
K:\Components\LibraryV2\GDAL\GDAL_2.1.0_VC_NoIntFilesCleanUp\libgdal-2.1.0\lib\x86\Debug\gdal-2.1.0_lib.write.1.tlog
K:\COMPONENTS\LIBRARYV2\GDAL\GDAL_2.1.0_VC_NOINTFILESCLEANUP\LIBGDAL-2.1.0\LIB\X86\DEBUG\GDALWARPKERNEL_OPENCL.OBJ
K:\COMPONENTS\LIBRARYV2\GDAL\GDAL_2.1.0_VC_NOINTFILESCLEANUP\LIBGDAL-2.1.0\LIB\X86\DEBUG\GDATTYPE.OBJ
K:\COMPONENTS\LIBRARYV2\GDAL\GDAL_2.1.0_VC_NOINTFILESCLEANUP\LIBGDAL-2.1.0\LIB\X86\DEBUG\GETATTR.OBJ
K:\COMPONENTS\LIBRARYV2\GDAL\GDAL_2.1.0_VC_NOINTFILESCLEANUP\LIBGDAL-2.1.0\LIB\X86\DEBUG\GETX0.OBJ
K:\COMPONENTS\LIBRARYV2\GDAL\GDAL_2.1.0_VC_NOINTFILESCLEANUP\LIBGDAL-2.1.0\LIB\X86\DEBUG\GETY0.OBJ
K:\COMPONENTS\LIBRARYV2\GDAL\GDAL_2.1.0_VC_NOINTFILESCLEANUP\LIBGDAL-2.1.0\LIB\X86\DEBUG\GGISFID.OBJ
K:\COMPONENTS\LIBRARYV2\GDAL\GDAL_2.1.0_VC_NOINTFILESCLEANUP\LIBGDAL-2.1.0\LIB\X86\DEBUG\GIF_ERR.OBJ
K:\COMPONENTS\LIBRARYV2\GDAL\GDAL_2.1.0_VC_NOINTFILESCLEANUP\LIBGDAL-2.1.0\LIB\X86\DEBUG\GIF_HASH.OBJ
K:\COMPONENTS\LIBRARYV2\GDAL\GDAL_2.1.0_VC_NOINTFILESCLEANUP\LIBGDAL-2.1.0\LIB\X86\DEBUG\GIFALLOC.OBJ
K:\COMPONENTS\LIBRARYV2\GDAL\GDAL_2.1.0_VC_NOINTFILESCLEANUP\LIBGDAL-2.1.0\LIB\X86\DEBUG\GMAXVAL.OBJ
K:\COMPONENTS\LIBRARYV2\GDAL\GDAL_2.1.0_VC_NOINTFILESCLEANUP\LIBGDAL-2.1.0\LIB\X86\DEBUG\GMINVAL.OBJ
K:\COMPONENTS\LIBRARYV2\GDAL\GDAL_2.1.0_VC_NOINTFILESCLEANUP\LIBGDAL-2.1.0\LIB\X86\DEBUG\GNRCOLS.OBJ
K:\COMPONENTS\LIBRARYV2\GDAL\GDAL_2.1.0_VC_NOINTFILESCLEANUP\LIBGDAL-2.1.0\LIB\X86\DEBUG\GNRROWS.OBJ
K:\COMPONENTS\LIBRARYV2\GDAL\GDAL_2.1.0_VC_NOINTFILESCLEANUP\LIBGDAL-2.1.0\LIB\X86\DEBUG\GPROJ.OBJ
K:\COMPONENTS\LIBRARYV2\GDAL\GDAL_2.1.0_VC_NOINTFILESCLEANUP\LIBGDAL-2.1.0\LIB\X86\DEBUG\GPUTPROJ.OBJ
K:\COMPONENTS\LIBRARYV2\GDAL\GDAL_2.1.0_VC_NOINTFILESCLEANUP\LIBGDAL-2.1.0\LIB\X86\DEBUG\GVALSCAL.OBJ
K:\COMPONENTS\LIBRARYV2\GDAL\GDAL_2.1.0_VC_NOINTFILESCLEANUP\LIBGDAL-2.1.0\LIB\X86\DEBUG\GVARTYPE.OBJ
K:\COMPONENTS\LIBRARYV2\GDAL\GDAL_2.1.0_VC_NOINTFILESCLEANUP\LIBGDAL-2.1.0\LIB\X86\DEBUG\GVERSION.OBJ
K:\COMPONENTS\LIBRARYV2\GDAL\GDAL_2.1.0_VC_NOINTFILESCLEANUP\LIBGDAL-2.1.0\LIB\X86\DEBUG\GZIO.OBJ
K:\COMPONENTS\LIBRARYV2\GDAL\GDAL_2.1.0_VC_NOINTFILESCLEANUP\LIBGDAL-2.1.0\LIB\X86\DEBUG\INFBACK.OBJ
K:\COMPONENTS\LIBRARYV2\GDAL\GDAL_2.1.0_VC_NOINTFILESCLEANUP\LIBGDAL-2.1.0\LIB\X86\DEBUG\INFFAST.OBJ
K:\COMPONENTS\LIBRARYV2\GDAL\GDAL_2.1.0_VC_NOINTFILESCLEANUP\LIBGDAL-2.1.0\LIB\X86\DEBUG\INFLATE.OBJ
K:\COMPONENTS\LIBRARYV2\GDAL\GDAL_2.1.0_VC_NOINTFILESCLEANUP\LIBGDAL-2.1.0\LIB\X86\DEBUG\INFTREES.OBJ
K:\COMPONENTS\LIBRARYV2\GDAL\GDAL_2.1.0_VC_NOINTFILESCLEANUP\LIBGDAL-2.1.0\LIB\X86\DEBUG\ISMV.OBJ
K:\COMPONENTS\LIBRARYV2\GDAL\GDAL_2.1.0_VC_NOINTFILESCLEANUP\LIBGDAL-2.1.0\LIB\X86\DEBUG\JCAPIMIN.OBJ
K:\COMPONENTS\LIBRARYV2\GDAL\GDAL_2.1.0_VC_NOINTFILESCLEANUP\LIBGDAL-2.1.0\LIB\X86\DEBUG\JCAPISTD.OBJ
K:\COMPONENTS\LIBRARYV2\GDAL\GDAL_2.1.0_VC_NOINTFILESCLEANUP\LIBGDAL-2.1.0\LIB\X86\DEBUG\JCDCTMGR.OBJ
K:\COMPONENTS\LIBRARYV2\GDAL\GDAL_2.1.0_VC_NOINTFILESCLEANUP\LIBGDAL-2.1.0\LIB\X86\DEBUG\JCHUFF.OBJ
K:\COMPONENTS\LIBRARYV2\GDAL\GDAL_2.1.0_VC_NOINTFILESCLEANUP\LIBGDAL-2.1.0\LIB\X86\DEBUG\JCINIT.OBJ
K:\COMPONENTS\LIBRARYV2\GDAL\GDAL_2.1.0_VC_NOINTFILESCLEANUP\LIBGDAL-2.1.0\LIB\X86\DEBUG\JCMAINCT.OBJ
K:\COMPONENTS\LIBRARYV2\GDAL\GDAL_2.1.0_VC_NOINTFILESCLEANUP\LIBGDAL-2.1.0\LIB\X86\DEBUG\JCMASTER.OBJ
K:\COMPONENTS\LIBRARYV2\GDAL\GDAL_2.1.0_VC_NOINTFILESCLEANUP\LIBGDAL-2.1.0\LIB\X86\DEBUG\JCOMAPI.OBJ
K:\COMPONENTS\LIBRARYV2\GDAL\GDAL_2.1.0_VC_NOINTFILESCLEANUP\LIBGDAL-2.1.0\LIB\X86\DEBUG\JCPARAM.OBJ
K:\COMPONENTS\LIBRARYV2\GDAL\GDAL_2.1.0_VC_NOINTFILESCLEANUP\LIBGDAL-2.1.0\LIB\X86\DEBUG\JCPHUFF.OBJ
K:\COMPONENTS\LIBRARYV2\GDAL\GDAL_2.1.0_VC_NOINTFILESCLEANUP\LIBGDAL-2.1.0\LIB\X86\DEBUG\JCPREPCT.OBJ
K:\COMPONENTS\LIBRARYV2\GDAL\GDAL_2.1.0_VC_NOINTFILESCLEANUP\LIBGDAL-2.1.0\LIB\X86\DEBUG\JDAPIMIN.OBJ
K:\COMPONENTS\LIBRARYV2\GDAL\GDAL_2.1.0_VC_NOINTFILESCLEANUP\LIBGDAL-2.1.0\LIB\X86\DEBUG\JDAPISTD.OBJ
K:\COMPONENTS\LIBRARYV2\GDAL\GDAL_2.1.0_VC_NOINTFILESCLEANUP\LIBGDAL-2.1.0\LIB\X86\DEBUG\JDATADST.OBJ
K:\COMPONENTS\LIBRARYV2\GDAL\GDAL_2.1.0_VC_NOINTFILESCLEANUP\LIBGDAL-2.1.0\LIB\X86\DEBUG\JDDCTMGR.OBJ
K:\COMPONENTS\LIBRARYV2\GDAL\GDAL_2.1.0_VC_NOINTFILESCLEANUP\LIBGDAL-2.1.0\LIB\X86\DEBUG\JDHUFF.OBJ
K:\COMPONENTS\LIBRARYV2\GDAL\GDAL_2.1.0_VC_NOINTFILESCLEANUP\LIBGDAL-2.1.0\LIB\X86\DEBUG\JDINPUT.OBJ
K:\COMPONENTS\LIBRARYV2\GDAL\GDAL_2.1.0_VC_NOINTFILESCLEANUP\LIBGDAL-2.1.0\LIB\X86\DEBUG\JDMAINCT.OBJ
K:\COMPONENTS\LIBRARYV2\GDAL\GDAL_2.1.0_VC_NOINTFILESCLEANUP\LIBGDAL-2.1.0\LIB\X86\DEBUG\JDMARKER.OBJ
K:\COMPONENTS\LIBRARYV2\GDAL\GDAL_2.1.0_VC_NOINTFILESCLEANUP\LIBGDAL-2.1.0\LIB\X86\DEBUG\JDMASTER.OBJ
K:\COMPONENTS\LIBRARYV2\GDAL\GDAL_2.1.0_VC_NOINTFILESCLEANUP\LIBGDAL-2.1.0\LIB\X86\DEBUG\JDPHUFF.OBJ
K:\COMPONENTS\LIBRARYV2\GDAL\GDAL_2.1.0_VC_NOINTFILESCLEANUP\LIBGDAL-2.1.0\LIB\X86\DEBUG\JDTRANS.OBJ
K:\COMPONENTS\LIBRARYV2\GDAL\GDAL_2.1.0_VC_NOINTFILESCLEANUP\LIBGDAL-2.1.0\LIB\X86\DEBUG\JERROR.OBJ
K:\COMPONENTS\LIBRARYV2\GDAL\GDAL_2.1.0_VC_NOINTFILESCLEANUP\LIBGDAL-2.1.0\LIB\X86\DEBUG\JFDCTFLT.OBJ
K:\COMPONENTS\LIBRARYV2\GDAL\GDAL_2.1.0_VC_NOINTFILESCLEANUP\LIBGDAL-2.1.0\LIB\X86\DEBUG\JFDCTFST.OBJ
K:\COMPONENTS\LIBRARYV2\GDAL\GDAL_2.1.0_VC_NOINTFILESCLEANUP\LIBGDAL-2.1.0\LIB\X86\DEBUG\JFDCTINT.OBJ
K:\COMPONENTS\LIBRARYV2\GDAL\GDAL_2.1.0_VC_NOINTFILESCLEANUP\LIBGDAL-2.1.0\LIB\X86\DEBUG\JIDCTFLT.OBJ
K:\COMPONENTS\LIBRARYV2\GDAL\GDAL_2.1.0_VC_NOINTFILESCLEANUP\LIBGDAL-2.1.0\LIB\X86\DEBUG\JIDCTFST.OBJ
K:\COMPONENTS\LIBRARYV2\GDAL\GDAL_2.1.0_VC_NOINTFILESCLEANUP\LIBGDAL-2.1.0\LIB\X86\DEBUG\JIDCTINT.OBJ
K:\COMPONENTS\LIBRARYV2\GDAL\GDAL_2.1.0_VC_NOINTFILESCLEANUP\LIBGDAL-2.1.0\LIB\X86\DEBUG\JIDCTRED.OBJ
K:\COMPONENTS\LIBRARYV2\GDAL\GDAL_2.1.0_VC_NOINTFILESCLEANUP\LIBGDAL-2.1.0\LIB\X86\DEBUG\JMEMMGR.OBJ
K:\COMPONENTS\LIBRARYV2\GDAL\GDAL_2.1.0_VC_NOINTFILESCLEANUP\LIBGDAL-2.1.0\LIB\X86\DEBUG\JUTILS.OBJ
K:\COMPONENTS\LIBRARYV2\GDAL\GDAL_2.1.0_VC_NOINTFILESCLEANUP\LIBGDAL-2.1.0\LIB\X86\DEBUG\KERNLCSF.OBJ
K:\COMPONENTS\LIBRARYV2\GDAL\GDAL_2.1.0_VC_NOINTFILESCLEANUP\LIBGDAL-2.1.0\LIB\X86\DEBUG\LEGEND.OBJ
K:\COMPONENTS\LIBRARYV2\GDAL\GDAL_2.1.0_VC_NOINTFILESCLEANUP\LIBGDAL-2.1.0\LIB\X86\DEBUG\MCLOSE.OBJ
K:\COMPONENTS\LIBRARYV2\GDAL\GDAL_2.1.0_VC_NOINTFILESCLEANUP\LIBGDAL-2.1.0\LIB\X86\DEBUG\MGRS.OBJ
K:\COMPONENTS\LIBRARYV2\GDAL\GDAL_2.1.0_VC_NOINTFILESCLEANUP\LIBGDAL-2.1.0\LIB\X86\DEBUG\MOPEN.OBJ
K:\COMPONENTS\LIBRARYV2\GDAL\GDAL_2.1.0_VC_NOINTFILESCLEANUP\LIBGDAL-2.1.0\LIB\X86\DEBUG\MOREATTR.OBJ
K:\COMPONENTS\LIBRARYV2\GDAL\GDAL_2.1.0_VC_NOINTFILESCLEANUP\LIBGDAL-2.1.0\LIB\X86\DEBUG\MPERROR.OBJ
K:\COMPONENTS\LIBRARYV2\GDAL\GDAL_2.1.0_VC_NOINTFILESCLEANUP\LIBGDAL-2.1.0\LIB\X86\DEBUG\OSR_CS_WKT_PARSER.OBJ
K:\COMPONENTS\LIBRARYV2\GDAL\GDAL_2.1.0_VC_NOINTFILESCLEANUP\LIBGDAL-2.1.0\LIB\X86\DEBUG\PGISFID.OBJ
K:\COMPONENTS\LIBRARYV2\GDAL\GDAL_2.1.0_VC_NOINTFILESCLEANUP\LIBGDAL-2.1.0\LIB\X86\DEBUG\PMAXVAL.OBJ
K:\COMPONENTS\LIBRARYV2\GDAL\GDAL_2.1.0_VC_NOINTFILESCLEANUP\LIBGDAL-2.1.0\LIB\X86\DEBUG\PMINVAL.OBJ
K:\COMPONENTS\LIBRARYV2\GDAL\GDAL_2.1.0_VC_NOINTFILESCLEANUP\LIBGDAL-2.1.0\LIB\X86\DEBUG\PNG.OBJ
K:\COMPONENTS\LIBRARYV2\GDAL\GDAL_2.1.0_VC_NOINTFILESCLEANUP\LIBGDAL-2.1.0\LIB\X86\DEBUG\PNGERROR.OBJ
K:\COMPONENTS\LIBRARYV2\GDAL\GDAL_2.1.0_VC_NOINTFILESCLEANUP\LIBGDAL-2.1.0\LIB\X86\DEBUG\PNGGCCRD.OBJ
K:\COMPONENTS\LIBRARYV2\GDAL\GDAL_2.1.0_VC_NOINTFILESCLEANUP\LIBGDAL-2.1.0\LIB\X86\DEBUG\PNGGET.OBJ
K:\COMPONENTS\LIBRARYV2\GDAL\GDAL_2.1.0_VC_NOINTFILESCLEANUP\LIBGDAL-2.1.0\LIB\X86\DEBUG\PNGMEM.OBJ
K:\COMPONENTS\LIBRARYV2\GDAL\GDAL_2.1.0_VC_NOINTFILESCLEANUP\LIBGDAL-2.1.0\LIB\X86\DEBUG\PNGPREAD.OBJ
K:\COMPONENTS\LIBRARYV2\GDAL\GDAL_2.1.0_VC_NOINTFILESCLEANUP\LIBGDAL-2.1.0\LIB\X86\DEBUG\PNGREAD.OBJ
K:\COMPONENTS\LIBRARYV2\GDAL\GDAL_2.1.0_VC_NOINTFILESCLEANUP\LIBGDAL-2.1.0\LIB\X86\DEBUG\PNGRIO.OBJ
K:\COMPONENTS\LIBRARYV2\GDAL\GDAL_2.1.0_VC_NOINTFILESCLEANUP\LIBGDAL-2.1.0\LIB\X86\DEBUG\PNGRTRAN.OBJ
K:\COMPONENTS\LIBRARYV2\GDAL\GDAL_2.1.0_VC_NOINTFILESCLEANUP\LIBGDAL-2.1.0\LIB\X86\DEBUG\PNGRUTIL.OBJ
K:\COMPONENTS\LIBRARYV2\GDAL\GDAL_2.1.0_VC_NOINTFILESCLEANUP\LIBGDAL-2.1.0\LIB\X86\DEBUG\PNGSET.OBJ
K:\COMPONENTS\LIBRARYV2\GDAL\GDAL_2.1.0_VC_NOINTFILESCLEANUP\LIBGDAL-2.1.0\LIB\X86\DEBUG\PNGTRANS.OBJ
K:\COMPONENTS\LIBRARYV2\GDAL\GDAL_2.1.0_VC_NOINTFILESCLEANUP\LIBGDAL-2.1.0\LIB\X86\DEBUG\PNGVCRD.OBJ
K:\COMPONENTS\LIBRARYV2\GDAL\GDAL_2.1.0_VC_NOINTFILESCLEANUP\LIBGDAL-2.1.0\LIB\X86\DEBUG\PNGWIO.OBJ
K:\COMPONENTS\LIBRARYV2\GDAL\GDAL_2.1.0_VC_NOINTFILESCLEANUP\LIBGDAL-2.1.0\LIB\X86\DEBUG\PNGWRITE.OBJ
K:\COMPONENTS\LIBRARYV2\GDAL\GDAL_2.1.0_VC_NOINTFILESCLEANUP\LIBGDAL-2.1.0\LIB\X86\DEBUG\PNGWTRAN.OBJ
K:\COMPONENTS\LIBRARYV2\GDAL\GDAL_2.1.0_VC_NOINTFILESCLEANUP\LIBGDAL-2.1.0\LIB\X86\DEBUG\PNGWUTIL.OBJ
K:\COMPONENTS\LIBRARYV2\GDAL\GDAL_2.1.0_VC_NOINTFILESCLEANUP\LIBGDAL-2.1.0\LIB\X86\DEBUG\PUTALLMV.OBJ
K:\COMPONENTS\LIBRARYV2\GDAL\GDAL_2.1.0_VC_NOINTFILESCLEANUP\LIBGDAL-2.1.0\LIB\X86\DEBUG\PUTATTR.OBJ
K:\COMPONENTS\LIBRARYV2\GDAL\GDAL_2.1.0_VC_NOINTFILESCLEANUP\LIBGDAL-2.1.0\LIB\X86\DEBUG\PUTSOMEC.OBJ
K:\COMPONENTS\LIBRARYV2\GDAL\GDAL_2.1.0_VC_NOINTFILESCLEANUP\LIBGDAL-2.1.0\LIB\X86\DEBUG\PUTX0.OBJ
K:\COMPONENTS\LIBRARYV2\GDAL\GDAL_2.1.0_VC_NOINTFILESCLEANUP\LIBGDAL-2.1.0\LIB\X86\DEBUG\PUTY0.OBJ
K:\COMPONENTS\LIBRARYV2\GDAL\GDAL_2.1.0_VC_NOINTFILESCLEANUP\LIBGDAL-2.1.0\LIB\X86\DEBUG\PVALSCAL.OBJ
K:\COMPONENTS\LIBRARYV2\GDAL\GDAL_2.1.0_VC_NOINTFILESCLEANUP\LIBGDAL-2.1.0\LIB\X86\DEBUG\RATTRBLK.OBJ
K:\COMPONENTS\LIBRARYV2\GDAL\GDAL_2.1.0_VC_NOINTFILESCLEANUP\LIBGDAL-2.1.0\LIB\X86\DEBUG\RCOMP.OBJ
K:\COMPONENTS\LIBRARYV2\GDAL\GDAL_2.1.0_VC_NOINTFILESCLEANUP\LIBGDAL-2.1.0\LIB\X86\DEBUG\RCOORDS.OBJ
K:\COMPONENTS\LIBRARYV2\GDAL\GDAL_2.1.0_VC_NOINTFILESCLEANUP\LIBGDAL-2.1.0\LIB\X86\DEBUG\RDUP2.OBJ
K:\COMPONENTS\LIBRARYV2\GDAL\GDAL_2.1.0_VC_NOINTFILESCLEANUP\LIBGDAL-2.1.0\LIB\X86\DEBUG\RESETERR.OBJ
K:\COMPONENTS\LIBRARYV2\GDAL\GDAL_2.1.0_VC_NOINTFILESCLEANUP\LIBGDAL-2.1.0\LIB\X86\DEBUG\REXTEND.OBJ
K:\COMPONENTS\LIBRARYV2\GDAL\GDAL_2.1.0_VC_NOINTFILESCLEANUP\LIBGDAL-2.1.0\LIB\X86\DEBUG\RMALLOC.OBJ
K:\COMPONENTS\LIBRARYV2\GDAL\GDAL_2.1.0_VC_NOINTFILESCLEANUP\LIBGDAL-2.1.0\LIB\X86\DEBUG\RROWCOL.OBJ
K:\COMPONENTS\LIBRARYV2\GDAL\GDAL_2.1.0_VC_NOINTFILESCLEANUP\LIBGDAL-2.1.0\LIB\X86\DEBUG\RUSEAS.OBJ
K:\COMPONENTS\LIBRARYV2\GDAL\GDAL_2.1.0_VC_NOINTFILESCLEANUP\LIBGDAL-2.1.0\LIB\X86\DEBUG\SETANGLE.OBJ
K:\COMPONENTS\LIBRARYV2\GDAL\GDAL_2.1.0_VC_NOINTFILESCLEANUP\LIBGDAL-2.1.0\LIB\X86\DEBUG\SETMV.OBJ
K:\COMPONENTS\LIBRARYV2\GDAL\GDAL_2.1.0_VC_NOINTFILESCLEANUP\LIBGDAL-2.1.0\LIB\X86\DEBUG\SETVTMV.OBJ
K:\COMPONENTS\LIBRARYV2\GDAL\GDAL_2.1.0_VC_NOINTFILESCLEANUP\LIBGDAL-2.1.0\LIB\X86\DEBUG\SQLITE3.OBJ
K:\COMPONENTS\LIBRARYV2\GDAL\GDAL_2.1.0_VC_NOINTFILESCLEANUP\LIBGDAL-2.1.0\LIB\X86\DEBUG\STRCONST.OBJ
K:\COMPONENTS\LIBRARYV2\GDAL\GDAL_2.1.0_VC_NOINTFILESCLEANUP\LIBGDAL-2.1.0\LIB\X86\DEBUG\STRPAD.OBJ
K:\COMPONENTS\LIBRARYV2\GDAL\GDAL_2.1.0_VC_NOINTFILESCLEANUP\LIBGDAL-2.1.0\LIB\X86\DEBUG\SWAPIO.OBJ
K:\COMPONENTS\LIBRARYV2\GDAL\GDAL_2.1.0_VC_NOINTFILESCLEANUP\LIBGDAL-2.1.0\LIB\X86\DEBUG\TRACKMM.OBJ
K:\COMPONENTS\LIBRARYV2\GDAL\GDAL_2.1.0_VC_NOINTFILESCLEANUP\LIBGDAL-2.1.0\LIB\X86\DEBUG\TREES.OBJ
K:\COMPONENTS\LIBRARYV2\GDAL\GDAL_2.1.0_VC_NOINTFILESCLEANUP\LIBGDAL-2.1.0\LIB\X86\DEBUG\UNCOMPR.OBJ
K:\Components\LibraryV2\GDAL\GDAL_2.1.0_VC_NoIntFilesCleanUp\libgdal-2.1.0\lib\x86\Debug\vc100.idb
K:\COMPONENTS\LIBRARYV2\GDAL\GDAL_2.1.0_VC_NOINTFILESCLEANUP\LIBGDAL-2.1.0\LIB\X86\DEBUG\VC100.PDB
K:\COMPONENTS\LIBRARYV2\GDAL\GDAL_2.1.0_VC_NOINTFILESCLEANUP\LIBGDAL-2.1.0\LIB\X86\DEBUG\VS2.OBJ
K:\COMPONENTS\LIBRARYV2\GDAL\GDAL_2.1.0_VC_NOINTFILESCLEANUP\LIBGDAL-2.1.0\LIB\X86\DEBUG\VSDEF.OBJ
K:\COMPONENTS\LIBRARYV2\GDAL\GDAL_2.1.0_VC_NOINTFILESCLEANUP\LIBGDAL-2.1.0\LIB\X86\DEBUG\VSIS.OBJ
K:\COMPONENTS\LIBRARYV2\GDAL\GDAL_2.1.0_VC_NOINTFILESCLEANUP\LIBGDAL-2.1.0\LIB\X86\DEBUG\VSVERS.OBJ
K:\COMPONENTS\LIBRARYV2\GDAL\GDAL_2.1.0_VC_NOINTFILESCLEANUP\LIBGDAL-2.1.0\LIB\X86\DEBUG\WATTRBLK.OBJ
K:\COMPONENTS\LIBRARYV2\GDAL\GDAL_2.1.0_VC_NOINTFILESCLEANUP\LIBGDAL-2.1.0\LIB\X86\DEBUG\ZUTIL.OBJ
