K:\COMPONENTS\LIBRARYV2\GDAL\GDAL_2.0.2_VC\3RDPART\EXPAT-2.1.0\WIN32\BIN\DEBUG\EXPAT_STATIC.BSC
K:\COMPONENTS\LIBRARYV2\GDAL\GDAL_2.0.2_VC\3RDPART\EXPAT-2.1.0\WIN32\BIN\DEBUG\LIBEXPATMT.LIB
K:\COMPONENTS\LIBRARYV2\GDAL\GDAL_2.0.2_VC\3RDPART\EXPAT-2.1.0\WIN32\TMP\DEBUG_STATIC\VC100.PDB
K:\COMPONENTS\LIBRARYV2\GDAL\GDAL_2.0.2_VC\3RDPART\EXPAT-2.1.0\WIN32\TMP\DEBUG_STATIC\XMLPARSE.OBJ
K:\COMPONENTS\LIBRARYV2\GDAL\GDAL_2.0.2_VC\3RDPART\EXPAT-2.1.0\WIN32\TMP\DEBUG_STATIC\XMLROLE.OBJ
K:\COMPONENTS\LIBRARYV2\GDAL\GDAL_2.0.2_VC\3RDPART\EXPAT-2.1.0\WIN32\TMP\DEBUG_STATIC\XMLTOK.OBJ
K:\COMPONENTS\LIBRARYV2\GDAL\GDAL_2.0.2_VC\3RDPART\EXPAT-2.1.0\WIN32\TMP\DEBUG_STATIC\XMLTOK_IMPL.OBJ
K:\COMPONENTS\LIBRARYV2\GDAL\GDAL_2.0.2_VC\3RDPART\EXPAT-2.1.0\WIN32\TMP\DEBUG_STATIC\XMLTOK_NS.OBJ
K:\Components\LibraryV2\GDAL\GDAL_2.0.2_VC\3rdpart\expat-2.1.0\x64\tmp\Debug_static\BscMake.command.1.tlog
K:\Components\LibraryV2\GDAL\GDAL_2.0.2_VC\3rdpart\expat-2.1.0\x64\tmp\Debug_static\bscmake.read.1.tlog
K:\Components\LibraryV2\GDAL\GDAL_2.0.2_VC\3rdpart\expat-2.1.0\x64\tmp\Debug_static\bscmake.write.1.tlog
K:\Components\LibraryV2\GDAL\GDAL_2.0.2_VC\3rdpart\expat-2.1.0\x64\tmp\Debug_static\cl.command.1.tlog
K:\Components\LibraryV2\GDAL\GDAL_2.0.2_VC\3rdpart\expat-2.1.0\x64\tmp\Debug_static\CL.read.1.tlog
K:\Components\LibraryV2\GDAL\GDAL_2.0.2_VC\3rdpart\expat-2.1.0\x64\tmp\Debug_static\CL.write.1.tlog
K:\Components\LibraryV2\GDAL\GDAL_2.0.2_VC\3rdpart\expat-2.1.0\x64\tmp\Debug_static\expat_static.write.1.tlog
K:\Components\LibraryV2\GDAL\GDAL_2.0.2_VC\3rdpart\expat-2.1.0\x64\tmp\Debug_static\lib.command.1.tlog
K:\Components\LibraryV2\GDAL\GDAL_2.0.2_VC\3rdpart\expat-2.1.0\x64\tmp\Debug_static\Lib-link.read.1.tlog
K:\Components\LibraryV2\GDAL\GDAL_2.0.2_VC\3rdpart\expat-2.1.0\x64\tmp\Debug_static\Lib-link.write.1.tlog
K:\COMPONENTS\LIBRARYV2\GDAL\GDAL_2.0.2_VC\3RDPART\EXPAT-2.1.0\X64\TMP\DEBUG_STATIC\XMLPARSE.SBR
K:\COMPONENTS\LIBRARYV2\GDAL\GDAL_2.0.2_VC\3RDPART\EXPAT-2.1.0\X64\TMP\DEBUG_STATIC\XMLROLE.SBR
K:\COMPONENTS\LIBRARYV2\GDAL\GDAL_2.0.2_VC\3RDPART\EXPAT-2.1.0\X64\TMP\DEBUG_STATIC\XMLTOK.SBR
K:\COMPONENTS\LIBRARYV2\GDAL\GDAL_2.0.2_VC\3RDPART\EXPAT-2.1.0\X64\TMP\DEBUG_STATIC\XMLTOK_IMPL.SBR
K:\COMPONENTS\LIBRARYV2\GDAL\GDAL_2.0.2_VC\3RDPART\EXPAT-2.1.0\X64\TMP\DEBUG_STATIC\XMLTOK_NS.SBR
