Build started 29/06/2016 08:10:18.
     1>Project "K:\Components\LibraryV2\GDAL\GDAL_2.0.2_VC\3rdpart\expat-2.1.0\lib\expat.vcxproj" on node 2 (rebuild target(s)).
     1>_PrepareForClean:
         Deleting file ".\..\win32\tmp\Debug\expat.lastbuildstate".
       InitializeBuildStatus:
         Creating ".\..\win32\tmp\Debug\expat.unsuccessfulbuild" because "AlwaysCreate" was specified.
       ClCompile:
         c:\Program Files (x86)\Microsoft Visual Studio 10.0\VC\bin\CL.exe /c /ZI /nologo /W3 /WX- /Od /Oy- /D _DEBUG /D COMPILED_FROM_DSP /D WIN32 /D _WINDOWS /D _USRDLL /D _VC80_UPGRADE=0x0600 /D _WINDLL /D _MBCS /Gm- /RTC1 /MTd /GS /Gy- /fp:precise /Zc:wchar_t /Zc:forScope /Fo".\..\win32\tmp\Debug\\" /Fd".\..\win32\tmp\Debug\vc100.pdb" /FR".\..\win32\tmp\Debug\\" /Gd /TC /analyze- /errorReport:prompt xmlparse.c
         xmlparse.c
         c:\Program Files (x86)\Microsoft Visual Studio 10.0\VC\bin\CL.exe /c /ZI /nologo /W3 /WX- /Od /Oy- /D _DEBUG /D COMPILED_FROM_DSP /D WIN32 /D _WINDOWS /D _USRDLL /D _VC80_UPGRADE=0x0600 /D _WINDLL /D _MBCS /Gm- /EHsc /RTC1 /MTd /GS /Gy- /fp:precise /Zc:wchar_t /Zc:forScope /Fo".\..\win32\tmp\Debug\\" /Fd".\..\win32\tmp\Debug\vc100.pdb" /FR".\..\win32\tmp\Debug\\" /Gd /TC /analyze- /errorReport:prompt xmlrole.c xmltok.c xmltok_impl.c xmltok_ns.c
         xmlrole.c
         xmltok.c
         xmltok_impl.c
         xmltok_ns.c
         Generating Code...
       ManifestResourceCompile:
         C:\Program Files (x86)\Microsoft SDKs\Windows\v7.0A\bin\rc.exe /nologo /fo".\..\win32\tmp\Debug\expat.dll.embed.manifest.res" .\..\win32\tmp\Debug\expat_manifest.rc 
     1>C:\Program Files (x86)\MSBuild\Microsoft.Cpp\v4.0\Microsoft.CppBuild.targets(990,5): warning MSB8012: TargetPath(K:\Components\LibraryV2\GDAL\GDAL_2.0.2_VC\3rdpart\expat-2.1.0\lib\.\..\win32\bin\Debug\expat.dll) does not match the Linker's OutputFile property value (K:\Components\LibraryV2\GDAL\GDAL_2.0.2_VC\3rdpart\expat-2.1.0\win32\bin\Debug\libexpat.dll). This may cause your project to build incorrectly. To correct this, please make sure that $(OutDir), $(TargetName) and $(TargetExt) property values match the value specified in %(Link.OutputFile).
     1>C:\Program Files (x86)\MSBuild\Microsoft.Cpp\v4.0\Microsoft.CppBuild.targets(992,5): warning MSB8012: TargetName(expat) does not match the Linker's OutputFile property value (libexpat). This may cause your project to build incorrectly. To correct this, please make sure that $(OutDir), $(TargetName) and $(TargetExt) property values match the value specified in %(Link.OutputFile).
       Link:
         c:\Program Files (x86)\Microsoft Visual Studio 10.0\VC\bin\link.exe /ERRORREPORT:PROMPT /OUT:".\..\win32\bin\Debug\libexpat.dll" /INCREMENTAL /NOLOGO kernel32.lib user32.lib gdi32.lib winspool.lib comdlg32.lib advapi32.lib shell32.lib ole32.lib oleaut32.lib uuid.lib odbc32.lib odbccp32.lib /DEF:".\libexpat.def" /MANIFEST /ManifestFile:".\..\win32\tmp\Debug\expat.dll.intermediate.manifest" /MANIFESTUAC:"level='asInvoker' uiAccess='false'" /DEBUG /PDB:"K:\Components\LibraryV2\GDAL\GDAL_2.0.2_VC\3rdpart\expat-2.1.0\win32\bin\Debug\expat.pdb" /SUBSYSTEM:CONSOLE /TLBID:1 /DYNAMICBASE /NXCOMPAT /IMPLIB:".\..\win32\bin\Debug\libexpat.lib" /MACHINE:X86 /DLL .\..\win32\tmp\Debug\expat.dll.embed.manifest.res
         .\..\win32\tmp\Debug\xmlparse.obj
         .\..\win32\tmp\Debug\xmlrole.obj
         .\..\win32\tmp\Debug\xmltok.obj
         .\..\win32\tmp\Debug\xmltok_impl.obj
         .\..\win32\tmp\Debug\xmltok_ns.obj
            Creating library .\..\win32\bin\Debug\libexpat.lib and object .\..\win32\bin\Debug\libexpat.exp
       Manifest:
         Deleting file ".\..\win32\tmp\Debug\expat.dll.embed.manifest".
         C:\Program Files (x86)\Microsoft SDKs\Windows\v7.0A\bin\mt.exe /nologo /verbose /out:".\..\win32\tmp\Debug\expat.dll.embed.manifest" /manifest .\..\win32\tmp\Debug\expat.dll.intermediate.manifest
         C:\Program Files (x86)\Microsoft SDKs\Windows\v7.0A\bin\rc.exe /nologo /fo".\..\win32\tmp\Debug\expat.dll.embed.manifest.res" .\..\win32\tmp\Debug\expat_manifest.rc 
       LinkEmbedManifest:
         c:\Program Files (x86)\Microsoft Visual Studio 10.0\VC\bin\link.exe /ERRORREPORT:PROMPT /OUT:".\..\win32\bin\Debug\libexpat.dll" /INCREMENTAL /NOLOGO kernel32.lib user32.lib gdi32.lib winspool.lib comdlg32.lib advapi32.lib shell32.lib ole32.lib oleaut32.lib uuid.lib odbc32.lib odbccp32.lib /DEF:".\libexpat.def" /MANIFEST /ManifestFile:".\..\win32\tmp\Debug\expat.dll.intermediate.manifest" /MANIFESTUAC:"level='asInvoker' uiAccess='false'" /DEBUG /PDB:"K:\Components\LibraryV2\GDAL\GDAL_2.0.2_VC\3rdpart\expat-2.1.0\win32\bin\Debug\expat.pdb" /SUBSYSTEM:CONSOLE /TLBID:1 /DYNAMICBASE /NXCOMPAT /IMPLIB:".\..\win32\bin\Debug\libexpat.lib" /MACHINE:X86 /DLL .\..\win32\tmp\Debug\expat.dll.embed.manifest.res
         .\..\win32\tmp\Debug\xmlparse.obj
         .\..\win32\tmp\Debug\xmlrole.obj
         .\..\win32\tmp\Debug\xmltok.obj
         .\..\win32\tmp\Debug\xmltok_impl.obj
         .\..\win32\tmp\Debug\xmltok_ns.obj
            Creating library .\..\win32\bin\Debug\libexpat.lib and object .\..\win32\bin\Debug\libexpat.exp
         expat.vcxproj -> K:\Components\LibraryV2\GDAL\GDAL_2.0.2_VC\3rdpart\expat-2.1.0\lib\.\..\win32\bin\Debug\expat.dll
       BscMake:
         c:\Program Files (x86)\Microsoft Visual Studio 10.0\VC\bin\bscmake.exe /nologo /o".\..\win32\bin\Debug\expat.bsc" .\..\win32\tmp\Debug\xmlparse.sbr .\..\win32\tmp\Debug\xmlrole.sbr .\..\win32\tmp\Debug\xmltok.sbr .\..\win32\tmp\Debug\xmltok_impl.sbr .\..\win32\tmp\Debug\xmltok_ns.sbr
       FinalizeBuildStatus:
         Deleting file ".\..\win32\tmp\Debug\expat.unsuccessfulbuild".
         Touching ".\..\win32\tmp\Debug\expat.lastbuildstate".
     1>Done Building Project "K:\Components\LibraryV2\GDAL\GDAL_2.0.2_VC\3rdpart\expat-2.1.0\lib\expat.vcxproj" (rebuild target(s)).

Build succeeded.

Time Elapsed 00:00:04.91
