K:\COMPONENTS\LIBRARYV2\GDAL\GDAL_2.1.0_VC_NOINTFILESCLEANUP\LIBGDAL-2.1.0\LIB\X86\RELEASE\_GETCELL.OBJ
K:\COMPONENTS\LIBRARYV2\GDAL\GDAL_2.1.0_VC_NOINTFILESCLEANUP\LIBGDAL-2.1.0\LIB\X86\RELEASE\_GETROW.OBJ
K:\COMPONENTS\LIBRARYV2\GDAL\GDAL_2.1.0_VC_NOINTFILESCLEANUP\LIBGDAL-2.1.0\LIB\X86\RELEASE\_GSOMECE.OBJ
K:\COMPONENTS\LIBRARYV2\GDAL\GDAL_2.1.0_VC_NOINTFILESCLEANUP\LIBGDAL-2.1.0\LIB\X86\RELEASE\_PUTCELL.OBJ
K:\COMPONENTS\LIBRARYV2\GDAL\GDAL_2.1.0_VC_NOINTFILESCLEANUP\LIBGDAL-2.1.0\LIB\X86\RELEASE\_RPUTROW.OBJ
K:\COMPONENTS\LIBRARYV2\GDAL\GDAL_2.1.0_VC_NOINTFILESCLEANUP\LIBGDAL-2.1.0\LIB\X86\RELEASE\ADLER32.OBJ
K:\COMPONENTS\LIBRARYV2\GDAL\GDAL_2.1.0_VC_NOINTFILESCLEANUP\LIBGDAL-2.1.0\LIB\X86\RELEASE\ANGLE.OBJ
K:\COMPONENTS\LIBRARYV2\GDAL\GDAL_2.1.0_VC_NOINTFILESCLEANUP\LIBGDAL-2.1.0\LIB\X86\RELEASE\ATTRAVAI.OBJ
K:\COMPONENTS\LIBRARYV2\GDAL\GDAL_2.1.0_VC_NOINTFILESCLEANUP\LIBGDAL-2.1.0\LIB\X86\RELEASE\ATTRSIZE.OBJ
K:\COMPONENTS\LIBRARYV2\GDAL\GDAL_2.1.0_VC_NOINTFILESCLEANUP\LIBGDAL-2.1.0\LIB\X86\RELEASE\CELLSIZE.OBJ
K:\Components\LibraryV2\GDAL\GDAL_2.1.0_VC_NoIntFilesCleanUp\libgdal-2.1.0\lib\x86\Release\cl.command.1.tlog
K:\Components\LibraryV2\GDAL\GDAL_2.1.0_VC_NoIntFilesCleanUp\libgdal-2.1.0\lib\x86\Release\CL.read.1.tlog
K:\Components\LibraryV2\GDAL\GDAL_2.1.0_VC_NoIntFilesCleanUp\libgdal-2.1.0\lib\x86\Release\CL.write.1.tlog
K:\COMPONENTS\LIBRARYV2\GDAL\GDAL_2.1.0_VC_NOINTFILESCLEANUP\LIBGDAL-2.1.0\LIB\X86\RELEASE\COMPRESS.OBJ
K:\COMPONENTS\LIBRARYV2\GDAL\GDAL_2.1.0_VC_NOINTFILESCLEANUP\LIBGDAL-2.1.0\LIB\X86\RELEASE\CRC32.OBJ
K:\COMPONENTS\LIBRARYV2\GDAL\GDAL_2.1.0_VC_NOINTFILESCLEANUP\LIBGDAL-2.1.0\LIB\X86\RELEASE\CREATE2.OBJ
K:\COMPONENTS\LIBRARYV2\GDAL\GDAL_2.1.0_VC_NOINTFILESCLEANUP\LIBGDAL-2.1.0\LIB\X86\RELEASE\CSFGLOB.OBJ
K:\COMPONENTS\LIBRARYV2\GDAL\GDAL_2.1.0_VC_NOINTFILESCLEANUP\LIBGDAL-2.1.0\LIB\X86\RELEASE\CSFSUP.OBJ
K:\COMPONENTS\LIBRARYV2\GDAL\GDAL_2.1.0_VC_NOINTFILESCLEANUP\LIBGDAL-2.1.0\LIB\X86\RELEASE\DEFLATE.OBJ
K:\COMPONENTS\LIBRARYV2\GDAL\GDAL_2.1.0_VC_NOINTFILESCLEANUP\LIBGDAL-2.1.0\LIB\X86\RELEASE\DELATTR.OBJ
K:\COMPONENTS\LIBRARYV2\GDAL\GDAL_2.1.0_VC_NOINTFILESCLEANUP\LIBGDAL-2.1.0\LIB\X86\RELEASE\DGIF_LIB.OBJ
K:\COMPONENTS\LIBRARYV2\GDAL\GDAL_2.1.0_VC_NOINTFILESCLEANUP\LIBGDAL-2.1.0\LIB\X86\RELEASE\DUMCONV.OBJ
K:\COMPONENTS\LIBRARYV2\GDAL\GDAL_2.1.0_VC_NOINTFILESCLEANUP\LIBGDAL-2.1.0\LIB\X86\RELEASE\EGIF_LIB.OBJ
K:\COMPONENTS\LIBRARYV2\GDAL\GDAL_2.1.0_VC_NOINTFILESCLEANUP\LIBGDAL-2.1.0\LIB\X86\RELEASE\ENDIAN.OBJ
K:\COMPONENTS\LIBRARYV2\GDAL\GDAL_2.1.0_VC_NOINTFILESCLEANUP\LIBGDAL-2.1.0\LIB\X86\RELEASE\FILENAME.OBJ
K:\COMPONENTS\LIBRARYV2\GDAL\GDAL_2.1.0_VC_NOINTFILESCLEANUP\LIBGDAL-2.1.0\LIB\X86\RELEASE\GATTRBLK.OBJ
K:\COMPONENTS\LIBRARYV2\GDAL\GDAL_2.1.0_VC_NOINTFILESCLEANUP\LIBGDAL-2.1.0\LIB\X86\RELEASE\GATTRIDX.OBJ
K:\COMPONENTS\LIBRARYV2\GDAL\GDAL_2.1.0_VC_NOINTFILESCLEANUP\LIBGDAL-2.1.0\LIB\X86\RELEASE\GCELLREP.OBJ
K:\Components\LibraryV2\GDAL\GDAL_2.1.0_VC_NoIntFilesCleanUp\libgdal-2.1.0\lib\x86\Release\gdal-2.1.0_lib.write.1.tlog
K:\COMPONENTS\LIBRARYV2\GDAL\GDAL_2.1.0_VC_NOINTFILESCLEANUP\LIBGDAL-2.1.0\LIB\X86\RELEASE\GDALWARPKERNEL_OPENCL.OBJ
K:\COMPONENTS\LIBRARYV2\GDAL\GDAL_2.1.0_VC_NOINTFILESCLEANUP\LIBGDAL-2.1.0\LIB\X86\RELEASE\GDATTYPE.OBJ
K:\COMPONENTS\LIBRARYV2\GDAL\GDAL_2.1.0_VC_NOINTFILESCLEANUP\LIBGDAL-2.1.0\LIB\X86\RELEASE\GETATTR.OBJ
K:\COMPONENTS\LIBRARYV2\GDAL\GDAL_2.1.0_VC_NOINTFILESCLEANUP\LIBGDAL-2.1.0\LIB\X86\RELEASE\GETX0.OBJ
K:\COMPONENTS\LIBRARYV2\GDAL\GDAL_2.1.0_VC_NOINTFILESCLEANUP\LIBGDAL-2.1.0\LIB\X86\RELEASE\GETY0.OBJ
K:\COMPONENTS\LIBRARYV2\GDAL\GDAL_2.1.0_VC_NOINTFILESCLEANUP\LIBGDAL-2.1.0\LIB\X86\RELEASE\GGISFID.OBJ
K:\COMPONENTS\LIBRARYV2\GDAL\GDAL_2.1.0_VC_NOINTFILESCLEANUP\LIBGDAL-2.1.0\LIB\X86\RELEASE\GIF_ERR.OBJ
K:\COMPONENTS\LIBRARYV2\GDAL\GDAL_2.1.0_VC_NOINTFILESCLEANUP\LIBGDAL-2.1.0\LIB\X86\RELEASE\GIF_HASH.OBJ
K:\COMPONENTS\LIBRARYV2\GDAL\GDAL_2.1.0_VC_NOINTFILESCLEANUP\LIBGDAL-2.1.0\LIB\X86\RELEASE\GIFALLOC.OBJ
K:\COMPONENTS\LIBRARYV2\GDAL\GDAL_2.1.0_VC_NOINTFILESCLEANUP\LIBGDAL-2.1.0\LIB\X86\RELEASE\GMAXVAL.OBJ
K:\COMPONENTS\LIBRARYV2\GDAL\GDAL_2.1.0_VC_NOINTFILESCLEANUP\LIBGDAL-2.1.0\LIB\X86\RELEASE\GMINVAL.OBJ
K:\COMPONENTS\LIBRARYV2\GDAL\GDAL_2.1.0_VC_NOINTFILESCLEANUP\LIBGDAL-2.1.0\LIB\X86\RELEASE\GNRCOLS.OBJ
K:\COMPONENTS\LIBRARYV2\GDAL\GDAL_2.1.0_VC_NOINTFILESCLEANUP\LIBGDAL-2.1.0\LIB\X86\RELEASE\GNRROWS.OBJ
K:\COMPONENTS\LIBRARYV2\GDAL\GDAL_2.1.0_VC_NOINTFILESCLEANUP\LIBGDAL-2.1.0\LIB\X86\RELEASE\GPROJ.OBJ
K:\COMPONENTS\LIBRARYV2\GDAL\GDAL_2.1.0_VC_NOINTFILESCLEANUP\LIBGDAL-2.1.0\LIB\X86\RELEASE\GPUTPROJ.OBJ
K:\COMPONENTS\LIBRARYV2\GDAL\GDAL_2.1.0_VC_NOINTFILESCLEANUP\LIBGDAL-2.1.0\LIB\X86\RELEASE\GVALSCAL.OBJ
K:\COMPONENTS\LIBRARYV2\GDAL\GDAL_2.1.0_VC_NOINTFILESCLEANUP\LIBGDAL-2.1.0\LIB\X86\RELEASE\GVARTYPE.OBJ
K:\COMPONENTS\LIBRARYV2\GDAL\GDAL_2.1.0_VC_NOINTFILESCLEANUP\LIBGDAL-2.1.0\LIB\X86\RELEASE\GVERSION.OBJ
K:\COMPONENTS\LIBRARYV2\GDAL\GDAL_2.1.0_VC_NOINTFILESCLEANUP\LIBGDAL-2.1.0\LIB\X86\RELEASE\GZIO.OBJ
K:\COMPONENTS\LIBRARYV2\GDAL\GDAL_2.1.0_VC_NOINTFILESCLEANUP\LIBGDAL-2.1.0\LIB\X86\RELEASE\INFBACK.OBJ
K:\COMPONENTS\LIBRARYV2\GDAL\GDAL_2.1.0_VC_NOINTFILESCLEANUP\LIBGDAL-2.1.0\LIB\X86\RELEASE\INFFAST.OBJ
K:\COMPONENTS\LIBRARYV2\GDAL\GDAL_2.1.0_VC_NOINTFILESCLEANUP\LIBGDAL-2.1.0\LIB\X86\RELEASE\INFLATE.OBJ
K:\COMPONENTS\LIBRARYV2\GDAL\GDAL_2.1.0_VC_NOINTFILESCLEANUP\LIBGDAL-2.1.0\LIB\X86\RELEASE\INFTREES.OBJ
K:\COMPONENTS\LIBRARYV2\GDAL\GDAL_2.1.0_VC_NOINTFILESCLEANUP\LIBGDAL-2.1.0\LIB\X86\RELEASE\ISMV.OBJ
K:\COMPONENTS\LIBRARYV2\GDAL\GDAL_2.1.0_VC_NOINTFILESCLEANUP\LIBGDAL-2.1.0\LIB\X86\RELEASE\JCAPIMIN.OBJ
K:\COMPONENTS\LIBRARYV2\GDAL\GDAL_2.1.0_VC_NOINTFILESCLEANUP\LIBGDAL-2.1.0\LIB\X86\RELEASE\JCAPISTD.OBJ
K:\COMPONENTS\LIBRARYV2\GDAL\GDAL_2.1.0_VC_NOINTFILESCLEANUP\LIBGDAL-2.1.0\LIB\X86\RELEASE\JCDCTMGR.OBJ
K:\COMPONENTS\LIBRARYV2\GDAL\GDAL_2.1.0_VC_NOINTFILESCLEANUP\LIBGDAL-2.1.0\LIB\X86\RELEASE\JCHUFF.OBJ
K:\COMPONENTS\LIBRARYV2\GDAL\GDAL_2.1.0_VC_NOINTFILESCLEANUP\LIBGDAL-2.1.0\LIB\X86\RELEASE\JCINIT.OBJ
K:\COMPONENTS\LIBRARYV2\GDAL\GDAL_2.1.0_VC_NOINTFILESCLEANUP\LIBGDAL-2.1.0\LIB\X86\RELEASE\JCMAINCT.OBJ
K:\COMPONENTS\LIBRARYV2\GDAL\GDAL_2.1.0_VC_NOINTFILESCLEANUP\LIBGDAL-2.1.0\LIB\X86\RELEASE\JCMASTER.OBJ
K:\COMPONENTS\LIBRARYV2\GDAL\GDAL_2.1.0_VC_NOINTFILESCLEANUP\LIBGDAL-2.1.0\LIB\X86\RELEASE\JCOMAPI.OBJ
K:\COMPONENTS\LIBRARYV2\GDAL\GDAL_2.1.0_VC_NOINTFILESCLEANUP\LIBGDAL-2.1.0\LIB\X86\RELEASE\JCPARAM.OBJ
K:\COMPONENTS\LIBRARYV2\GDAL\GDAL_2.1.0_VC_NOINTFILESCLEANUP\LIBGDAL-2.1.0\LIB\X86\RELEASE\JCPHUFF.OBJ
K:\COMPONENTS\LIBRARYV2\GDAL\GDAL_2.1.0_VC_NOINTFILESCLEANUP\LIBGDAL-2.1.0\LIB\X86\RELEASE\JCPREPCT.OBJ
K:\COMPONENTS\LIBRARYV2\GDAL\GDAL_2.1.0_VC_NOINTFILESCLEANUP\LIBGDAL-2.1.0\LIB\X86\RELEASE\JDAPIMIN.OBJ
K:\COMPONENTS\LIBRARYV2\GDAL\GDAL_2.1.0_VC_NOINTFILESCLEANUP\LIBGDAL-2.1.0\LIB\X86\RELEASE\JDAPISTD.OBJ
K:\COMPONENTS\LIBRARYV2\GDAL\GDAL_2.1.0_VC_NOINTFILESCLEANUP\LIBGDAL-2.1.0\LIB\X86\RELEASE\JDATADST.OBJ
K:\COMPONENTS\LIBRARYV2\GDAL\GDAL_2.1.0_VC_NOINTFILESCLEANUP\LIBGDAL-2.1.0\LIB\X86\RELEASE\JDDCTMGR.OBJ
K:\COMPONENTS\LIBRARYV2\GDAL\GDAL_2.1.0_VC_NOINTFILESCLEANUP\LIBGDAL-2.1.0\LIB\X86\RELEASE\JDHUFF.OBJ
K:\COMPONENTS\LIBRARYV2\GDAL\GDAL_2.1.0_VC_NOINTFILESCLEANUP\LIBGDAL-2.1.0\LIB\X86\RELEASE\JDINPUT.OBJ
K:\COMPONENTS\LIBRARYV2\GDAL\GDAL_2.1.0_VC_NOINTFILESCLEANUP\LIBGDAL-2.1.0\LIB\X86\RELEASE\JDMAINCT.OBJ
K:\COMPONENTS\LIBRARYV2\GDAL\GDAL_2.1.0_VC_NOINTFILESCLEANUP\LIBGDAL-2.1.0\LIB\X86\RELEASE\JDMARKER.OBJ
K:\COMPONENTS\LIBRARYV2\GDAL\GDAL_2.1.0_VC_NOINTFILESCLEANUP\LIBGDAL-2.1.0\LIB\X86\RELEASE\JDMASTER.OBJ
K:\COMPONENTS\LIBRARYV2\GDAL\GDAL_2.1.0_VC_NOINTFILESCLEANUP\LIBGDAL-2.1.0\LIB\X86\RELEASE\JDPHUFF.OBJ
K:\COMPONENTS\LIBRARYV2\GDAL\GDAL_2.1.0_VC_NOINTFILESCLEANUP\LIBGDAL-2.1.0\LIB\X86\RELEASE\JDTRANS.OBJ
K:\COMPONENTS\LIBRARYV2\GDAL\GDAL_2.1.0_VC_NOINTFILESCLEANUP\LIBGDAL-2.1.0\LIB\X86\RELEASE\JERROR.OBJ
K:\COMPONENTS\LIBRARYV2\GDAL\GDAL_2.1.0_VC_NOINTFILESCLEANUP\LIBGDAL-2.1.0\LIB\X86\RELEASE\JFDCTFLT.OBJ
K:\COMPONENTS\LIBRARYV2\GDAL\GDAL_2.1.0_VC_NOINTFILESCLEANUP\LIBGDAL-2.1.0\LIB\X86\RELEASE\JFDCTFST.OBJ
K:\COMPONENTS\LIBRARYV2\GDAL\GDAL_2.1.0_VC_NOINTFILESCLEANUP\LIBGDAL-2.1.0\LIB\X86\RELEASE\JFDCTINT.OBJ
K:\COMPONENTS\LIBRARYV2\GDAL\GDAL_2.1.0_VC_NOINTFILESCLEANUP\LIBGDAL-2.1.0\LIB\X86\RELEASE\JIDCTFLT.OBJ
K:\COMPONENTS\LIBRARYV2\GDAL\GDAL_2.1.0_VC_NOINTFILESCLEANUP\LIBGDAL-2.1.0\LIB\X86\RELEASE\JIDCTFST.OBJ
K:\COMPONENTS\LIBRARYV2\GDAL\GDAL_2.1.0_VC_NOINTFILESCLEANUP\LIBGDAL-2.1.0\LIB\X86\RELEASE\JIDCTINT.OBJ
K:\COMPONENTS\LIBRARYV2\GDAL\GDAL_2.1.0_VC_NOINTFILESCLEANUP\LIBGDAL-2.1.0\LIB\X86\RELEASE\JIDCTRED.OBJ
K:\COMPONENTS\LIBRARYV2\GDAL\GDAL_2.1.0_VC_NOINTFILESCLEANUP\LIBGDAL-2.1.0\LIB\X86\RELEASE\JMEMMGR.OBJ
K:\COMPONENTS\LIBRARYV2\GDAL\GDAL_2.1.0_VC_NOINTFILESCLEANUP\LIBGDAL-2.1.0\LIB\X86\RELEASE\JUTILS.OBJ
K:\COMPONENTS\LIBRARYV2\GDAL\GDAL_2.1.0_VC_NOINTFILESCLEANUP\LIBGDAL-2.1.0\LIB\X86\RELEASE\KERNLCSF.OBJ
K:\COMPONENTS\LIBRARYV2\GDAL\GDAL_2.1.0_VC_NOINTFILESCLEANUP\LIBGDAL-2.1.0\LIB\X86\RELEASE\LEGEND.OBJ
K:\COMPONENTS\LIBRARYV2\GDAL\GDAL_2.1.0_VC_NOINTFILESCLEANUP\LIBGDAL-2.1.0\LIB\X86\RELEASE\MCLOSE.OBJ
K:\COMPONENTS\LIBRARYV2\GDAL\GDAL_2.1.0_VC_NOINTFILESCLEANUP\LIBGDAL-2.1.0\LIB\X86\RELEASE\MGRS.OBJ
K:\COMPONENTS\LIBRARYV2\GDAL\GDAL_2.1.0_VC_NOINTFILESCLEANUP\LIBGDAL-2.1.0\LIB\X86\RELEASE\MOPEN.OBJ
K:\COMPONENTS\LIBRARYV2\GDAL\GDAL_2.1.0_VC_NOINTFILESCLEANUP\LIBGDAL-2.1.0\LIB\X86\RELEASE\MOREATTR.OBJ
K:\COMPONENTS\LIBRARYV2\GDAL\GDAL_2.1.0_VC_NOINTFILESCLEANUP\LIBGDAL-2.1.0\LIB\X86\RELEASE\MPERROR.OBJ
K:\COMPONENTS\LIBRARYV2\GDAL\GDAL_2.1.0_VC_NOINTFILESCLEANUP\LIBGDAL-2.1.0\LIB\X86\RELEASE\OSR_CS_WKT_PARSER.OBJ
K:\COMPONENTS\LIBRARYV2\GDAL\GDAL_2.1.0_VC_NOINTFILESCLEANUP\LIBGDAL-2.1.0\LIB\X86\RELEASE\PGISFID.OBJ
K:\COMPONENTS\LIBRARYV2\GDAL\GDAL_2.1.0_VC_NOINTFILESCLEANUP\LIBGDAL-2.1.0\LIB\X86\RELEASE\PMAXVAL.OBJ
K:\COMPONENTS\LIBRARYV2\GDAL\GDAL_2.1.0_VC_NOINTFILESCLEANUP\LIBGDAL-2.1.0\LIB\X86\RELEASE\PMINVAL.OBJ
K:\COMPONENTS\LIBRARYV2\GDAL\GDAL_2.1.0_VC_NOINTFILESCLEANUP\LIBGDAL-2.1.0\LIB\X86\RELEASE\PNG.OBJ
K:\COMPONENTS\LIBRARYV2\GDAL\GDAL_2.1.0_VC_NOINTFILESCLEANUP\LIBGDAL-2.1.0\LIB\X86\RELEASE\PNGERROR.OBJ
K:\COMPONENTS\LIBRARYV2\GDAL\GDAL_2.1.0_VC_NOINTFILESCLEANUP\LIBGDAL-2.1.0\LIB\X86\RELEASE\PNGGCCRD.OBJ
K:\COMPONENTS\LIBRARYV2\GDAL\GDAL_2.1.0_VC_NOINTFILESCLEANUP\LIBGDAL-2.1.0\LIB\X86\RELEASE\PNGGET.OBJ
K:\COMPONENTS\LIBRARYV2\GDAL\GDAL_2.1.0_VC_NOINTFILESCLEANUP\LIBGDAL-2.1.0\LIB\X86\RELEASE\PNGMEM.OBJ
K:\COMPONENTS\LIBRARYV2\GDAL\GDAL_2.1.0_VC_NOINTFILESCLEANUP\LIBGDAL-2.1.0\LIB\X86\RELEASE\PNGPREAD.OBJ
K:\COMPONENTS\LIBRARYV2\GDAL\GDAL_2.1.0_VC_NOINTFILESCLEANUP\LIBGDAL-2.1.0\LIB\X86\RELEASE\PNGREAD.OBJ
K:\COMPONENTS\LIBRARYV2\GDAL\GDAL_2.1.0_VC_NOINTFILESCLEANUP\LIBGDAL-2.1.0\LIB\X86\RELEASE\PNGRIO.OBJ
K:\COMPONENTS\LIBRARYV2\GDAL\GDAL_2.1.0_VC_NOINTFILESCLEANUP\LIBGDAL-2.1.0\LIB\X86\RELEASE\PNGRTRAN.OBJ
K:\COMPONENTS\LIBRARYV2\GDAL\GDAL_2.1.0_VC_NOINTFILESCLEANUP\LIBGDAL-2.1.0\LIB\X86\RELEASE\PNGRUTIL.OBJ
K:\COMPONENTS\LIBRARYV2\GDAL\GDAL_2.1.0_VC_NOINTFILESCLEANUP\LIBGDAL-2.1.0\LIB\X86\RELEASE\PNGSET.OBJ
K:\COMPONENTS\LIBRARYV2\GDAL\GDAL_2.1.0_VC_NOINTFILESCLEANUP\LIBGDAL-2.1.0\LIB\X86\RELEASE\PNGTRANS.OBJ
K:\COMPONENTS\LIBRARYV2\GDAL\GDAL_2.1.0_VC_NOINTFILESCLEANUP\LIBGDAL-2.1.0\LIB\X86\RELEASE\PNGVCRD.OBJ
K:\COMPONENTS\LIBRARYV2\GDAL\GDAL_2.1.0_VC_NOINTFILESCLEANUP\LIBGDAL-2.1.0\LIB\X86\RELEASE\PNGWIO.OBJ
K:\COMPONENTS\LIBRARYV2\GDAL\GDAL_2.1.0_VC_NOINTFILESCLEANUP\LIBGDAL-2.1.0\LIB\X86\RELEASE\PNGWRITE.OBJ
K:\COMPONENTS\LIBRARYV2\GDAL\GDAL_2.1.0_VC_NOINTFILESCLEANUP\LIBGDAL-2.1.0\LIB\X86\RELEASE\PNGWTRAN.OBJ
K:\COMPONENTS\LIBRARYV2\GDAL\GDAL_2.1.0_VC_NOINTFILESCLEANUP\LIBGDAL-2.1.0\LIB\X86\RELEASE\PNGWUTIL.OBJ
K:\COMPONENTS\LIBRARYV2\GDAL\GDAL_2.1.0_VC_NOINTFILESCLEANUP\LIBGDAL-2.1.0\LIB\X86\RELEASE\PUTALLMV.OBJ
K:\COMPONENTS\LIBRARYV2\GDAL\GDAL_2.1.0_VC_NOINTFILESCLEANUP\LIBGDAL-2.1.0\LIB\X86\RELEASE\PUTATTR.OBJ
K:\COMPONENTS\LIBRARYV2\GDAL\GDAL_2.1.0_VC_NOINTFILESCLEANUP\LIBGDAL-2.1.0\LIB\X86\RELEASE\PUTSOMEC.OBJ
K:\COMPONENTS\LIBRARYV2\GDAL\GDAL_2.1.0_VC_NOINTFILESCLEANUP\LIBGDAL-2.1.0\LIB\X86\RELEASE\PUTX0.OBJ
K:\COMPONENTS\LIBRARYV2\GDAL\GDAL_2.1.0_VC_NOINTFILESCLEANUP\LIBGDAL-2.1.0\LIB\X86\RELEASE\PUTY0.OBJ
K:\COMPONENTS\LIBRARYV2\GDAL\GDAL_2.1.0_VC_NOINTFILESCLEANUP\LIBGDAL-2.1.0\LIB\X86\RELEASE\PVALSCAL.OBJ
K:\COMPONENTS\LIBRARYV2\GDAL\GDAL_2.1.0_VC_NOINTFILESCLEANUP\LIBGDAL-2.1.0\LIB\X86\RELEASE\RATTRBLK.OBJ
K:\COMPONENTS\LIBRARYV2\GDAL\GDAL_2.1.0_VC_NOINTFILESCLEANUP\LIBGDAL-2.1.0\LIB\X86\RELEASE\RCOMP.OBJ
K:\COMPONENTS\LIBRARYV2\GDAL\GDAL_2.1.0_VC_NOINTFILESCLEANUP\LIBGDAL-2.1.0\LIB\X86\RELEASE\RCOORDS.OBJ
K:\COMPONENTS\LIBRARYV2\GDAL\GDAL_2.1.0_VC_NOINTFILESCLEANUP\LIBGDAL-2.1.0\LIB\X86\RELEASE\RDUP2.OBJ
K:\COMPONENTS\LIBRARYV2\GDAL\GDAL_2.1.0_VC_NOINTFILESCLEANUP\LIBGDAL-2.1.0\LIB\X86\RELEASE\RESETERR.OBJ
K:\COMPONENTS\LIBRARYV2\GDAL\GDAL_2.1.0_VC_NOINTFILESCLEANUP\LIBGDAL-2.1.0\LIB\X86\RELEASE\REXTEND.OBJ
K:\COMPONENTS\LIBRARYV2\GDAL\GDAL_2.1.0_VC_NOINTFILESCLEANUP\LIBGDAL-2.1.0\LIB\X86\RELEASE\RMALLOC.OBJ
K:\COMPONENTS\LIBRARYV2\GDAL\GDAL_2.1.0_VC_NOINTFILESCLEANUP\LIBGDAL-2.1.0\LIB\X86\RELEASE\RROWCOL.OBJ
K:\COMPONENTS\LIBRARYV2\GDAL\GDAL_2.1.0_VC_NOINTFILESCLEANUP\LIBGDAL-2.1.0\LIB\X86\RELEASE\RUSEAS.OBJ
K:\COMPONENTS\LIBRARYV2\GDAL\GDAL_2.1.0_VC_NOINTFILESCLEANUP\LIBGDAL-2.1.0\LIB\X86\RELEASE\SETANGLE.OBJ
K:\COMPONENTS\LIBRARYV2\GDAL\GDAL_2.1.0_VC_NOINTFILESCLEANUP\LIBGDAL-2.1.0\LIB\X86\RELEASE\SETMV.OBJ
K:\COMPONENTS\LIBRARYV2\GDAL\GDAL_2.1.0_VC_NOINTFILESCLEANUP\LIBGDAL-2.1.0\LIB\X86\RELEASE\SETVTMV.OBJ
K:\COMPONENTS\LIBRARYV2\GDAL\GDAL_2.1.0_VC_NOINTFILESCLEANUP\LIBGDAL-2.1.0\LIB\X86\RELEASE\SQLITE3.OBJ
K:\COMPONENTS\LIBRARYV2\GDAL\GDAL_2.1.0_VC_NOINTFILESCLEANUP\LIBGDAL-2.1.0\LIB\X86\RELEASE\STRCONST.OBJ
K:\COMPONENTS\LIBRARYV2\GDAL\GDAL_2.1.0_VC_NOINTFILESCLEANUP\LIBGDAL-2.1.0\LIB\X86\RELEASE\STRPAD.OBJ
K:\COMPONENTS\LIBRARYV2\GDAL\GDAL_2.1.0_VC_NOINTFILESCLEANUP\LIBGDAL-2.1.0\LIB\X86\RELEASE\SWAPIO.OBJ
K:\COMPONENTS\LIBRARYV2\GDAL\GDAL_2.1.0_VC_NOINTFILESCLEANUP\LIBGDAL-2.1.0\LIB\X86\RELEASE\TRACKMM.OBJ
K:\COMPONENTS\LIBRARYV2\GDAL\GDAL_2.1.0_VC_NOINTFILESCLEANUP\LIBGDAL-2.1.0\LIB\X86\RELEASE\TREES.OBJ
K:\COMPONENTS\LIBRARYV2\GDAL\GDAL_2.1.0_VC_NOINTFILESCLEANUP\LIBGDAL-2.1.0\LIB\X86\RELEASE\UNCOMPR.OBJ
K:\Components\LibraryV2\GDAL\GDAL_2.1.0_VC_NoIntFilesCleanUp\libgdal-2.1.0\lib\x86\Release\vc100.pdb
K:\COMPONENTS\LIBRARYV2\GDAL\GDAL_2.1.0_VC_NOINTFILESCLEANUP\LIBGDAL-2.1.0\LIB\X86\RELEASE\VS2.OBJ
K:\COMPONENTS\LIBRARYV2\GDAL\GDAL_2.1.0_VC_NOINTFILESCLEANUP\LIBGDAL-2.1.0\LIB\X86\RELEASE\VSDEF.OBJ
K:\COMPONENTS\LIBRARYV2\GDAL\GDAL_2.1.0_VC_NOINTFILESCLEANUP\LIBGDAL-2.1.0\LIB\X86\RELEASE\VSIS.OBJ
K:\COMPONENTS\LIBRARYV2\GDAL\GDAL_2.1.0_VC_NOINTFILESCLEANUP\LIBGDAL-2.1.0\LIB\X86\RELEASE\VSVERS.OBJ
K:\COMPONENTS\LIBRARYV2\GDAL\GDAL_2.1.0_VC_NOINTFILESCLEANUP\LIBGDAL-2.1.0\LIB\X86\RELEASE\WATTRBLK.OBJ
K:\COMPONENTS\LIBRARYV2\GDAL\GDAL_2.1.0_VC_NOINTFILESCLEANUP\LIBGDAL-2.1.0\LIB\X86\RELEASE\ZUTIL.OBJ
