Build started 04/07/2016 16:35:33.
     1>Project "K:\Components\LibraryV2\GDAL\GDAL_2.1.0_VC\libgdal-2.1.0\lib\gdal-2.1.0_lib.vcxproj" on node 2 (build target(s)).
     1>InitializeBuildStatus:
         Creating "K:\Components\LibraryV2\GDAL\GDAL_2.1.0_VC\libgdal-2.1.0\lib\x86\Release\gdal-2.1.0_lib.unsuccessfulbuild" because "AlwaysCreate" was specified.
       ClCompile:
         All outputs are up-to-date.
         All outputs are up-to-date.
       ResourceCompile:
         All outputs are up-to-date.
       Lib:
         All outputs are up-to-date.
         gdal-2.1.0_lib.vcxproj -> K:\Components\LibraryV2\GDAL\GDAL_2.1.0_VC\libgdal-2.1.0\lib\x86\Release\gdal-2.1.0.lib
       PostBuildEvent:
         copy K:\Components\LibraryV2\GDAL\GDAL_2.1.0_VC\libgdal-2.1.0\lib\x86\Release\gdal-2.1.0.lib K:\Components\LibraryV2\GDAL\GDAL_2.1.0_VC\libgdal-2.1.0\binaries\lib\x86\Release\gdal-2.1.0.lib
         :VCEnd
                 1 fichier(s) copié(s).
       FinalizeBuildStatus:
         Deleting file "K:\Components\LibraryV2\GDAL\GDAL_2.1.0_VC\libgdal-2.1.0\lib\x86\Release\gdal-2.1.0_lib.unsuccessfulbuild".
         Touching "K:\Components\LibraryV2\GDAL\GDAL_2.1.0_VC\libgdal-2.1.0\lib\x86\Release\gdal-2.1.0_lib.lastbuildstate".
     1>Done Building Project "K:\Components\LibraryV2\GDAL\GDAL_2.1.0_VC\libgdal-2.1.0\lib\gdal-2.1.0_lib.vcxproj" (build target(s)).

Build succeeded.

Time Elapsed 00:00:19.40
