K:\COMPONENTS\LIBRARYV2\GDAL\GDAL_2.1.0_VC_NOINTFILESCLEANUP\LIBGDAL-2.1.0\LIB\X64\DEBUG\_GETCELL.OBJ
K:\COMPONENTS\LIBRARYV2\GDAL\GDAL_2.1.0_VC_NOINTFILESCLEANUP\LIBGDAL-2.1.0\LIB\X64\DEBUG\_GETROW.OBJ
K:\COMPONENTS\LIBRARYV2\GDAL\GDAL_2.1.0_VC_NOINTFILESCLEANUP\LIBGDAL-2.1.0\LIB\X64\DEBUG\_GSOMECE.OBJ
K:\COMPONENTS\LIBRARYV2\GDAL\GDAL_2.1.0_VC_NOINTFILESCLEANUP\LIBGDAL-2.1.0\LIB\X64\DEBUG\_PUTCELL.OBJ
K:\COMPONENTS\LIBRARYV2\GDAL\GDAL_2.1.0_VC_NOINTFILESCLEANUP\LIBGDAL-2.1.0\LIB\X64\DEBUG\_RPUTROW.OBJ
K:\COMPONENTS\LIBRARYV2\GDAL\GDAL_2.1.0_VC_NOINTFILESCLEANUP\LIBGDAL-2.1.0\LIB\X64\DEBUG\ADLER32.OBJ
K:\COMPONENTS\LIBRARYV2\GDAL\GDAL_2.1.0_VC_NOINTFILESCLEANUP\LIBGDAL-2.1.0\LIB\X64\DEBUG\ANGLE.OBJ
K:\COMPONENTS\LIBRARYV2\GDAL\GDAL_2.1.0_VC_NOINTFILESCLEANUP\LIBGDAL-2.1.0\LIB\X64\DEBUG\ATTRAVAI.OBJ
K:\COMPONENTS\LIBRARYV2\GDAL\GDAL_2.1.0_VC_NOINTFILESCLEANUP\LIBGDAL-2.1.0\LIB\X64\DEBUG\ATTRSIZE.OBJ
K:\COMPONENTS\LIBRARYV2\GDAL\GDAL_2.1.0_VC_NOINTFILESCLEANUP\LIBGDAL-2.1.0\LIB\X64\DEBUG\CELLSIZE.OBJ
K:\Components\LibraryV2\GDAL\GDAL_2.1.0_VC_NoIntFilesCleanUp\libgdal-2.1.0\lib\x64\Debug\cl.command.1.tlog
K:\Components\LibraryV2\GDAL\GDAL_2.1.0_VC_NoIntFilesCleanUp\libgdal-2.1.0\lib\x64\Debug\CL.read.1.tlog
K:\Components\LibraryV2\GDAL\GDAL_2.1.0_VC_NoIntFilesCleanUp\libgdal-2.1.0\lib\x64\Debug\CL.write.1.tlog
K:\COMPONENTS\LIBRARYV2\GDAL\GDAL_2.1.0_VC_NOINTFILESCLEANUP\LIBGDAL-2.1.0\LIB\X64\DEBUG\COMPRESS.OBJ
K:\COMPONENTS\LIBRARYV2\GDAL\GDAL_2.1.0_VC_NOINTFILESCLEANUP\LIBGDAL-2.1.0\LIB\X64\DEBUG\CRC32.OBJ
K:\COMPONENTS\LIBRARYV2\GDAL\GDAL_2.1.0_VC_NOINTFILESCLEANUP\LIBGDAL-2.1.0\LIB\X64\DEBUG\CREATE2.OBJ
K:\COMPONENTS\LIBRARYV2\GDAL\GDAL_2.1.0_VC_NOINTFILESCLEANUP\LIBGDAL-2.1.0\LIB\X64\DEBUG\CSFGLOB.OBJ
K:\COMPONENTS\LIBRARYV2\GDAL\GDAL_2.1.0_VC_NOINTFILESCLEANUP\LIBGDAL-2.1.0\LIB\X64\DEBUG\CSFSUP.OBJ
K:\COMPONENTS\LIBRARYV2\GDAL\GDAL_2.1.0_VC_NOINTFILESCLEANUP\LIBGDAL-2.1.0\LIB\X64\DEBUG\DEFLATE.OBJ
K:\COMPONENTS\LIBRARYV2\GDAL\GDAL_2.1.0_VC_NOINTFILESCLEANUP\LIBGDAL-2.1.0\LIB\X64\DEBUG\DELATTR.OBJ
K:\COMPONENTS\LIBRARYV2\GDAL\GDAL_2.1.0_VC_NOINTFILESCLEANUP\LIBGDAL-2.1.0\LIB\X64\DEBUG\DGIF_LIB.OBJ
K:\COMPONENTS\LIBRARYV2\GDAL\GDAL_2.1.0_VC_NOINTFILESCLEANUP\LIBGDAL-2.1.0\LIB\X64\DEBUG\DUMCONV.OBJ
K:\COMPONENTS\LIBRARYV2\GDAL\GDAL_2.1.0_VC_NOINTFILESCLEANUP\LIBGDAL-2.1.0\LIB\X64\DEBUG\EGIF_LIB.OBJ
K:\COMPONENTS\LIBRARYV2\GDAL\GDAL_2.1.0_VC_NOINTFILESCLEANUP\LIBGDAL-2.1.0\LIB\X64\DEBUG\ENDIAN.OBJ
K:\COMPONENTS\LIBRARYV2\GDAL\GDAL_2.1.0_VC_NOINTFILESCLEANUP\LIBGDAL-2.1.0\LIB\X64\DEBUG\FILENAME.OBJ
K:\COMPONENTS\LIBRARYV2\GDAL\GDAL_2.1.0_VC_NOINTFILESCLEANUP\LIBGDAL-2.1.0\LIB\X64\DEBUG\GATTRBLK.OBJ
K:\COMPONENTS\LIBRARYV2\GDAL\GDAL_2.1.0_VC_NOINTFILESCLEANUP\LIBGDAL-2.1.0\LIB\X64\DEBUG\GATTRIDX.OBJ
K:\COMPONENTS\LIBRARYV2\GDAL\GDAL_2.1.0_VC_NOINTFILESCLEANUP\LIBGDAL-2.1.0\LIB\X64\DEBUG\GCELLREP.OBJ
K:\Components\LibraryV2\GDAL\GDAL_2.1.0_VC_NoIntFilesCleanUp\libgdal-2.1.0\lib\x64\Debug\gdal-2.1.0_lib.write.1.tlog
K:\COMPONENTS\LIBRARYV2\GDAL\GDAL_2.1.0_VC_NOINTFILESCLEANUP\LIBGDAL-2.1.0\LIB\X64\DEBUG\GDALWARPKERNEL_OPENCL.OBJ
K:\COMPONENTS\LIBRARYV2\GDAL\GDAL_2.1.0_VC_NOINTFILESCLEANUP\LIBGDAL-2.1.0\LIB\X64\DEBUG\GDATTYPE.OBJ
K:\COMPONENTS\LIBRARYV2\GDAL\GDAL_2.1.0_VC_NOINTFILESCLEANUP\LIBGDAL-2.1.0\LIB\X64\DEBUG\GETATTR.OBJ
K:\COMPONENTS\LIBRARYV2\GDAL\GDAL_2.1.0_VC_NOINTFILESCLEANUP\LIBGDAL-2.1.0\LIB\X64\DEBUG\GETX0.OBJ
K:\COMPONENTS\LIBRARYV2\GDAL\GDAL_2.1.0_VC_NOINTFILESCLEANUP\LIBGDAL-2.1.0\LIB\X64\DEBUG\GETY0.OBJ
K:\COMPONENTS\LIBRARYV2\GDAL\GDAL_2.1.0_VC_NOINTFILESCLEANUP\LIBGDAL-2.1.0\LIB\X64\DEBUG\GGISFID.OBJ
K:\COMPONENTS\LIBRARYV2\GDAL\GDAL_2.1.0_VC_NOINTFILESCLEANUP\LIBGDAL-2.1.0\LIB\X64\DEBUG\GIF_ERR.OBJ
K:\COMPONENTS\LIBRARYV2\GDAL\GDAL_2.1.0_VC_NOINTFILESCLEANUP\LIBGDAL-2.1.0\LIB\X64\DEBUG\GIF_HASH.OBJ
K:\COMPONENTS\LIBRARYV2\GDAL\GDAL_2.1.0_VC_NOINTFILESCLEANUP\LIBGDAL-2.1.0\LIB\X64\DEBUG\GIFALLOC.OBJ
K:\COMPONENTS\LIBRARYV2\GDAL\GDAL_2.1.0_VC_NOINTFILESCLEANUP\LIBGDAL-2.1.0\LIB\X64\DEBUG\GMAXVAL.OBJ
K:\COMPONENTS\LIBRARYV2\GDAL\GDAL_2.1.0_VC_NOINTFILESCLEANUP\LIBGDAL-2.1.0\LIB\X64\DEBUG\GMINVAL.OBJ
K:\COMPONENTS\LIBRARYV2\GDAL\GDAL_2.1.0_VC_NOINTFILESCLEANUP\LIBGDAL-2.1.0\LIB\X64\DEBUG\GNRCOLS.OBJ
K:\COMPONENTS\LIBRARYV2\GDAL\GDAL_2.1.0_VC_NOINTFILESCLEANUP\LIBGDAL-2.1.0\LIB\X64\DEBUG\GNRROWS.OBJ
K:\COMPONENTS\LIBRARYV2\GDAL\GDAL_2.1.0_VC_NOINTFILESCLEANUP\LIBGDAL-2.1.0\LIB\X64\DEBUG\GPROJ.OBJ
K:\COMPONENTS\LIBRARYV2\GDAL\GDAL_2.1.0_VC_NOINTFILESCLEANUP\LIBGDAL-2.1.0\LIB\X64\DEBUG\GPUTPROJ.OBJ
K:\COMPONENTS\LIBRARYV2\GDAL\GDAL_2.1.0_VC_NOINTFILESCLEANUP\LIBGDAL-2.1.0\LIB\X64\DEBUG\GVALSCAL.OBJ
K:\COMPONENTS\LIBRARYV2\GDAL\GDAL_2.1.0_VC_NOINTFILESCLEANUP\LIBGDAL-2.1.0\LIB\X64\DEBUG\GVARTYPE.OBJ
K:\COMPONENTS\LIBRARYV2\GDAL\GDAL_2.1.0_VC_NOINTFILESCLEANUP\LIBGDAL-2.1.0\LIB\X64\DEBUG\GVERSION.OBJ
K:\COMPONENTS\LIBRARYV2\GDAL\GDAL_2.1.0_VC_NOINTFILESCLEANUP\LIBGDAL-2.1.0\LIB\X64\DEBUG\GZIO.OBJ
K:\COMPONENTS\LIBRARYV2\GDAL\GDAL_2.1.0_VC_NOINTFILESCLEANUP\LIBGDAL-2.1.0\LIB\X64\DEBUG\INFBACK.OBJ
K:\COMPONENTS\LIBRARYV2\GDAL\GDAL_2.1.0_VC_NOINTFILESCLEANUP\LIBGDAL-2.1.0\LIB\X64\DEBUG\INFFAST.OBJ
K:\COMPONENTS\LIBRARYV2\GDAL\GDAL_2.1.0_VC_NOINTFILESCLEANUP\LIBGDAL-2.1.0\LIB\X64\DEBUG\INFLATE.OBJ
K:\COMPONENTS\LIBRARYV2\GDAL\GDAL_2.1.0_VC_NOINTFILESCLEANUP\LIBGDAL-2.1.0\LIB\X64\DEBUG\INFTREES.OBJ
K:\COMPONENTS\LIBRARYV2\GDAL\GDAL_2.1.0_VC_NOINTFILESCLEANUP\LIBGDAL-2.1.0\LIB\X64\DEBUG\ISMV.OBJ
K:\COMPONENTS\LIBRARYV2\GDAL\GDAL_2.1.0_VC_NOINTFILESCLEANUP\LIBGDAL-2.1.0\LIB\X64\DEBUG\JCAPIMIN.OBJ
K:\COMPONENTS\LIBRARYV2\GDAL\GDAL_2.1.0_VC_NOINTFILESCLEANUP\LIBGDAL-2.1.0\LIB\X64\DEBUG\JCAPISTD.OBJ
K:\COMPONENTS\LIBRARYV2\GDAL\GDAL_2.1.0_VC_NOINTFILESCLEANUP\LIBGDAL-2.1.0\LIB\X64\DEBUG\JCDCTMGR.OBJ
K:\COMPONENTS\LIBRARYV2\GDAL\GDAL_2.1.0_VC_NOINTFILESCLEANUP\LIBGDAL-2.1.0\LIB\X64\DEBUG\JCHUFF.OBJ
K:\COMPONENTS\LIBRARYV2\GDAL\GDAL_2.1.0_VC_NOINTFILESCLEANUP\LIBGDAL-2.1.0\LIB\X64\DEBUG\JCINIT.OBJ
K:\COMPONENTS\LIBRARYV2\GDAL\GDAL_2.1.0_VC_NOINTFILESCLEANUP\LIBGDAL-2.1.0\LIB\X64\DEBUG\JCMAINCT.OBJ
K:\COMPONENTS\LIBRARYV2\GDAL\GDAL_2.1.0_VC_NOINTFILESCLEANUP\LIBGDAL-2.1.0\LIB\X64\DEBUG\JCMASTER.OBJ
K:\COMPONENTS\LIBRARYV2\GDAL\GDAL_2.1.0_VC_NOINTFILESCLEANUP\LIBGDAL-2.1.0\LIB\X64\DEBUG\JCOMAPI.OBJ
K:\COMPONENTS\LIBRARYV2\GDAL\GDAL_2.1.0_VC_NOINTFILESCLEANUP\LIBGDAL-2.1.0\LIB\X64\DEBUG\JCPARAM.OBJ
K:\COMPONENTS\LIBRARYV2\GDAL\GDAL_2.1.0_VC_NOINTFILESCLEANUP\LIBGDAL-2.1.0\LIB\X64\DEBUG\JCPHUFF.OBJ
K:\COMPONENTS\LIBRARYV2\GDAL\GDAL_2.1.0_VC_NOINTFILESCLEANUP\LIBGDAL-2.1.0\LIB\X64\DEBUG\JCPREPCT.OBJ
K:\COMPONENTS\LIBRARYV2\GDAL\GDAL_2.1.0_VC_NOINTFILESCLEANUP\LIBGDAL-2.1.0\LIB\X64\DEBUG\JDAPIMIN.OBJ
K:\COMPONENTS\LIBRARYV2\GDAL\GDAL_2.1.0_VC_NOINTFILESCLEANUP\LIBGDAL-2.1.0\LIB\X64\DEBUG\JDAPISTD.OBJ
K:\COMPONENTS\LIBRARYV2\GDAL\GDAL_2.1.0_VC_NOINTFILESCLEANUP\LIBGDAL-2.1.0\LIB\X64\DEBUG\JDATADST.OBJ
K:\COMPONENTS\LIBRARYV2\GDAL\GDAL_2.1.0_VC_NOINTFILESCLEANUP\LIBGDAL-2.1.0\LIB\X64\DEBUG\JDDCTMGR.OBJ
K:\COMPONENTS\LIBRARYV2\GDAL\GDAL_2.1.0_VC_NOINTFILESCLEANUP\LIBGDAL-2.1.0\LIB\X64\DEBUG\JDHUFF.OBJ
K:\COMPONENTS\LIBRARYV2\GDAL\GDAL_2.1.0_VC_NOINTFILESCLEANUP\LIBGDAL-2.1.0\LIB\X64\DEBUG\JDINPUT.OBJ
K:\COMPONENTS\LIBRARYV2\GDAL\GDAL_2.1.0_VC_NOINTFILESCLEANUP\LIBGDAL-2.1.0\LIB\X64\DEBUG\JDMAINCT.OBJ
K:\COMPONENTS\LIBRARYV2\GDAL\GDAL_2.1.0_VC_NOINTFILESCLEANUP\LIBGDAL-2.1.0\LIB\X64\DEBUG\JDMARKER.OBJ
K:\COMPONENTS\LIBRARYV2\GDAL\GDAL_2.1.0_VC_NOINTFILESCLEANUP\LIBGDAL-2.1.0\LIB\X64\DEBUG\JDMASTER.OBJ
K:\COMPONENTS\LIBRARYV2\GDAL\GDAL_2.1.0_VC_NOINTFILESCLEANUP\LIBGDAL-2.1.0\LIB\X64\DEBUG\JDPHUFF.OBJ
K:\COMPONENTS\LIBRARYV2\GDAL\GDAL_2.1.0_VC_NOINTFILESCLEANUP\LIBGDAL-2.1.0\LIB\X64\DEBUG\JDTRANS.OBJ
K:\COMPONENTS\LIBRARYV2\GDAL\GDAL_2.1.0_VC_NOINTFILESCLEANUP\LIBGDAL-2.1.0\LIB\X64\DEBUG\JERROR.OBJ
K:\COMPONENTS\LIBRARYV2\GDAL\GDAL_2.1.0_VC_NOINTFILESCLEANUP\LIBGDAL-2.1.0\LIB\X64\DEBUG\JFDCTFLT.OBJ
K:\COMPONENTS\LIBRARYV2\GDAL\GDAL_2.1.0_VC_NOINTFILESCLEANUP\LIBGDAL-2.1.0\LIB\X64\DEBUG\JFDCTFST.OBJ
K:\COMPONENTS\LIBRARYV2\GDAL\GDAL_2.1.0_VC_NOINTFILESCLEANUP\LIBGDAL-2.1.0\LIB\X64\DEBUG\JFDCTINT.OBJ
K:\COMPONENTS\LIBRARYV2\GDAL\GDAL_2.1.0_VC_NOINTFILESCLEANUP\LIBGDAL-2.1.0\LIB\X64\DEBUG\JIDCTFLT.OBJ
K:\COMPONENTS\LIBRARYV2\GDAL\GDAL_2.1.0_VC_NOINTFILESCLEANUP\LIBGDAL-2.1.0\LIB\X64\DEBUG\JIDCTFST.OBJ
K:\COMPONENTS\LIBRARYV2\GDAL\GDAL_2.1.0_VC_NOINTFILESCLEANUP\LIBGDAL-2.1.0\LIB\X64\DEBUG\JIDCTINT.OBJ
K:\COMPONENTS\LIBRARYV2\GDAL\GDAL_2.1.0_VC_NOINTFILESCLEANUP\LIBGDAL-2.1.0\LIB\X64\DEBUG\JIDCTRED.OBJ
K:\COMPONENTS\LIBRARYV2\GDAL\GDAL_2.1.0_VC_NOINTFILESCLEANUP\LIBGDAL-2.1.0\LIB\X64\DEBUG\JMEMMGR.OBJ
K:\COMPONENTS\LIBRARYV2\GDAL\GDAL_2.1.0_VC_NOINTFILESCLEANUP\LIBGDAL-2.1.0\LIB\X64\DEBUG\JUTILS.OBJ
K:\COMPONENTS\LIBRARYV2\GDAL\GDAL_2.1.0_VC_NOINTFILESCLEANUP\LIBGDAL-2.1.0\LIB\X64\DEBUG\KERNLCSF.OBJ
K:\COMPONENTS\LIBRARYV2\GDAL\GDAL_2.1.0_VC_NOINTFILESCLEANUP\LIBGDAL-2.1.0\LIB\X64\DEBUG\LEGEND.OBJ
K:\COMPONENTS\LIBRARYV2\GDAL\GDAL_2.1.0_VC_NOINTFILESCLEANUP\LIBGDAL-2.1.0\LIB\X64\DEBUG\MCLOSE.OBJ
K:\COMPONENTS\LIBRARYV2\GDAL\GDAL_2.1.0_VC_NOINTFILESCLEANUP\LIBGDAL-2.1.0\LIB\X64\DEBUG\MGRS.OBJ
K:\COMPONENTS\LIBRARYV2\GDAL\GDAL_2.1.0_VC_NOINTFILESCLEANUP\LIBGDAL-2.1.0\LIB\X64\DEBUG\MOPEN.OBJ
K:\COMPONENTS\LIBRARYV2\GDAL\GDAL_2.1.0_VC_NOINTFILESCLEANUP\LIBGDAL-2.1.0\LIB\X64\DEBUG\MOREATTR.OBJ
K:\COMPONENTS\LIBRARYV2\GDAL\GDAL_2.1.0_VC_NOINTFILESCLEANUP\LIBGDAL-2.1.0\LIB\X64\DEBUG\MPERROR.OBJ
K:\COMPONENTS\LIBRARYV2\GDAL\GDAL_2.1.0_VC_NOINTFILESCLEANUP\LIBGDAL-2.1.0\LIB\X64\DEBUG\OSR_CS_WKT_PARSER.OBJ
K:\COMPONENTS\LIBRARYV2\GDAL\GDAL_2.1.0_VC_NOINTFILESCLEANUP\LIBGDAL-2.1.0\LIB\X64\DEBUG\PGISFID.OBJ
K:\COMPONENTS\LIBRARYV2\GDAL\GDAL_2.1.0_VC_NOINTFILESCLEANUP\LIBGDAL-2.1.0\LIB\X64\DEBUG\PMAXVAL.OBJ
K:\COMPONENTS\LIBRARYV2\GDAL\GDAL_2.1.0_VC_NOINTFILESCLEANUP\LIBGDAL-2.1.0\LIB\X64\DEBUG\PMINVAL.OBJ
K:\COMPONENTS\LIBRARYV2\GDAL\GDAL_2.1.0_VC_NOINTFILESCLEANUP\LIBGDAL-2.1.0\LIB\X64\DEBUG\PNG.OBJ
K:\COMPONENTS\LIBRARYV2\GDAL\GDAL_2.1.0_VC_NOINTFILESCLEANUP\LIBGDAL-2.1.0\LIB\X64\DEBUG\PNGERROR.OBJ
K:\COMPONENTS\LIBRARYV2\GDAL\GDAL_2.1.0_VC_NOINTFILESCLEANUP\LIBGDAL-2.1.0\LIB\X64\DEBUG\PNGGCCRD.OBJ
K:\COMPONENTS\LIBRARYV2\GDAL\GDAL_2.1.0_VC_NOINTFILESCLEANUP\LIBGDAL-2.1.0\LIB\X64\DEBUG\PNGGET.OBJ
K:\COMPONENTS\LIBRARYV2\GDAL\GDAL_2.1.0_VC_NOINTFILESCLEANUP\LIBGDAL-2.1.0\LIB\X64\DEBUG\PNGMEM.OBJ
K:\COMPONENTS\LIBRARYV2\GDAL\GDAL_2.1.0_VC_NOINTFILESCLEANUP\LIBGDAL-2.1.0\LIB\X64\DEBUG\PNGPREAD.OBJ
K:\COMPONENTS\LIBRARYV2\GDAL\GDAL_2.1.0_VC_NOINTFILESCLEANUP\LIBGDAL-2.1.0\LIB\X64\DEBUG\PNGREAD.OBJ
K:\COMPONENTS\LIBRARYV2\GDAL\GDAL_2.1.0_VC_NOINTFILESCLEANUP\LIBGDAL-2.1.0\LIB\X64\DEBUG\PNGRIO.OBJ
K:\COMPONENTS\LIBRARYV2\GDAL\GDAL_2.1.0_VC_NOINTFILESCLEANUP\LIBGDAL-2.1.0\LIB\X64\DEBUG\PNGRTRAN.OBJ
K:\COMPONENTS\LIBRARYV2\GDAL\GDAL_2.1.0_VC_NOINTFILESCLEANUP\LIBGDAL-2.1.0\LIB\X64\DEBUG\PNGRUTIL.OBJ
K:\COMPONENTS\LIBRARYV2\GDAL\GDAL_2.1.0_VC_NOINTFILESCLEANUP\LIBGDAL-2.1.0\LIB\X64\DEBUG\PNGSET.OBJ
K:\COMPONENTS\LIBRARYV2\GDAL\GDAL_2.1.0_VC_NOINTFILESCLEANUP\LIBGDAL-2.1.0\LIB\X64\DEBUG\PNGTRANS.OBJ
K:\COMPONENTS\LIBRARYV2\GDAL\GDAL_2.1.0_VC_NOINTFILESCLEANUP\LIBGDAL-2.1.0\LIB\X64\DEBUG\PNGVCRD.OBJ
K:\COMPONENTS\LIBRARYV2\GDAL\GDAL_2.1.0_VC_NOINTFILESCLEANUP\LIBGDAL-2.1.0\LIB\X64\DEBUG\PNGWIO.OBJ
K:\COMPONENTS\LIBRARYV2\GDAL\GDAL_2.1.0_VC_NOINTFILESCLEANUP\LIBGDAL-2.1.0\LIB\X64\DEBUG\PNGWRITE.OBJ
K:\COMPONENTS\LIBRARYV2\GDAL\GDAL_2.1.0_VC_NOINTFILESCLEANUP\LIBGDAL-2.1.0\LIB\X64\DEBUG\PNGWTRAN.OBJ
K:\COMPONENTS\LIBRARYV2\GDAL\GDAL_2.1.0_VC_NOINTFILESCLEANUP\LIBGDAL-2.1.0\LIB\X64\DEBUG\PNGWUTIL.OBJ
K:\COMPONENTS\LIBRARYV2\GDAL\GDAL_2.1.0_VC_NOINTFILESCLEANUP\LIBGDAL-2.1.0\LIB\X64\DEBUG\PUTALLMV.OBJ
K:\COMPONENTS\LIBRARYV2\GDAL\GDAL_2.1.0_VC_NOINTFILESCLEANUP\LIBGDAL-2.1.0\LIB\X64\DEBUG\PUTATTR.OBJ
K:\COMPONENTS\LIBRARYV2\GDAL\GDAL_2.1.0_VC_NOINTFILESCLEANUP\LIBGDAL-2.1.0\LIB\X64\DEBUG\PUTSOMEC.OBJ
K:\COMPONENTS\LIBRARYV2\GDAL\GDAL_2.1.0_VC_NOINTFILESCLEANUP\LIBGDAL-2.1.0\LIB\X64\DEBUG\PUTX0.OBJ
K:\COMPONENTS\LIBRARYV2\GDAL\GDAL_2.1.0_VC_NOINTFILESCLEANUP\LIBGDAL-2.1.0\LIB\X64\DEBUG\PUTY0.OBJ
K:\COMPONENTS\LIBRARYV2\GDAL\GDAL_2.1.0_VC_NOINTFILESCLEANUP\LIBGDAL-2.1.0\LIB\X64\DEBUG\PVALSCAL.OBJ
K:\COMPONENTS\LIBRARYV2\GDAL\GDAL_2.1.0_VC_NOINTFILESCLEANUP\LIBGDAL-2.1.0\LIB\X64\DEBUG\RATTRBLK.OBJ
K:\COMPONENTS\LIBRARYV2\GDAL\GDAL_2.1.0_VC_NOINTFILESCLEANUP\LIBGDAL-2.1.0\LIB\X64\DEBUG\RCOMP.OBJ
K:\COMPONENTS\LIBRARYV2\GDAL\GDAL_2.1.0_VC_NOINTFILESCLEANUP\LIBGDAL-2.1.0\LIB\X64\DEBUG\RCOORDS.OBJ
K:\COMPONENTS\LIBRARYV2\GDAL\GDAL_2.1.0_VC_NOINTFILESCLEANUP\LIBGDAL-2.1.0\LIB\X64\DEBUG\RDUP2.OBJ
K:\COMPONENTS\LIBRARYV2\GDAL\GDAL_2.1.0_VC_NOINTFILESCLEANUP\LIBGDAL-2.1.0\LIB\X64\DEBUG\RESETERR.OBJ
K:\COMPONENTS\LIBRARYV2\GDAL\GDAL_2.1.0_VC_NOINTFILESCLEANUP\LIBGDAL-2.1.0\LIB\X64\DEBUG\REXTEND.OBJ
K:\COMPONENTS\LIBRARYV2\GDAL\GDAL_2.1.0_VC_NOINTFILESCLEANUP\LIBGDAL-2.1.0\LIB\X64\DEBUG\RMALLOC.OBJ
K:\COMPONENTS\LIBRARYV2\GDAL\GDAL_2.1.0_VC_NOINTFILESCLEANUP\LIBGDAL-2.1.0\LIB\X64\DEBUG\RROWCOL.OBJ
K:\COMPONENTS\LIBRARYV2\GDAL\GDAL_2.1.0_VC_NOINTFILESCLEANUP\LIBGDAL-2.1.0\LIB\X64\DEBUG\RUSEAS.OBJ
K:\COMPONENTS\LIBRARYV2\GDAL\GDAL_2.1.0_VC_NOINTFILESCLEANUP\LIBGDAL-2.1.0\LIB\X64\DEBUG\SETANGLE.OBJ
K:\COMPONENTS\LIBRARYV2\GDAL\GDAL_2.1.0_VC_NOINTFILESCLEANUP\LIBGDAL-2.1.0\LIB\X64\DEBUG\SETMV.OBJ
K:\COMPONENTS\LIBRARYV2\GDAL\GDAL_2.1.0_VC_NOINTFILESCLEANUP\LIBGDAL-2.1.0\LIB\X64\DEBUG\SETVTMV.OBJ
K:\COMPONENTS\LIBRARYV2\GDAL\GDAL_2.1.0_VC_NOINTFILESCLEANUP\LIBGDAL-2.1.0\LIB\X64\DEBUG\SQLITE3.OBJ
K:\COMPONENTS\LIBRARYV2\GDAL\GDAL_2.1.0_VC_NOINTFILESCLEANUP\LIBGDAL-2.1.0\LIB\X64\DEBUG\STRCONST.OBJ
K:\COMPONENTS\LIBRARYV2\GDAL\GDAL_2.1.0_VC_NOINTFILESCLEANUP\LIBGDAL-2.1.0\LIB\X64\DEBUG\STRPAD.OBJ
K:\COMPONENTS\LIBRARYV2\GDAL\GDAL_2.1.0_VC_NOINTFILESCLEANUP\LIBGDAL-2.1.0\LIB\X64\DEBUG\SWAPIO.OBJ
K:\COMPONENTS\LIBRARYV2\GDAL\GDAL_2.1.0_VC_NOINTFILESCLEANUP\LIBGDAL-2.1.0\LIB\X64\DEBUG\TRACKMM.OBJ
K:\COMPONENTS\LIBRARYV2\GDAL\GDAL_2.1.0_VC_NOINTFILESCLEANUP\LIBGDAL-2.1.0\LIB\X64\DEBUG\TREES.OBJ
K:\COMPONENTS\LIBRARYV2\GDAL\GDAL_2.1.0_VC_NOINTFILESCLEANUP\LIBGDAL-2.1.0\LIB\X64\DEBUG\UNCOMPR.OBJ
K:\Components\LibraryV2\GDAL\GDAL_2.1.0_VC_NoIntFilesCleanUp\libgdal-2.1.0\lib\x64\Debug\vc100.idb
K:\COMPONENTS\LIBRARYV2\GDAL\GDAL_2.1.0_VC_NOINTFILESCLEANUP\LIBGDAL-2.1.0\LIB\X64\DEBUG\VC100.PDB
K:\COMPONENTS\LIBRARYV2\GDAL\GDAL_2.1.0_VC_NOINTFILESCLEANUP\LIBGDAL-2.1.0\LIB\X64\DEBUG\VS2.OBJ
K:\COMPONENTS\LIBRARYV2\GDAL\GDAL_2.1.0_VC_NOINTFILESCLEANUP\LIBGDAL-2.1.0\LIB\X64\DEBUG\VSDEF.OBJ
K:\COMPONENTS\LIBRARYV2\GDAL\GDAL_2.1.0_VC_NOINTFILESCLEANUP\LIBGDAL-2.1.0\LIB\X64\DEBUG\VSIS.OBJ
K:\COMPONENTS\LIBRARYV2\GDAL\GDAL_2.1.0_VC_NOINTFILESCLEANUP\LIBGDAL-2.1.0\LIB\X64\DEBUG\VSVERS.OBJ
K:\COMPONENTS\LIBRARYV2\GDAL\GDAL_2.1.0_VC_NOINTFILESCLEANUP\LIBGDAL-2.1.0\LIB\X64\DEBUG\WATTRBLK.OBJ
K:\COMPONENTS\LIBRARYV2\GDAL\GDAL_2.1.0_VC_NOINTFILESCLEANUP\LIBGDAL-2.1.0\LIB\X64\DEBUG\ZUTIL.OBJ
