Build started 13/07/2016 07:30:42.
     1>Project "K:\Components\LibraryV2\GDAL\GDAL_2.1.0_VC_NoIntFilesCleanUp\libgdal-2.1.0\dll\gdal-2.1.0_dll.vcxproj" on node 2 (build target(s)).
     1>InitializeBuildStatus:
         Creating "K:\Components\LibraryV2\GDAL\GDAL_2.1.0_VC_NoIntFilesCleanUp\libgdal-2.1.0\dll\x64\Debug\gdal-2.1.0_dll.unsuccessfulbuild" because "AlwaysCreate" was specified.
       ClCompile:
         All outputs are up-to-date.
         All outputs are up-to-date.
       ResourceCompile:
         All outputs are up-to-date.
       Link:
         All outputs are up-to-date.
         gdal-2.1.0_dll.vcxproj -> K:\Components\LibraryV2\GDAL\GDAL_2.1.0_VC_NoIntFilesCleanUp\libgdal-2.1.0\dll\x64\Debug\gdal-2.1.0.dll
       PostBuildEvent:
         copy K:\Components\LibraryV2\GDAL\GDAL_2.1.0_VC_NoIntFilesCleanUp\libgdal-2.1.0\dll\x64\Debug\gdal-2.1.0.dll K:\Components\LibraryV2\GDAL\GDAL_2.1.0_VC_NoIntFilesCleanUp\libgdal-2.1.0\binaries\dll\x64\Debug\gdal-2.1.0.dll
         copy K:\Components\LibraryV2\GDAL\GDAL_2.1.0_VC_NoIntFilesCleanUp\libgdal-2.1.0\dll\x64\Debug\gdal-2.1.0.exp K:\Components\LibraryV2\GDAL\GDAL_2.1.0_VC_NoIntFilesCleanUp\libgdal-2.1.0\binaries\dll\x64\Debug\gdal-2.1.0.exp
         copy K:\Components\LibraryV2\GDAL\GDAL_2.1.0_VC_NoIntFilesCleanUp\libgdal-2.1.0\dll\x64\Debug\gdal-2.1.0.lib K:\Components\LibraryV2\GDAL\GDAL_2.1.0_VC_NoIntFilesCleanUp\libgdal-2.1.0\binaries\dll\x64\Debug\gdal-2.1.0.lib
         :VCEnd
                 1 fichier(s) copié(s).
                 1 fichier(s) copié(s).
                 1 fichier(s) copié(s).
       FinalizeBuildStatus:
         Deleting file "K:\Components\LibraryV2\GDAL\GDAL_2.1.0_VC_NoIntFilesCleanUp\libgdal-2.1.0\dll\x64\Debug\gdal-2.1.0_dll.unsuccessfulbuild".
         Touching "K:\Components\LibraryV2\GDAL\GDAL_2.1.0_VC_NoIntFilesCleanUp\libgdal-2.1.0\dll\x64\Debug\gdal-2.1.0_dll.lastbuildstate".
     1>Done Building Project "K:\Components\LibraryV2\GDAL\GDAL_2.1.0_VC_NoIntFilesCleanUp\libgdal-2.1.0\dll\gdal-2.1.0_dll.vcxproj" (build target(s)).

Build succeeded.

Time Elapsed 00:00:03.07
