Build started 29/06/2016 08:10:30.
     1>Project "K:\Components\LibraryV2\GDAL\GDAL_2.0.2_VC\3rdpart\expat-2.1.0\lib\expatw_static.vcxproj" on node 2 (rebuild target(s)).
     1>_PrepareForClean:
         Deleting file ".\..\win32\tmp\Debug-w_static\expatw_static.lastbuildstate".
       InitializeBuildStatus:
         Creating ".\..\win32\tmp\Debug-w_static\expatw_static.unsuccessfulbuild" because "AlwaysCreate" was specified.
       ClCompile:
         c:\Program Files (x86)\Microsoft Visual Studio 10.0\VC\bin\CL.exe /c /ZI /nologo /W3 /WX- /Od /Oy- /D WIN32 /D _DEBUG /D _WINDOWS /D _LIB /D COMPILED_FROM_DSP /D XML_UNICODE_WCHAR_T /D _VC80_UPGRADE=0x0600 /D _MBCS /Gm- /EHsc /RTC1 /MTd /GS /Gy- /fp:precise /Zc:wchar_t /Zc:forScope /Fo".\..\win32\tmp\Debug-w_static\\" /Fd".\..\win32\tmp\Debug-w_static\vc100.pdb" /FR".\..\win32\tmp\Debug-w_static\\" /Gd /TC /analyze- /errorReport:prompt xmlparse.c xmlrole.c xmltok.c xmltok_impl.c xmltok_ns.c
         xmlparse.c
         xmlrole.c
         xmltok.c
         xmltok_impl.c
         xmltok_ns.c
         Generating Code...
     1>C:\Program Files (x86)\MSBuild\Microsoft.Cpp\v4.0\Microsoft.CppBuild.targets(1151,5): warning MSB8012: TargetPath(K:\Components\LibraryV2\GDAL\GDAL_2.0.2_VC\3rdpart\expat-2.1.0\lib\.\..\win32\bin\Debug\expatw_static.lib) does not match the Library's OutputFile property value (K:\Components\LibraryV2\GDAL\GDAL_2.0.2_VC\3rdpart\expat-2.1.0\win32\bin\Debug\libexpatwMT.lib). This may cause your project to build incorrectly. To correct this, please make sure that $(OutDir), $(TargetName) and $(TargetExt) property values match the value specified in %(Lib.OutputFile).
     1>C:\Program Files (x86)\MSBuild\Microsoft.Cpp\v4.0\Microsoft.CppBuild.targets(1153,5): warning MSB8012: TargetName(expatw_static) does not match the Library's OutputFile property value (libexpatwMT). This may cause your project to build incorrectly. To correct this, please make sure that $(OutDir), $(TargetName) and $(TargetExt) property values match the value specified in %(Lib.OutputFile).
       Lib:
         c:\Program Files (x86)\Microsoft Visual Studio 10.0\VC\bin\Lib.exe /OUT:".\..\win32\bin\Debug\libexpatwMT.lib" /NOLOGO ".\..\win32\tmp\Debug-w_static\xmlparse.obj"
         ".\..\win32\tmp\Debug-w_static\xmlrole.obj"
         ".\..\win32\tmp\Debug-w_static\xmltok.obj"
         ".\..\win32\tmp\Debug-w_static\xmltok_impl.obj"
         ".\..\win32\tmp\Debug-w_static\xmltok_ns.obj"
         expatw_static.vcxproj -> K:\Components\LibraryV2\GDAL\GDAL_2.0.2_VC\3rdpart\expat-2.1.0\lib\.\..\win32\bin\Debug\expatw_static.lib
       BscMake:
         c:\Program Files (x86)\Microsoft Visual Studio 10.0\VC\bin\bscmake.exe /nologo /o".\..\win32\bin\Debug\expatw_static.bsc" ".\..\win32\tmp\Debug-w_static\xmlparse.sbr" ".\..\win32\tmp\Debug-w_static\xmlrole.sbr" ".\..\win32\tmp\Debug-w_static\xmltok.sbr" ".\..\win32\tmp\Debug-w_static\xmltok_impl.sbr" ".\..\win32\tmp\Debug-w_static\xmltok_ns.sbr"
       FinalizeBuildStatus:
         Deleting file ".\..\win32\tmp\Debug-w_static\expatw_static.unsuccessfulbuild".
         Touching ".\..\win32\tmp\Debug-w_static\expatw_static.lastbuildstate".
     1>Done Building Project "K:\Components\LibraryV2\GDAL\GDAL_2.0.2_VC\3rdpart\expat-2.1.0\lib\expatw_static.vcxproj" (rebuild target(s)).

Build succeeded.

Time Elapsed 00:00:03.02
