K:\Components\LibraryV2\GDAL\GDAL_2.1.0_VC_NoIntFilesCleanUp\3rdpart\geos-3.5.0\vc\x86\Debug\AbstractPreparedPolygonContains.obj
K:\Components\LibraryV2\GDAL\GDAL_2.1.0_VC_NoIntFilesCleanUp\3rdpart\geos-3.5.0\vc\x86\Debug\Angle.obj
K:\Components\LibraryV2\GDAL\GDAL_2.1.0_VC_NoIntFilesCleanUp\3rdpart\geos-3.5.0\vc\x86\Debug\Assert.obj
K:\Components\LibraryV2\GDAL\GDAL_2.1.0_VC_NoIntFilesCleanUp\3rdpart\geos-3.5.0\vc\x86\Debug\BasicPreparedGeometry.obj
K:\Components\LibraryV2\GDAL\GDAL_2.1.0_VC_NoIntFilesCleanUp\3rdpart\geos-3.5.0\vc\x86\Debug\BasicSegmentString.obj
K:\Components\LibraryV2\GDAL\GDAL_2.1.0_VC_NoIntFilesCleanUp\3rdpart\geos-3.5.0\vc\x86\Debug\BoundaryNodeRule.obj
K:\Components\LibraryV2\GDAL\GDAL_2.1.0_VC_NoIntFilesCleanUp\3rdpart\geos-3.5.0\vc\x86\Debug\BufferBuilder.obj
K:\Components\LibraryV2\GDAL\GDAL_2.1.0_VC_NoIntFilesCleanUp\3rdpart\geos-3.5.0\vc\x86\Debug\BufferInputLineSimplifier.obj
K:\Components\LibraryV2\GDAL\GDAL_2.1.0_VC_NoIntFilesCleanUp\3rdpart\geos-3.5.0\vc\x86\Debug\BufferOp.obj
K:\Components\LibraryV2\GDAL\GDAL_2.1.0_VC_NoIntFilesCleanUp\3rdpart\geos-3.5.0\vc\x86\Debug\BufferParameters.obj
K:\Components\LibraryV2\GDAL\GDAL_2.1.0_VC_NoIntFilesCleanUp\3rdpart\geos-3.5.0\vc\x86\Debug\BufferSubgraph.obj
K:\Components\LibraryV2\GDAL\GDAL_2.1.0_VC_NoIntFilesCleanUp\3rdpart\geos-3.5.0\vc\x86\Debug\ByteOrderDataInStream.obj
K:\Components\LibraryV2\GDAL\GDAL_2.1.0_VC_NoIntFilesCleanUp\3rdpart\geos-3.5.0\vc\x86\Debug\ByteOrderValues.obj
K:\Components\LibraryV2\GDAL\GDAL_2.1.0_VC_NoIntFilesCleanUp\3rdpart\geos-3.5.0\vc\x86\Debug\CascadedPolygonUnion.obj
K:\Components\LibraryV2\GDAL\GDAL_2.1.0_VC_NoIntFilesCleanUp\3rdpart\geos-3.5.0\vc\x86\Debug\CascadedUnion.obj
K:\Components\LibraryV2\GDAL\GDAL_2.1.0_VC_NoIntFilesCleanUp\3rdpart\geos-3.5.0\vc\x86\Debug\Centroid.obj
K:\Components\LibraryV2\GDAL\GDAL_2.1.0_VC_NoIntFilesCleanUp\3rdpart\geos-3.5.0\vc\x86\Debug\CentroidArea.obj
K:\Components\LibraryV2\GDAL\GDAL_2.1.0_VC_NoIntFilesCleanUp\3rdpart\geos-3.5.0\vc\x86\Debug\CentroidLine.obj
K:\Components\LibraryV2\GDAL\GDAL_2.1.0_VC_NoIntFilesCleanUp\3rdpart\geos-3.5.0\vc\x86\Debug\CentroidPoint.obj
K:\Components\LibraryV2\GDAL\GDAL_2.1.0_VC_NoIntFilesCleanUp\3rdpart\geos-3.5.0\vc\x86\Debug\CGAlgorithms.obj
K:\Components\LibraryV2\GDAL\GDAL_2.1.0_VC_NoIntFilesCleanUp\3rdpart\geos-3.5.0\vc\x86\Debug\cl.command.1.tlog
K:\Components\LibraryV2\GDAL\GDAL_2.1.0_VC_NoIntFilesCleanUp\3rdpart\geos-3.5.0\vc\x86\Debug\CL.read.1.tlog
K:\Components\LibraryV2\GDAL\GDAL_2.1.0_VC_NoIntFilesCleanUp\3rdpart\geos-3.5.0\vc\x86\Debug\CL.write.1.tlog
K:\Components\LibraryV2\GDAL\GDAL_2.1.0_VC_NoIntFilesCleanUp\3rdpart\geos-3.5.0\vc\x86\Debug\CLocalizer.obj
K:\Components\LibraryV2\GDAL\GDAL_2.1.0_VC_NoIntFilesCleanUp\3rdpart\geos-3.5.0\vc\x86\Debug\CommonBits.obj
K:\Components\LibraryV2\GDAL\GDAL_2.1.0_VC_NoIntFilesCleanUp\3rdpart\geos-3.5.0\vc\x86\Debug\CommonBitsOp.obj
K:\Components\LibraryV2\GDAL\GDAL_2.1.0_VC_NoIntFilesCleanUp\3rdpart\geos-3.5.0\vc\x86\Debug\CommonBitsRemover.obj
K:\Components\LibraryV2\GDAL\GDAL_2.1.0_VC_NoIntFilesCleanUp\3rdpart\geos-3.5.0\vc\x86\Debug\ComponentCoordinateExtracter.obj
K:\Components\LibraryV2\GDAL\GDAL_2.1.0_VC_NoIntFilesCleanUp\3rdpart\geos-3.5.0\vc\x86\Debug\ConnectedElementLocationFilter.obj
K:\Components\LibraryV2\GDAL\GDAL_2.1.0_VC_NoIntFilesCleanUp\3rdpart\geos-3.5.0\vc\x86\Debug\ConnectedElementPointFilter.obj
K:\Components\LibraryV2\GDAL\GDAL_2.1.0_VC_NoIntFilesCleanUp\3rdpart\geos-3.5.0\vc\x86\Debug\ConnectedInteriorTester.obj
K:\Components\LibraryV2\GDAL\GDAL_2.1.0_VC_NoIntFilesCleanUp\3rdpart\geos-3.5.0\vc\x86\Debug\ConnectedSubgraphFinder.obj
K:\Components\LibraryV2\GDAL\GDAL_2.1.0_VC_NoIntFilesCleanUp\3rdpart\geos-3.5.0\vc\x86\Debug\ConsistentAreaTester.obj
K:\Components\LibraryV2\GDAL\GDAL_2.1.0_VC_NoIntFilesCleanUp\3rdpart\geos-3.5.0\vc\x86\Debug\ConvexHull.obj
K:\Components\LibraryV2\GDAL\GDAL_2.1.0_VC_NoIntFilesCleanUp\3rdpart\geos-3.5.0\vc\x86\Debug\Coordinate.obj
K:\Components\LibraryV2\GDAL\GDAL_2.1.0_VC_NoIntFilesCleanUp\3rdpart\geos-3.5.0\vc\x86\Debug\CoordinateArraySequence.obj
K:\Components\LibraryV2\GDAL\GDAL_2.1.0_VC_NoIntFilesCleanUp\3rdpart\geos-3.5.0\vc\x86\Debug\CoordinateArraySequenceFactory.obj
K:\Components\LibraryV2\GDAL\GDAL_2.1.0_VC_NoIntFilesCleanUp\3rdpart\geos-3.5.0\vc\x86\Debug\CoordinateOperation.obj
K:\Components\LibraryV2\GDAL\GDAL_2.1.0_VC_NoIntFilesCleanUp\3rdpart\geos-3.5.0\vc\x86\Debug\CoordinateSequence.obj
K:\Components\LibraryV2\GDAL\GDAL_2.1.0_VC_NoIntFilesCleanUp\3rdpart\geos-3.5.0\vc\x86\Debug\CoordinateSequenceFactory.obj
K:\Components\LibraryV2\GDAL\GDAL_2.1.0_VC_NoIntFilesCleanUp\3rdpart\geos-3.5.0\vc\x86\Debug\DelaunayTriangulationBuilder.obj
K:\Components\LibraryV2\GDAL\GDAL_2.1.0_VC_NoIntFilesCleanUp\3rdpart\geos-3.5.0\vc\x86\Debug\Depth.obj
K:\Components\LibraryV2\GDAL\GDAL_2.1.0_VC_NoIntFilesCleanUp\3rdpart\geos-3.5.0\vc\x86\Debug\Dimension.obj
K:\Components\LibraryV2\GDAL\GDAL_2.1.0_VC_NoIntFilesCleanUp\3rdpart\geos-3.5.0\vc\x86\Debug\DirectedEdge.obj
K:\Components\LibraryV2\GDAL\GDAL_2.1.0_VC_NoIntFilesCleanUp\3rdpart\geos-3.5.0\vc\x86\Debug\DirectedEdgeStar.obj
K:\Components\LibraryV2\GDAL\GDAL_2.1.0_VC_NoIntFilesCleanUp\3rdpart\geos-3.5.0\vc\x86\Debug\DiscreteHausdorffDistance.obj
K:\Components\LibraryV2\GDAL\GDAL_2.1.0_VC_NoIntFilesCleanUp\3rdpart\geos-3.5.0\vc\x86\Debug\DistanceOp.obj
K:\Components\LibraryV2\GDAL\GDAL_2.1.0_VC_NoIntFilesCleanUp\3rdpart\geos-3.5.0\vc\x86\Debug\DistanceToPoint.obj
K:\Components\LibraryV2\GDAL\GDAL_2.1.0_VC_NoIntFilesCleanUp\3rdpart\geos-3.5.0\vc\x86\Debug\DouglasPeuckerLineSimplifier.obj
K:\Components\LibraryV2\GDAL\GDAL_2.1.0_VC_NoIntFilesCleanUp\3rdpart\geos-3.5.0\vc\x86\Debug\DouglasPeuckerSimplifier.obj
K:\Components\LibraryV2\GDAL\GDAL_2.1.0_VC_NoIntFilesCleanUp\3rdpart\geos-3.5.0\vc\x86\Debug\Edge.obj
K:\Components\LibraryV2\GDAL\GDAL_2.1.0_VC_NoIntFilesCleanUp\3rdpart\geos-3.5.0\vc\x86\Debug\EdgeEnd.obj
K:\Components\LibraryV2\GDAL\GDAL_2.1.0_VC_NoIntFilesCleanUp\3rdpart\geos-3.5.0\vc\x86\Debug\EdgeEndBuilder.obj
K:\Components\LibraryV2\GDAL\GDAL_2.1.0_VC_NoIntFilesCleanUp\3rdpart\geos-3.5.0\vc\x86\Debug\EdgeEndBundle.obj
K:\Components\LibraryV2\GDAL\GDAL_2.1.0_VC_NoIntFilesCleanUp\3rdpart\geos-3.5.0\vc\x86\Debug\EdgeEndBundleStar.obj
K:\Components\LibraryV2\GDAL\GDAL_2.1.0_VC_NoIntFilesCleanUp\3rdpart\geos-3.5.0\vc\x86\Debug\EdgeEndStar.obj
K:\Components\LibraryV2\GDAL\GDAL_2.1.0_VC_NoIntFilesCleanUp\3rdpart\geos-3.5.0\vc\x86\Debug\EdgeIntersectionList.obj
K:\Components\LibraryV2\GDAL\GDAL_2.1.0_VC_NoIntFilesCleanUp\3rdpart\geos-3.5.0\vc\x86\Debug\EdgeList.obj
K:\Components\LibraryV2\GDAL\GDAL_2.1.0_VC_NoIntFilesCleanUp\3rdpart\geos-3.5.0\vc\x86\Debug\EdgeNodingValidator.obj
K:\Components\LibraryV2\GDAL\GDAL_2.1.0_VC_NoIntFilesCleanUp\3rdpart\geos-3.5.0\vc\x86\Debug\EdgeRing.obj
K:\Components\LibraryV2\GDAL\GDAL_2.1.0_VC_NoIntFilesCleanUp\3rdpart\geos-3.5.0\vc\x86\Debug\EdgeSetNoder.obj
K:\Components\LibraryV2\GDAL\GDAL_2.1.0_VC_NoIntFilesCleanUp\3rdpart\geos-3.5.0\vc\x86\Debug\EdgeString.obj
K:\Components\LibraryV2\GDAL\GDAL_2.1.0_VC_NoIntFilesCleanUp\3rdpart\geos-3.5.0\vc\x86\Debug\ElevationMatrix.obj
K:\Components\LibraryV2\GDAL\GDAL_2.1.0_VC_NoIntFilesCleanUp\3rdpart\geos-3.5.0\vc\x86\Debug\ElevationMatrixCell.obj
K:\Components\LibraryV2\GDAL\GDAL_2.1.0_VC_NoIntFilesCleanUp\3rdpart\geos-3.5.0\vc\x86\Debug\EnhancedPrecisionOp.obj
K:\Components\LibraryV2\GDAL\GDAL_2.1.0_VC_NoIntFilesCleanUp\3rdpart\geos-3.5.0\vc\x86\Debug\Envelope.obj
K:\Components\LibraryV2\GDAL\GDAL_2.1.0_VC_NoIntFilesCleanUp\3rdpart\geos-3.5.0\vc\x86\Debug\ExtractLineByLocation.obj
K:\Components\LibraryV2\GDAL\GDAL_2.1.0_VC_NoIntFilesCleanUp\3rdpart\geos-3.5.0\vc\x86\Debug\FastNodingValidator.obj
K:\Components\LibraryV2\GDAL\GDAL_2.1.0_VC_NoIntFilesCleanUp\3rdpart\geos-3.5.0\vc\x86\Debug\FastSegmentSetIntersectionFinder.obj
K:\Components\LibraryV2\GDAL\GDAL_2.1.0_VC_NoIntFilesCleanUp\3rdpart\geos-3.5.0\vc\x86\Debug\FuzzyPointLocator.obj
K:\Components\LibraryV2\GDAL\GDAL_2.1.0_VC_NoIntFilesCleanUp\3rdpart\geos-3.5.0\vc\x86\Debug\GeometricShapeFactory.obj
K:\Components\LibraryV2\GDAL\GDAL_2.1.0_VC_NoIntFilesCleanUp\3rdpart\geos-3.5.0\vc\x86\Debug\Geometry.obj
K:\Components\LibraryV2\GDAL\GDAL_2.1.0_VC_NoIntFilesCleanUp\3rdpart\geos-3.5.0\vc\x86\Debug\GeometryCollection.obj
K:\Components\LibraryV2\GDAL\GDAL_2.1.0_VC_NoIntFilesCleanUp\3rdpart\geos-3.5.0\vc\x86\Debug\GeometryCombiner.obj
K:\Components\LibraryV2\GDAL\GDAL_2.1.0_VC_NoIntFilesCleanUp\3rdpart\geos-3.5.0\vc\x86\Debug\GeometryComponentFilter.obj
K:\Components\LibraryV2\GDAL\GDAL_2.1.0_VC_NoIntFilesCleanUp\3rdpart\geos-3.5.0\vc\x86\Debug\GeometryEditor.obj
K:\Components\LibraryV2\GDAL\GDAL_2.1.0_VC_NoIntFilesCleanUp\3rdpart\geos-3.5.0\vc\x86\Debug\GeometryFactory.obj
K:\Components\LibraryV2\GDAL\GDAL_2.1.0_VC_NoIntFilesCleanUp\3rdpart\geos-3.5.0\vc\x86\Debug\GeometryGraph.obj
K:\Components\LibraryV2\GDAL\GDAL_2.1.0_VC_NoIntFilesCleanUp\3rdpart\geos-3.5.0\vc\x86\Debug\GeometryGraphOperation.obj
K:\Components\LibraryV2\GDAL\GDAL_2.1.0_VC_NoIntFilesCleanUp\3rdpart\geos-3.5.0\vc\x86\Debug\GeometryList.obj
K:\Components\LibraryV2\GDAL\GDAL_2.1.0_VC_NoIntFilesCleanUp\3rdpart\geos-3.5.0\vc\x86\Debug\GeometryLocation.obj
K:\Components\LibraryV2\GDAL\GDAL_2.1.0_VC_NoIntFilesCleanUp\3rdpart\geos-3.5.0\vc\x86\Debug\GeometryNoder.obj
K:\Components\LibraryV2\GDAL\GDAL_2.1.0_VC_NoIntFilesCleanUp\3rdpart\geos-3.5.0\vc\x86\Debug\GeometryPrecisionReducer.obj
K:\Components\LibraryV2\GDAL\GDAL_2.1.0_VC_NoIntFilesCleanUp\3rdpart\geos-3.5.0\vc\x86\Debug\GeometrySnapper.obj
K:\Components\LibraryV2\GDAL\GDAL_2.1.0_VC_NoIntFilesCleanUp\3rdpart\geos-3.5.0\vc\x86\Debug\GeometryTransformer.obj
K:\Components\LibraryV2\GDAL\GDAL_2.1.0_VC_NoIntFilesCleanUp\3rdpart\geos-3.5.0\vc\x86\Debug\GraphComponent.obj
K:\Components\LibraryV2\GDAL\GDAL_2.1.0_VC_NoIntFilesCleanUp\3rdpart\geos-3.5.0\vc\x86\Debug\HCoordinate.obj
K:\Components\LibraryV2\GDAL\GDAL_2.1.0_VC_NoIntFilesCleanUp\3rdpart\geos-3.5.0\vc\x86\Debug\HotPixel.obj
K:\Components\LibraryV2\GDAL\GDAL_2.1.0_VC_NoIntFilesCleanUp\3rdpart\geos-3.5.0\vc\x86\Debug\IncrementalDelaunayTriangulator.obj
K:\Components\LibraryV2\GDAL\GDAL_2.1.0_VC_NoIntFilesCleanUp\3rdpart\geos-3.5.0\vc\x86\Debug\IndexedNestedRingTester.obj
K:\Components\LibraryV2\GDAL\GDAL_2.1.0_VC_NoIntFilesCleanUp\3rdpart\geos-3.5.0\vc\x86\Debug\IndexedPointInAreaLocator.obj
K:\Components\LibraryV2\GDAL\GDAL_2.1.0_VC_NoIntFilesCleanUp\3rdpart\geos-3.5.0\vc\x86\Debug\inlines.obj
K:\Components\LibraryV2\GDAL\GDAL_2.1.0_VC_NoIntFilesCleanUp\3rdpart\geos-3.5.0\vc\x86\Debug\InteriorPointArea.obj
K:\Components\LibraryV2\GDAL\GDAL_2.1.0_VC_NoIntFilesCleanUp\3rdpart\geos-3.5.0\vc\x86\Debug\InteriorPointLine.obj
K:\Components\LibraryV2\GDAL\GDAL_2.1.0_VC_NoIntFilesCleanUp\3rdpart\geos-3.5.0\vc\x86\Debug\InteriorPointPoint.obj
K:\Components\LibraryV2\GDAL\GDAL_2.1.0_VC_NoIntFilesCleanUp\3rdpart\geos-3.5.0\vc\x86\Debug\Interrupt.obj
K:\Components\LibraryV2\GDAL\GDAL_2.1.0_VC_NoIntFilesCleanUp\3rdpart\geos-3.5.0\vc\x86\Debug\IntersectionAdder.obj
K:\Components\LibraryV2\GDAL\GDAL_2.1.0_VC_NoIntFilesCleanUp\3rdpart\geos-3.5.0\vc\x86\Debug\IntersectionFinderAdder.obj
K:\Components\LibraryV2\GDAL\GDAL_2.1.0_VC_NoIntFilesCleanUp\3rdpart\geos-3.5.0\vc\x86\Debug\IntersectionMatrix.obj
K:\Components\LibraryV2\GDAL\GDAL_2.1.0_VC_NoIntFilesCleanUp\3rdpart\geos-3.5.0\vc\x86\Debug\IntervalRTreeBranchNode.obj
K:\Components\LibraryV2\GDAL\GDAL_2.1.0_VC_NoIntFilesCleanUp\3rdpart\geos-3.5.0\vc\x86\Debug\IntervalRTreeLeafNode.obj
K:\Components\LibraryV2\GDAL\GDAL_2.1.0_VC_NoIntFilesCleanUp\3rdpart\geos-3.5.0\vc\x86\Debug\IntervalRTreeNode.obj
K:\Components\LibraryV2\GDAL\GDAL_2.1.0_VC_NoIntFilesCleanUp\3rdpart\geos-3.5.0\vc\x86\Debug\IsSimpleOp.obj
K:\Components\LibraryV2\GDAL\GDAL_2.1.0_VC_NoIntFilesCleanUp\3rdpart\geos-3.5.0\vc\x86\Debug\IsValidOp.obj
K:\Components\LibraryV2\GDAL\GDAL_2.1.0_VC_NoIntFilesCleanUp\3rdpart\geos-3.5.0\vc\x86\Debug\IteratedNoder.obj
K:\Components\LibraryV2\GDAL\GDAL_2.1.0_VC_NoIntFilesCleanUp\3rdpart\geos-3.5.0\vc\x86\Debug\Label.obj
K:\Components\LibraryV2\GDAL\GDAL_2.1.0_VC_NoIntFilesCleanUp\3rdpart\geos-3.5.0\vc\x86\Debug\LastFoundQuadEdgeLocator.obj
K:\Components\LibraryV2\GDAL\GDAL_2.1.0_VC_NoIntFilesCleanUp\3rdpart\geos-3.5.0\vc\x86\Debug\LengthIndexedLine.obj
K:\Components\LibraryV2\GDAL\GDAL_2.1.0_VC_NoIntFilesCleanUp\3rdpart\geos-3.5.0\vc\x86\Debug\LengthIndexOfPoint.obj
K:\Components\LibraryV2\GDAL\GDAL_2.1.0_VC_NoIntFilesCleanUp\3rdpart\geos-3.5.0\vc\x86\Debug\LengthLocationMap.obj
K:\Components\LibraryV2\GDAL\GDAL_2.1.0_VC_NoIntFilesCleanUp\3rdpart\geos-3.5.0\vc\x86\Debug\LinearComponentExtracter.obj
K:\Components\LibraryV2\GDAL\GDAL_2.1.0_VC_NoIntFilesCleanUp\3rdpart\geos-3.5.0\vc\x86\Debug\LinearGeometryBuilder.obj
K:\Components\LibraryV2\GDAL\GDAL_2.1.0_VC_NoIntFilesCleanUp\3rdpart\geos-3.5.0\vc\x86\Debug\LinearIterator.obj
K:\Components\LibraryV2\GDAL\GDAL_2.1.0_VC_NoIntFilesCleanUp\3rdpart\geos-3.5.0\vc\x86\Debug\LinearLocation.obj
K:\Components\LibraryV2\GDAL\GDAL_2.1.0_VC_NoIntFilesCleanUp\3rdpart\geos-3.5.0\vc\x86\Debug\LinearRing.obj
K:\Components\LibraryV2\GDAL\GDAL_2.1.0_VC_NoIntFilesCleanUp\3rdpart\geos-3.5.0\vc\x86\Debug\LineBuilder.obj
K:\Components\LibraryV2\GDAL\GDAL_2.1.0_VC_NoIntFilesCleanUp\3rdpart\geos-3.5.0\vc\x86\Debug\LineIntersector.obj
K:\Components\LibraryV2\GDAL\GDAL_2.1.0_VC_NoIntFilesCleanUp\3rdpart\geos-3.5.0\vc\x86\Debug\LineMergeDirectedEdge.obj
K:\Components\LibraryV2\GDAL\GDAL_2.1.0_VC_NoIntFilesCleanUp\3rdpart\geos-3.5.0\vc\x86\Debug\LineMergeEdge.obj
K:\Components\LibraryV2\GDAL\GDAL_2.1.0_VC_NoIntFilesCleanUp\3rdpart\geos-3.5.0\vc\x86\Debug\LineMergeGraph.obj
K:\Components\LibraryV2\GDAL\GDAL_2.1.0_VC_NoIntFilesCleanUp\3rdpart\geos-3.5.0\vc\x86\Debug\LineMerger.obj
K:\Components\LibraryV2\GDAL\GDAL_2.1.0_VC_NoIntFilesCleanUp\3rdpart\geos-3.5.0\vc\x86\Debug\LineSegment.obj
K:\Components\LibraryV2\GDAL\GDAL_2.1.0_VC_NoIntFilesCleanUp\3rdpart\geos-3.5.0\vc\x86\Debug\LineSegmentIndex.obj
K:\Components\LibraryV2\GDAL\GDAL_2.1.0_VC_NoIntFilesCleanUp\3rdpart\geos-3.5.0\vc\x86\Debug\LineSequencer.obj
K:\Components\LibraryV2\GDAL\GDAL_2.1.0_VC_NoIntFilesCleanUp\3rdpart\geos-3.5.0\vc\x86\Debug\LineString.obj
K:\Components\LibraryV2\GDAL\GDAL_2.1.0_VC_NoIntFilesCleanUp\3rdpart\geos-3.5.0\vc\x86\Debug\LineStringSnapper.obj
K:\Components\LibraryV2\GDAL\GDAL_2.1.0_VC_NoIntFilesCleanUp\3rdpart\geos-3.5.0\vc\x86\Debug\link.5192.read.1.tlog
K:\Components\LibraryV2\GDAL\GDAL_2.1.0_VC_NoIntFilesCleanUp\3rdpart\geos-3.5.0\vc\x86\Debug\link.5192.write.1.tlog
K:\Components\LibraryV2\GDAL\GDAL_2.1.0_VC_NoIntFilesCleanUp\3rdpart\geos-3.5.0\vc\x86\Debug\link.5192-cvtres.read.1.tlog
K:\Components\LibraryV2\GDAL\GDAL_2.1.0_VC_NoIntFilesCleanUp\3rdpart\geos-3.5.0\vc\x86\Debug\link.5192-cvtres.write.1.tlog
K:\Components\LibraryV2\GDAL\GDAL_2.1.0_VC_NoIntFilesCleanUp\3rdpart\geos-3.5.0\vc\x86\Debug\link.command.1.tlog
K:\Components\LibraryV2\GDAL\GDAL_2.1.0_VC_NoIntFilesCleanUp\3rdpart\geos-3.5.0\vc\x86\Debug\link.read.1.tlog
K:\Components\LibraryV2\GDAL\GDAL_2.1.0_VC_NoIntFilesCleanUp\3rdpart\geos-3.5.0\vc\x86\Debug\link.write.1.tlog
K:\Components\LibraryV2\GDAL\GDAL_2.1.0_VC_NoIntFilesCleanUp\3rdpart\geos-3.5.0\vc\x86\Debug\link-cvtres.read.1.tlog
K:\Components\LibraryV2\GDAL\GDAL_2.1.0_VC_NoIntFilesCleanUp\3rdpart\geos-3.5.0\vc\x86\Debug\link-cvtres.write.1.tlog
K:\Components\LibraryV2\GDAL\GDAL_2.1.0_VC_NoIntFilesCleanUp\3rdpart\geos-3.5.0\vc\x86\Debug\LocateFailureException.obj
K:\Components\LibraryV2\GDAL\GDAL_2.1.0_VC_NoIntFilesCleanUp\3rdpart\geos-3.5.0\vc\x86\Debug\Location.obj
K:\Components\LibraryV2\GDAL\GDAL_2.1.0_VC_NoIntFilesCleanUp\3rdpart\geos-3.5.0\vc\x86\Debug\LocationIndexOfLine.obj
K:\Components\LibraryV2\GDAL\GDAL_2.1.0_VC_NoIntFilesCleanUp\3rdpart\geos-3.5.0\vc\x86\Debug\LocationIndexOfPoint.obj
K:\Components\LibraryV2\GDAL\GDAL_2.1.0_VC_NoIntFilesCleanUp\3rdpart\geos-3.5.0\vc\x86\Debug\math.obj
K:\Components\LibraryV2\GDAL\GDAL_2.1.0_VC_NoIntFilesCleanUp\3rdpart\geos-3.5.0\vc\x86\Debug\MaximalEdgeRing.obj
K:\Components\LibraryV2\GDAL\GDAL_2.1.0_VC_NoIntFilesCleanUp\3rdpart\geos-3.5.0\vc\x86\Debug\MCIndexNoder.obj
K:\Components\LibraryV2\GDAL\GDAL_2.1.0_VC_NoIntFilesCleanUp\3rdpart\geos-3.5.0\vc\x86\Debug\MCIndexPointSnapper.obj
K:\Components\LibraryV2\GDAL\GDAL_2.1.0_VC_NoIntFilesCleanUp\3rdpart\geos-3.5.0\vc\x86\Debug\MCIndexSegmentSetMutualIntersector.obj
K:\Components\LibraryV2\GDAL\GDAL_2.1.0_VC_NoIntFilesCleanUp\3rdpart\geos-3.5.0\vc\x86\Debug\MCIndexSnapRounder.obj
K:\Components\LibraryV2\GDAL\GDAL_2.1.0_VC_NoIntFilesCleanUp\3rdpart\geos-3.5.0\vc\x86\Debug\MCPointInRing.obj
K:\Components\LibraryV2\GDAL\GDAL_2.1.0_VC_NoIntFilesCleanUp\3rdpart\geos-3.5.0\vc\x86\Debug\MinimalEdgeRing.obj
K:\Components\LibraryV2\GDAL\GDAL_2.1.0_VC_NoIntFilesCleanUp\3rdpart\geos-3.5.0\vc\x86\Debug\MinimumDiameter.obj
K:\Components\LibraryV2\GDAL\GDAL_2.1.0_VC_NoIntFilesCleanUp\3rdpart\geos-3.5.0\vc\x86\Debug\MonotoneChain.obj
K:\Components\LibraryV2\GDAL\GDAL_2.1.0_VC_NoIntFilesCleanUp\3rdpart\geos-3.5.0\vc\x86\Debug\MonotoneChainBuilder.obj
K:\Components\LibraryV2\GDAL\GDAL_2.1.0_VC_NoIntFilesCleanUp\3rdpart\geos-3.5.0\vc\x86\Debug\MonotoneChainEdge.obj
K:\Components\LibraryV2\GDAL\GDAL_2.1.0_VC_NoIntFilesCleanUp\3rdpart\geos-3.5.0\vc\x86\Debug\MonotoneChainIndexer.obj
K:\Components\LibraryV2\GDAL\GDAL_2.1.0_VC_NoIntFilesCleanUp\3rdpart\geos-3.5.0\vc\x86\Debug\MonotoneChainOverlapAction.obj
K:\Components\LibraryV2\GDAL\GDAL_2.1.0_VC_NoIntFilesCleanUp\3rdpart\geos-3.5.0\vc\x86\Debug\MonotoneChainSelectAction.obj
K:\Components\LibraryV2\GDAL\GDAL_2.1.0_VC_NoIntFilesCleanUp\3rdpart\geos-3.5.0\vc\x86\Debug\mt.command.1.tlog
K:\Components\LibraryV2\GDAL\GDAL_2.1.0_VC_NoIntFilesCleanUp\3rdpart\geos-3.5.0\vc\x86\Debug\mt.read.1.tlog
K:\Components\LibraryV2\GDAL\GDAL_2.1.0_VC_NoIntFilesCleanUp\3rdpart\geos-3.5.0\vc\x86\Debug\mt.write.1.tlog
K:\Components\LibraryV2\GDAL\GDAL_2.1.0_VC_NoIntFilesCleanUp\3rdpart\geos-3.5.0\vc\x86\Debug\MultiLineString.obj
K:\Components\LibraryV2\GDAL\GDAL_2.1.0_VC_NoIntFilesCleanUp\3rdpart\geos-3.5.0\vc\x86\Debug\MultiPoint.obj
K:\Components\LibraryV2\GDAL\GDAL_2.1.0_VC_NoIntFilesCleanUp\3rdpart\geos-3.5.0\vc\x86\Debug\MultiPolygon.obj
K:\Components\LibraryV2\GDAL\GDAL_2.1.0_VC_NoIntFilesCleanUp\3rdpart\geos-3.5.0\vc\x86\Debug\Node.obj
K:\Components\LibraryV2\GDAL\GDAL_2.1.0_VC_NoIntFilesCleanUp\3rdpart\geos-3.5.0\vc\x86\Debug\NodedSegmentString.obj
K:\Components\LibraryV2\GDAL\GDAL_2.1.0_VC_NoIntFilesCleanUp\3rdpart\geos-3.5.0\vc\x86\Debug\NodeFactory.obj
K:\Components\LibraryV2\GDAL\GDAL_2.1.0_VC_NoIntFilesCleanUp\3rdpart\geos-3.5.0\vc\x86\Debug\NodeMap.obj
K:\Components\LibraryV2\GDAL\GDAL_2.1.0_VC_NoIntFilesCleanUp\3rdpart\geos-3.5.0\vc\x86\Debug\NodingValidator.obj
K:\Components\LibraryV2\GDAL\GDAL_2.1.0_VC_NoIntFilesCleanUp\3rdpart\geos-3.5.0\vc\x86\Debug\NotRepresentableException.obj
K:\Components\LibraryV2\GDAL\GDAL_2.1.0_VC_NoIntFilesCleanUp\3rdpart\geos-3.5.0\vc\x86\Debug\Octant.obj
K:\Components\LibraryV2\GDAL\GDAL_2.1.0_VC_NoIntFilesCleanUp\3rdpart\geos-3.5.0\vc\x86\Debug\OffsetCurveBuilder.obj
K:\Components\LibraryV2\GDAL\GDAL_2.1.0_VC_NoIntFilesCleanUp\3rdpart\geos-3.5.0\vc\x86\Debug\OffsetCurveSetBuilder.obj
K:\Components\LibraryV2\GDAL\GDAL_2.1.0_VC_NoIntFilesCleanUp\3rdpart\geos-3.5.0\vc\x86\Debug\OffsetPointGenerator.obj
K:\Components\LibraryV2\GDAL\GDAL_2.1.0_VC_NoIntFilesCleanUp\3rdpart\geos-3.5.0\vc\x86\Debug\OffsetSegmentGenerator.obj
K:\Components\LibraryV2\GDAL\GDAL_2.1.0_VC_NoIntFilesCleanUp\3rdpart\geos-3.5.0\vc\x86\Debug\OrientedCoordinateArray.obj
K:\Components\LibraryV2\GDAL\GDAL_2.1.0_VC_NoIntFilesCleanUp\3rdpart\geos-3.5.0\vc\x86\Debug\OverlayNodeFactory.obj
K:\Components\LibraryV2\GDAL\GDAL_2.1.0_VC_NoIntFilesCleanUp\3rdpart\geos-3.5.0\vc\x86\Debug\OverlayOp.obj
K:\Components\LibraryV2\GDAL\GDAL_2.1.0_VC_NoIntFilesCleanUp\3rdpart\geos-3.5.0\vc\x86\Debug\OverlayResultValidator.obj
K:\Components\LibraryV2\GDAL\GDAL_2.1.0_VC_NoIntFilesCleanUp\3rdpart\geos-3.5.0\vc\x86\Debug\ParseException.obj
K:\Components\LibraryV2\GDAL\GDAL_2.1.0_VC_NoIntFilesCleanUp\3rdpart\geos-3.5.0\vc\x86\Debug\PlanarGraph.obj
K:\Components\LibraryV2\GDAL\GDAL_2.1.0_VC_NoIntFilesCleanUp\3rdpart\geos-3.5.0\vc\x86\Debug\Point.obj
K:\Components\LibraryV2\GDAL\GDAL_2.1.0_VC_NoIntFilesCleanUp\3rdpart\geos-3.5.0\vc\x86\Debug\PointBuilder.obj
K:\Components\LibraryV2\GDAL\GDAL_2.1.0_VC_NoIntFilesCleanUp\3rdpart\geos-3.5.0\vc\x86\Debug\PointExtracter.obj
K:\Components\LibraryV2\GDAL\GDAL_2.1.0_VC_NoIntFilesCleanUp\3rdpart\geos-3.5.0\vc\x86\Debug\PointGeometryUnion.obj
K:\Components\LibraryV2\GDAL\GDAL_2.1.0_VC_NoIntFilesCleanUp\3rdpart\geos-3.5.0\vc\x86\Debug\PointLocator.obj
K:\Components\LibraryV2\GDAL\GDAL_2.1.0_VC_NoIntFilesCleanUp\3rdpart\geos-3.5.0\vc\x86\Debug\PointOnGeometryLocator.obj
K:\Components\LibraryV2\GDAL\GDAL_2.1.0_VC_NoIntFilesCleanUp\3rdpart\geos-3.5.0\vc\x86\Debug\Polygon.obj
K:\Components\LibraryV2\GDAL\GDAL_2.1.0_VC_NoIntFilesCleanUp\3rdpart\geos-3.5.0\vc\x86\Debug\PolygonBuilder.obj
K:\Components\LibraryV2\GDAL\GDAL_2.1.0_VC_NoIntFilesCleanUp\3rdpart\geos-3.5.0\vc\x86\Debug\PolygonExtracter.obj
K:\Components\LibraryV2\GDAL\GDAL_2.1.0_VC_NoIntFilesCleanUp\3rdpart\geos-3.5.0\vc\x86\Debug\Position.obj
K:\Components\LibraryV2\GDAL\GDAL_2.1.0_VC_NoIntFilesCleanUp\3rdpart\geos-3.5.0\vc\x86\Debug\PrecisionModel.obj
K:\Components\LibraryV2\GDAL\GDAL_2.1.0_VC_NoIntFilesCleanUp\3rdpart\geos-3.5.0\vc\x86\Debug\PrecisionReducerCoordinateOperation.obj
K:\Components\LibraryV2\GDAL\GDAL_2.1.0_VC_NoIntFilesCleanUp\3rdpart\geos-3.5.0\vc\x86\Debug\PreparedGeometry.obj
K:\Components\LibraryV2\GDAL\GDAL_2.1.0_VC_NoIntFilesCleanUp\3rdpart\geos-3.5.0\vc\x86\Debug\PreparedGeometryFactory.obj
K:\Components\LibraryV2\GDAL\GDAL_2.1.0_VC_NoIntFilesCleanUp\3rdpart\geos-3.5.0\vc\x86\Debug\PreparedLineString.obj
K:\Components\LibraryV2\GDAL\GDAL_2.1.0_VC_NoIntFilesCleanUp\3rdpart\geos-3.5.0\vc\x86\Debug\PreparedLineStringIntersects.obj
K:\Components\LibraryV2\GDAL\GDAL_2.1.0_VC_NoIntFilesCleanUp\3rdpart\geos-3.5.0\vc\x86\Debug\PreparedPoint.obj
K:\Components\LibraryV2\GDAL\GDAL_2.1.0_VC_NoIntFilesCleanUp\3rdpart\geos-3.5.0\vc\x86\Debug\PreparedPolygon.obj
K:\Components\LibraryV2\GDAL\GDAL_2.1.0_VC_NoIntFilesCleanUp\3rdpart\geos-3.5.0\vc\x86\Debug\PreparedPolygonContains.obj
K:\Components\LibraryV2\GDAL\GDAL_2.1.0_VC_NoIntFilesCleanUp\3rdpart\geos-3.5.0\vc\x86\Debug\PreparedPolygonContainsProperly.obj
K:\Components\LibraryV2\GDAL\GDAL_2.1.0_VC_NoIntFilesCleanUp\3rdpart\geos-3.5.0\vc\x86\Debug\PreparedPolygonCovers.obj
K:\Components\LibraryV2\GDAL\GDAL_2.1.0_VC_NoIntFilesCleanUp\3rdpart\geos-3.5.0\vc\x86\Debug\PreparedPolygonIntersects.obj
K:\Components\LibraryV2\GDAL\GDAL_2.1.0_VC_NoIntFilesCleanUp\3rdpart\geos-3.5.0\vc\x86\Debug\PreparedPolygonPredicate.obj
K:\Components\LibraryV2\GDAL\GDAL_2.1.0_VC_NoIntFilesCleanUp\3rdpart\geos-3.5.0\vc\x86\Debug\Profiler.obj
K:\Components\LibraryV2\GDAL\GDAL_2.1.0_VC_NoIntFilesCleanUp\3rdpart\geos-3.5.0\vc\x86\Debug\QuadEdge.obj
K:\Components\LibraryV2\GDAL\GDAL_2.1.0_VC_NoIntFilesCleanUp\3rdpart\geos-3.5.0\vc\x86\Debug\QuadEdgeLocator.obj
K:\Components\LibraryV2\GDAL\GDAL_2.1.0_VC_NoIntFilesCleanUp\3rdpart\geos-3.5.0\vc\x86\Debug\QuadEdgeSubdivision.obj
K:\Components\LibraryV2\GDAL\GDAL_2.1.0_VC_NoIntFilesCleanUp\3rdpart\geos-3.5.0\vc\x86\Debug\Quadrant.obj
K:\Components\LibraryV2\GDAL\GDAL_2.1.0_VC_NoIntFilesCleanUp\3rdpart\geos-3.5.0\vc\x86\Debug\QuadtreeNestedRingTester.obj
K:\Components\LibraryV2\GDAL\GDAL_2.1.0_VC_NoIntFilesCleanUp\3rdpart\geos-3.5.0\vc\x86\Debug\RayCrossingCounter.obj
K:\Components\LibraryV2\GDAL\GDAL_2.1.0_VC_NoIntFilesCleanUp\3rdpart\geos-3.5.0\vc\x86\Debug\rc.command.1.tlog
K:\Components\LibraryV2\GDAL\GDAL_2.1.0_VC_NoIntFilesCleanUp\3rdpart\geos-3.5.0\vc\x86\Debug\rc.read.1.tlog
K:\Components\LibraryV2\GDAL\GDAL_2.1.0_VC_NoIntFilesCleanUp\3rdpart\geos-3.5.0\vc\x86\Debug\rc.write.1.tlog
K:\Components\LibraryV2\GDAL\GDAL_2.1.0_VC_NoIntFilesCleanUp\3rdpart\geos-3.5.0\vc\x86\Debug\Rectangle.obj
K:\Components\LibraryV2\GDAL\GDAL_2.1.0_VC_NoIntFilesCleanUp\3rdpart\geos-3.5.0\vc\x86\Debug\RectangleContains.obj
K:\Components\LibraryV2\GDAL\GDAL_2.1.0_VC_NoIntFilesCleanUp\3rdpart\geos-3.5.0\vc\x86\Debug\RectangleIntersection.obj
K:\Components\LibraryV2\GDAL\GDAL_2.1.0_VC_NoIntFilesCleanUp\3rdpart\geos-3.5.0\vc\x86\Debug\RectangleIntersectionBuilder.obj
K:\Components\LibraryV2\GDAL\GDAL_2.1.0_VC_NoIntFilesCleanUp\3rdpart\geos-3.5.0\vc\x86\Debug\RectangleIntersects.obj
K:\Components\LibraryV2\GDAL\GDAL_2.1.0_VC_NoIntFilesCleanUp\3rdpart\geos-3.5.0\vc\x86\Debug\RelateComputer.obj
K:\Components\LibraryV2\GDAL\GDAL_2.1.0_VC_NoIntFilesCleanUp\3rdpart\geos-3.5.0\vc\x86\Debug\RelateNode.obj
K:\Components\LibraryV2\GDAL\GDAL_2.1.0_VC_NoIntFilesCleanUp\3rdpart\geos-3.5.0\vc\x86\Debug\RelateNodeFactory.obj
K:\Components\LibraryV2\GDAL\GDAL_2.1.0_VC_NoIntFilesCleanUp\3rdpart\geos-3.5.0\vc\x86\Debug\RelateNodeGraph.obj
K:\Components\LibraryV2\GDAL\GDAL_2.1.0_VC_NoIntFilesCleanUp\3rdpart\geos-3.5.0\vc\x86\Debug\RelateOp.obj
K:\Components\LibraryV2\GDAL\GDAL_2.1.0_VC_NoIntFilesCleanUp\3rdpart\geos-3.5.0\vc\x86\Debug\RepeatedPointTester.obj
K:\Components\LibraryV2\GDAL\GDAL_2.1.0_VC_NoIntFilesCleanUp\3rdpart\geos-3.5.0\vc\x86\Debug\RightmostEdgeFinder.obj
K:\Components\LibraryV2\GDAL\GDAL_2.1.0_VC_NoIntFilesCleanUp\3rdpart\geos-3.5.0\vc\x86\Debug\RobustDeterminant.obj
K:\Components\LibraryV2\GDAL\GDAL_2.1.0_VC_NoIntFilesCleanUp\3rdpart\geos-3.5.0\vc\x86\Debug\ScaledNoder.obj
K:\Components\LibraryV2\GDAL\GDAL_2.1.0_VC_NoIntFilesCleanUp\3rdpart\geos-3.5.0\vc\x86\Debug\SegmentIntersectionDetector.obj
K:\Components\LibraryV2\GDAL\GDAL_2.1.0_VC_NoIntFilesCleanUp\3rdpart\geos-3.5.0\vc\x86\Debug\SegmentIntersectionTester.obj
K:\Components\LibraryV2\GDAL\GDAL_2.1.0_VC_NoIntFilesCleanUp\3rdpart\geos-3.5.0\vc\x86\Debug\SegmentIntersector.obj
K:\Components\LibraryV2\GDAL\GDAL_2.1.0_VC_NoIntFilesCleanUp\3rdpart\geos-3.5.0\vc\x86\Debug\SegmentNode.obj
K:\Components\LibraryV2\GDAL\GDAL_2.1.0_VC_NoIntFilesCleanUp\3rdpart\geos-3.5.0\vc\x86\Debug\SegmentNodeList.obj
K:\Components\LibraryV2\GDAL\GDAL_2.1.0_VC_NoIntFilesCleanUp\3rdpart\geos-3.5.0\vc\x86\Debug\SegmentString.obj
K:\Components\LibraryV2\GDAL\GDAL_2.1.0_VC_NoIntFilesCleanUp\3rdpart\geos-3.5.0\vc\x86\Debug\SegmentStringUtil.obj
K:\Components\LibraryV2\GDAL\GDAL_2.1.0_VC_NoIntFilesCleanUp\3rdpart\geos-3.5.0\vc\x86\Debug\SharedPathsOp.obj
K:\Components\LibraryV2\GDAL\GDAL_2.1.0_VC_NoIntFilesCleanUp\3rdpart\geos-3.5.0\vc\x86\Debug\ShortCircuitedGeometryVisitor.obj
K:\Components\LibraryV2\GDAL\GDAL_2.1.0_VC_NoIntFilesCleanUp\3rdpart\geos-3.5.0\vc\x86\Debug\SimpleEdgeSetIntersector.obj
K:\Components\LibraryV2\GDAL\GDAL_2.1.0_VC_NoIntFilesCleanUp\3rdpart\geos-3.5.0\vc\x86\Debug\SimpleGeometryPrecisionReducer.obj
K:\Components\LibraryV2\GDAL\GDAL_2.1.0_VC_NoIntFilesCleanUp\3rdpart\geos-3.5.0\vc\x86\Debug\SimpleMCSweepLineIntersector.obj
K:\Components\LibraryV2\GDAL\GDAL_2.1.0_VC_NoIntFilesCleanUp\3rdpart\geos-3.5.0\vc\x86\Debug\SimpleNestedRingTester.obj
K:\Components\LibraryV2\GDAL\GDAL_2.1.0_VC_NoIntFilesCleanUp\3rdpart\geos-3.5.0\vc\x86\Debug\SimpleNoder.obj
K:\Components\LibraryV2\GDAL\GDAL_2.1.0_VC_NoIntFilesCleanUp\3rdpart\geos-3.5.0\vc\x86\Debug\SimplePointInAreaLocator.obj
K:\Components\LibraryV2\GDAL\GDAL_2.1.0_VC_NoIntFilesCleanUp\3rdpart\geos-3.5.0\vc\x86\Debug\SimplePointInRing.obj
K:\Components\LibraryV2\GDAL\GDAL_2.1.0_VC_NoIntFilesCleanUp\3rdpart\geos-3.5.0\vc\x86\Debug\SimpleSnapRounder.obj
K:\Components\LibraryV2\GDAL\GDAL_2.1.0_VC_NoIntFilesCleanUp\3rdpart\geos-3.5.0\vc\x86\Debug\SimpleSweepLineIntersector.obj
K:\Components\LibraryV2\GDAL\GDAL_2.1.0_VC_NoIntFilesCleanUp\3rdpart\geos-3.5.0\vc\x86\Debug\SineStarFactory.obj
K:\Components\LibraryV2\GDAL\GDAL_2.1.0_VC_NoIntFilesCleanUp\3rdpart\geos-3.5.0\vc\x86\Debug\SingleInteriorIntersectionFinder.obj
K:\Components\LibraryV2\GDAL\GDAL_2.1.0_VC_NoIntFilesCleanUp\3rdpart\geos-3.5.0\vc\x86\Debug\SIRtreePointInRing.obj
K:\Components\LibraryV2\GDAL\GDAL_2.1.0_VC_NoIntFilesCleanUp\3rdpart\geos-3.5.0\vc\x86\Debug\SnapIfNeededOverlayOp.obj
K:\Components\LibraryV2\GDAL\GDAL_2.1.0_VC_NoIntFilesCleanUp\3rdpart\geos-3.5.0\vc\x86\Debug\SnapOverlayOp.obj
K:\Components\LibraryV2\GDAL\GDAL_2.1.0_VC_NoIntFilesCleanUp\3rdpart\geos-3.5.0\vc\x86\Debug\SortedPackedIntervalRTree.obj
K:\Components\LibraryV2\GDAL\GDAL_2.1.0_VC_NoIntFilesCleanUp\3rdpart\geos-3.5.0\vc\x86\Debug\StringTokenizer.obj
K:\Components\LibraryV2\GDAL\GDAL_2.1.0_VC_NoIntFilesCleanUp\3rdpart\geos-3.5.0\vc\x86\Debug\SubgraphDepthLocater.obj
K:\Components\LibraryV2\GDAL\GDAL_2.1.0_VC_NoIntFilesCleanUp\3rdpart\geos-3.5.0\vc\x86\Debug\SweepLineEvent.obj
K:\Components\LibraryV2\GDAL\GDAL_2.1.0_VC_NoIntFilesCleanUp\3rdpart\geos-3.5.0\vc\x86\Debug\SweeplineNestedRingTester.obj
K:\Components\LibraryV2\GDAL\GDAL_2.1.0_VC_NoIntFilesCleanUp\3rdpart\geos-3.5.0\vc\x86\Debug\SweepLineSegment.obj
K:\Components\LibraryV2\GDAL\GDAL_2.1.0_VC_NoIntFilesCleanUp\3rdpart\geos-3.5.0\vc\x86\Debug\TaggedLineSegment.obj
K:\Components\LibraryV2\GDAL\GDAL_2.1.0_VC_NoIntFilesCleanUp\3rdpart\geos-3.5.0\vc\x86\Debug\TaggedLinesSimplifier.obj
K:\Components\LibraryV2\GDAL\GDAL_2.1.0_VC_NoIntFilesCleanUp\3rdpart\geos-3.5.0\vc\x86\Debug\TaggedLineString.obj
K:\Components\LibraryV2\GDAL\GDAL_2.1.0_VC_NoIntFilesCleanUp\3rdpart\geos-3.5.0\vc\x86\Debug\TaggedLineStringSimplifier.obj
K:\Components\LibraryV2\GDAL\GDAL_2.1.0_VC_NoIntFilesCleanUp\3rdpart\geos-3.5.0\vc\x86\Debug\TopologyLocation.obj
K:\Components\LibraryV2\GDAL\GDAL_2.1.0_VC_NoIntFilesCleanUp\3rdpart\geos-3.5.0\vc\x86\Debug\TopologyPreservingSimplifier.obj
K:\Components\LibraryV2\GDAL\GDAL_2.1.0_VC_NoIntFilesCleanUp\3rdpart\geos-3.5.0\vc\x86\Debug\TopologyValidationError.obj
K:\Components\LibraryV2\GDAL\GDAL_2.1.0_VC_NoIntFilesCleanUp\3rdpart\geos-3.5.0\vc\x86\Debug\Triangle.obj
K:\Components\LibraryV2\GDAL\GDAL_2.1.0_VC_NoIntFilesCleanUp\3rdpart\geos-3.5.0\vc\x86\Debug\TrianglePredicate.obj
K:\Components\LibraryV2\GDAL\GDAL_2.1.0_VC_NoIntFilesCleanUp\3rdpart\geos-3.5.0\vc\x86\Debug\TriangleVisitor.obj
K:\Components\LibraryV2\GDAL\GDAL_2.1.0_VC_NoIntFilesCleanUp\3rdpart\geos-3.5.0\vc\x86\Debug\UnaryUnionOp.obj
K:\Components\LibraryV2\GDAL\GDAL_2.1.0_VC_NoIntFilesCleanUp\3rdpart\geos-3.5.0\vc\x86\Debug\Unload.obj
K:\Components\LibraryV2\GDAL\GDAL_2.1.0_VC_NoIntFilesCleanUp\3rdpart\geos-3.5.0\vc\x86\Debug\vc100.idb
K:\Components\LibraryV2\GDAL\GDAL_2.1.0_VC_NoIntFilesCleanUp\3rdpart\geos-3.5.0\vc\x86\Debug\vc100.pdb
K:\Components\LibraryV2\GDAL\GDAL_2.1.0_VC_NoIntFilesCleanUp\3rdpart\geos-3.5.0\vc\x86\Debug\Vertex.obj
K:\Components\LibraryV2\GDAL\GDAL_2.1.0_VC_NoIntFilesCleanUp\3rdpart\geos-3.5.0\vc\x86\Debug\VoronoiDiagramBuilder.obj
K:\Components\LibraryV2\GDAL\GDAL_2.1.0_VC_NoIntFilesCleanUp\3rdpart\geos-3.5.0\vc\x86\Debug\WKBReader.obj
K:\Components\LibraryV2\GDAL\GDAL_2.1.0_VC_NoIntFilesCleanUp\3rdpart\geos-3.5.0\vc\x86\Debug\WKBWriter.obj
K:\Components\LibraryV2\GDAL\GDAL_2.1.0_VC_NoIntFilesCleanUp\3rdpart\geos-3.5.0\vc\x86\Debug\WKTReader.obj
K:\Components\LibraryV2\GDAL\GDAL_2.1.0_VC_NoIntFilesCleanUp\3rdpart\geos-3.5.0\vc\x86\Debug\WKTWriter.obj
K:\Components\LibraryV2\GDAL\GDAL_2.1.0_VC_NoIntFilesCleanUp\3rdpart\geos-3.5.0\vc\x86\Debug\Writer.obj
K:\COMPONENTS\LIBRARYV2\GEOS\LIBGEOS-3.5.0\X86\DEBUG\ABSTRACTPREPAREDPOLYGONCONTAINS.OBJ
K:\COMPONENTS\LIBRARYV2\GEOS\LIBGEOS-3.5.0\X86\DEBUG\ANGLE.OBJ
K:\COMPONENTS\LIBRARYV2\GEOS\LIBGEOS-3.5.0\X86\DEBUG\ASSERT.OBJ
K:\COMPONENTS\LIBRARYV2\GEOS\LIBGEOS-3.5.0\X86\DEBUG\BASICPREPAREDGEOMETRY.OBJ
K:\COMPONENTS\LIBRARYV2\GEOS\LIBGEOS-3.5.0\X86\DEBUG\BASICSEGMENTSTRING.OBJ
K:\COMPONENTS\LIBRARYV2\GEOS\LIBGEOS-3.5.0\X86\DEBUG\BOUNDARYNODERULE.OBJ
K:\COMPONENTS\LIBRARYV2\GEOS\LIBGEOS-3.5.0\X86\DEBUG\BUFFERBUILDER.OBJ
K:\COMPONENTS\LIBRARYV2\GEOS\LIBGEOS-3.5.0\X86\DEBUG\BUFFERINPUTLINESIMPLIFIER.OBJ
K:\COMPONENTS\LIBRARYV2\GEOS\LIBGEOS-3.5.0\X86\DEBUG\BUFFEROP.OBJ
K:\COMPONENTS\LIBRARYV2\GEOS\LIBGEOS-3.5.0\X86\DEBUG\BUFFERPARAMETERS.OBJ
K:\COMPONENTS\LIBRARYV2\GEOS\LIBGEOS-3.5.0\X86\DEBUG\BUFFERSUBGRAPH.OBJ
K:\COMPONENTS\LIBRARYV2\GEOS\LIBGEOS-3.5.0\X86\DEBUG\BYTEORDERDATAINSTREAM.OBJ
K:\COMPONENTS\LIBRARYV2\GEOS\LIBGEOS-3.5.0\X86\DEBUG\BYTEORDERVALUES.OBJ
K:\COMPONENTS\LIBRARYV2\GEOS\LIBGEOS-3.5.0\X86\DEBUG\CASCADEDPOLYGONUNION.OBJ
K:\COMPONENTS\LIBRARYV2\GEOS\LIBGEOS-3.5.0\X86\DEBUG\CASCADEDUNION.OBJ
K:\COMPONENTS\LIBRARYV2\GEOS\LIBGEOS-3.5.0\X86\DEBUG\CENTROID.OBJ
K:\COMPONENTS\LIBRARYV2\GEOS\LIBGEOS-3.5.0\X86\DEBUG\CENTROIDAREA.OBJ
K:\COMPONENTS\LIBRARYV2\GEOS\LIBGEOS-3.5.0\X86\DEBUG\CENTROIDLINE.OBJ
K:\COMPONENTS\LIBRARYV2\GEOS\LIBGEOS-3.5.0\X86\DEBUG\CENTROIDPOINT.OBJ
K:\COMPONENTS\LIBRARYV2\GEOS\LIBGEOS-3.5.0\X86\DEBUG\CGALGORITHMS.OBJ
K:\COMPONENTS\LIBRARYV2\GEOS\LIBGEOS-3.5.0\X86\DEBUG\CLOCALIZER.OBJ
K:\COMPONENTS\LIBRARYV2\GEOS\LIBGEOS-3.5.0\X86\DEBUG\COMMONBITS.OBJ
K:\COMPONENTS\LIBRARYV2\GEOS\LIBGEOS-3.5.0\X86\DEBUG\COMMONBITSOP.OBJ
K:\COMPONENTS\LIBRARYV2\GEOS\LIBGEOS-3.5.0\X86\DEBUG\COMMONBITSREMOVER.OBJ
K:\COMPONENTS\LIBRARYV2\GEOS\LIBGEOS-3.5.0\X86\DEBUG\COMPONENTCOORDINATEEXTRACTER.OBJ
K:\COMPONENTS\LIBRARYV2\GEOS\LIBGEOS-3.5.0\X86\DEBUG\CONNECTEDELEMENTLOCATIONFILTER.OBJ
K:\COMPONENTS\LIBRARYV2\GEOS\LIBGEOS-3.5.0\X86\DEBUG\CONNECTEDELEMENTPOINTFILTER.OBJ
K:\COMPONENTS\LIBRARYV2\GEOS\LIBGEOS-3.5.0\X86\DEBUG\CONNECTEDINTERIORTESTER.OBJ
K:\COMPONENTS\LIBRARYV2\GEOS\LIBGEOS-3.5.0\X86\DEBUG\CONNECTEDSUBGRAPHFINDER.OBJ
K:\COMPONENTS\LIBRARYV2\GEOS\LIBGEOS-3.5.0\X86\DEBUG\CONSISTENTAREATESTER.OBJ
K:\COMPONENTS\LIBRARYV2\GEOS\LIBGEOS-3.5.0\X86\DEBUG\CONVEXHULL.OBJ
K:\COMPONENTS\LIBRARYV2\GEOS\LIBGEOS-3.5.0\X86\DEBUG\COORDINATE.OBJ
K:\COMPONENTS\LIBRARYV2\GEOS\LIBGEOS-3.5.0\X86\DEBUG\COORDINATEARRAYSEQUENCE.OBJ
K:\COMPONENTS\LIBRARYV2\GEOS\LIBGEOS-3.5.0\X86\DEBUG\COORDINATEARRAYSEQUENCEFACTORY.OBJ
K:\COMPONENTS\LIBRARYV2\GEOS\LIBGEOS-3.5.0\X86\DEBUG\COORDINATEOPERATION.OBJ
K:\COMPONENTS\LIBRARYV2\GEOS\LIBGEOS-3.5.0\X86\DEBUG\COORDINATESEQUENCE.OBJ
K:\COMPONENTS\LIBRARYV2\GEOS\LIBGEOS-3.5.0\X86\DEBUG\COORDINATESEQUENCEFACTORY.OBJ
K:\COMPONENTS\LIBRARYV2\GEOS\LIBGEOS-3.5.0\X86\DEBUG\DELAUNAYTRIANGULATIONBUILDER.OBJ
K:\COMPONENTS\LIBRARYV2\GEOS\LIBGEOS-3.5.0\X86\DEBUG\DEPTH.OBJ
K:\COMPONENTS\LIBRARYV2\GEOS\LIBGEOS-3.5.0\X86\DEBUG\DIMENSION.OBJ
K:\COMPONENTS\LIBRARYV2\GEOS\LIBGEOS-3.5.0\X86\DEBUG\DIRECTEDEDGE.OBJ
K:\COMPONENTS\LIBRARYV2\GEOS\LIBGEOS-3.5.0\X86\DEBUG\DIRECTEDEDGESTAR.OBJ
K:\COMPONENTS\LIBRARYV2\GEOS\LIBGEOS-3.5.0\X86\DEBUG\DISCRETEHAUSDORFFDISTANCE.OBJ
K:\COMPONENTS\LIBRARYV2\GEOS\LIBGEOS-3.5.0\X86\DEBUG\DISTANCEOP.OBJ
K:\COMPONENTS\LIBRARYV2\GEOS\LIBGEOS-3.5.0\X86\DEBUG\DISTANCETOPOINT.OBJ
K:\COMPONENTS\LIBRARYV2\GEOS\LIBGEOS-3.5.0\X86\DEBUG\DOUGLASPEUCKERLINESIMPLIFIER.OBJ
K:\COMPONENTS\LIBRARYV2\GEOS\LIBGEOS-3.5.0\X86\DEBUG\DOUGLASPEUCKERSIMPLIFIER.OBJ
K:\COMPONENTS\LIBRARYV2\GEOS\LIBGEOS-3.5.0\X86\DEBUG\EDGE.OBJ
K:\COMPONENTS\LIBRARYV2\GEOS\LIBGEOS-3.5.0\X86\DEBUG\EDGEEND.OBJ
K:\COMPONENTS\LIBRARYV2\GEOS\LIBGEOS-3.5.0\X86\DEBUG\EDGEENDBUILDER.OBJ
K:\COMPONENTS\LIBRARYV2\GEOS\LIBGEOS-3.5.0\X86\DEBUG\EDGEENDBUNDLE.OBJ
K:\COMPONENTS\LIBRARYV2\GEOS\LIBGEOS-3.5.0\X86\DEBUG\EDGEENDBUNDLESTAR.OBJ
K:\COMPONENTS\LIBRARYV2\GEOS\LIBGEOS-3.5.0\X86\DEBUG\EDGEENDSTAR.OBJ
K:\COMPONENTS\LIBRARYV2\GEOS\LIBGEOS-3.5.0\X86\DEBUG\EDGEINTERSECTIONLIST.OBJ
K:\COMPONENTS\LIBRARYV2\GEOS\LIBGEOS-3.5.0\X86\DEBUG\EDGELIST.OBJ
K:\COMPONENTS\LIBRARYV2\GEOS\LIBGEOS-3.5.0\X86\DEBUG\EDGENODINGVALIDATOR.OBJ
K:\COMPONENTS\LIBRARYV2\GEOS\LIBGEOS-3.5.0\X86\DEBUG\EDGERING.OBJ
K:\COMPONENTS\LIBRARYV2\GEOS\LIBGEOS-3.5.0\X86\DEBUG\EDGESETNODER.OBJ
K:\COMPONENTS\LIBRARYV2\GEOS\LIBGEOS-3.5.0\X86\DEBUG\EDGESTRING.OBJ
K:\COMPONENTS\LIBRARYV2\GEOS\LIBGEOS-3.5.0\X86\DEBUG\ELEVATIONMATRIX.OBJ
K:\COMPONENTS\LIBRARYV2\GEOS\LIBGEOS-3.5.0\X86\DEBUG\ELEVATIONMATRIXCELL.OBJ
K:\COMPONENTS\LIBRARYV2\GEOS\LIBGEOS-3.5.0\X86\DEBUG\ENHANCEDPRECISIONOP.OBJ
K:\COMPONENTS\LIBRARYV2\GEOS\LIBGEOS-3.5.0\X86\DEBUG\ENVELOPE.OBJ
K:\COMPONENTS\LIBRARYV2\GEOS\LIBGEOS-3.5.0\X86\DEBUG\EXTRACTLINEBYLOCATION.OBJ
K:\COMPONENTS\LIBRARYV2\GEOS\LIBGEOS-3.5.0\X86\DEBUG\FASTNODINGVALIDATOR.OBJ
K:\COMPONENTS\LIBRARYV2\GEOS\LIBGEOS-3.5.0\X86\DEBUG\FASTSEGMENTSETINTERSECTIONFINDER.OBJ
K:\COMPONENTS\LIBRARYV2\GEOS\LIBGEOS-3.5.0\X86\DEBUG\FUZZYPOINTLOCATOR.OBJ
K:\COMPONENTS\LIBRARYV2\GEOS\LIBGEOS-3.5.0\X86\DEBUG\GEOMETRICSHAPEFACTORY.OBJ
K:\COMPONENTS\LIBRARYV2\GEOS\LIBGEOS-3.5.0\X86\DEBUG\GEOMETRY.OBJ
K:\COMPONENTS\LIBRARYV2\GEOS\LIBGEOS-3.5.0\X86\DEBUG\GEOMETRYCOLLECTION.OBJ
K:\COMPONENTS\LIBRARYV2\GEOS\LIBGEOS-3.5.0\X86\DEBUG\GEOMETRYCOMBINER.OBJ
K:\COMPONENTS\LIBRARYV2\GEOS\LIBGEOS-3.5.0\X86\DEBUG\GEOMETRYCOMPONENTFILTER.OBJ
K:\COMPONENTS\LIBRARYV2\GEOS\LIBGEOS-3.5.0\X86\DEBUG\GEOMETRYEDITOR.OBJ
K:\COMPONENTS\LIBRARYV2\GEOS\LIBGEOS-3.5.0\X86\DEBUG\GEOMETRYFACTORY.OBJ
K:\COMPONENTS\LIBRARYV2\GEOS\LIBGEOS-3.5.0\X86\DEBUG\GEOMETRYGRAPH.OBJ
K:\COMPONENTS\LIBRARYV2\GEOS\LIBGEOS-3.5.0\X86\DEBUG\GEOMETRYGRAPHOPERATION.OBJ
K:\COMPONENTS\LIBRARYV2\GEOS\LIBGEOS-3.5.0\X86\DEBUG\GEOMETRYLIST.OBJ
K:\COMPONENTS\LIBRARYV2\GEOS\LIBGEOS-3.5.0\X86\DEBUG\GEOMETRYLOCATION.OBJ
K:\COMPONENTS\LIBRARYV2\GEOS\LIBGEOS-3.5.0\X86\DEBUG\GEOMETRYNODER.OBJ
K:\COMPONENTS\LIBRARYV2\GEOS\LIBGEOS-3.5.0\X86\DEBUG\GEOMETRYPRECISIONREDUCER.OBJ
K:\COMPONENTS\LIBRARYV2\GEOS\LIBGEOS-3.5.0\X86\DEBUG\GEOMETRYSNAPPER.OBJ
K:\COMPONENTS\LIBRARYV2\GEOS\LIBGEOS-3.5.0\X86\DEBUG\GEOMETRYTRANSFORMER.OBJ
K:\COMPONENTS\LIBRARYV2\GEOS\LIBGEOS-3.5.0\X86\DEBUG\GRAPHCOMPONENT.OBJ
K:\COMPONENTS\LIBRARYV2\GEOS\LIBGEOS-3.5.0\X86\DEBUG\HCOORDINATE.OBJ
K:\COMPONENTS\LIBRARYV2\GEOS\LIBGEOS-3.5.0\X86\DEBUG\HOTPIXEL.OBJ
K:\COMPONENTS\LIBRARYV2\GEOS\LIBGEOS-3.5.0\X86\DEBUG\INCREMENTALDELAUNAYTRIANGULATOR.OBJ
K:\COMPONENTS\LIBRARYV2\GEOS\LIBGEOS-3.5.0\X86\DEBUG\INDEXEDNESTEDRINGTESTER.OBJ
K:\COMPONENTS\LIBRARYV2\GEOS\LIBGEOS-3.5.0\X86\DEBUG\INDEXEDPOINTINAREALOCATOR.OBJ
K:\COMPONENTS\LIBRARYV2\GEOS\LIBGEOS-3.5.0\X86\DEBUG\INLINES.OBJ
K:\COMPONENTS\LIBRARYV2\GEOS\LIBGEOS-3.5.0\X86\DEBUG\INTERIORPOINTAREA.OBJ
K:\COMPONENTS\LIBRARYV2\GEOS\LIBGEOS-3.5.0\X86\DEBUG\INTERIORPOINTLINE.OBJ
K:\COMPONENTS\LIBRARYV2\GEOS\LIBGEOS-3.5.0\X86\DEBUG\INTERIORPOINTPOINT.OBJ
K:\COMPONENTS\LIBRARYV2\GEOS\LIBGEOS-3.5.0\X86\DEBUG\INTERRUPT.OBJ
K:\COMPONENTS\LIBRARYV2\GEOS\LIBGEOS-3.5.0\X86\DEBUG\INTERSECTIONADDER.OBJ
K:\COMPONENTS\LIBRARYV2\GEOS\LIBGEOS-3.5.0\X86\DEBUG\INTERSECTIONFINDERADDER.OBJ
K:\COMPONENTS\LIBRARYV2\GEOS\LIBGEOS-3.5.0\X86\DEBUG\INTERSECTIONMATRIX.OBJ
K:\COMPONENTS\LIBRARYV2\GEOS\LIBGEOS-3.5.0\X86\DEBUG\INTERVALRTREEBRANCHNODE.OBJ
K:\COMPONENTS\LIBRARYV2\GEOS\LIBGEOS-3.5.0\X86\DEBUG\INTERVALRTREELEAFNODE.OBJ
K:\COMPONENTS\LIBRARYV2\GEOS\LIBGEOS-3.5.0\X86\DEBUG\INTERVALRTREENODE.OBJ
K:\COMPONENTS\LIBRARYV2\GEOS\LIBGEOS-3.5.0\X86\DEBUG\ISSIMPLEOP.OBJ
K:\COMPONENTS\LIBRARYV2\GEOS\LIBGEOS-3.5.0\X86\DEBUG\ISVALIDOP.OBJ
K:\COMPONENTS\LIBRARYV2\GEOS\LIBGEOS-3.5.0\X86\DEBUG\ITERATEDNODER.OBJ
K:\COMPONENTS\LIBRARYV2\GEOS\LIBGEOS-3.5.0\X86\DEBUG\IX_BINTREE\BINTREE.OBJ
K:\COMPONENTS\LIBRARYV2\GEOS\LIBGEOS-3.5.0\X86\DEBUG\IX_BINTREE\INTERVAL.OBJ
K:\COMPONENTS\LIBRARYV2\GEOS\LIBGEOS-3.5.0\X86\DEBUG\IX_BINTREE\KEY.OBJ
K:\COMPONENTS\LIBRARYV2\GEOS\LIBGEOS-3.5.0\X86\DEBUG\IX_BINTREE\NODE.OBJ
K:\COMPONENTS\LIBRARYV2\GEOS\LIBGEOS-3.5.0\X86\DEBUG\IX_BINTREE\NODEBASE.OBJ
K:\COMPONENTS\LIBRARYV2\GEOS\LIBGEOS-3.5.0\X86\DEBUG\IX_BINTREE\ROOT.OBJ
K:\COMPONENTS\LIBRARYV2\GEOS\LIBGEOS-3.5.0\X86\DEBUG\IX_QUADTREE\DOUBLEBITS.OBJ
K:\COMPONENTS\LIBRARYV2\GEOS\LIBGEOS-3.5.0\X86\DEBUG\IX_QUADTREE\INTERVALSIZE.OBJ
K:\COMPONENTS\LIBRARYV2\GEOS\LIBGEOS-3.5.0\X86\DEBUG\IX_QUADTREE\KEY.OBJ
K:\COMPONENTS\LIBRARYV2\GEOS\LIBGEOS-3.5.0\X86\DEBUG\IX_QUADTREE\NODE.OBJ
K:\COMPONENTS\LIBRARYV2\GEOS\LIBGEOS-3.5.0\X86\DEBUG\IX_QUADTREE\NODEBASE.OBJ
K:\COMPONENTS\LIBRARYV2\GEOS\LIBGEOS-3.5.0\X86\DEBUG\IX_QUADTREE\QUADTREE.OBJ
K:\COMPONENTS\LIBRARYV2\GEOS\LIBGEOS-3.5.0\X86\DEBUG\IX_QUADTREE\ROOT.OBJ
K:\COMPONENTS\LIBRARYV2\GEOS\LIBGEOS-3.5.0\X86\DEBUG\IX_STRTREE\ABSTRACTNODE.OBJ
K:\COMPONENTS\LIBRARYV2\GEOS\LIBGEOS-3.5.0\X86\DEBUG\IX_STRTREE\ABSTRACTSTRTREE.OBJ
K:\COMPONENTS\LIBRARYV2\GEOS\LIBGEOS-3.5.0\X86\DEBUG\IX_STRTREE\INTERVAL.OBJ
K:\COMPONENTS\LIBRARYV2\GEOS\LIBGEOS-3.5.0\X86\DEBUG\IX_STRTREE\ITEMBOUNDABLE.OBJ
K:\COMPONENTS\LIBRARYV2\GEOS\LIBGEOS-3.5.0\X86\DEBUG\IX_STRTREE\SIRTREE.OBJ
K:\COMPONENTS\LIBRARYV2\GEOS\LIBGEOS-3.5.0\X86\DEBUG\IX_STRTREE\STRTREE.OBJ
K:\COMPONENTS\LIBRARYV2\GEOS\LIBGEOS-3.5.0\X86\DEBUG\IX_SWEEPLINE\SWEEPLINEEVENT.OBJ
K:\COMPONENTS\LIBRARYV2\GEOS\LIBGEOS-3.5.0\X86\DEBUG\IX_SWEEPLINE\SWEEPLINEINDEX.OBJ
K:\COMPONENTS\LIBRARYV2\GEOS\LIBGEOS-3.5.0\X86\DEBUG\IX_SWEEPLINE\SWEEPLINEINTERVAL.OBJ
K:\COMPONENTS\LIBRARYV2\GEOS\LIBGEOS-3.5.0\X86\DEBUG\LABEL.OBJ
K:\COMPONENTS\LIBRARYV2\GEOS\LIBGEOS-3.5.0\X86\DEBUG\LASTFOUNDQUADEDGELOCATOR.OBJ
K:\COMPONENTS\LIBRARYV2\GEOS\LIBGEOS-3.5.0\X86\DEBUG\LENGTHINDEXEDLINE.OBJ
K:\COMPONENTS\LIBRARYV2\GEOS\LIBGEOS-3.5.0\X86\DEBUG\LENGTHINDEXOFPOINT.OBJ
K:\COMPONENTS\LIBRARYV2\GEOS\LIBGEOS-3.5.0\X86\DEBUG\LENGTHLOCATIONMAP.OBJ
K:\COMPONENTS\LIBRARYV2\GEOS\LIBGEOS-3.5.0\X86\DEBUG\LIBGEOS-3.5.0.DLL
K:\COMPONENTS\LIBRARYV2\GEOS\LIBGEOS-3.5.0\X86\DEBUG\LIBGEOS-3.5.0.DLL.EMBED.MANIFEST
K:\COMPONENTS\LIBRARYV2\GEOS\LIBGEOS-3.5.0\X86\DEBUG\LIBGEOS-3.5.0.DLL.EMBED.MANIFEST.RES
K:\COMPONENTS\LIBRARYV2\GEOS\LIBGEOS-3.5.0\X86\DEBUG\LIBGEOS-3.5.0.DLL.INTERMEDIATE.MANIFEST
K:\COMPONENTS\LIBRARYV2\GEOS\LIBGEOS-3.5.0\X86\DEBUG\LIBGEOS-3.5.0.ILK
K:\COMPONENTS\LIBRARYV2\GEOS\LIBGEOS-3.5.0\X86\DEBUG\LIBGEOS-3.5.0.PDB
K:\COMPONENTS\LIBRARYV2\GEOS\LIBGEOS-3.5.0\X86\DEBUG\LINEARCOMPONENTEXTRACTER.OBJ
K:\COMPONENTS\LIBRARYV2\GEOS\LIBGEOS-3.5.0\X86\DEBUG\LINEARGEOMETRYBUILDER.OBJ
K:\COMPONENTS\LIBRARYV2\GEOS\LIBGEOS-3.5.0\X86\DEBUG\LINEARITERATOR.OBJ
K:\COMPONENTS\LIBRARYV2\GEOS\LIBGEOS-3.5.0\X86\DEBUG\LINEARLOCATION.OBJ
K:\COMPONENTS\LIBRARYV2\GEOS\LIBGEOS-3.5.0\X86\DEBUG\LINEARRING.OBJ
K:\COMPONENTS\LIBRARYV2\GEOS\LIBGEOS-3.5.0\X86\DEBUG\LINEBUILDER.OBJ
K:\COMPONENTS\LIBRARYV2\GEOS\LIBGEOS-3.5.0\X86\DEBUG\LINEINTERSECTOR.OBJ
K:\COMPONENTS\LIBRARYV2\GEOS\LIBGEOS-3.5.0\X86\DEBUG\LINEMERGEDIRECTEDEDGE.OBJ
K:\COMPONENTS\LIBRARYV2\GEOS\LIBGEOS-3.5.0\X86\DEBUG\LINEMERGEEDGE.OBJ
K:\COMPONENTS\LIBRARYV2\GEOS\LIBGEOS-3.5.0\X86\DEBUG\LINEMERGEGRAPH.OBJ
K:\COMPONENTS\LIBRARYV2\GEOS\LIBGEOS-3.5.0\X86\DEBUG\LINEMERGER.OBJ
K:\COMPONENTS\LIBRARYV2\GEOS\LIBGEOS-3.5.0\X86\DEBUG\LINESEGMENT.OBJ
K:\COMPONENTS\LIBRARYV2\GEOS\LIBGEOS-3.5.0\X86\DEBUG\LINESEGMENTINDEX.OBJ
K:\COMPONENTS\LIBRARYV2\GEOS\LIBGEOS-3.5.0\X86\DEBUG\LINESEQUENCER.OBJ
K:\COMPONENTS\LIBRARYV2\GEOS\LIBGEOS-3.5.0\X86\DEBUG\LINESTRING.OBJ
K:\COMPONENTS\LIBRARYV2\GEOS\LIBGEOS-3.5.0\X86\DEBUG\LINESTRINGSNAPPER.OBJ
K:\COMPONENTS\LIBRARYV2\GEOS\LIBGEOS-3.5.0\X86\DEBUG\LOCATEFAILUREEXCEPTION.OBJ
K:\COMPONENTS\LIBRARYV2\GEOS\LIBGEOS-3.5.0\X86\DEBUG\LOCATION.OBJ
K:\COMPONENTS\LIBRARYV2\GEOS\LIBGEOS-3.5.0\X86\DEBUG\LOCATIONINDEXOFLINE.OBJ
K:\COMPONENTS\LIBRARYV2\GEOS\LIBGEOS-3.5.0\X86\DEBUG\LOCATIONINDEXOFPOINT.OBJ
K:\COMPONENTS\LIBRARYV2\GEOS\LIBGEOS-3.5.0\X86\DEBUG\MATH.OBJ
K:\COMPONENTS\LIBRARYV2\GEOS\LIBGEOS-3.5.0\X86\DEBUG\MAXIMALEDGERING.OBJ
K:\COMPONENTS\LIBRARYV2\GEOS\LIBGEOS-3.5.0\X86\DEBUG\MCINDEXNODER.OBJ
K:\COMPONENTS\LIBRARYV2\GEOS\LIBGEOS-3.5.0\X86\DEBUG\MCINDEXPOINTSNAPPER.OBJ
K:\COMPONENTS\LIBRARYV2\GEOS\LIBGEOS-3.5.0\X86\DEBUG\MCINDEXSEGMENTSETMUTUALINTERSECTOR.OBJ
K:\COMPONENTS\LIBRARYV2\GEOS\LIBGEOS-3.5.0\X86\DEBUG\MCINDEXSNAPROUNDER.OBJ
K:\COMPONENTS\LIBRARYV2\GEOS\LIBGEOS-3.5.0\X86\DEBUG\MCPOINTINRING.OBJ
K:\COMPONENTS\LIBRARYV2\GEOS\LIBGEOS-3.5.0\X86\DEBUG\MINIMALEDGERING.OBJ
K:\COMPONENTS\LIBRARYV2\GEOS\LIBGEOS-3.5.0\X86\DEBUG\MINIMUMDIAMETER.OBJ
K:\COMPONENTS\LIBRARYV2\GEOS\LIBGEOS-3.5.0\X86\DEBUG\MONOTONECHAIN.OBJ
K:\COMPONENTS\LIBRARYV2\GEOS\LIBGEOS-3.5.0\X86\DEBUG\MONOTONECHAINBUILDER.OBJ
K:\COMPONENTS\LIBRARYV2\GEOS\LIBGEOS-3.5.0\X86\DEBUG\MONOTONECHAINEDGE.OBJ
K:\COMPONENTS\LIBRARYV2\GEOS\LIBGEOS-3.5.0\X86\DEBUG\MONOTONECHAININDEXER.OBJ
K:\COMPONENTS\LIBRARYV2\GEOS\LIBGEOS-3.5.0\X86\DEBUG\MONOTONECHAINOVERLAPACTION.OBJ
K:\COMPONENTS\LIBRARYV2\GEOS\LIBGEOS-3.5.0\X86\DEBUG\MONOTONECHAINSELECTACTION.OBJ
K:\COMPONENTS\LIBRARYV2\GEOS\LIBGEOS-3.5.0\X86\DEBUG\MULTILINESTRING.OBJ
K:\COMPONENTS\LIBRARYV2\GEOS\LIBGEOS-3.5.0\X86\DEBUG\MULTIPOINT.OBJ
K:\COMPONENTS\LIBRARYV2\GEOS\LIBGEOS-3.5.0\X86\DEBUG\MULTIPOLYGON.OBJ
K:\COMPONENTS\LIBRARYV2\GEOS\LIBGEOS-3.5.0\X86\DEBUG\NODE.OBJ
K:\COMPONENTS\LIBRARYV2\GEOS\LIBGEOS-3.5.0\X86\DEBUG\NODEDSEGMENTSTRING.OBJ
K:\COMPONENTS\LIBRARYV2\GEOS\LIBGEOS-3.5.0\X86\DEBUG\NODEFACTORY.OBJ
K:\COMPONENTS\LIBRARYV2\GEOS\LIBGEOS-3.5.0\X86\DEBUG\NODEMAP.OBJ
K:\COMPONENTS\LIBRARYV2\GEOS\LIBGEOS-3.5.0\X86\DEBUG\NODINGVALIDATOR.OBJ
K:\COMPONENTS\LIBRARYV2\GEOS\LIBGEOS-3.5.0\X86\DEBUG\NOTREPRESENTABLEEXCEPTION.OBJ
K:\COMPONENTS\LIBRARYV2\GEOS\LIBGEOS-3.5.0\X86\DEBUG\OCTANT.OBJ
K:\COMPONENTS\LIBRARYV2\GEOS\LIBGEOS-3.5.0\X86\DEBUG\OFFSETCURVEBUILDER.OBJ
K:\COMPONENTS\LIBRARYV2\GEOS\LIBGEOS-3.5.0\X86\DEBUG\OFFSETCURVESETBUILDER.OBJ
K:\COMPONENTS\LIBRARYV2\GEOS\LIBGEOS-3.5.0\X86\DEBUG\OFFSETPOINTGENERATOR.OBJ
K:\COMPONENTS\LIBRARYV2\GEOS\LIBGEOS-3.5.0\X86\DEBUG\OFFSETSEGMENTGENERATOR.OBJ
K:\COMPONENTS\LIBRARYV2\GEOS\LIBGEOS-3.5.0\X86\DEBUG\OP_POLYGONIZE\EDGERING.OBJ
K:\COMPONENTS\LIBRARYV2\GEOS\LIBGEOS-3.5.0\X86\DEBUG\OP_POLYGONIZE\POLYGONIZEDIRECTEDEDGE.OBJ
K:\COMPONENTS\LIBRARYV2\GEOS\LIBGEOS-3.5.0\X86\DEBUG\OP_POLYGONIZE\POLYGONIZEEDGE.OBJ
K:\COMPONENTS\LIBRARYV2\GEOS\LIBGEOS-3.5.0\X86\DEBUG\OP_POLYGONIZE\POLYGONIZEGRAPH.OBJ
K:\COMPONENTS\LIBRARYV2\GEOS\LIBGEOS-3.5.0\X86\DEBUG\OP_POLYGONIZE\POLYGONIZER.OBJ
K:\COMPONENTS\LIBRARYV2\GEOS\LIBGEOS-3.5.0\X86\DEBUG\ORIENTEDCOORDINATEARRAY.OBJ
K:\COMPONENTS\LIBRARYV2\GEOS\LIBGEOS-3.5.0\X86\DEBUG\OVERLAYNODEFACTORY.OBJ
K:\COMPONENTS\LIBRARYV2\GEOS\LIBGEOS-3.5.0\X86\DEBUG\OVERLAYOP.OBJ
K:\COMPONENTS\LIBRARYV2\GEOS\LIBGEOS-3.5.0\X86\DEBUG\OVERLAYRESULTVALIDATOR.OBJ
K:\COMPONENTS\LIBRARYV2\GEOS\LIBGEOS-3.5.0\X86\DEBUG\PARSEEXCEPTION.OBJ
K:\COMPONENTS\LIBRARYV2\GEOS\LIBGEOS-3.5.0\X86\DEBUG\PLANARGRAPH.OBJ
K:\COMPONENTS\LIBRARYV2\GEOS\LIBGEOS-3.5.0\X86\DEBUG\PLANARGRAPH\DIRECTEDEDGE.OBJ
K:\COMPONENTS\LIBRARYV2\GEOS\LIBGEOS-3.5.0\X86\DEBUG\PLANARGRAPH\DIRECTEDEDGESTAR.OBJ
K:\COMPONENTS\LIBRARYV2\GEOS\LIBGEOS-3.5.0\X86\DEBUG\PLANARGRAPH\EDGE.OBJ
K:\COMPONENTS\LIBRARYV2\GEOS\LIBGEOS-3.5.0\X86\DEBUG\PLANARGRAPH\NODE.OBJ
K:\COMPONENTS\LIBRARYV2\GEOS\LIBGEOS-3.5.0\X86\DEBUG\PLANARGRAPH\NODEMAP.OBJ
K:\COMPONENTS\LIBRARYV2\GEOS\LIBGEOS-3.5.0\X86\DEBUG\PLANARGRAPH\PLANARGRAPH.OBJ
K:\COMPONENTS\LIBRARYV2\GEOS\LIBGEOS-3.5.0\X86\DEBUG\PLANARGRAPH\SUBGRAPH.OBJ
K:\COMPONENTS\LIBRARYV2\GEOS\LIBGEOS-3.5.0\X86\DEBUG\POINT.OBJ
K:\COMPONENTS\LIBRARYV2\GEOS\LIBGEOS-3.5.0\X86\DEBUG\POINTBUILDER.OBJ
K:\COMPONENTS\LIBRARYV2\GEOS\LIBGEOS-3.5.0\X86\DEBUG\POINTEXTRACTER.OBJ
K:\COMPONENTS\LIBRARYV2\GEOS\LIBGEOS-3.5.0\X86\DEBUG\POINTGEOMETRYUNION.OBJ
K:\COMPONENTS\LIBRARYV2\GEOS\LIBGEOS-3.5.0\X86\DEBUG\POINTLOCATOR.OBJ
K:\COMPONENTS\LIBRARYV2\GEOS\LIBGEOS-3.5.0\X86\DEBUG\POINTONGEOMETRYLOCATOR.OBJ
K:\COMPONENTS\LIBRARYV2\GEOS\LIBGEOS-3.5.0\X86\DEBUG\POLYGON.OBJ
K:\COMPONENTS\LIBRARYV2\GEOS\LIBGEOS-3.5.0\X86\DEBUG\POLYGONBUILDER.OBJ
K:\COMPONENTS\LIBRARYV2\GEOS\LIBGEOS-3.5.0\X86\DEBUG\POLYGONEXTRACTER.OBJ
K:\COMPONENTS\LIBRARYV2\GEOS\LIBGEOS-3.5.0\X86\DEBUG\POSITION.OBJ
K:\COMPONENTS\LIBRARYV2\GEOS\LIBGEOS-3.5.0\X86\DEBUG\PRECISIONMODEL.OBJ
K:\COMPONENTS\LIBRARYV2\GEOS\LIBGEOS-3.5.0\X86\DEBUG\PRECISIONREDUCERCOORDINATEOPERATION.OBJ
K:\COMPONENTS\LIBRARYV2\GEOS\LIBGEOS-3.5.0\X86\DEBUG\PREPAREDGEOMETRY.OBJ
K:\COMPONENTS\LIBRARYV2\GEOS\LIBGEOS-3.5.0\X86\DEBUG\PREPAREDGEOMETRYFACTORY.OBJ
K:\COMPONENTS\LIBRARYV2\GEOS\LIBGEOS-3.5.0\X86\DEBUG\PREPAREDLINESTRING.OBJ
K:\COMPONENTS\LIBRARYV2\GEOS\LIBGEOS-3.5.0\X86\DEBUG\PREPAREDLINESTRINGINTERSECTS.OBJ
K:\COMPONENTS\LIBRARYV2\GEOS\LIBGEOS-3.5.0\X86\DEBUG\PREPAREDPOINT.OBJ
K:\COMPONENTS\LIBRARYV2\GEOS\LIBGEOS-3.5.0\X86\DEBUG\PREPAREDPOLYGON.OBJ
K:\COMPONENTS\LIBRARYV2\GEOS\LIBGEOS-3.5.0\X86\DEBUG\PREPAREDPOLYGONCONTAINS.OBJ
K:\COMPONENTS\LIBRARYV2\GEOS\LIBGEOS-3.5.0\X86\DEBUG\PREPAREDPOLYGONCONTAINSPROPERLY.OBJ
K:\COMPONENTS\LIBRARYV2\GEOS\LIBGEOS-3.5.0\X86\DEBUG\PREPAREDPOLYGONCOVERS.OBJ
K:\COMPONENTS\LIBRARYV2\GEOS\LIBGEOS-3.5.0\X86\DEBUG\PREPAREDPOLYGONINTERSECTS.OBJ
K:\COMPONENTS\LIBRARYV2\GEOS\LIBGEOS-3.5.0\X86\DEBUG\PREPAREDPOLYGONPREDICATE.OBJ
K:\COMPONENTS\LIBRARYV2\GEOS\LIBGEOS-3.5.0\X86\DEBUG\PROFILER.OBJ
K:\COMPONENTS\LIBRARYV2\GEOS\LIBGEOS-3.5.0\X86\DEBUG\QUADEDGE.OBJ
K:\COMPONENTS\LIBRARYV2\GEOS\LIBGEOS-3.5.0\X86\DEBUG\QUADEDGELOCATOR.OBJ
K:\COMPONENTS\LIBRARYV2\GEOS\LIBGEOS-3.5.0\X86\DEBUG\QUADEDGESUBDIVISION.OBJ
K:\COMPONENTS\LIBRARYV2\GEOS\LIBGEOS-3.5.0\X86\DEBUG\QUADRANT.OBJ
K:\COMPONENTS\LIBRARYV2\GEOS\LIBGEOS-3.5.0\X86\DEBUG\QUADTREENESTEDRINGTESTER.OBJ
K:\COMPONENTS\LIBRARYV2\GEOS\LIBGEOS-3.5.0\X86\DEBUG\RAYCROSSINGCOUNTER.OBJ
K:\COMPONENTS\LIBRARYV2\GEOS\LIBGEOS-3.5.0\X86\DEBUG\RECTANGLE.OBJ
K:\COMPONENTS\LIBRARYV2\GEOS\LIBGEOS-3.5.0\X86\DEBUG\RECTANGLECONTAINS.OBJ
K:\COMPONENTS\LIBRARYV2\GEOS\LIBGEOS-3.5.0\X86\DEBUG\RECTANGLEINTERSECTION.OBJ
K:\COMPONENTS\LIBRARYV2\GEOS\LIBGEOS-3.5.0\X86\DEBUG\RECTANGLEINTERSECTIONBUILDER.OBJ
K:\COMPONENTS\LIBRARYV2\GEOS\LIBGEOS-3.5.0\X86\DEBUG\RECTANGLEINTERSECTS.OBJ
K:\COMPONENTS\LIBRARYV2\GEOS\LIBGEOS-3.5.0\X86\DEBUG\RELATECOMPUTER.OBJ
K:\COMPONENTS\LIBRARYV2\GEOS\LIBGEOS-3.5.0\X86\DEBUG\RELATENODE.OBJ
K:\COMPONENTS\LIBRARYV2\GEOS\LIBGEOS-3.5.0\X86\DEBUG\RELATENODEFACTORY.OBJ
K:\COMPONENTS\LIBRARYV2\GEOS\LIBGEOS-3.5.0\X86\DEBUG\RELATENODEGRAPH.OBJ
K:\COMPONENTS\LIBRARYV2\GEOS\LIBGEOS-3.5.0\X86\DEBUG\RELATEOP.OBJ
K:\COMPONENTS\LIBRARYV2\GEOS\LIBGEOS-3.5.0\X86\DEBUG\REPEATEDPOINTTESTER.OBJ
K:\COMPONENTS\LIBRARYV2\GEOS\LIBGEOS-3.5.0\X86\DEBUG\RIGHTMOSTEDGEFINDER.OBJ
K:\COMPONENTS\LIBRARYV2\GEOS\LIBGEOS-3.5.0\X86\DEBUG\ROBUSTDETERMINANT.OBJ
K:\COMPONENTS\LIBRARYV2\GEOS\LIBGEOS-3.5.0\X86\DEBUG\SCALEDNODER.OBJ
K:\COMPONENTS\LIBRARYV2\GEOS\LIBGEOS-3.5.0\X86\DEBUG\SEGMENTINTERSECTIONDETECTOR.OBJ
K:\COMPONENTS\LIBRARYV2\GEOS\LIBGEOS-3.5.0\X86\DEBUG\SEGMENTINTERSECTIONTESTER.OBJ
K:\COMPONENTS\LIBRARYV2\GEOS\LIBGEOS-3.5.0\X86\DEBUG\SEGMENTINTERSECTOR.OBJ
K:\COMPONENTS\LIBRARYV2\GEOS\LIBGEOS-3.5.0\X86\DEBUG\SEGMENTNODE.OBJ
K:\COMPONENTS\LIBRARYV2\GEOS\LIBGEOS-3.5.0\X86\DEBUG\SEGMENTNODELIST.OBJ
K:\COMPONENTS\LIBRARYV2\GEOS\LIBGEOS-3.5.0\X86\DEBUG\SEGMENTSTRING.OBJ
K:\COMPONENTS\LIBRARYV2\GEOS\LIBGEOS-3.5.0\X86\DEBUG\SEGMENTSTRINGUTIL.OBJ
K:\COMPONENTS\LIBRARYV2\GEOS\LIBGEOS-3.5.0\X86\DEBUG\SHAREDPATHSOP.OBJ
K:\COMPONENTS\LIBRARYV2\GEOS\LIBGEOS-3.5.0\X86\DEBUG\SHORTCIRCUITEDGEOMETRYVISITOR.OBJ
K:\COMPONENTS\LIBRARYV2\GEOS\LIBGEOS-3.5.0\X86\DEBUG\SIMPLEEDGESETINTERSECTOR.OBJ
K:\COMPONENTS\LIBRARYV2\GEOS\LIBGEOS-3.5.0\X86\DEBUG\SIMPLEGEOMETRYPRECISIONREDUCER.OBJ
K:\COMPONENTS\LIBRARYV2\GEOS\LIBGEOS-3.5.0\X86\DEBUG\SIMPLEMCSWEEPLINEINTERSECTOR.OBJ
K:\COMPONENTS\LIBRARYV2\GEOS\LIBGEOS-3.5.0\X86\DEBUG\SIMPLENESTEDRINGTESTER.OBJ
K:\COMPONENTS\LIBRARYV2\GEOS\LIBGEOS-3.5.0\X86\DEBUG\SIMPLENODER.OBJ
K:\COMPONENTS\LIBRARYV2\GEOS\LIBGEOS-3.5.0\X86\DEBUG\SIMPLEPOINTINAREALOCATOR.OBJ
K:\COMPONENTS\LIBRARYV2\GEOS\LIBGEOS-3.5.0\X86\DEBUG\SIMPLEPOINTINRING.OBJ
K:\COMPONENTS\LIBRARYV2\GEOS\LIBGEOS-3.5.0\X86\DEBUG\SIMPLESNAPROUNDER.OBJ
K:\COMPONENTS\LIBRARYV2\GEOS\LIBGEOS-3.5.0\X86\DEBUG\SIMPLESWEEPLINEINTERSECTOR.OBJ
K:\COMPONENTS\LIBRARYV2\GEOS\LIBGEOS-3.5.0\X86\DEBUG\SINESTARFACTORY.OBJ
K:\COMPONENTS\LIBRARYV2\GEOS\LIBGEOS-3.5.0\X86\DEBUG\SINGLEINTERIORINTERSECTIONFINDER.OBJ
K:\COMPONENTS\LIBRARYV2\GEOS\LIBGEOS-3.5.0\X86\DEBUG\SIRTREEPOINTINRING.OBJ
K:\COMPONENTS\LIBRARYV2\GEOS\LIBGEOS-3.5.0\X86\DEBUG\SNAPIFNEEDEDOVERLAYOP.OBJ
K:\COMPONENTS\LIBRARYV2\GEOS\LIBGEOS-3.5.0\X86\DEBUG\SNAPOVERLAYOP.OBJ
K:\COMPONENTS\LIBRARYV2\GEOS\LIBGEOS-3.5.0\X86\DEBUG\SORTEDPACKEDINTERVALRTREE.OBJ
K:\COMPONENTS\LIBRARYV2\GEOS\LIBGEOS-3.5.0\X86\DEBUG\STRINGTOKENIZER.OBJ
K:\COMPONENTS\LIBRARYV2\GEOS\LIBGEOS-3.5.0\X86\DEBUG\SUBGRAPHDEPTHLOCATER.OBJ
K:\COMPONENTS\LIBRARYV2\GEOS\LIBGEOS-3.5.0\X86\DEBUG\SWEEPLINEEVENT.OBJ
K:\COMPONENTS\LIBRARYV2\GEOS\LIBGEOS-3.5.0\X86\DEBUG\SWEEPLINENESTEDRINGTESTER.OBJ
K:\COMPONENTS\LIBRARYV2\GEOS\LIBGEOS-3.5.0\X86\DEBUG\SWEEPLINESEGMENT.OBJ
K:\COMPONENTS\LIBRARYV2\GEOS\LIBGEOS-3.5.0\X86\DEBUG\TAGGEDLINESEGMENT.OBJ
K:\COMPONENTS\LIBRARYV2\GEOS\LIBGEOS-3.5.0\X86\DEBUG\TAGGEDLINESSIMPLIFIER.OBJ
K:\COMPONENTS\LIBRARYV2\GEOS\LIBGEOS-3.5.0\X86\DEBUG\TAGGEDLINESTRING.OBJ
K:\COMPONENTS\LIBRARYV2\GEOS\LIBGEOS-3.5.0\X86\DEBUG\TAGGEDLINESTRINGSIMPLIFIER.OBJ
K:\COMPONENTS\LIBRARYV2\GEOS\LIBGEOS-3.5.0\X86\DEBUG\TOPOLOGYLOCATION.OBJ
K:\COMPONENTS\LIBRARYV2\GEOS\LIBGEOS-3.5.0\X86\DEBUG\TOPOLOGYPRESERVINGSIMPLIFIER.OBJ
K:\COMPONENTS\LIBRARYV2\GEOS\LIBGEOS-3.5.0\X86\DEBUG\TOPOLOGYVALIDATIONERROR.OBJ
K:\COMPONENTS\LIBRARYV2\GEOS\LIBGEOS-3.5.0\X86\DEBUG\TRIANGLE.OBJ
K:\COMPONENTS\LIBRARYV2\GEOS\LIBGEOS-3.5.0\X86\DEBUG\TRIANGLEPREDICATE.OBJ
K:\COMPONENTS\LIBRARYV2\GEOS\LIBGEOS-3.5.0\X86\DEBUG\TRIANGLEVISITOR.OBJ
K:\COMPONENTS\LIBRARYV2\GEOS\LIBGEOS-3.5.0\X86\DEBUG\UNARYUNIONOP.OBJ
K:\COMPONENTS\LIBRARYV2\GEOS\LIBGEOS-3.5.0\X86\DEBUG\UNLOAD.OBJ
K:\COMPONENTS\LIBRARYV2\GEOS\LIBGEOS-3.5.0\X86\DEBUG\VC100.PDB
K:\COMPONENTS\LIBRARYV2\GEOS\LIBGEOS-3.5.0\X86\DEBUG\VERTEX.OBJ
K:\COMPONENTS\LIBRARYV2\GEOS\LIBGEOS-3.5.0\X86\DEBUG\VORONOIDIAGRAMBUILDER.OBJ
K:\COMPONENTS\LIBRARYV2\GEOS\LIBGEOS-3.5.0\X86\DEBUG\WKBREADER.OBJ
K:\COMPONENTS\LIBRARYV2\GEOS\LIBGEOS-3.5.0\X86\DEBUG\WKBWRITER.OBJ
K:\COMPONENTS\LIBRARYV2\GEOS\LIBGEOS-3.5.0\X86\DEBUG\WKTREADER.OBJ
K:\COMPONENTS\LIBRARYV2\GEOS\LIBGEOS-3.5.0\X86\DEBUG\WKTWRITER.OBJ
K:\COMPONENTS\LIBRARYV2\GEOS\LIBGEOS-3.5.0\X86\DEBUG\WRITER.OBJ
