K:\COMPONENTS\LIBRARYV2\GDAL\GDAL_2.1.0_VC_NOINTFILESCLEANUP\3RDPART\PROJ-4.9.2\VC\X86\RELEASE\AASINCOS.OBJ
K:\COMPONENTS\LIBRARYV2\GDAL\GDAL_2.1.0_VC_NOINTFILESCLEANUP\3RDPART\PROJ-4.9.2\VC\X86\RELEASE\ADJLON.OBJ
K:\COMPONENTS\LIBRARYV2\GDAL\GDAL_2.1.0_VC_NOINTFILESCLEANUP\3RDPART\PROJ-4.9.2\VC\X86\RELEASE\BCH2BPS.OBJ
K:\COMPONENTS\LIBRARYV2\GDAL\GDAL_2.1.0_VC_NOINTFILESCLEANUP\3RDPART\PROJ-4.9.2\VC\X86\RELEASE\BCHGEN.OBJ
K:\COMPONENTS\LIBRARYV2\GDAL\GDAL_2.1.0_VC_NOINTFILESCLEANUP\3RDPART\PROJ-4.9.2\VC\X86\RELEASE\BIVEVAL.OBJ
K:\Components\LibraryV2\GDAL\GDAL_2.1.0_VC_NoIntFilesCleanUp\3rdpart\proj-4.9.2\vc\x86\Release\cl.command.1.tlog
K:\Components\LibraryV2\GDAL\GDAL_2.1.0_VC_NoIntFilesCleanUp\3rdpart\proj-4.9.2\vc\x86\Release\CL.read.1.tlog
K:\Components\LibraryV2\GDAL\GDAL_2.1.0_VC_NoIntFilesCleanUp\3rdpart\proj-4.9.2\vc\x86\Release\CL.write.1.tlog
K:\Components\LibraryV2\GDAL\GDAL_2.1.0_VC_NoIntFilesCleanUp\3rdpart\proj-4.9.2\vc\x86\Release\custombuild.command.1.tlog
K:\Components\LibraryV2\GDAL\GDAL_2.1.0_VC_NoIntFilesCleanUp\3rdpart\proj-4.9.2\vc\x86\Release\custombuild.read.1.tlog
K:\Components\LibraryV2\GDAL\GDAL_2.1.0_VC_NoIntFilesCleanUp\3rdpart\proj-4.9.2\vc\x86\Release\custombuild.write.1.tlog
K:\COMPONENTS\LIBRARYV2\GDAL\GDAL_2.1.0_VC_NOINTFILESCLEANUP\3RDPART\PROJ-4.9.2\VC\X86\RELEASE\DMSTOR.OBJ
K:\COMPONENTS\LIBRARYV2\GDAL\GDAL_2.1.0_VC_NOINTFILESCLEANUP\3RDPART\PROJ-4.9.2\VC\X86\RELEASE\EMESS.OBJ
K:\COMPONENTS\LIBRARYV2\GDAL\GDAL_2.1.0_VC_NOINTFILESCLEANUP\3RDPART\PROJ-4.9.2\VC\X86\RELEASE\GEOCENT.OBJ
K:\COMPONENTS\LIBRARYV2\GDAL\GDAL_2.1.0_VC_NOINTFILESCLEANUP\3RDPART\PROJ-4.9.2\VC\X86\RELEASE\GEODESIC.OBJ
K:\Components\LibraryV2\GDAL\GDAL_2.1.0_VC_NoIntFilesCleanUp\3rdpart\proj-4.9.2\vc\x86\Release\link.command.1.tlog
K:\Components\LibraryV2\GDAL\GDAL_2.1.0_VC_NoIntFilesCleanUp\3rdpart\proj-4.9.2\vc\x86\Release\link.read.1.tlog
K:\Components\LibraryV2\GDAL\GDAL_2.1.0_VC_NoIntFilesCleanUp\3rdpart\proj-4.9.2\vc\x86\Release\link.write.1.tlog
K:\COMPONENTS\LIBRARYV2\GDAL\GDAL_2.1.0_VC_NOINTFILESCLEANUP\3RDPART\PROJ-4.9.2\VC\X86\RELEASE\MK_CHEBY.OBJ
K:\Components\LibraryV2\GDAL\GDAL_2.1.0_VC_NoIntFilesCleanUp\3rdpart\proj-4.9.2\vc\x86\Release\mt.command.1.tlog
K:\Components\LibraryV2\GDAL\GDAL_2.1.0_VC_NoIntFilesCleanUp\3rdpart\proj-4.9.2\vc\x86\Release\mt.read.1.tlog
K:\Components\LibraryV2\GDAL\GDAL_2.1.0_VC_NoIntFilesCleanUp\3rdpart\proj-4.9.2\vc\x86\Release\mt.write.1.tlog
K:\COMPONENTS\LIBRARYV2\GDAL\GDAL_2.1.0_VC_NOINTFILESCLEANUP\3RDPART\PROJ-4.9.2\VC\X86\RELEASE\NAD_CVT.OBJ
K:\COMPONENTS\LIBRARYV2\GDAL\GDAL_2.1.0_VC_NOINTFILESCLEANUP\3RDPART\PROJ-4.9.2\VC\X86\RELEASE\NAD_INIT.OBJ
K:\COMPONENTS\LIBRARYV2\GDAL\GDAL_2.1.0_VC_NOINTFILESCLEANUP\3RDPART\PROJ-4.9.2\VC\X86\RELEASE\NAD_INTR.OBJ
K:\COMPONENTS\LIBRARYV2\GDAL\GDAL_2.1.0_VC_NOINTFILESCLEANUP\3RDPART\PROJ-4.9.2\VC\X86\RELEASE\PJ_AEA.OBJ
K:\COMPONENTS\LIBRARYV2\GDAL\GDAL_2.1.0_VC_NOINTFILESCLEANUP\3RDPART\PROJ-4.9.2\VC\X86\RELEASE\PJ_AEQD.OBJ
K:\COMPONENTS\LIBRARYV2\GDAL\GDAL_2.1.0_VC_NOINTFILESCLEANUP\3RDPART\PROJ-4.9.2\VC\X86\RELEASE\PJ_AIRY.OBJ
K:\COMPONENTS\LIBRARYV2\GDAL\GDAL_2.1.0_VC_NOINTFILESCLEANUP\3RDPART\PROJ-4.9.2\VC\X86\RELEASE\PJ_AITOFF.OBJ
K:\COMPONENTS\LIBRARYV2\GDAL\GDAL_2.1.0_VC_NOINTFILESCLEANUP\3RDPART\PROJ-4.9.2\VC\X86\RELEASE\PJ_APPLY_GRIDSHIFT.OBJ
K:\COMPONENTS\LIBRARYV2\GDAL\GDAL_2.1.0_VC_NOINTFILESCLEANUP\3RDPART\PROJ-4.9.2\VC\X86\RELEASE\PJ_APPLY_VGRIDSHIFT.OBJ
K:\COMPONENTS\LIBRARYV2\GDAL\GDAL_2.1.0_VC_NOINTFILESCLEANUP\3RDPART\PROJ-4.9.2\VC\X86\RELEASE\PJ_AUGUST.OBJ
K:\COMPONENTS\LIBRARYV2\GDAL\GDAL_2.1.0_VC_NOINTFILESCLEANUP\3RDPART\PROJ-4.9.2\VC\X86\RELEASE\PJ_AUTH.OBJ
K:\COMPONENTS\LIBRARYV2\GDAL\GDAL_2.1.0_VC_NOINTFILESCLEANUP\3RDPART\PROJ-4.9.2\VC\X86\RELEASE\PJ_BACON.OBJ
K:\COMPONENTS\LIBRARYV2\GDAL\GDAL_2.1.0_VC_NOINTFILESCLEANUP\3RDPART\PROJ-4.9.2\VC\X86\RELEASE\PJ_BIPC.OBJ
K:\COMPONENTS\LIBRARYV2\GDAL\GDAL_2.1.0_VC_NOINTFILESCLEANUP\3RDPART\PROJ-4.9.2\VC\X86\RELEASE\PJ_BOGGS.OBJ
K:\COMPONENTS\LIBRARYV2\GDAL\GDAL_2.1.0_VC_NOINTFILESCLEANUP\3RDPART\PROJ-4.9.2\VC\X86\RELEASE\PJ_BONNE.OBJ
K:\COMPONENTS\LIBRARYV2\GDAL\GDAL_2.1.0_VC_NOINTFILESCLEANUP\3RDPART\PROJ-4.9.2\VC\X86\RELEASE\PJ_CALCOFI.OBJ
K:\COMPONENTS\LIBRARYV2\GDAL\GDAL_2.1.0_VC_NOINTFILESCLEANUP\3RDPART\PROJ-4.9.2\VC\X86\RELEASE\PJ_CASS.OBJ
K:\COMPONENTS\LIBRARYV2\GDAL\GDAL_2.1.0_VC_NOINTFILESCLEANUP\3RDPART\PROJ-4.9.2\VC\X86\RELEASE\PJ_CC.OBJ
K:\COMPONENTS\LIBRARYV2\GDAL\GDAL_2.1.0_VC_NOINTFILESCLEANUP\3RDPART\PROJ-4.9.2\VC\X86\RELEASE\PJ_CEA.OBJ
K:\COMPONENTS\LIBRARYV2\GDAL\GDAL_2.1.0_VC_NOINTFILESCLEANUP\3RDPART\PROJ-4.9.2\VC\X86\RELEASE\PJ_CHAMB.OBJ
K:\COMPONENTS\LIBRARYV2\GDAL\GDAL_2.1.0_VC_NOINTFILESCLEANUP\3RDPART\PROJ-4.9.2\VC\X86\RELEASE\PJ_COLLG.OBJ
K:\COMPONENTS\LIBRARYV2\GDAL\GDAL_2.1.0_VC_NOINTFILESCLEANUP\3RDPART\PROJ-4.9.2\VC\X86\RELEASE\PJ_CRAST.OBJ
K:\COMPONENTS\LIBRARYV2\GDAL\GDAL_2.1.0_VC_NOINTFILESCLEANUP\3RDPART\PROJ-4.9.2\VC\X86\RELEASE\PJ_CTX.OBJ
K:\COMPONENTS\LIBRARYV2\GDAL\GDAL_2.1.0_VC_NOINTFILESCLEANUP\3RDPART\PROJ-4.9.2\VC\X86\RELEASE\PJ_DATUM_SET.OBJ
K:\COMPONENTS\LIBRARYV2\GDAL\GDAL_2.1.0_VC_NOINTFILESCLEANUP\3RDPART\PROJ-4.9.2\VC\X86\RELEASE\PJ_DATUMS.OBJ
K:\COMPONENTS\LIBRARYV2\GDAL\GDAL_2.1.0_VC_NOINTFILESCLEANUP\3RDPART\PROJ-4.9.2\VC\X86\RELEASE\PJ_DENOY.OBJ
K:\COMPONENTS\LIBRARYV2\GDAL\GDAL_2.1.0_VC_NOINTFILESCLEANUP\3RDPART\PROJ-4.9.2\VC\X86\RELEASE\PJ_DERIV.OBJ
K:\COMPONENTS\LIBRARYV2\GDAL\GDAL_2.1.0_VC_NOINTFILESCLEANUP\3RDPART\PROJ-4.9.2\VC\X86\RELEASE\PJ_ECK1.OBJ
K:\COMPONENTS\LIBRARYV2\GDAL\GDAL_2.1.0_VC_NOINTFILESCLEANUP\3RDPART\PROJ-4.9.2\VC\X86\RELEASE\PJ_ECK2.OBJ
K:\COMPONENTS\LIBRARYV2\GDAL\GDAL_2.1.0_VC_NOINTFILESCLEANUP\3RDPART\PROJ-4.9.2\VC\X86\RELEASE\PJ_ECK3.OBJ
K:\COMPONENTS\LIBRARYV2\GDAL\GDAL_2.1.0_VC_NOINTFILESCLEANUP\3RDPART\PROJ-4.9.2\VC\X86\RELEASE\PJ_ECK4.OBJ
K:\COMPONENTS\LIBRARYV2\GDAL\GDAL_2.1.0_VC_NOINTFILESCLEANUP\3RDPART\PROJ-4.9.2\VC\X86\RELEASE\PJ_ECK5.OBJ
K:\COMPONENTS\LIBRARYV2\GDAL\GDAL_2.1.0_VC_NOINTFILESCLEANUP\3RDPART\PROJ-4.9.2\VC\X86\RELEASE\PJ_ELL_SET.OBJ
K:\COMPONENTS\LIBRARYV2\GDAL\GDAL_2.1.0_VC_NOINTFILESCLEANUP\3RDPART\PROJ-4.9.2\VC\X86\RELEASE\PJ_ELLPS.OBJ
K:\COMPONENTS\LIBRARYV2\GDAL\GDAL_2.1.0_VC_NOINTFILESCLEANUP\3RDPART\PROJ-4.9.2\VC\X86\RELEASE\PJ_EQC.OBJ
K:\COMPONENTS\LIBRARYV2\GDAL\GDAL_2.1.0_VC_NOINTFILESCLEANUP\3RDPART\PROJ-4.9.2\VC\X86\RELEASE\PJ_EQDC.OBJ
K:\COMPONENTS\LIBRARYV2\GDAL\GDAL_2.1.0_VC_NOINTFILESCLEANUP\3RDPART\PROJ-4.9.2\VC\X86\RELEASE\PJ_ERRNO.OBJ
K:\COMPONENTS\LIBRARYV2\GDAL\GDAL_2.1.0_VC_NOINTFILESCLEANUP\3RDPART\PROJ-4.9.2\VC\X86\RELEASE\PJ_FACTORS.OBJ
K:\COMPONENTS\LIBRARYV2\GDAL\GDAL_2.1.0_VC_NOINTFILESCLEANUP\3RDPART\PROJ-4.9.2\VC\X86\RELEASE\PJ_FAHEY.OBJ
K:\COMPONENTS\LIBRARYV2\GDAL\GDAL_2.1.0_VC_NOINTFILESCLEANUP\3RDPART\PROJ-4.9.2\VC\X86\RELEASE\PJ_FILEAPI.OBJ
K:\COMPONENTS\LIBRARYV2\GDAL\GDAL_2.1.0_VC_NOINTFILESCLEANUP\3RDPART\PROJ-4.9.2\VC\X86\RELEASE\PJ_FOUC_S.OBJ
K:\COMPONENTS\LIBRARYV2\GDAL\GDAL_2.1.0_VC_NOINTFILESCLEANUP\3RDPART\PROJ-4.9.2\VC\X86\RELEASE\PJ_FWD.OBJ
K:\COMPONENTS\LIBRARYV2\GDAL\GDAL_2.1.0_VC_NOINTFILESCLEANUP\3RDPART\PROJ-4.9.2\VC\X86\RELEASE\PJ_GALL.OBJ
K:\COMPONENTS\LIBRARYV2\GDAL\GDAL_2.1.0_VC_NOINTFILESCLEANUP\3RDPART\PROJ-4.9.2\VC\X86\RELEASE\PJ_GAUSS.OBJ
K:\COMPONENTS\LIBRARYV2\GDAL\GDAL_2.1.0_VC_NOINTFILESCLEANUP\3RDPART\PROJ-4.9.2\VC\X86\RELEASE\PJ_GC_READER.OBJ
K:\COMPONENTS\LIBRARYV2\GDAL\GDAL_2.1.0_VC_NOINTFILESCLEANUP\3RDPART\PROJ-4.9.2\VC\X86\RELEASE\PJ_GEOCENT.OBJ
K:\COMPONENTS\LIBRARYV2\GDAL\GDAL_2.1.0_VC_NOINTFILESCLEANUP\3RDPART\PROJ-4.9.2\VC\X86\RELEASE\PJ_GEOS.OBJ
K:\COMPONENTS\LIBRARYV2\GDAL\GDAL_2.1.0_VC_NOINTFILESCLEANUP\3RDPART\PROJ-4.9.2\VC\X86\RELEASE\PJ_GINS8.OBJ
K:\COMPONENTS\LIBRARYV2\GDAL\GDAL_2.1.0_VC_NOINTFILESCLEANUP\3RDPART\PROJ-4.9.2\VC\X86\RELEASE\PJ_GN_SINU.OBJ
K:\COMPONENTS\LIBRARYV2\GDAL\GDAL_2.1.0_VC_NOINTFILESCLEANUP\3RDPART\PROJ-4.9.2\VC\X86\RELEASE\PJ_GNOM.OBJ
K:\COMPONENTS\LIBRARYV2\GDAL\GDAL_2.1.0_VC_NOINTFILESCLEANUP\3RDPART\PROJ-4.9.2\VC\X86\RELEASE\PJ_GOODE.OBJ
K:\COMPONENTS\LIBRARYV2\GDAL\GDAL_2.1.0_VC_NOINTFILESCLEANUP\3RDPART\PROJ-4.9.2\VC\X86\RELEASE\PJ_GRIDCATALOG.OBJ
K:\COMPONENTS\LIBRARYV2\GDAL\GDAL_2.1.0_VC_NOINTFILESCLEANUP\3RDPART\PROJ-4.9.2\VC\X86\RELEASE\PJ_GRIDINFO.OBJ
K:\COMPONENTS\LIBRARYV2\GDAL\GDAL_2.1.0_VC_NOINTFILESCLEANUP\3RDPART\PROJ-4.9.2\VC\X86\RELEASE\PJ_GRIDLIST.OBJ
K:\COMPONENTS\LIBRARYV2\GDAL\GDAL_2.1.0_VC_NOINTFILESCLEANUP\3RDPART\PROJ-4.9.2\VC\X86\RELEASE\PJ_GSTMERC.OBJ
K:\COMPONENTS\LIBRARYV2\GDAL\GDAL_2.1.0_VC_NOINTFILESCLEANUP\3RDPART\PROJ-4.9.2\VC\X86\RELEASE\PJ_HAMMER.OBJ
K:\COMPONENTS\LIBRARYV2\GDAL\GDAL_2.1.0_VC_NOINTFILESCLEANUP\3RDPART\PROJ-4.9.2\VC\X86\RELEASE\PJ_HATANO.OBJ
K:\COMPONENTS\LIBRARYV2\GDAL\GDAL_2.1.0_VC_NOINTFILESCLEANUP\3RDPART\PROJ-4.9.2\VC\X86\RELEASE\PJ_HEALPIX.OBJ
K:\COMPONENTS\LIBRARYV2\GDAL\GDAL_2.1.0_VC_NOINTFILESCLEANUP\3RDPART\PROJ-4.9.2\VC\X86\RELEASE\PJ_IGH.OBJ
K:\COMPONENTS\LIBRARYV2\GDAL\GDAL_2.1.0_VC_NOINTFILESCLEANUP\3RDPART\PROJ-4.9.2\VC\X86\RELEASE\PJ_IMW_P.OBJ
K:\COMPONENTS\LIBRARYV2\GDAL\GDAL_2.1.0_VC_NOINTFILESCLEANUP\3RDPART\PROJ-4.9.2\VC\X86\RELEASE\PJ_INIT.OBJ
K:\COMPONENTS\LIBRARYV2\GDAL\GDAL_2.1.0_VC_NOINTFILESCLEANUP\3RDPART\PROJ-4.9.2\VC\X86\RELEASE\PJ_INITCACHE.OBJ
K:\COMPONENTS\LIBRARYV2\GDAL\GDAL_2.1.0_VC_NOINTFILESCLEANUP\3RDPART\PROJ-4.9.2\VC\X86\RELEASE\PJ_INV.OBJ
K:\COMPONENTS\LIBRARYV2\GDAL\GDAL_2.1.0_VC_NOINTFILESCLEANUP\3RDPART\PROJ-4.9.2\VC\X86\RELEASE\PJ_ISEA.OBJ
K:\COMPONENTS\LIBRARYV2\GDAL\GDAL_2.1.0_VC_NOINTFILESCLEANUP\3RDPART\PROJ-4.9.2\VC\X86\RELEASE\PJ_KROVAK.OBJ
K:\COMPONENTS\LIBRARYV2\GDAL\GDAL_2.1.0_VC_NOINTFILESCLEANUP\3RDPART\PROJ-4.9.2\VC\X86\RELEASE\PJ_LABRD.OBJ
K:\COMPONENTS\LIBRARYV2\GDAL\GDAL_2.1.0_VC_NOINTFILESCLEANUP\3RDPART\PROJ-4.9.2\VC\X86\RELEASE\PJ_LAEA.OBJ
K:\COMPONENTS\LIBRARYV2\GDAL\GDAL_2.1.0_VC_NOINTFILESCLEANUP\3RDPART\PROJ-4.9.2\VC\X86\RELEASE\PJ_LAGRNG.OBJ
K:\COMPONENTS\LIBRARYV2\GDAL\GDAL_2.1.0_VC_NOINTFILESCLEANUP\3RDPART\PROJ-4.9.2\VC\X86\RELEASE\PJ_LARR.OBJ
K:\COMPONENTS\LIBRARYV2\GDAL\GDAL_2.1.0_VC_NOINTFILESCLEANUP\3RDPART\PROJ-4.9.2\VC\X86\RELEASE\PJ_LASK.OBJ
K:\COMPONENTS\LIBRARYV2\GDAL\GDAL_2.1.0_VC_NOINTFILESCLEANUP\3RDPART\PROJ-4.9.2\VC\X86\RELEASE\PJ_LATLONG.OBJ
K:\COMPONENTS\LIBRARYV2\GDAL\GDAL_2.1.0_VC_NOINTFILESCLEANUP\3RDPART\PROJ-4.9.2\VC\X86\RELEASE\PJ_LCC.OBJ
K:\COMPONENTS\LIBRARYV2\GDAL\GDAL_2.1.0_VC_NOINTFILESCLEANUP\3RDPART\PROJ-4.9.2\VC\X86\RELEASE\PJ_LCCA.OBJ
K:\COMPONENTS\LIBRARYV2\GDAL\GDAL_2.1.0_VC_NOINTFILESCLEANUP\3RDPART\PROJ-4.9.2\VC\X86\RELEASE\PJ_LIST.OBJ
K:\COMPONENTS\LIBRARYV2\GDAL\GDAL_2.1.0_VC_NOINTFILESCLEANUP\3RDPART\PROJ-4.9.2\VC\X86\RELEASE\PJ_LOG.OBJ
K:\COMPONENTS\LIBRARYV2\GDAL\GDAL_2.1.0_VC_NOINTFILESCLEANUP\3RDPART\PROJ-4.9.2\VC\X86\RELEASE\PJ_LOXIM.OBJ
K:\COMPONENTS\LIBRARYV2\GDAL\GDAL_2.1.0_VC_NOINTFILESCLEANUP\3RDPART\PROJ-4.9.2\VC\X86\RELEASE\PJ_LSAT.OBJ
K:\COMPONENTS\LIBRARYV2\GDAL\GDAL_2.1.0_VC_NOINTFILESCLEANUP\3RDPART\PROJ-4.9.2\VC\X86\RELEASE\PJ_MALLOC.OBJ
K:\COMPONENTS\LIBRARYV2\GDAL\GDAL_2.1.0_VC_NOINTFILESCLEANUP\3RDPART\PROJ-4.9.2\VC\X86\RELEASE\PJ_MBT_FPS.OBJ
K:\COMPONENTS\LIBRARYV2\GDAL\GDAL_2.1.0_VC_NOINTFILESCLEANUP\3RDPART\PROJ-4.9.2\VC\X86\RELEASE\PJ_MBTFPP.OBJ
K:\COMPONENTS\LIBRARYV2\GDAL\GDAL_2.1.0_VC_NOINTFILESCLEANUP\3RDPART\PROJ-4.9.2\VC\X86\RELEASE\PJ_MBTFPQ.OBJ
K:\COMPONENTS\LIBRARYV2\GDAL\GDAL_2.1.0_VC_NOINTFILESCLEANUP\3RDPART\PROJ-4.9.2\VC\X86\RELEASE\PJ_MERC.OBJ
K:\COMPONENTS\LIBRARYV2\GDAL\GDAL_2.1.0_VC_NOINTFILESCLEANUP\3RDPART\PROJ-4.9.2\VC\X86\RELEASE\PJ_MILL.OBJ
K:\COMPONENTS\LIBRARYV2\GDAL\GDAL_2.1.0_VC_NOINTFILESCLEANUP\3RDPART\PROJ-4.9.2\VC\X86\RELEASE\PJ_MLFN.OBJ
K:\COMPONENTS\LIBRARYV2\GDAL\GDAL_2.1.0_VC_NOINTFILESCLEANUP\3RDPART\PROJ-4.9.2\VC\X86\RELEASE\PJ_MOD_STER.OBJ
K:\COMPONENTS\LIBRARYV2\GDAL\GDAL_2.1.0_VC_NOINTFILESCLEANUP\3RDPART\PROJ-4.9.2\VC\X86\RELEASE\PJ_MOLL.OBJ
K:\COMPONENTS\LIBRARYV2\GDAL\GDAL_2.1.0_VC_NOINTFILESCLEANUP\3RDPART\PROJ-4.9.2\VC\X86\RELEASE\PJ_MSFN.OBJ
K:\COMPONENTS\LIBRARYV2\GDAL\GDAL_2.1.0_VC_NOINTFILESCLEANUP\3RDPART\PROJ-4.9.2\VC\X86\RELEASE\PJ_MUTEX.OBJ
K:\COMPONENTS\LIBRARYV2\GDAL\GDAL_2.1.0_VC_NOINTFILESCLEANUP\3RDPART\PROJ-4.9.2\VC\X86\RELEASE\PJ_NATEARTH.OBJ
K:\COMPONENTS\LIBRARYV2\GDAL\GDAL_2.1.0_VC_NOINTFILESCLEANUP\3RDPART\PROJ-4.9.2\VC\X86\RELEASE\PJ_NELL.OBJ
K:\COMPONENTS\LIBRARYV2\GDAL\GDAL_2.1.0_VC_NOINTFILESCLEANUP\3RDPART\PROJ-4.9.2\VC\X86\RELEASE\PJ_NELL_H.OBJ
K:\COMPONENTS\LIBRARYV2\GDAL\GDAL_2.1.0_VC_NOINTFILESCLEANUP\3RDPART\PROJ-4.9.2\VC\X86\RELEASE\PJ_NOCOL.OBJ
K:\COMPONENTS\LIBRARYV2\GDAL\GDAL_2.1.0_VC_NOINTFILESCLEANUP\3RDPART\PROJ-4.9.2\VC\X86\RELEASE\PJ_NSPER.OBJ
K:\COMPONENTS\LIBRARYV2\GDAL\GDAL_2.1.0_VC_NOINTFILESCLEANUP\3RDPART\PROJ-4.9.2\VC\X86\RELEASE\PJ_NZMG.OBJ
K:\COMPONENTS\LIBRARYV2\GDAL\GDAL_2.1.0_VC_NOINTFILESCLEANUP\3RDPART\PROJ-4.9.2\VC\X86\RELEASE\PJ_OB_TRAN.OBJ
K:\COMPONENTS\LIBRARYV2\GDAL\GDAL_2.1.0_VC_NOINTFILESCLEANUP\3RDPART\PROJ-4.9.2\VC\X86\RELEASE\PJ_OCEA.OBJ
K:\COMPONENTS\LIBRARYV2\GDAL\GDAL_2.1.0_VC_NOINTFILESCLEANUP\3RDPART\PROJ-4.9.2\VC\X86\RELEASE\PJ_OEA.OBJ
K:\COMPONENTS\LIBRARYV2\GDAL\GDAL_2.1.0_VC_NOINTFILESCLEANUP\3RDPART\PROJ-4.9.2\VC\X86\RELEASE\PJ_OMERC.OBJ
K:\COMPONENTS\LIBRARYV2\GDAL\GDAL_2.1.0_VC_NOINTFILESCLEANUP\3RDPART\PROJ-4.9.2\VC\X86\RELEASE\PJ_OPEN_LIB.OBJ
K:\COMPONENTS\LIBRARYV2\GDAL\GDAL_2.1.0_VC_NOINTFILESCLEANUP\3RDPART\PROJ-4.9.2\VC\X86\RELEASE\PJ_ORTHO.OBJ
K:\COMPONENTS\LIBRARYV2\GDAL\GDAL_2.1.0_VC_NOINTFILESCLEANUP\3RDPART\PROJ-4.9.2\VC\X86\RELEASE\PJ_PARAM.OBJ
K:\COMPONENTS\LIBRARYV2\GDAL\GDAL_2.1.0_VC_NOINTFILESCLEANUP\3RDPART\PROJ-4.9.2\VC\X86\RELEASE\PJ_PHI2.OBJ
K:\COMPONENTS\LIBRARYV2\GDAL\GDAL_2.1.0_VC_NOINTFILESCLEANUP\3RDPART\PROJ-4.9.2\VC\X86\RELEASE\PJ_POLY.OBJ
K:\COMPONENTS\LIBRARYV2\GDAL\GDAL_2.1.0_VC_NOINTFILESCLEANUP\3RDPART\PROJ-4.9.2\VC\X86\RELEASE\PJ_PR_LIST.OBJ
K:\COMPONENTS\LIBRARYV2\GDAL\GDAL_2.1.0_VC_NOINTFILESCLEANUP\3RDPART\PROJ-4.9.2\VC\X86\RELEASE\PJ_PUTP2.OBJ
K:\COMPONENTS\LIBRARYV2\GDAL\GDAL_2.1.0_VC_NOINTFILESCLEANUP\3RDPART\PROJ-4.9.2\VC\X86\RELEASE\PJ_PUTP3.OBJ
K:\COMPONENTS\LIBRARYV2\GDAL\GDAL_2.1.0_VC_NOINTFILESCLEANUP\3RDPART\PROJ-4.9.2\VC\X86\RELEASE\PJ_PUTP4P.OBJ
K:\COMPONENTS\LIBRARYV2\GDAL\GDAL_2.1.0_VC_NOINTFILESCLEANUP\3RDPART\PROJ-4.9.2\VC\X86\RELEASE\PJ_PUTP5.OBJ
K:\COMPONENTS\LIBRARYV2\GDAL\GDAL_2.1.0_VC_NOINTFILESCLEANUP\3RDPART\PROJ-4.9.2\VC\X86\RELEASE\PJ_PUTP6.OBJ
K:\COMPONENTS\LIBRARYV2\GDAL\GDAL_2.1.0_VC_NOINTFILESCLEANUP\3RDPART\PROJ-4.9.2\VC\X86\RELEASE\PJ_QSC.OBJ
K:\COMPONENTS\LIBRARYV2\GDAL\GDAL_2.1.0_VC_NOINTFILESCLEANUP\3RDPART\PROJ-4.9.2\VC\X86\RELEASE\PJ_QSFN.OBJ
K:\COMPONENTS\LIBRARYV2\GDAL\GDAL_2.1.0_VC_NOINTFILESCLEANUP\3RDPART\PROJ-4.9.2\VC\X86\RELEASE\PJ_RELEASE.OBJ
K:\COMPONENTS\LIBRARYV2\GDAL\GDAL_2.1.0_VC_NOINTFILESCLEANUP\3RDPART\PROJ-4.9.2\VC\X86\RELEASE\PJ_ROBIN.OBJ
K:\COMPONENTS\LIBRARYV2\GDAL\GDAL_2.1.0_VC_NOINTFILESCLEANUP\3RDPART\PROJ-4.9.2\VC\X86\RELEASE\PJ_RPOLY.OBJ
K:\COMPONENTS\LIBRARYV2\GDAL\GDAL_2.1.0_VC_NOINTFILESCLEANUP\3RDPART\PROJ-4.9.2\VC\X86\RELEASE\PJ_SCONICS.OBJ
K:\COMPONENTS\LIBRARYV2\GDAL\GDAL_2.1.0_VC_NOINTFILESCLEANUP\3RDPART\PROJ-4.9.2\VC\X86\RELEASE\PJ_SOMERC.OBJ
K:\COMPONENTS\LIBRARYV2\GDAL\GDAL_2.1.0_VC_NOINTFILESCLEANUP\3RDPART\PROJ-4.9.2\VC\X86\RELEASE\PJ_STERE.OBJ
K:\COMPONENTS\LIBRARYV2\GDAL\GDAL_2.1.0_VC_NOINTFILESCLEANUP\3RDPART\PROJ-4.9.2\VC\X86\RELEASE\PJ_STEREA.OBJ
K:\COMPONENTS\LIBRARYV2\GDAL\GDAL_2.1.0_VC_NOINTFILESCLEANUP\3RDPART\PROJ-4.9.2\VC\X86\RELEASE\PJ_STRERRNO.OBJ
K:\COMPONENTS\LIBRARYV2\GDAL\GDAL_2.1.0_VC_NOINTFILESCLEANUP\3RDPART\PROJ-4.9.2\VC\X86\RELEASE\PJ_STRTOD.OBJ
K:\COMPONENTS\LIBRARYV2\GDAL\GDAL_2.1.0_VC_NOINTFILESCLEANUP\3RDPART\PROJ-4.9.2\VC\X86\RELEASE\PJ_STS.OBJ
K:\COMPONENTS\LIBRARYV2\GDAL\GDAL_2.1.0_VC_NOINTFILESCLEANUP\3RDPART\PROJ-4.9.2\VC\X86\RELEASE\PJ_TCC.OBJ
K:\COMPONENTS\LIBRARYV2\GDAL\GDAL_2.1.0_VC_NOINTFILESCLEANUP\3RDPART\PROJ-4.9.2\VC\X86\RELEASE\PJ_TCEA.OBJ
K:\COMPONENTS\LIBRARYV2\GDAL\GDAL_2.1.0_VC_NOINTFILESCLEANUP\3RDPART\PROJ-4.9.2\VC\X86\RELEASE\PJ_TMERC.OBJ
K:\COMPONENTS\LIBRARYV2\GDAL\GDAL_2.1.0_VC_NOINTFILESCLEANUP\3RDPART\PROJ-4.9.2\VC\X86\RELEASE\PJ_TPEQD.OBJ
K:\COMPONENTS\LIBRARYV2\GDAL\GDAL_2.1.0_VC_NOINTFILESCLEANUP\3RDPART\PROJ-4.9.2\VC\X86\RELEASE\PJ_TRANSFORM.OBJ
K:\COMPONENTS\LIBRARYV2\GDAL\GDAL_2.1.0_VC_NOINTFILESCLEANUP\3RDPART\PROJ-4.9.2\VC\X86\RELEASE\PJ_TSFN.OBJ
K:\COMPONENTS\LIBRARYV2\GDAL\GDAL_2.1.0_VC_NOINTFILESCLEANUP\3RDPART\PROJ-4.9.2\VC\X86\RELEASE\PJ_UNITS.OBJ
K:\COMPONENTS\LIBRARYV2\GDAL\GDAL_2.1.0_VC_NOINTFILESCLEANUP\3RDPART\PROJ-4.9.2\VC\X86\RELEASE\PJ_URM5.OBJ
K:\COMPONENTS\LIBRARYV2\GDAL\GDAL_2.1.0_VC_NOINTFILESCLEANUP\3RDPART\PROJ-4.9.2\VC\X86\RELEASE\PJ_URMFPS.OBJ
K:\COMPONENTS\LIBRARYV2\GDAL\GDAL_2.1.0_VC_NOINTFILESCLEANUP\3RDPART\PROJ-4.9.2\VC\X86\RELEASE\PJ_UTILS.OBJ
K:\COMPONENTS\LIBRARYV2\GDAL\GDAL_2.1.0_VC_NOINTFILESCLEANUP\3RDPART\PROJ-4.9.2\VC\X86\RELEASE\PJ_VANDG.OBJ
K:\COMPONENTS\LIBRARYV2\GDAL\GDAL_2.1.0_VC_NOINTFILESCLEANUP\3RDPART\PROJ-4.9.2\VC\X86\RELEASE\PJ_VANDG2.OBJ
K:\COMPONENTS\LIBRARYV2\GDAL\GDAL_2.1.0_VC_NOINTFILESCLEANUP\3RDPART\PROJ-4.9.2\VC\X86\RELEASE\PJ_VANDG4.OBJ
K:\COMPONENTS\LIBRARYV2\GDAL\GDAL_2.1.0_VC_NOINTFILESCLEANUP\3RDPART\PROJ-4.9.2\VC\X86\RELEASE\PJ_WAG2.OBJ
K:\COMPONENTS\LIBRARYV2\GDAL\GDAL_2.1.0_VC_NOINTFILESCLEANUP\3RDPART\PROJ-4.9.2\VC\X86\RELEASE\PJ_WAG3.OBJ
K:\COMPONENTS\LIBRARYV2\GDAL\GDAL_2.1.0_VC_NOINTFILESCLEANUP\3RDPART\PROJ-4.9.2\VC\X86\RELEASE\PJ_WAG7.OBJ
K:\COMPONENTS\LIBRARYV2\GDAL\GDAL_2.1.0_VC_NOINTFILESCLEANUP\3RDPART\PROJ-4.9.2\VC\X86\RELEASE\PJ_WINK1.OBJ
K:\COMPONENTS\LIBRARYV2\GDAL\GDAL_2.1.0_VC_NOINTFILESCLEANUP\3RDPART\PROJ-4.9.2\VC\X86\RELEASE\PJ_WINK2.OBJ
K:\COMPONENTS\LIBRARYV2\GDAL\GDAL_2.1.0_VC_NOINTFILESCLEANUP\3RDPART\PROJ-4.9.2\VC\X86\RELEASE\PJ_ZPOLY1.OBJ
K:\COMPONENTS\LIBRARYV2\GDAL\GDAL_2.1.0_VC_NOINTFILESCLEANUP\3RDPART\PROJ-4.9.2\VC\X86\RELEASE\PROJ.DLL
K:\COMPONENTS\LIBRARYV2\GDAL\GDAL_2.1.0_VC_NOINTFILESCLEANUP\3RDPART\PROJ-4.9.2\VC\X86\RELEASE\PROJ.DLL.INTERMEDIATE.MANIFEST
K:\Components\LibraryV2\GDAL\GDAL_2.1.0_VC_NoIntFilesCleanUp\3rdpart\proj-4.9.2\vc\x86\Release\proj.exp
K:\Components\LibraryV2\GDAL\GDAL_2.1.0_VC_NoIntFilesCleanUp\3rdpart\proj-4.9.2\vc\x86\Release\proj.lib
K:\Components\LibraryV2\GDAL\GDAL_2.1.0_VC_NoIntFilesCleanUp\3rdpart\proj-4.9.2\vc\x86\Release\proj.vcxprojResolveAssemblyReference.cache
K:\Components\LibraryV2\GDAL\GDAL_2.1.0_VC_NoIntFilesCleanUp\3rdpart\proj-4.9.2\vc\x86\Release\proj.write.1.tlog
K:\COMPONENTS\LIBRARYV2\GDAL\GDAL_2.1.0_VC_NOINTFILESCLEANUP\3RDPART\PROJ-4.9.2\VC\X86\RELEASE\PROJ_ETMERC.OBJ
K:\COMPONENTS\LIBRARYV2\GDAL\GDAL_2.1.0_VC_NOINTFILESCLEANUP\3RDPART\PROJ-4.9.2\VC\X86\RELEASE\PROJ_MDIST.OBJ
K:\COMPONENTS\LIBRARYV2\GDAL\GDAL_2.1.0_VC_NOINTFILESCLEANUP\3RDPART\PROJ-4.9.2\VC\X86\RELEASE\PROJ_ROUSS.OBJ
K:\COMPONENTS\LIBRARYV2\GDAL\GDAL_2.1.0_VC_NOINTFILESCLEANUP\3RDPART\PROJ-4.9.2\VC\X86\RELEASE\RTODMS.OBJ
K:\COMPONENTS\LIBRARYV2\GDAL\GDAL_2.1.0_VC_NOINTFILESCLEANUP\3RDPART\PROJ-4.9.2\VC\X86\RELEASE\VECTOR1.OBJ
K:\COMPONENTS\LIBRARYV2\GDAL\GDAL_2.1.0_VC_NOINTFILESCLEANUP\3RDPART\PROJ-4.9.2\VC10\SRC\CMAKEFILES\GENERATE.STAMP
