Build started 16/02/2017 19:44:58.
     1>Project "K:\Components\LibraryV2\GDAL\GDAL_2.1.x_VC_no3rdpart\libgdal-2.1.3\dll\gdal-2.1.3_dll.vcxproj" on node 2 (build target(s)).
     1>InitializeBuildStatus:
         Creating "K:\Components\LibraryV2\GDAL\GDAL_2.1.x_VC_no3rdpart\libgdal-2.1.3\dll\x86\Debug\gdal-2.1.3_dll.unsuccessfulbuild" because "AlwaysCreate" was specified.
       ClCompile:
         All outputs are up-to-date.
         All outputs are up-to-date.
       ResourceCompile:
         All outputs are up-to-date.
       Link:
         All outputs are up-to-date.
         gdal-2.1.3_dll.vcxproj -> K:\Components\LibraryV2\GDAL\GDAL_2.1.x_VC_no3rdpart\libgdal-2.1.3\dll\x86\Debug\gdal-2.1.3.dll
       PostBuildEvent:
         copy "K:\Components\LibraryV2\GDAL\GDAL_2.1.x_VC_no3rdpart\libgdal-2.1.3\dll\x86\Debug\gdal-2.1.3.dll" "K:\Components\LibraryV2\GDAL\GDAL_2.1.x_VC_no3rdpart\libgdal-2.1.3\binaries\dll\x86\Debug\gdal-2.1.3.dll"
         copy "K:\Components\LibraryV2\GDAL\GDAL_2.1.x_VC_no3rdpart\libgdal-2.1.3\dll\x86\Debug\gdal-2.1.3.exp "K:\Components\LibraryV2\GDAL\GDAL_2.1.x_VC_no3rdpart\libgdal-2.1.3\binaries\dll\x86\Debug\gdal-2.1.3.exp"
         copy "K:\Components\LibraryV2\GDAL\GDAL_2.1.x_VC_no3rdpart\libgdal-2.1.3\dll\x86\Debug\gdal-2.1.3.lib" "K:\Components\LibraryV2\GDAL\GDAL_2.1.x_VC_no3rdpart\libgdal-2.1.3\binaries\dll\x86\Debug\gdal-2.1.3.lib"
         :VCEnd
                 1 fichier(s) copié(s).
         K:\Components\LibraryV2\GDAL\GDAL_2.1.x_VC_no3rdpart\libgdal-2.1.3\dll\x86\Debug\gdal-2.1.3.exp K:\Components\LibraryV2\GDAL\GDAL_2.1.x_VC_no3rdpart\libgdal-2.1.3\binaries\dll\x86\Debug\gdal-2.1.3.exp 
                 0 fichier(s) copié(s).
         La syntaxe du nom de fichier, de répertoire ou de volume est incorrecte.
                 1 fichier(s) copié(s).
       FinalizeBuildStatus:
         Deleting file "K:\Components\LibraryV2\GDAL\GDAL_2.1.x_VC_no3rdpart\libgdal-2.1.3\dll\x86\Debug\gdal-2.1.3_dll.unsuccessfulbuild".
         Touching "K:\Components\LibraryV2\GDAL\GDAL_2.1.x_VC_no3rdpart\libgdal-2.1.3\dll\x86\Debug\gdal-2.1.3_dll.lastbuildstate".
     1>Done Building Project "K:\Components\LibraryV2\GDAL\GDAL_2.1.x_VC_no3rdpart\libgdal-2.1.3\dll\gdal-2.1.3_dll.vcxproj" (build target(s)).

Build succeeded.

Time Elapsed 00:00:01.99
