Build started 20/07/2016 10:47:39.
     1>Project "K:\Components\LibraryV2\GDAL\GDAL_2.1.x_VC_NoIntFilesCleanUp\libgdal-2.1.1\lib\gdal-2.1.1_lib.vcxproj" on node 2 (build target(s)).
     1>InitializeBuildStatus:
         Creating "K:\Components\LibraryV2\GDAL\GDAL_2.1.x_VC_NoIntFilesCleanUp\libgdal-2.1.1\lib\x64\Debug\gdal-2.1.1_lib.unsuccessfulbuild" because "AlwaysCreate" was specified.
       ClCompile:
         All outputs are up-to-date.
         All outputs are up-to-date.
       ResourceCompile:
         All outputs are up-to-date.
       Lib:
         All outputs are up-to-date.
         gdal-2.1.1_lib.vcxproj -> K:\Components\LibraryV2\GDAL\GDAL_2.1.x_VC_NoIntFilesCleanUp\libgdal-2.1.1\lib\x64\Debug\gdal-2.1.1.lib
       PostBuildEvent:
         copy K:\Components\LibraryV2\GDAL\GDAL_2.1.x_VC_NoIntFilesCleanUp\libgdal-2.1.1\lib\x64\Debug\gdal-2.1.1.lib K:\Components\LibraryV2\GDAL\GDAL_2.1.x_VC_NoIntFilesCleanUp\libgdal-2.1.1\binaries\lib\x64\Debug\gdal-2.1.1.lib
         :VCEnd
                 1 fichier(s) copié(s).
       FinalizeBuildStatus:
         Deleting file "K:\Components\LibraryV2\GDAL\GDAL_2.1.x_VC_NoIntFilesCleanUp\libgdal-2.1.1\lib\x64\Debug\gdal-2.1.1_lib.unsuccessfulbuild".
         Touching "K:\Components\LibraryV2\GDAL\GDAL_2.1.x_VC_NoIntFilesCleanUp\libgdal-2.1.1\lib\x64\Debug\gdal-2.1.1_lib.lastbuildstate".
     1>Done Building Project "K:\Components\LibraryV2\GDAL\GDAL_2.1.x_VC_NoIntFilesCleanUp\libgdal-2.1.1\lib\gdal-2.1.1_lib.vcxproj" (build target(s)).

Build succeeded.

Time Elapsed 00:00:29.82
