K:\COMPONENTS\LIBRARYV2\GDAL\GDAL_2.1.X_VC_NOINTFILESCLEANUP\LIBGDAL-2.1.2\GDAL_RENAME\X64\DEBUG\GDAL_RENAME.EXE
K:\COMPONENTS\LIBRARYV2\GDAL\GDAL_2.1.X_VC_NOINTFILESCLEANUP\LIBGDAL-2.1.2\GDAL_RENAME\X64\DEBUG\GDAL_RENAME.EXE.EMBED.MANIFEST
K:\COMPONENTS\LIBRARYV2\GDAL\GDAL_2.1.X_VC_NOINTFILESCLEANUP\LIBGDAL-2.1.2\GDAL_RENAME\X64\DEBUG\GDAL_RENAME.EXE.EMBED.MANIFEST.RES
K:\COMPONENTS\LIBRARYV2\GDAL\GDAL_2.1.X_VC_NOINTFILESCLEANUP\LIBGDAL-2.1.2\GDAL_RENAME\X64\DEBUG\GDAL_RENAME.EXE.INTERMEDIATE.MANIFEST
K:\Components\LibraryV2\GDAL\GDAL_2.1.x_VC_NoIntFilesCleanUp\libgdal-2.1.2\gdal_rename\x64\Debug\gdal_rename.exp
K:\COMPONENTS\LIBRARYV2\GDAL\GDAL_2.1.X_VC_NOINTFILESCLEANUP\LIBGDAL-2.1.2\GDAL_RENAME\X64\DEBUG\GDAL_RENAME.ILK
K:\Components\LibraryV2\GDAL\GDAL_2.1.x_VC_NoIntFilesCleanUp\libgdal-2.1.2\gdal_rename\x64\Debug\gdal_rename.lib
K:\COMPONENTS\LIBRARYV2\GDAL\GDAL_2.1.X_VC_NOINTFILESCLEANUP\LIBGDAL-2.1.2\GDAL_RENAME\X64\DEBUG\GDAL_RENAME.OBJ
K:\COMPONENTS\LIBRARYV2\GDAL\GDAL_2.1.X_VC_NOINTFILESCLEANUP\LIBGDAL-2.1.2\GDAL_RENAME\X64\DEBUG\GDAL_RENAME.PDB
K:\COMPONENTS\LIBRARYV2\GDAL\GDAL_2.1.X_VC_NOINTFILESCLEANUP\LIBGDAL-2.1.2\GDAL_RENAME\X64\DEBUG\VC100.PDB
K:\Components\LibraryV2\GDAL\GDAL_2.1.x_VC_NoIntFilesCleanUp\libgdal-2.1.3\gdal_rename\x64\Debug\cl.command.1.tlog
K:\Components\LibraryV2\GDAL\GDAL_2.1.x_VC_NoIntFilesCleanUp\libgdal-2.1.3\gdal_rename\x64\Debug\CL.read.1.tlog
K:\Components\LibraryV2\GDAL\GDAL_2.1.x_VC_NoIntFilesCleanUp\libgdal-2.1.3\gdal_rename\x64\Debug\CL.write.1.tlog
K:\Components\LibraryV2\GDAL\GDAL_2.1.x_VC_NoIntFilesCleanUp\libgdal-2.1.3\gdal_rename\x64\Debug\gdal_rename.exe
K:\Components\LibraryV2\GDAL\GDAL_2.1.x_VC_NoIntFilesCleanUp\libgdal-2.1.3\gdal_rename\x64\Debug\gdal_rename.exe.embed.manifest
K:\Components\LibraryV2\GDAL\GDAL_2.1.x_VC_NoIntFilesCleanUp\libgdal-2.1.3\gdal_rename\x64\Debug\gdal_rename.exe.embed.manifest.res
K:\Components\LibraryV2\GDAL\GDAL_2.1.x_VC_NoIntFilesCleanUp\libgdal-2.1.3\gdal_rename\x64\Debug\gdal_rename.exe.intermediate.manifest
K:\Components\LibraryV2\GDAL\GDAL_2.1.x_VC_NoIntFilesCleanUp\libgdal-2.1.3\gdal_rename\x64\Debug\gdal_rename.exp
K:\Components\LibraryV2\GDAL\GDAL_2.1.x_VC_NoIntFilesCleanUp\libgdal-2.1.3\gdal_rename\x64\Debug\gdal_rename.ilk
K:\Components\LibraryV2\GDAL\GDAL_2.1.x_VC_NoIntFilesCleanUp\libgdal-2.1.3\gdal_rename\x64\Debug\gdal_rename.obj
K:\Components\LibraryV2\GDAL\GDAL_2.1.x_VC_NoIntFilesCleanUp\libgdal-2.1.3\gdal_rename\x64\Debug\gdal_rename.pdb
K:\Components\LibraryV2\GDAL\GDAL_2.1.x_VC_NoIntFilesCleanUp\libgdal-2.1.3\gdal_rename\x64\Debug\gdal_rename.write.1.tlog
K:\Components\LibraryV2\GDAL\GDAL_2.1.x_VC_NoIntFilesCleanUp\libgdal-2.1.3\gdal_rename\x64\Debug\gdal_rename_manifest.rc
K:\Components\LibraryV2\GDAL\GDAL_2.1.x_VC_NoIntFilesCleanUp\libgdal-2.1.3\gdal_rename\x64\Debug\link.11132.read.1.tlog
K:\Components\LibraryV2\GDAL\GDAL_2.1.x_VC_NoIntFilesCleanUp\libgdal-2.1.3\gdal_rename\x64\Debug\link.11132.write.1.tlog
K:\Components\LibraryV2\GDAL\GDAL_2.1.x_VC_NoIntFilesCleanUp\libgdal-2.1.3\gdal_rename\x64\Debug\link.11132-cvtres.read.1.tlog
K:\Components\LibraryV2\GDAL\GDAL_2.1.x_VC_NoIntFilesCleanUp\libgdal-2.1.3\gdal_rename\x64\Debug\link.11132-cvtres.write.1.tlog
K:\Components\LibraryV2\GDAL\GDAL_2.1.x_VC_NoIntFilesCleanUp\libgdal-2.1.3\gdal_rename\x64\Debug\link.command.1.tlog
K:\Components\LibraryV2\GDAL\GDAL_2.1.x_VC_NoIntFilesCleanUp\libgdal-2.1.3\gdal_rename\x64\Debug\link.read.1.tlog
K:\Components\LibraryV2\GDAL\GDAL_2.1.x_VC_NoIntFilesCleanUp\libgdal-2.1.3\gdal_rename\x64\Debug\link.write.1.tlog
K:\Components\LibraryV2\GDAL\GDAL_2.1.x_VC_NoIntFilesCleanUp\libgdal-2.1.3\gdal_rename\x64\Debug\link-cvtres.read.1.tlog
K:\Components\LibraryV2\GDAL\GDAL_2.1.x_VC_NoIntFilesCleanUp\libgdal-2.1.3\gdal_rename\x64\Debug\link-cvtres.write.1.tlog
K:\Components\LibraryV2\GDAL\GDAL_2.1.x_VC_NoIntFilesCleanUp\libgdal-2.1.3\gdal_rename\x64\Debug\mt.command.1.tlog
K:\Components\LibraryV2\GDAL\GDAL_2.1.x_VC_NoIntFilesCleanUp\libgdal-2.1.3\gdal_rename\x64\Debug\mt.read.1.tlog
K:\Components\LibraryV2\GDAL\GDAL_2.1.x_VC_NoIntFilesCleanUp\libgdal-2.1.3\gdal_rename\x64\Debug\mt.write.1.tlog
K:\Components\LibraryV2\GDAL\GDAL_2.1.x_VC_NoIntFilesCleanUp\libgdal-2.1.3\gdal_rename\x64\Debug\rc.command.1.tlog
K:\Components\LibraryV2\GDAL\GDAL_2.1.x_VC_NoIntFilesCleanUp\libgdal-2.1.3\gdal_rename\x64\Debug\rc.read.1.tlog
K:\Components\LibraryV2\GDAL\GDAL_2.1.x_VC_NoIntFilesCleanUp\libgdal-2.1.3\gdal_rename\x64\Debug\rc.write.1.tlog
K:\Components\LibraryV2\GDAL\GDAL_2.1.x_VC_NoIntFilesCleanUp\libgdal-2.1.3\gdal_rename\x64\Debug\vc100.idb
K:\Components\LibraryV2\GDAL\GDAL_2.1.x_VC_NoIntFilesCleanUp\libgdal-2.1.3\gdal_rename\x64\Debug\vc100.pdb
