K:\COMPONENTS\LIBRARYV2\GDAL\GDAL_2.0.2_VC\3RDPART\EXPAT-2.1.0\X64\BIN\RELEASE\LIBEXPAT.DLL
K:\Components\LibraryV2\GDAL\GDAL_2.0.2_VC\3rdpart\expat-2.1.0\x64\bin\Release\libexpat.exp
K:\Components\LibraryV2\GDAL\GDAL_2.0.2_VC\3rdpart\expat-2.1.0\x64\bin\Release\libexpat.lib
K:\Components\LibraryV2\GDAL\GDAL_2.0.2_VC\3rdpart\expat-2.1.0\x64\tmp\Release\cl.command.1.tlog
K:\Components\LibraryV2\GDAL\GDAL_2.0.2_VC\3rdpart\expat-2.1.0\x64\tmp\Release\CL.read.1.tlog
K:\Components\LibraryV2\GDAL\GDAL_2.0.2_VC\3rdpart\expat-2.1.0\x64\tmp\Release\CL.write.1.tlog
K:\COMPONENTS\LIBRARYV2\GDAL\GDAL_2.0.2_VC\3RDPART\EXPAT-2.1.0\X64\TMP\RELEASE\EXPAT.DLL.INTERMEDIATE.MANIFEST
K:\Components\LibraryV2\GDAL\GDAL_2.0.2_VC\3rdpart\expat-2.1.0\x64\tmp\Release\expat.write.1.tlog
K:\Components\LibraryV2\GDAL\GDAL_2.0.2_VC\3rdpart\expat-2.1.0\x64\tmp\Release\link.command.1.tlog
K:\Components\LibraryV2\GDAL\GDAL_2.0.2_VC\3rdpart\expat-2.1.0\x64\tmp\Release\link.read.1.tlog
K:\Components\LibraryV2\GDAL\GDAL_2.0.2_VC\3rdpart\expat-2.1.0\x64\tmp\Release\link.write.1.tlog
K:\Components\LibraryV2\GDAL\GDAL_2.0.2_VC\3rdpart\expat-2.1.0\x64\tmp\Release\mt.command.1.tlog
K:\Components\LibraryV2\GDAL\GDAL_2.0.2_VC\3rdpart\expat-2.1.0\x64\tmp\Release\mt.read.1.tlog
K:\Components\LibraryV2\GDAL\GDAL_2.0.2_VC\3rdpart\expat-2.1.0\x64\tmp\Release\mt.write.1.tlog
K:\COMPONENTS\LIBRARYV2\GDAL\GDAL_2.0.2_VC\3RDPART\EXPAT-2.1.0\X64\TMP\RELEASE\VC100.PDB
K:\COMPONENTS\LIBRARYV2\GDAL\GDAL_2.0.2_VC\3RDPART\EXPAT-2.1.0\X64\TMP\RELEASE\XMLPARSE.OBJ
K:\COMPONENTS\LIBRARYV2\GDAL\GDAL_2.0.2_VC\3RDPART\EXPAT-2.1.0\X64\TMP\RELEASE\XMLROLE.OBJ
K:\COMPONENTS\LIBRARYV2\GDAL\GDAL_2.0.2_VC\3RDPART\EXPAT-2.1.0\X64\TMP\RELEASE\XMLTOK.OBJ
K:\COMPONENTS\LIBRARYV2\GDAL\GDAL_2.0.2_VC\3RDPART\EXPAT-2.1.0\X64\TMP\RELEASE\XMLTOK_IMPL.OBJ
K:\COMPONENTS\LIBRARYV2\GDAL\GDAL_2.0.2_VC\3RDPART\EXPAT-2.1.0\X64\TMP\RELEASE\XMLTOK_NS.OBJ
