K:\COMPONENTS\LIBRARYV2\GDAL\GDAL_2.1.0_VC_NOINTFILESCLEANUP\3RDPART\PROJ-4.9.2\VC\X86\DEBUG\AASINCOS.OBJ
K:\COMPONENTS\LIBRARYV2\GDAL\GDAL_2.1.0_VC_NOINTFILESCLEANUP\3RDPART\PROJ-4.9.2\VC\X86\DEBUG\ADJLON.OBJ
K:\COMPONENTS\LIBRARYV2\GDAL\GDAL_2.1.0_VC_NOINTFILESCLEANUP\3RDPART\PROJ-4.9.2\VC\X86\DEBUG\BCH2BPS.OBJ
K:\COMPONENTS\LIBRARYV2\GDAL\GDAL_2.1.0_VC_NOINTFILESCLEANUP\3RDPART\PROJ-4.9.2\VC\X86\DEBUG\BCHGEN.OBJ
K:\COMPONENTS\LIBRARYV2\GDAL\GDAL_2.1.0_VC_NOINTFILESCLEANUP\3RDPART\PROJ-4.9.2\VC\X86\DEBUG\BIVEVAL.OBJ
K:\Components\LibraryV2\GDAL\GDAL_2.1.0_VC_NoIntFilesCleanUp\3rdpart\proj-4.9.2\vc\x86\Debug\cl.command.1.tlog
K:\Components\LibraryV2\GDAL\GDAL_2.1.0_VC_NoIntFilesCleanUp\3rdpart\proj-4.9.2\vc\x86\Debug\CL.read.1.tlog
K:\Components\LibraryV2\GDAL\GDAL_2.1.0_VC_NoIntFilesCleanUp\3rdpart\proj-4.9.2\vc\x86\Debug\CL.write.1.tlog
K:\Components\LibraryV2\GDAL\GDAL_2.1.0_VC_NoIntFilesCleanUp\3rdpart\proj-4.9.2\vc\x86\Debug\custombuild.command.1.tlog
K:\Components\LibraryV2\GDAL\GDAL_2.1.0_VC_NoIntFilesCleanUp\3rdpart\proj-4.9.2\vc\x86\Debug\custombuild.read.1.tlog
K:\Components\LibraryV2\GDAL\GDAL_2.1.0_VC_NoIntFilesCleanUp\3rdpart\proj-4.9.2\vc\x86\Debug\custombuild.write.1.tlog
K:\COMPONENTS\LIBRARYV2\GDAL\GDAL_2.1.0_VC_NOINTFILESCLEANUP\3RDPART\PROJ-4.9.2\VC\X86\DEBUG\DMSTOR.OBJ
K:\COMPONENTS\LIBRARYV2\GDAL\GDAL_2.1.0_VC_NOINTFILESCLEANUP\3RDPART\PROJ-4.9.2\VC\X86\DEBUG\EMESS.OBJ
K:\COMPONENTS\LIBRARYV2\GDAL\GDAL_2.1.0_VC_NOINTFILESCLEANUP\3RDPART\PROJ-4.9.2\VC\X86\DEBUG\GEOCENT.OBJ
K:\COMPONENTS\LIBRARYV2\GDAL\GDAL_2.1.0_VC_NOINTFILESCLEANUP\3RDPART\PROJ-4.9.2\VC\X86\DEBUG\GEODESIC.OBJ
K:\Components\LibraryV2\GDAL\GDAL_2.1.0_VC_NoIntFilesCleanUp\3rdpart\proj-4.9.2\vc\x86\Debug\link.command.1.tlog
K:\Components\LibraryV2\GDAL\GDAL_2.1.0_VC_NoIntFilesCleanUp\3rdpart\proj-4.9.2\vc\x86\Debug\link.read.1.tlog
K:\Components\LibraryV2\GDAL\GDAL_2.1.0_VC_NoIntFilesCleanUp\3rdpart\proj-4.9.2\vc\x86\Debug\link.write.1.tlog
K:\COMPONENTS\LIBRARYV2\GDAL\GDAL_2.1.0_VC_NOINTFILESCLEANUP\3RDPART\PROJ-4.9.2\VC\X86\DEBUG\MK_CHEBY.OBJ
K:\Components\LibraryV2\GDAL\GDAL_2.1.0_VC_NoIntFilesCleanUp\3rdpart\proj-4.9.2\vc\x86\Debug\mt.command.1.tlog
K:\Components\LibraryV2\GDAL\GDAL_2.1.0_VC_NoIntFilesCleanUp\3rdpart\proj-4.9.2\vc\x86\Debug\mt.read.1.tlog
K:\Components\LibraryV2\GDAL\GDAL_2.1.0_VC_NoIntFilesCleanUp\3rdpart\proj-4.9.2\vc\x86\Debug\mt.write.1.tlog
K:\COMPONENTS\LIBRARYV2\GDAL\GDAL_2.1.0_VC_NOINTFILESCLEANUP\3RDPART\PROJ-4.9.2\VC\X86\DEBUG\NAD_CVT.OBJ
K:\COMPONENTS\LIBRARYV2\GDAL\GDAL_2.1.0_VC_NOINTFILESCLEANUP\3RDPART\PROJ-4.9.2\VC\X86\DEBUG\NAD_INIT.OBJ
K:\COMPONENTS\LIBRARYV2\GDAL\GDAL_2.1.0_VC_NOINTFILESCLEANUP\3RDPART\PROJ-4.9.2\VC\X86\DEBUG\NAD_INTR.OBJ
K:\COMPONENTS\LIBRARYV2\GDAL\GDAL_2.1.0_VC_NOINTFILESCLEANUP\3RDPART\PROJ-4.9.2\VC\X86\DEBUG\PJ_AEA.OBJ
K:\COMPONENTS\LIBRARYV2\GDAL\GDAL_2.1.0_VC_NOINTFILESCLEANUP\3RDPART\PROJ-4.9.2\VC\X86\DEBUG\PJ_AEQD.OBJ
K:\COMPONENTS\LIBRARYV2\GDAL\GDAL_2.1.0_VC_NOINTFILESCLEANUP\3RDPART\PROJ-4.9.2\VC\X86\DEBUG\PJ_AIRY.OBJ
K:\COMPONENTS\LIBRARYV2\GDAL\GDAL_2.1.0_VC_NOINTFILESCLEANUP\3RDPART\PROJ-4.9.2\VC\X86\DEBUG\PJ_AITOFF.OBJ
K:\COMPONENTS\LIBRARYV2\GDAL\GDAL_2.1.0_VC_NOINTFILESCLEANUP\3RDPART\PROJ-4.9.2\VC\X86\DEBUG\PJ_APPLY_GRIDSHIFT.OBJ
K:\COMPONENTS\LIBRARYV2\GDAL\GDAL_2.1.0_VC_NOINTFILESCLEANUP\3RDPART\PROJ-4.9.2\VC\X86\DEBUG\PJ_APPLY_VGRIDSHIFT.OBJ
K:\COMPONENTS\LIBRARYV2\GDAL\GDAL_2.1.0_VC_NOINTFILESCLEANUP\3RDPART\PROJ-4.9.2\VC\X86\DEBUG\PJ_AUGUST.OBJ
K:\COMPONENTS\LIBRARYV2\GDAL\GDAL_2.1.0_VC_NOINTFILESCLEANUP\3RDPART\PROJ-4.9.2\VC\X86\DEBUG\PJ_AUTH.OBJ
K:\COMPONENTS\LIBRARYV2\GDAL\GDAL_2.1.0_VC_NOINTFILESCLEANUP\3RDPART\PROJ-4.9.2\VC\X86\DEBUG\PJ_BACON.OBJ
K:\COMPONENTS\LIBRARYV2\GDAL\GDAL_2.1.0_VC_NOINTFILESCLEANUP\3RDPART\PROJ-4.9.2\VC\X86\DEBUG\PJ_BIPC.OBJ
K:\COMPONENTS\LIBRARYV2\GDAL\GDAL_2.1.0_VC_NOINTFILESCLEANUP\3RDPART\PROJ-4.9.2\VC\X86\DEBUG\PJ_BOGGS.OBJ
K:\COMPONENTS\LIBRARYV2\GDAL\GDAL_2.1.0_VC_NOINTFILESCLEANUP\3RDPART\PROJ-4.9.2\VC\X86\DEBUG\PJ_BONNE.OBJ
K:\COMPONENTS\LIBRARYV2\GDAL\GDAL_2.1.0_VC_NOINTFILESCLEANUP\3RDPART\PROJ-4.9.2\VC\X86\DEBUG\PJ_CALCOFI.OBJ
K:\COMPONENTS\LIBRARYV2\GDAL\GDAL_2.1.0_VC_NOINTFILESCLEANUP\3RDPART\PROJ-4.9.2\VC\X86\DEBUG\PJ_CASS.OBJ
K:\COMPONENTS\LIBRARYV2\GDAL\GDAL_2.1.0_VC_NOINTFILESCLEANUP\3RDPART\PROJ-4.9.2\VC\X86\DEBUG\PJ_CC.OBJ
K:\COMPONENTS\LIBRARYV2\GDAL\GDAL_2.1.0_VC_NOINTFILESCLEANUP\3RDPART\PROJ-4.9.2\VC\X86\DEBUG\PJ_CEA.OBJ
K:\COMPONENTS\LIBRARYV2\GDAL\GDAL_2.1.0_VC_NOINTFILESCLEANUP\3RDPART\PROJ-4.9.2\VC\X86\DEBUG\PJ_CHAMB.OBJ
K:\COMPONENTS\LIBRARYV2\GDAL\GDAL_2.1.0_VC_NOINTFILESCLEANUP\3RDPART\PROJ-4.9.2\VC\X86\DEBUG\PJ_COLLG.OBJ
K:\COMPONENTS\LIBRARYV2\GDAL\GDAL_2.1.0_VC_NOINTFILESCLEANUP\3RDPART\PROJ-4.9.2\VC\X86\DEBUG\PJ_CRAST.OBJ
K:\COMPONENTS\LIBRARYV2\GDAL\GDAL_2.1.0_VC_NOINTFILESCLEANUP\3RDPART\PROJ-4.9.2\VC\X86\DEBUG\PJ_CTX.OBJ
K:\COMPONENTS\LIBRARYV2\GDAL\GDAL_2.1.0_VC_NOINTFILESCLEANUP\3RDPART\PROJ-4.9.2\VC\X86\DEBUG\PJ_DATUM_SET.OBJ
K:\COMPONENTS\LIBRARYV2\GDAL\GDAL_2.1.0_VC_NOINTFILESCLEANUP\3RDPART\PROJ-4.9.2\VC\X86\DEBUG\PJ_DATUMS.OBJ
K:\COMPONENTS\LIBRARYV2\GDAL\GDAL_2.1.0_VC_NOINTFILESCLEANUP\3RDPART\PROJ-4.9.2\VC\X86\DEBUG\PJ_DENOY.OBJ
K:\COMPONENTS\LIBRARYV2\GDAL\GDAL_2.1.0_VC_NOINTFILESCLEANUP\3RDPART\PROJ-4.9.2\VC\X86\DEBUG\PJ_DERIV.OBJ
K:\COMPONENTS\LIBRARYV2\GDAL\GDAL_2.1.0_VC_NOINTFILESCLEANUP\3RDPART\PROJ-4.9.2\VC\X86\DEBUG\PJ_ECK1.OBJ
K:\COMPONENTS\LIBRARYV2\GDAL\GDAL_2.1.0_VC_NOINTFILESCLEANUP\3RDPART\PROJ-4.9.2\VC\X86\DEBUG\PJ_ECK2.OBJ
K:\COMPONENTS\LIBRARYV2\GDAL\GDAL_2.1.0_VC_NOINTFILESCLEANUP\3RDPART\PROJ-4.9.2\VC\X86\DEBUG\PJ_ECK3.OBJ
K:\COMPONENTS\LIBRARYV2\GDAL\GDAL_2.1.0_VC_NOINTFILESCLEANUP\3RDPART\PROJ-4.9.2\VC\X86\DEBUG\PJ_ECK4.OBJ
K:\COMPONENTS\LIBRARYV2\GDAL\GDAL_2.1.0_VC_NOINTFILESCLEANUP\3RDPART\PROJ-4.9.2\VC\X86\DEBUG\PJ_ECK5.OBJ
K:\COMPONENTS\LIBRARYV2\GDAL\GDAL_2.1.0_VC_NOINTFILESCLEANUP\3RDPART\PROJ-4.9.2\VC\X86\DEBUG\PJ_ELL_SET.OBJ
K:\COMPONENTS\LIBRARYV2\GDAL\GDAL_2.1.0_VC_NOINTFILESCLEANUP\3RDPART\PROJ-4.9.2\VC\X86\DEBUG\PJ_ELLPS.OBJ
K:\COMPONENTS\LIBRARYV2\GDAL\GDAL_2.1.0_VC_NOINTFILESCLEANUP\3RDPART\PROJ-4.9.2\VC\X86\DEBUG\PJ_EQC.OBJ
K:\COMPONENTS\LIBRARYV2\GDAL\GDAL_2.1.0_VC_NOINTFILESCLEANUP\3RDPART\PROJ-4.9.2\VC\X86\DEBUG\PJ_EQDC.OBJ
K:\COMPONENTS\LIBRARYV2\GDAL\GDAL_2.1.0_VC_NOINTFILESCLEANUP\3RDPART\PROJ-4.9.2\VC\X86\DEBUG\PJ_ERRNO.OBJ
K:\COMPONENTS\LIBRARYV2\GDAL\GDAL_2.1.0_VC_NOINTFILESCLEANUP\3RDPART\PROJ-4.9.2\VC\X86\DEBUG\PJ_FACTORS.OBJ
K:\COMPONENTS\LIBRARYV2\GDAL\GDAL_2.1.0_VC_NOINTFILESCLEANUP\3RDPART\PROJ-4.9.2\VC\X86\DEBUG\PJ_FAHEY.OBJ
K:\COMPONENTS\LIBRARYV2\GDAL\GDAL_2.1.0_VC_NOINTFILESCLEANUP\3RDPART\PROJ-4.9.2\VC\X86\DEBUG\PJ_FILEAPI.OBJ
K:\COMPONENTS\LIBRARYV2\GDAL\GDAL_2.1.0_VC_NOINTFILESCLEANUP\3RDPART\PROJ-4.9.2\VC\X86\DEBUG\PJ_FOUC_S.OBJ
K:\COMPONENTS\LIBRARYV2\GDAL\GDAL_2.1.0_VC_NOINTFILESCLEANUP\3RDPART\PROJ-4.9.2\VC\X86\DEBUG\PJ_FWD.OBJ
K:\COMPONENTS\LIBRARYV2\GDAL\GDAL_2.1.0_VC_NOINTFILESCLEANUP\3RDPART\PROJ-4.9.2\VC\X86\DEBUG\PJ_GALL.OBJ
K:\COMPONENTS\LIBRARYV2\GDAL\GDAL_2.1.0_VC_NOINTFILESCLEANUP\3RDPART\PROJ-4.9.2\VC\X86\DEBUG\PJ_GAUSS.OBJ
K:\COMPONENTS\LIBRARYV2\GDAL\GDAL_2.1.0_VC_NOINTFILESCLEANUP\3RDPART\PROJ-4.9.2\VC\X86\DEBUG\PJ_GC_READER.OBJ
K:\COMPONENTS\LIBRARYV2\GDAL\GDAL_2.1.0_VC_NOINTFILESCLEANUP\3RDPART\PROJ-4.9.2\VC\X86\DEBUG\PJ_GEOCENT.OBJ
K:\COMPONENTS\LIBRARYV2\GDAL\GDAL_2.1.0_VC_NOINTFILESCLEANUP\3RDPART\PROJ-4.9.2\VC\X86\DEBUG\PJ_GEOS.OBJ
K:\COMPONENTS\LIBRARYV2\GDAL\GDAL_2.1.0_VC_NOINTFILESCLEANUP\3RDPART\PROJ-4.9.2\VC\X86\DEBUG\PJ_GINS8.OBJ
K:\COMPONENTS\LIBRARYV2\GDAL\GDAL_2.1.0_VC_NOINTFILESCLEANUP\3RDPART\PROJ-4.9.2\VC\X86\DEBUG\PJ_GN_SINU.OBJ
K:\COMPONENTS\LIBRARYV2\GDAL\GDAL_2.1.0_VC_NOINTFILESCLEANUP\3RDPART\PROJ-4.9.2\VC\X86\DEBUG\PJ_GNOM.OBJ
K:\COMPONENTS\LIBRARYV2\GDAL\GDAL_2.1.0_VC_NOINTFILESCLEANUP\3RDPART\PROJ-4.9.2\VC\X86\DEBUG\PJ_GOODE.OBJ
K:\COMPONENTS\LIBRARYV2\GDAL\GDAL_2.1.0_VC_NOINTFILESCLEANUP\3RDPART\PROJ-4.9.2\VC\X86\DEBUG\PJ_GRIDCATALOG.OBJ
K:\COMPONENTS\LIBRARYV2\GDAL\GDAL_2.1.0_VC_NOINTFILESCLEANUP\3RDPART\PROJ-4.9.2\VC\X86\DEBUG\PJ_GRIDINFO.OBJ
K:\COMPONENTS\LIBRARYV2\GDAL\GDAL_2.1.0_VC_NOINTFILESCLEANUP\3RDPART\PROJ-4.9.2\VC\X86\DEBUG\PJ_GRIDLIST.OBJ
K:\COMPONENTS\LIBRARYV2\GDAL\GDAL_2.1.0_VC_NOINTFILESCLEANUP\3RDPART\PROJ-4.9.2\VC\X86\DEBUG\PJ_GSTMERC.OBJ
K:\COMPONENTS\LIBRARYV2\GDAL\GDAL_2.1.0_VC_NOINTFILESCLEANUP\3RDPART\PROJ-4.9.2\VC\X86\DEBUG\PJ_HAMMER.OBJ
K:\COMPONENTS\LIBRARYV2\GDAL\GDAL_2.1.0_VC_NOINTFILESCLEANUP\3RDPART\PROJ-4.9.2\VC\X86\DEBUG\PJ_HATANO.OBJ
K:\COMPONENTS\LIBRARYV2\GDAL\GDAL_2.1.0_VC_NOINTFILESCLEANUP\3RDPART\PROJ-4.9.2\VC\X86\DEBUG\PJ_HEALPIX.OBJ
K:\COMPONENTS\LIBRARYV2\GDAL\GDAL_2.1.0_VC_NOINTFILESCLEANUP\3RDPART\PROJ-4.9.2\VC\X86\DEBUG\PJ_IGH.OBJ
K:\COMPONENTS\LIBRARYV2\GDAL\GDAL_2.1.0_VC_NOINTFILESCLEANUP\3RDPART\PROJ-4.9.2\VC\X86\DEBUG\PJ_IMW_P.OBJ
K:\COMPONENTS\LIBRARYV2\GDAL\GDAL_2.1.0_VC_NOINTFILESCLEANUP\3RDPART\PROJ-4.9.2\VC\X86\DEBUG\PJ_INIT.OBJ
K:\COMPONENTS\LIBRARYV2\GDAL\GDAL_2.1.0_VC_NOINTFILESCLEANUP\3RDPART\PROJ-4.9.2\VC\X86\DEBUG\PJ_INITCACHE.OBJ
K:\COMPONENTS\LIBRARYV2\GDAL\GDAL_2.1.0_VC_NOINTFILESCLEANUP\3RDPART\PROJ-4.9.2\VC\X86\DEBUG\PJ_INV.OBJ
K:\COMPONENTS\LIBRARYV2\GDAL\GDAL_2.1.0_VC_NOINTFILESCLEANUP\3RDPART\PROJ-4.9.2\VC\X86\DEBUG\PJ_ISEA.OBJ
K:\COMPONENTS\LIBRARYV2\GDAL\GDAL_2.1.0_VC_NOINTFILESCLEANUP\3RDPART\PROJ-4.9.2\VC\X86\DEBUG\PJ_KROVAK.OBJ
K:\COMPONENTS\LIBRARYV2\GDAL\GDAL_2.1.0_VC_NOINTFILESCLEANUP\3RDPART\PROJ-4.9.2\VC\X86\DEBUG\PJ_LABRD.OBJ
K:\COMPONENTS\LIBRARYV2\GDAL\GDAL_2.1.0_VC_NOINTFILESCLEANUP\3RDPART\PROJ-4.9.2\VC\X86\DEBUG\PJ_LAEA.OBJ
K:\COMPONENTS\LIBRARYV2\GDAL\GDAL_2.1.0_VC_NOINTFILESCLEANUP\3RDPART\PROJ-4.9.2\VC\X86\DEBUG\PJ_LAGRNG.OBJ
K:\COMPONENTS\LIBRARYV2\GDAL\GDAL_2.1.0_VC_NOINTFILESCLEANUP\3RDPART\PROJ-4.9.2\VC\X86\DEBUG\PJ_LARR.OBJ
K:\COMPONENTS\LIBRARYV2\GDAL\GDAL_2.1.0_VC_NOINTFILESCLEANUP\3RDPART\PROJ-4.9.2\VC\X86\DEBUG\PJ_LASK.OBJ
K:\COMPONENTS\LIBRARYV2\GDAL\GDAL_2.1.0_VC_NOINTFILESCLEANUP\3RDPART\PROJ-4.9.2\VC\X86\DEBUG\PJ_LATLONG.OBJ
K:\COMPONENTS\LIBRARYV2\GDAL\GDAL_2.1.0_VC_NOINTFILESCLEANUP\3RDPART\PROJ-4.9.2\VC\X86\DEBUG\PJ_LCC.OBJ
K:\COMPONENTS\LIBRARYV2\GDAL\GDAL_2.1.0_VC_NOINTFILESCLEANUP\3RDPART\PROJ-4.9.2\VC\X86\DEBUG\PJ_LCCA.OBJ
K:\COMPONENTS\LIBRARYV2\GDAL\GDAL_2.1.0_VC_NOINTFILESCLEANUP\3RDPART\PROJ-4.9.2\VC\X86\DEBUG\PJ_LIST.OBJ
K:\COMPONENTS\LIBRARYV2\GDAL\GDAL_2.1.0_VC_NOINTFILESCLEANUP\3RDPART\PROJ-4.9.2\VC\X86\DEBUG\PJ_LOG.OBJ
K:\COMPONENTS\LIBRARYV2\GDAL\GDAL_2.1.0_VC_NOINTFILESCLEANUP\3RDPART\PROJ-4.9.2\VC\X86\DEBUG\PJ_LOXIM.OBJ
K:\COMPONENTS\LIBRARYV2\GDAL\GDAL_2.1.0_VC_NOINTFILESCLEANUP\3RDPART\PROJ-4.9.2\VC\X86\DEBUG\PJ_LSAT.OBJ
K:\COMPONENTS\LIBRARYV2\GDAL\GDAL_2.1.0_VC_NOINTFILESCLEANUP\3RDPART\PROJ-4.9.2\VC\X86\DEBUG\PJ_MALLOC.OBJ
K:\COMPONENTS\LIBRARYV2\GDAL\GDAL_2.1.0_VC_NOINTFILESCLEANUP\3RDPART\PROJ-4.9.2\VC\X86\DEBUG\PJ_MBT_FPS.OBJ
K:\COMPONENTS\LIBRARYV2\GDAL\GDAL_2.1.0_VC_NOINTFILESCLEANUP\3RDPART\PROJ-4.9.2\VC\X86\DEBUG\PJ_MBTFPP.OBJ
K:\COMPONENTS\LIBRARYV2\GDAL\GDAL_2.1.0_VC_NOINTFILESCLEANUP\3RDPART\PROJ-4.9.2\VC\X86\DEBUG\PJ_MBTFPQ.OBJ
K:\COMPONENTS\LIBRARYV2\GDAL\GDAL_2.1.0_VC_NOINTFILESCLEANUP\3RDPART\PROJ-4.9.2\VC\X86\DEBUG\PJ_MERC.OBJ
K:\COMPONENTS\LIBRARYV2\GDAL\GDAL_2.1.0_VC_NOINTFILESCLEANUP\3RDPART\PROJ-4.9.2\VC\X86\DEBUG\PJ_MILL.OBJ
K:\COMPONENTS\LIBRARYV2\GDAL\GDAL_2.1.0_VC_NOINTFILESCLEANUP\3RDPART\PROJ-4.9.2\VC\X86\DEBUG\PJ_MLFN.OBJ
K:\COMPONENTS\LIBRARYV2\GDAL\GDAL_2.1.0_VC_NOINTFILESCLEANUP\3RDPART\PROJ-4.9.2\VC\X86\DEBUG\PJ_MOD_STER.OBJ
K:\COMPONENTS\LIBRARYV2\GDAL\GDAL_2.1.0_VC_NOINTFILESCLEANUP\3RDPART\PROJ-4.9.2\VC\X86\DEBUG\PJ_MOLL.OBJ
K:\COMPONENTS\LIBRARYV2\GDAL\GDAL_2.1.0_VC_NOINTFILESCLEANUP\3RDPART\PROJ-4.9.2\VC\X86\DEBUG\PJ_MSFN.OBJ
K:\COMPONENTS\LIBRARYV2\GDAL\GDAL_2.1.0_VC_NOINTFILESCLEANUP\3RDPART\PROJ-4.9.2\VC\X86\DEBUG\PJ_MUTEX.OBJ
K:\COMPONENTS\LIBRARYV2\GDAL\GDAL_2.1.0_VC_NOINTFILESCLEANUP\3RDPART\PROJ-4.9.2\VC\X86\DEBUG\PJ_NATEARTH.OBJ
K:\COMPONENTS\LIBRARYV2\GDAL\GDAL_2.1.0_VC_NOINTFILESCLEANUP\3RDPART\PROJ-4.9.2\VC\X86\DEBUG\PJ_NELL.OBJ
K:\COMPONENTS\LIBRARYV2\GDAL\GDAL_2.1.0_VC_NOINTFILESCLEANUP\3RDPART\PROJ-4.9.2\VC\X86\DEBUG\PJ_NELL_H.OBJ
K:\COMPONENTS\LIBRARYV2\GDAL\GDAL_2.1.0_VC_NOINTFILESCLEANUP\3RDPART\PROJ-4.9.2\VC\X86\DEBUG\PJ_NOCOL.OBJ
K:\COMPONENTS\LIBRARYV2\GDAL\GDAL_2.1.0_VC_NOINTFILESCLEANUP\3RDPART\PROJ-4.9.2\VC\X86\DEBUG\PJ_NSPER.OBJ
K:\COMPONENTS\LIBRARYV2\GDAL\GDAL_2.1.0_VC_NOINTFILESCLEANUP\3RDPART\PROJ-4.9.2\VC\X86\DEBUG\PJ_NZMG.OBJ
K:\COMPONENTS\LIBRARYV2\GDAL\GDAL_2.1.0_VC_NOINTFILESCLEANUP\3RDPART\PROJ-4.9.2\VC\X86\DEBUG\PJ_OB_TRAN.OBJ
K:\COMPONENTS\LIBRARYV2\GDAL\GDAL_2.1.0_VC_NOINTFILESCLEANUP\3RDPART\PROJ-4.9.2\VC\X86\DEBUG\PJ_OCEA.OBJ
K:\COMPONENTS\LIBRARYV2\GDAL\GDAL_2.1.0_VC_NOINTFILESCLEANUP\3RDPART\PROJ-4.9.2\VC\X86\DEBUG\PJ_OEA.OBJ
K:\COMPONENTS\LIBRARYV2\GDAL\GDAL_2.1.0_VC_NOINTFILESCLEANUP\3RDPART\PROJ-4.9.2\VC\X86\DEBUG\PJ_OMERC.OBJ
K:\COMPONENTS\LIBRARYV2\GDAL\GDAL_2.1.0_VC_NOINTFILESCLEANUP\3RDPART\PROJ-4.9.2\VC\X86\DEBUG\PJ_OPEN_LIB.OBJ
K:\COMPONENTS\LIBRARYV2\GDAL\GDAL_2.1.0_VC_NOINTFILESCLEANUP\3RDPART\PROJ-4.9.2\VC\X86\DEBUG\PJ_ORTHO.OBJ
K:\COMPONENTS\LIBRARYV2\GDAL\GDAL_2.1.0_VC_NOINTFILESCLEANUP\3RDPART\PROJ-4.9.2\VC\X86\DEBUG\PJ_PARAM.OBJ
K:\COMPONENTS\LIBRARYV2\GDAL\GDAL_2.1.0_VC_NOINTFILESCLEANUP\3RDPART\PROJ-4.9.2\VC\X86\DEBUG\PJ_PHI2.OBJ
K:\COMPONENTS\LIBRARYV2\GDAL\GDAL_2.1.0_VC_NOINTFILESCLEANUP\3RDPART\PROJ-4.9.2\VC\X86\DEBUG\PJ_POLY.OBJ
K:\COMPONENTS\LIBRARYV2\GDAL\GDAL_2.1.0_VC_NOINTFILESCLEANUP\3RDPART\PROJ-4.9.2\VC\X86\DEBUG\PJ_PR_LIST.OBJ
K:\COMPONENTS\LIBRARYV2\GDAL\GDAL_2.1.0_VC_NOINTFILESCLEANUP\3RDPART\PROJ-4.9.2\VC\X86\DEBUG\PJ_PUTP2.OBJ
K:\COMPONENTS\LIBRARYV2\GDAL\GDAL_2.1.0_VC_NOINTFILESCLEANUP\3RDPART\PROJ-4.9.2\VC\X86\DEBUG\PJ_PUTP3.OBJ
K:\COMPONENTS\LIBRARYV2\GDAL\GDAL_2.1.0_VC_NOINTFILESCLEANUP\3RDPART\PROJ-4.9.2\VC\X86\DEBUG\PJ_PUTP4P.OBJ
K:\COMPONENTS\LIBRARYV2\GDAL\GDAL_2.1.0_VC_NOINTFILESCLEANUP\3RDPART\PROJ-4.9.2\VC\X86\DEBUG\PJ_PUTP5.OBJ
K:\COMPONENTS\LIBRARYV2\GDAL\GDAL_2.1.0_VC_NOINTFILESCLEANUP\3RDPART\PROJ-4.9.2\VC\X86\DEBUG\PJ_PUTP6.OBJ
K:\COMPONENTS\LIBRARYV2\GDAL\GDAL_2.1.0_VC_NOINTFILESCLEANUP\3RDPART\PROJ-4.9.2\VC\X86\DEBUG\PJ_QSC.OBJ
K:\COMPONENTS\LIBRARYV2\GDAL\GDAL_2.1.0_VC_NOINTFILESCLEANUP\3RDPART\PROJ-4.9.2\VC\X86\DEBUG\PJ_QSFN.OBJ
K:\COMPONENTS\LIBRARYV2\GDAL\GDAL_2.1.0_VC_NOINTFILESCLEANUP\3RDPART\PROJ-4.9.2\VC\X86\DEBUG\PJ_RELEASE.OBJ
K:\COMPONENTS\LIBRARYV2\GDAL\GDAL_2.1.0_VC_NOINTFILESCLEANUP\3RDPART\PROJ-4.9.2\VC\X86\DEBUG\PJ_ROBIN.OBJ
K:\COMPONENTS\LIBRARYV2\GDAL\GDAL_2.1.0_VC_NOINTFILESCLEANUP\3RDPART\PROJ-4.9.2\VC\X86\DEBUG\PJ_RPOLY.OBJ
K:\COMPONENTS\LIBRARYV2\GDAL\GDAL_2.1.0_VC_NOINTFILESCLEANUP\3RDPART\PROJ-4.9.2\VC\X86\DEBUG\PJ_SCONICS.OBJ
K:\COMPONENTS\LIBRARYV2\GDAL\GDAL_2.1.0_VC_NOINTFILESCLEANUP\3RDPART\PROJ-4.9.2\VC\X86\DEBUG\PJ_SOMERC.OBJ
K:\COMPONENTS\LIBRARYV2\GDAL\GDAL_2.1.0_VC_NOINTFILESCLEANUP\3RDPART\PROJ-4.9.2\VC\X86\DEBUG\PJ_STERE.OBJ
K:\COMPONENTS\LIBRARYV2\GDAL\GDAL_2.1.0_VC_NOINTFILESCLEANUP\3RDPART\PROJ-4.9.2\VC\X86\DEBUG\PJ_STEREA.OBJ
K:\COMPONENTS\LIBRARYV2\GDAL\GDAL_2.1.0_VC_NOINTFILESCLEANUP\3RDPART\PROJ-4.9.2\VC\X86\DEBUG\PJ_STRERRNO.OBJ
K:\COMPONENTS\LIBRARYV2\GDAL\GDAL_2.1.0_VC_NOINTFILESCLEANUP\3RDPART\PROJ-4.9.2\VC\X86\DEBUG\PJ_STRTOD.OBJ
K:\COMPONENTS\LIBRARYV2\GDAL\GDAL_2.1.0_VC_NOINTFILESCLEANUP\3RDPART\PROJ-4.9.2\VC\X86\DEBUG\PJ_STS.OBJ
K:\COMPONENTS\LIBRARYV2\GDAL\GDAL_2.1.0_VC_NOINTFILESCLEANUP\3RDPART\PROJ-4.9.2\VC\X86\DEBUG\PJ_TCC.OBJ
K:\COMPONENTS\LIBRARYV2\GDAL\GDAL_2.1.0_VC_NOINTFILESCLEANUP\3RDPART\PROJ-4.9.2\VC\X86\DEBUG\PJ_TCEA.OBJ
K:\COMPONENTS\LIBRARYV2\GDAL\GDAL_2.1.0_VC_NOINTFILESCLEANUP\3RDPART\PROJ-4.9.2\VC\X86\DEBUG\PJ_TMERC.OBJ
K:\COMPONENTS\LIBRARYV2\GDAL\GDAL_2.1.0_VC_NOINTFILESCLEANUP\3RDPART\PROJ-4.9.2\VC\X86\DEBUG\PJ_TPEQD.OBJ
K:\COMPONENTS\LIBRARYV2\GDAL\GDAL_2.1.0_VC_NOINTFILESCLEANUP\3RDPART\PROJ-4.9.2\VC\X86\DEBUG\PJ_TRANSFORM.OBJ
K:\COMPONENTS\LIBRARYV2\GDAL\GDAL_2.1.0_VC_NOINTFILESCLEANUP\3RDPART\PROJ-4.9.2\VC\X86\DEBUG\PJ_TSFN.OBJ
K:\COMPONENTS\LIBRARYV2\GDAL\GDAL_2.1.0_VC_NOINTFILESCLEANUP\3RDPART\PROJ-4.9.2\VC\X86\DEBUG\PJ_UNITS.OBJ
K:\COMPONENTS\LIBRARYV2\GDAL\GDAL_2.1.0_VC_NOINTFILESCLEANUP\3RDPART\PROJ-4.9.2\VC\X86\DEBUG\PJ_URM5.OBJ
K:\COMPONENTS\LIBRARYV2\GDAL\GDAL_2.1.0_VC_NOINTFILESCLEANUP\3RDPART\PROJ-4.9.2\VC\X86\DEBUG\PJ_URMFPS.OBJ
K:\COMPONENTS\LIBRARYV2\GDAL\GDAL_2.1.0_VC_NOINTFILESCLEANUP\3RDPART\PROJ-4.9.2\VC\X86\DEBUG\PJ_UTILS.OBJ
K:\COMPONENTS\LIBRARYV2\GDAL\GDAL_2.1.0_VC_NOINTFILESCLEANUP\3RDPART\PROJ-4.9.2\VC\X86\DEBUG\PJ_VANDG.OBJ
K:\COMPONENTS\LIBRARYV2\GDAL\GDAL_2.1.0_VC_NOINTFILESCLEANUP\3RDPART\PROJ-4.9.2\VC\X86\DEBUG\PJ_VANDG2.OBJ
K:\COMPONENTS\LIBRARYV2\GDAL\GDAL_2.1.0_VC_NOINTFILESCLEANUP\3RDPART\PROJ-4.9.2\VC\X86\DEBUG\PJ_VANDG4.OBJ
K:\COMPONENTS\LIBRARYV2\GDAL\GDAL_2.1.0_VC_NOINTFILESCLEANUP\3RDPART\PROJ-4.9.2\VC\X86\DEBUG\PJ_WAG2.OBJ
K:\COMPONENTS\LIBRARYV2\GDAL\GDAL_2.1.0_VC_NOINTFILESCLEANUP\3RDPART\PROJ-4.9.2\VC\X86\DEBUG\PJ_WAG3.OBJ
K:\COMPONENTS\LIBRARYV2\GDAL\GDAL_2.1.0_VC_NOINTFILESCLEANUP\3RDPART\PROJ-4.9.2\VC\X86\DEBUG\PJ_WAG7.OBJ
K:\COMPONENTS\LIBRARYV2\GDAL\GDAL_2.1.0_VC_NOINTFILESCLEANUP\3RDPART\PROJ-4.9.2\VC\X86\DEBUG\PJ_WINK1.OBJ
K:\COMPONENTS\LIBRARYV2\GDAL\GDAL_2.1.0_VC_NOINTFILESCLEANUP\3RDPART\PROJ-4.9.2\VC\X86\DEBUG\PJ_WINK2.OBJ
K:\COMPONENTS\LIBRARYV2\GDAL\GDAL_2.1.0_VC_NOINTFILESCLEANUP\3RDPART\PROJ-4.9.2\VC\X86\DEBUG\PJ_ZPOLY1.OBJ
K:\COMPONENTS\LIBRARYV2\GDAL\GDAL_2.1.0_VC_NOINTFILESCLEANUP\3RDPART\PROJ-4.9.2\VC\X86\DEBUG\PROJ.DLL
K:\COMPONENTS\LIBRARYV2\GDAL\GDAL_2.1.0_VC_NOINTFILESCLEANUP\3RDPART\PROJ-4.9.2\VC\X86\DEBUG\PROJ.DLL.INTERMEDIATE.MANIFEST
K:\Components\LibraryV2\GDAL\GDAL_2.1.0_VC_NoIntFilesCleanUp\3rdpart\proj-4.9.2\vc\x86\Debug\proj.exp
K:\Components\LibraryV2\GDAL\GDAL_2.1.0_VC_NoIntFilesCleanUp\3rdpart\proj-4.9.2\vc\x86\Debug\proj.lib
K:\Components\LibraryV2\GDAL\GDAL_2.1.0_VC_NoIntFilesCleanUp\3rdpart\proj-4.9.2\vc\x86\Debug\proj.write.1.tlog
K:\COMPONENTS\LIBRARYV2\GDAL\GDAL_2.1.0_VC_NOINTFILESCLEANUP\3RDPART\PROJ-4.9.2\VC\X86\DEBUG\PROJ_ETMERC.OBJ
K:\COMPONENTS\LIBRARYV2\GDAL\GDAL_2.1.0_VC_NOINTFILESCLEANUP\3RDPART\PROJ-4.9.2\VC\X86\DEBUG\PROJ_MDIST.OBJ
K:\COMPONENTS\LIBRARYV2\GDAL\GDAL_2.1.0_VC_NOINTFILESCLEANUP\3RDPART\PROJ-4.9.2\VC\X86\DEBUG\PROJ_ROUSS.OBJ
K:\COMPONENTS\LIBRARYV2\GDAL\GDAL_2.1.0_VC_NOINTFILESCLEANUP\3RDPART\PROJ-4.9.2\VC\X86\DEBUG\RTODMS.OBJ
K:\COMPONENTS\LIBRARYV2\GDAL\GDAL_2.1.0_VC_NOINTFILESCLEANUP\3RDPART\PROJ-4.9.2\VC\X86\DEBUG\VC100.PDB
K:\COMPONENTS\LIBRARYV2\GDAL\GDAL_2.1.0_VC_NOINTFILESCLEANUP\3RDPART\PROJ-4.9.2\VC\X86\DEBUG\VECTOR1.OBJ
K:\COMPONENTS\LIBRARYV2\GDAL\GDAL_2.1.0_VC_NOINTFILESCLEANUP\3RDPART\PROJ-4.9.2\VC10\SRC\CMAKEFILES\GENERATE.STAMP
