Build started 16/02/2017 19:44:02.
     1>Project "K:\Components\LibraryV2\GDAL\GDAL_2.1.x_VC_no3rdpart\libgdal-2.1.3\lib\gdal-2.1.3_lib.vcxproj" on node 2 (build target(s)).
     1>InitializeBuildStatus:
         Creating "K:\Components\LibraryV2\GDAL\GDAL_2.1.x_VC_no3rdpart\libgdal-2.1.3\lib\x64\Debug\gdal-2.1.3_lib.unsuccessfulbuild" because "AlwaysCreate" was specified.
       ClCompile:
         All outputs are up-to-date.
         All outputs are up-to-date.
       ResourceCompile:
         All outputs are up-to-date.
       Lib:
         All outputs are up-to-date.
         gdal-2.1.3_lib.vcxproj -> K:\Components\LibraryV2\GDAL\GDAL_2.1.x_VC_no3rdpart\libgdal-2.1.3\lib\x64\Debug\gdal-2.1.3.lib
       PostBuildEvent:
         copy "K:\Components\LibraryV2\GDAL\GDAL_2.1.x_VC_no3rdpart\libgdal-2.1.3\lib\x64\Debug\gdal-2.1.3.lib" "K:\Components\LibraryV2\GDAL\GDAL_2.1.x_VC_no3rdpart\libgdal-2.1.3\binaries\lib\x64\Debug\gdal-2.1.3.lib"
         :VCEnd
                 1 fichier(s) copié(s).
       FinalizeBuildStatus:
         Deleting file "K:\Components\LibraryV2\GDAL\GDAL_2.1.x_VC_no3rdpart\libgdal-2.1.3\lib\x64\Debug\gdal-2.1.3_lib.unsuccessfulbuild".
         Touching "K:\Components\LibraryV2\GDAL\GDAL_2.1.x_VC_no3rdpart\libgdal-2.1.3\lib\x64\Debug\gdal-2.1.3_lib.lastbuildstate".
     1>Done Building Project "K:\Components\LibraryV2\GDAL\GDAL_2.1.x_VC_no3rdpart\libgdal-2.1.3\lib\gdal-2.1.3_lib.vcxproj" (build target(s)).

Build succeeded.

Time Elapsed 00:00:27.36
